<?xml version="1.0" encoding="UTF-8"?>
  <testsuite tests="65" failures="15" time="2201.489741357">
      <testcase name="[k8s.io] Density [Serial] [Slow] create a batch of pods latency/resource should be within limit when create 10 pods with 100ms interval [Benchmark]" classname="E2eNode Suite" time="0">
          <skipped></skipped>
      </testcase>
      <testcase name="[k8s.io] Density [Serial] [Slow] create a batch of pods latency/resource should be within limit when create 35 pods with 0s interval [Benchmark]" classname="E2eNode Suite" time="0">
          <skipped></skipped>
      </testcase>
      <testcase name="[k8s.io] Container Manager Misc [Serial] Validate OOM score adjustments once the node is setup Kubelet&#39;s oom-score-adj should be -999" classname="E2eNode Suite" time="0">
          <skipped></skipped>
      </testcase>
      <testcase name="[k8s.io] Container Lifecycle Hook when create a pod with lifecycle hook when it is http hook should execute prestop http hook properly [Conformance]" classname="E2eNode Suite" time="48.068868741"></testcase>
      <testcase name="[k8s.io] Downward API volume should provide node allocatable (cpu) as default cpu limit if the limit is not set [Conformance] [Volume]" classname="E2eNode Suite" time="18.103089507"></testcase>
      <testcase name="[k8s.io] Container Runtime Conformance Test container runtime conformance blackbox test when running a container with a new image should be able to pull from private registry with secret [Conformance]" classname="E2eNode Suite" time="19.077135757"></testcase>
      <testcase name="[k8s.io] GCP Volumes [k8s.io] NFSv3 should be mountable for NFSv3 [Volume]" classname="E2eNode Suite" time="0">
          <skipped></skipped>
      </testcase>
      <testcase name="[k8s.io] EmptyDir volumes should support (root,0777,default) [Conformance] [Volume]" classname="E2eNode Suite" time="18.070048416"></testcase>
      <testcase name="[k8s.io] Downward API should provide pod name and namespace as env vars [Conformance]" classname="E2eNode Suite" time="16.170316848">
          <failure type="Failure">/root/go-project/src/k8s.io/kubernetes/_output/local/go/src/k8s.io/kubernetes/test/e2e/common/downward_api.go:63&#xA;Expected error:&#xA;    &lt;*errors.errorString | 0xc421096150&gt;: {&#xA;        s: &#34;expected pod \&#34;downward-api-23bb3f57-0e0e-11e7-85d6-42010a8c0008\&#34; success: &lt;nil&gt;&#34;,&#xA;    }&#xA;    expected pod &#34;downward-api-23bb3f57-0e0e-11e7-85d6-42010a8c0008&#34; success: &lt;nil&gt;&#xA;not to have occurred&#xA;/root/go-project/src/k8s.io/kubernetes/_output/local/go/src/k8s.io/kubernetes/test/e2e/framework/util.go:2197</failure>
          <system-out>[BeforeEach] [k8s.io] Downward API&#xA;  /root/go-project/src/k8s.io/kubernetes/_output/local/go/src/k8s.io/kubernetes/test/e2e/framework/framework.go:119&#xA;�[1mSTEP�[0m: Creating a kubernetes client&#xA;�[1mSTEP�[0m: Building a namespace api object&#xA;Mar 21 08:12:34.989: INFO: Skipping waiting for service account&#xA;[It] should provide pod name and namespace as env vars [Conformance]&#xA;  /root/go-project/src/k8s.io/kubernetes/_output/local/go/src/k8s.io/kubernetes/test/e2e/common/downward_api.go:63&#xA;�[1mSTEP�[0m: Creating a pod to test downward api env vars&#xA;Mar 21 08:12:34.991: INFO: Waiting up to 5m0s for pod downward-api-23bb3f57-0e0e-11e7-85d6-42010a8c0008 status to be success or failure&#xA;Mar 21 08:12:34.994: INFO: Waiting for pod downward-api-23bb3f57-0e0e-11e7-85d6-42010a8c0008 in namespace &#39;e2e-tests-downward-api-7qf3l&#39; status to be &#39;success or failure&#39;(found phase: &#34;Pending&#34;, readiness: false) (3.383326ms elapsed)&#xA;Mar 21 08:12:36.996: INFO: Waiting for pod downward-api-23bb3f57-0e0e-11e7-85d6-42010a8c0008 in namespace &#39;e2e-tests-downward-api-7qf3l&#39; status to be &#39;success or failure&#39;(found phase: &#34;Pending&#34;, readiness: false) (2.005247754s elapsed)&#xA;Mar 21 08:12:38.999: INFO: Waiting for pod downward-api-23bb3f57-0e0e-11e7-85d6-42010a8c0008 in namespace &#39;e2e-tests-downward-api-7qf3l&#39; status to be &#39;success or failure&#39;(found phase: &#34;Pending&#34;, readiness: false) (4.00758606s elapsed)&#xA;Mar 21 08:12:41.007: INFO: Output of node &#34;frakti-e2e&#34; pod &#34;downward-api-23bb3f57-0e0e-11e7-85d6-42010a8c0008&#34; container &#34;dapi-container&#34;: exec failed: No such file or directory&#xA;&#xA;�[1mSTEP�[0m: delete the pod&#xA;Mar 21 08:12:41.012: INFO: Waiting for pod downward-api-23bb3f57-0e0e-11e7-85d6-42010a8c0008 to disappear&#xA;Mar 21 08:12:41.013: INFO: Pod downward-api-23bb3f57-0e0e-11e7-85d6-42010a8c0008 no longer exists&#xA;Mar 21 08:12:41.013: INFO: Unexpected error occurred: expected pod &#34;downward-api-23bb3f57-0e0e-11e7-85d6-42010a8c0008&#34; success: &lt;nil&gt;&#xA;[AfterEach] [k8s.io] Downward API&#xA;  /root/go-project/src/k8s.io/kubernetes/_output/local/go/src/k8s.io/kubernetes/test/e2e/framework/framework.go:120&#xA;�[1mSTEP�[0m: Collecting events from namespace &#34;e2e-tests-downward-api-7qf3l&#34;.&#xA;�[1mSTEP�[0m: Found 3 events.&#xA;Mar 21 08:12:41.015: INFO: At 2017-03-21 08:12:40 +0000 UTC - event for downward-api-23bb3f57-0e0e-11e7-85d6-42010a8c0008: {kubelet frakti-e2e} Pulled: Container image &#34;gcr.io/google_containers/busybox:1.24&#34; already present on machine&#xA;Mar 21 08:12:41.015: INFO: At 2017-03-21 08:12:40 +0000 UTC - event for downward-api-23bb3f57-0e0e-11e7-85d6-42010a8c0008: {kubelet frakti-e2e} Created: Created container with id 85f5af9cea9d2e5910795d373b02234606539cc800de9d490b77e791c038b816&#xA;Mar 21 08:12:41.015: INFO: At 2017-03-21 08:12:40 +0000 UTC - event for downward-api-23bb3f57-0e0e-11e7-85d6-42010a8c0008: {kubelet frakti-e2e} Started: Started container with id 85f5af9cea9d2e5910795d373b02234606539cc800de9d490b77e791c038b816&#xA;Mar 21 08:12:41.018: INFO: POD                      NODE        PHASE    GRACE  CONDITIONS&#xA;Mar 21 08:12:41.018: INFO: host-test-container-pod  frakti-e2e  Running  30s    [{Initialized True 0001-01-01 00:00:00 +0000 UTC 2017-03-21 08:12:23 +0000 UTC  } {Ready True 0001-01-01 00:00:00 +0000 UTC 2017-03-21 08:12:25 +0000 UTC  } {PodScheduled True 0001-01-01 00:00:00 +0000 UTC 2017-03-21 08:12:25 +0000 UTC  }]&#xA;Mar 21 08:12:41.018: INFO: &#xA;Mar 21 08:12:41.019: INFO: &#xA;Logging node info for node frakti-e2e&#xA;Mar 21 08:12:41.020: INFO: Node Info: &amp;Node{ObjectMeta:k8s_io_apimachinery_pkg_apis_meta_v1.ObjectMeta{Name:frakti-e2e,GenerateName:,Namespace:,SelfLink:/api/v1/nodesfrakti-e2e,UID:e55acc6b-0e0d-11e7-a9e6-42010a8c0008,ResourceVersion:332,Generation:0,CreationTimestamp:2017-03-21 08:10:50 +0000 UTC,DeletionTimestamp:&lt;nil&gt;,DeletionGracePeriodSeconds:nil,Labels:map[string]string{beta.kubernetes.io/arch: amd64,beta.kubernetes.io/os: linux,kubernetes.io/hostname: frakti-e2e,},Annotations:map[string]string{volumes.kubernetes.io/controller-managed-attach-detach: true,},OwnerReferences:[],Finalizers:[],ClusterName:,},Spec:NodeSpec{PodCIDR:,ExternalID:frakti-e2e,ProviderID:gce:////5985600149768706345,Unschedulable:false,Taints:[],},Status:NodeStatus{Capacity:ResourceList{cpu: {{4 0} {&lt;nil&gt;} 4 DecimalSI},memory: {{15770382336 0} {&lt;nil&gt;} 15400764Ki BinarySI},pods: {{110 0} {&lt;nil&gt;} 110 DecimalSI},},Allocatable:ResourceList{cpu: {{4 0} {&lt;nil&gt;} 4 DecimalSI},memory: {{15508238336 0} {&lt;nil&gt;} 15144764Ki BinarySI},pods: {{110 0} {&lt;nil&gt;} 110 DecimalSI},},Phase:,Conditions:[{OutOfDisk False 2017-03-21 08:12:40 +0000 UTC 2017-03-21 08:10:50 +0000 UTC KubeletHasSufficientDisk kubelet has sufficient disk space available} {MemoryPressure False 2017-03-21 08:12:40 +0000 UTC 2017-03-21 08:10:50 +0000 UTC KubeletHasSufficientMemory kubelet has sufficient memory available} {DiskPressure False 2017-03-21 08:12:40 +0000 UTC 2017-03-21 08:10:50 +0000 UTC KubeletHasNoDiskPressure kubelet has no disk pressure} {Ready True 2017-03-21 08:12:40 +0000 UTC 2017-03-21 08:10:50 +0000 UTC KubeletReady kubelet is posting ready status}],Addresses:[{LegacyHostIP 10.140.0.8} {InternalIP 10.140.0.8} {Hostname frakti-e2e}],DaemonEndpoints:NodeDaemonEndpoints{KubeletEndpoint:DaemonEndpoint{Port:10250,},},NodeInfo:NodeSystemInfo{MachineID:24ff1754f521f8ffc0b9d886cd5831f7,SystemUUID:66DF790D-8659-19AF-C8E8-AAAC6BAFD264,BootID:6dd25fc1-ba14-4123-b425-12a6ca632681,KernelVersion:3.10.0-514.6.2.el7.x86_64,OSImage:CentOS Linux 7 (Core),ContainerRuntimeVersion:hyper://0.8.0,KubeletVersion:v1.7.0-alpha.0.1397+e3f6f14bf0d1af,KubeProxyVersion:v1.7.0-alpha.0.1397+e3f6f14bf0d1af,OperatingSystem:linux,Architecture:amd64,},Images:[{[gcr.io/google_containers/node-problem-detector:v0.3.0] 290407887} {[gcr.io/google_containers/volume-nfs:0.8] 247146979} {[gcr.io/google_containers/volume-gluster:0.2] 212127750} {[gcr.io/google_containers/nginx-slim:0.7] 86838142} {[] 47794349} {[gcr.io/google_containers/hostexec:1.2] 13185747} {[gcr.io/google_containers/netexec:1.7] 8016035} {[gcr.io/google_containers/netexec:1.5] 7358440} {[gcr.io/google_containers/netexec:1.4] 7293444} {[gcr.io/google_containers/alpine-with-bash:1.0] 6660469} {[gcr.io/google_containers/serve_hostname:v1.4] 6222101} {[gcr.io/google-containers/stress:v1] 5494760} {[] 5042632} {[gcr.io/authenticated-image-pulling/alpine:3.1] 5038488} {[gcr.io/google_containers/test-webserver:e2e] 4534272} {[gcr.io/google_containers/liveness:e2e] 4387474} {[gcr.io/google_containers/eptest:0.1] 2970692} {[gcr.io/google_containers/mounttest-user:0.5] 1450761} {[gcr.io/google_containers/mounttest:0.8] 1450761} {[gcr.io/google_containers/busybox@sha256:4bdd623e848417d96127e16037743f0cd8b528c026e9175e22a84f639eca58ff gcr.io/google_containers/busybox:1.24] 1113554} {[gcr.io/google_containers/pause-amd64:3.0] 746888}],VolumesInUse:[],VolumesAttached:[],},}&#xA;Mar 21 08:12:41.020: INFO: &#xA;Logging kubelet events for node frakti-e2e&#xA;Mar 21 08:12:41.022: INFO: &#xA;Logging pods the kubelet thinks is on node frakti-e2e&#xA;Mar 21 08:12:41.026: INFO: host-test-container-pod started at 2017-03-21 08:12:23 +0000 UTC (0+1 container statuses recorded)&#xA;Mar 21 08:12:41.026: INFO: &#x9;Container hostexec ready: true, restart count 0&#xA;Mar 21 08:12:41.116: INFO: &#xA;Latency metrics for node frakti-e2e&#xA;�[1mSTEP�[0m: Dumping a list of prepulled images on each node&#xA;Mar 21 08:12:41.117: INFO: Waiting up to 3m0s for all (but 0) nodes to be ready&#xA;�[1mSTEP�[0m: Destroying namespace &#34;e2e-tests-downward-api-7qf3l&#34; for this suite.&#xA;Mar 21 08:12:51.157: INFO: namespace: e2e-tests-downward-api-7qf3l, resource: bindings, ignored listing per whitelist&#xA;</system-out>
      </testcase>
      <testcase name="[k8s.io] ConfigMap should be consumable from pods in volume [Conformance] [Volume]" classname="E2eNode Suite" time="16.066341845"></testcase>
      <testcase name="[k8s.io] ConfigMap should be consumable from pods in volume with defaultMode set [Conformance] [Volume]" classname="E2eNode Suite" time="23.076942975"></testcase>
      <testcase name="[k8s.io] ConfigMap should be consumable from pods in volume with mappings as non-root [Conformance] [Volume]" classname="E2eNode Suite" time="18.065882781"></testcase>
      <testcase name="[k8s.io] EmptyDir volumes should support (root,0644,default) [Conformance] [Volume]" classname="E2eNode Suite" time="16.081617116"></testcase>
      <testcase name="[k8s.io] Sysctls should reject invalid sysctls" classname="E2eNode Suite" time="0">
          <skipped></skipped>
      </testcase>
      <testcase name="[k8s.io] Projected optional updates should be reflected in volume [Conformance] [Volume]" classname="E2eNode Suite" time="110.287831181"></testcase>
      <testcase name="[k8s.io] Projected should be consumable from pods in volume with defaultMode set [Conformance] [Volume]" classname="E2eNode Suite" time="18.111402771"></testcase>
      <testcase name="[k8s.io] EmptyDir volumes should support (root,0644,tmpfs) [Conformance] [Volume]" classname="E2eNode Suite" time="23.064354109"></testcase>
      <testcase name="[k8s.io] InitContainer should not start app containers if init containers fail on a RestartAlways pod" classname="E2eNode Suite" time="0">
          <skipped></skipped>
      </testcase>
      <testcase name="[k8s.io] Density [Serial] [Slow] create a batch of pods with higher API QPS latency/resource should be within limit when create 105 pods with 100ms interval (QPS 60) [Benchmark]" classname="E2eNode Suite" time="0">
          <skipped></skipped>
      </testcase>
      <testcase name="[k8s.io] EmptyDir volumes should support (non-root,0666,default) [Conformance] [Volume]" classname="E2eNode Suite" time="16.139454038">
          <failure type="Failure">/root/go-project/src/k8s.io/kubernetes/_output/local/go/src/k8s.io/kubernetes/test/e2e/common/empty_dir.go:113&#xA;Expected error:&#xA;    &lt;*errors.errorString | 0xc4212fc720&gt;: {&#xA;        s: &#34;expected pod \&#34;pod-b35837a9-0e0e-11e7-85d6-42010a8c0008\&#34; success: &lt;nil&gt;&#34;,&#xA;    }&#xA;    expected pod &#34;pod-b35837a9-0e0e-11e7-85d6-42010a8c0008&#34; success: &lt;nil&gt;&#xA;not to have occurred&#xA;/root/go-project/src/k8s.io/kubernetes/_output/local/go/src/k8s.io/kubernetes/test/e2e/framework/util.go:2197</failure>
          <system-out>[BeforeEach] [k8s.io] EmptyDir volumes&#xA;  /root/go-project/src/k8s.io/kubernetes/_output/local/go/src/k8s.io/kubernetes/test/e2e/framework/framework.go:119&#xA;�[1mSTEP�[0m: Creating a kubernetes client&#xA;�[1mSTEP�[0m: Building a namespace api object&#xA;Mar 21 08:16:35.932: INFO: Skipping waiting for service account&#xA;[It] should support (non-root,0666,default) [Conformance] [Volume]&#xA;  /root/go-project/src/k8s.io/kubernetes/_output/local/go/src/k8s.io/kubernetes/test/e2e/common/empty_dir.go:113&#xA;�[1mSTEP�[0m: Creating a pod to test emptydir 0666 on node default medium&#xA;Mar 21 08:16:35.934: INFO: Waiting up to 5m0s for pod pod-b35837a9-0e0e-11e7-85d6-42010a8c0008 status to be success or failure&#xA;Mar 21 08:16:35.935: INFO: Waiting for pod pod-b35837a9-0e0e-11e7-85d6-42010a8c0008 in namespace &#39;e2e-tests-emptydir-xskl2&#39; status to be &#39;success or failure&#39;(found phase: &#34;Pending&#34;, readiness: false) (908.032µs elapsed)&#xA;Mar 21 08:16:37.937: INFO: Waiting for pod pod-b35837a9-0e0e-11e7-85d6-42010a8c0008 in namespace &#39;e2e-tests-emptydir-xskl2&#39; status to be &#39;success or failure&#39;(found phase: &#34;Pending&#34;, readiness: false) (2.002941885s elapsed)&#xA;Mar 21 08:16:39.938: INFO: Waiting for pod pod-b35837a9-0e0e-11e7-85d6-42010a8c0008 in namespace &#39;e2e-tests-emptydir-xskl2&#39; status to be &#39;success or failure&#39;(found phase: &#34;Pending&#34;, readiness: false) (4.00485212s elapsed)&#xA;Mar 21 08:16:41.946: INFO: Output of node &#34;frakti-e2e&#34; pod &#34;pod-b35837a9-0e0e-11e7-85d6-42010a8c0008&#34; container &#34;test-container&#34;: &#xA;�[1mSTEP�[0m: delete the pod&#xA;Mar 21 08:16:41.950: INFO: Waiting for pod pod-b35837a9-0e0e-11e7-85d6-42010a8c0008 to disappear&#xA;Mar 21 08:16:41.951: INFO: Pod pod-b35837a9-0e0e-11e7-85d6-42010a8c0008 no longer exists&#xA;Mar 21 08:16:41.951: INFO: Unexpected error occurred: expected pod &#34;pod-b35837a9-0e0e-11e7-85d6-42010a8c0008&#34; success: &lt;nil&gt;&#xA;[AfterEach] [k8s.io] EmptyDir volumes&#xA;  /root/go-project/src/k8s.io/kubernetes/_output/local/go/src/k8s.io/kubernetes/test/e2e/framework/framework.go:120&#xA;�[1mSTEP�[0m: Collecting events from namespace &#34;e2e-tests-emptydir-xskl2&#34;.&#xA;�[1mSTEP�[0m: Found 3 events.&#xA;Mar 21 08:16:41.953: INFO: At 2017-03-21 08:16:41 +0000 UTC - event for pod-b35837a9-0e0e-11e7-85d6-42010a8c0008: {kubelet frakti-e2e} Pulled: Container image &#34;gcr.io/google_containers/mounttest-user:0.5&#34; already present on machine&#xA;Mar 21 08:16:41.953: INFO: At 2017-03-21 08:16:41 +0000 UTC - event for pod-b35837a9-0e0e-11e7-85d6-42010a8c0008: {kubelet frakti-e2e} Created: Created container with id f2d51062c863c166b51708dc50ee1636deae3be9bda82e684fda6506cb29ad60&#xA;Mar 21 08:16:41.953: INFO: At 2017-03-21 08:16:41 +0000 UTC - event for pod-b35837a9-0e0e-11e7-85d6-42010a8c0008: {kubelet frakti-e2e} Started: Started container with id f2d51062c863c166b51708dc50ee1636deae3be9bda82e684fda6506cb29ad60&#xA;Mar 21 08:16:41.956: INFO: POD  NODE  PHASE  GRACE  CONDITIONS&#xA;Mar 21 08:16:41.956: INFO: &#xA;Mar 21 08:16:41.958: INFO: &#xA;Logging node info for node frakti-e2e&#xA;Mar 21 08:16:41.959: INFO: Node Info: &amp;Node{ObjectMeta:k8s_io_apimachinery_pkg_apis_meta_v1.ObjectMeta{Name:frakti-e2e,GenerateName:,Namespace:,SelfLink:/api/v1/nodesfrakti-e2e,UID:e55acc6b-0e0d-11e7-a9e6-42010a8c0008,ResourceVersion:690,Generation:0,CreationTimestamp:2017-03-21 08:10:50 +0000 UTC,DeletionTimestamp:&lt;nil&gt;,DeletionGracePeriodSeconds:nil,Labels:map[string]string{beta.kubernetes.io/arch: amd64,beta.kubernetes.io/os: linux,kubernetes.io/hostname: frakti-e2e,},Annotations:map[string]string{volumes.kubernetes.io/controller-managed-attach-detach: true,},OwnerReferences:[],Finalizers:[],ClusterName:,},Spec:NodeSpec{PodCIDR:,ExternalID:frakti-e2e,ProviderID:gce:////5985600149768706345,Unschedulable:false,Taints:[],},Status:NodeStatus{Capacity:ResourceList{cpu: {{4 0} {&lt;nil&gt;} 4 DecimalSI},memory: {{15770382336 0} {&lt;nil&gt;} 15400764Ki BinarySI},pods: {{110 0} {&lt;nil&gt;} 110 DecimalSI},},Allocatable:ResourceList{cpu: {{4 0} {&lt;nil&gt;} 4 DecimalSI},memory: {{15508238336 0} {&lt;nil&gt;} 15144764Ki BinarySI},pods: {{110 0} {&lt;nil&gt;} 110 DecimalSI},},Phase:,Conditions:[{OutOfDisk False 2017-03-21 08:16:41 +0000 UTC 2017-03-21 08:10:50 +0000 UTC KubeletHasSufficientDisk kubelet has sufficient disk space available} {MemoryPressure False 2017-03-21 08:16:41 +0000 UTC 2017-03-21 08:10:50 +0000 UTC KubeletHasSufficientMemory kubelet has sufficient memory available} {DiskPressure False 2017-03-21 08:16:41 +0000 UTC 2017-03-21 08:10:50 +0000 UTC KubeletHasNoDiskPressure kubelet has no disk pressure} {Ready True 2017-03-21 08:16:41 +0000 UTC 2017-03-21 08:10:50 +0000 UTC KubeletReady kubelet is posting ready status}],Addresses:[{LegacyHostIP 10.140.0.8} {InternalIP 10.140.0.8} {Hostname frakti-e2e}],DaemonEndpoints:NodeDaemonEndpoints{KubeletEndpoint:DaemonEndpoint{Port:10250,},},NodeInfo:NodeSystemInfo{MachineID:24ff1754f521f8ffc0b9d886cd5831f7,SystemUUID:66DF790D-8659-19AF-C8E8-AAAC6BAFD264,BootID:6dd25fc1-ba14-4123-b425-12a6ca632681,KernelVersion:3.10.0-514.6.2.el7.x86_64,OSImage:CentOS Linux 7 (Core),ContainerRuntimeVersion:hyper://0.8.0,KubeletVersion:v1.7.0-alpha.0.1397+e3f6f14bf0d1af,KubeProxyVersion:v1.7.0-alpha.0.1397+e3f6f14bf0d1af,OperatingSystem:linux,Architecture:amd64,},Images:[{[gcr.io/google_containers/node-problem-detector:v0.3.0] 290407887} {[gcr.io/google_containers/volume-nfs:0.8] 247146979} {[gcr.io/google_containers/volume-gluster:0.2] 212127750} {[gcr.io/google_containers/nginx-slim:0.7] 86838142} {[] 47794349} {[gcr.io/google_containers/hostexec:1.2] 13185747} {[gcr.io/google_containers/netexec:1.7] 8016035} {[gcr.io/google_containers/netexec:1.5] 7358440} {[gcr.io/google_containers/netexec:1.4] 7293444} {[gcr.io/google_containers/alpine-with-bash:1.0] 6660469} {[gcr.io/google_containers/serve_hostname:v1.4] 6222101} {[gcr.io/google-containers/stress:v1] 5494760} {[] 5042632} {[gcr.io/authenticated-image-pulling/alpine:3.1] 5038488} {[gcr.io/google_containers/test-webserver:e2e] 4534272} {[gcr.io/google_containers/liveness:e2e] 4387474} {[gcr.io/google_containers/eptest:0.1] 2970692} {[gcr.io/google_containers/mounttest-user:0.5] 1450761} {[gcr.io/google_containers/mounttest:0.8] 1450761} {[gcr.io/google_containers/busybox@sha256:4bdd623e848417d96127e16037743f0cd8b528c026e9175e22a84f639eca58ff gcr.io/google_containers/busybox:1.24] 1113554} {[gcr.io/google_containers/pause-amd64:3.0] 746888}],VolumesInUse:[],VolumesAttached:[],},}&#xA;Mar 21 08:16:41.959: INFO: &#xA;Logging kubelet events for node frakti-e2e&#xA;Mar 21 08:16:41.960: INFO: &#xA;Logging pods the kubelet thinks is on node frakti-e2e&#xA;Mar 21 08:16:42.027: INFO: &#xA;Latency metrics for node frakti-e2e&#xA;Mar 21 08:16:42.027: INFO: {Operation:sync Method:pod_worker_latency_microseconds Quantile:0.99 Latency:2m5.080686s}&#xA;Mar 21 08:16:42.027: INFO: {Operation:sync Method:pod_worker_latency_microseconds Quantile:0.9 Latency:2m5.074759s}&#xA;Mar 21 08:16:42.027: INFO: {Operation:sync Method:pod_worker_latency_microseconds Quantile:0.5 Latency:2m1.02217s}&#xA;�[1mSTEP�[0m: Dumping a list of prepulled images on each node&#xA;Mar 21 08:16:42.028: INFO: Waiting up to 3m0s for all (but 0) nodes to be ready&#xA;�[1mSTEP�[0m: Destroying namespace &#34;e2e-tests-emptydir-xskl2&#34; for this suite.&#xA;Mar 21 08:16:52.047: INFO: namespace: e2e-tests-emptydir-xskl2, resource: bindings, ignored listing per whitelist&#xA;</system-out>
      </testcase>
      <testcase name="[k8s.io] HostPath should give a volume the correct mode [Conformance] [Volume]" classname="E2eNode Suite" time="16.153798369">
          <failure type="Failure">/root/go-project/src/k8s.io/kubernetes/_output/local/go/src/k8s.io/kubernetes/test/e2e/common/host_path.go:56&#xA;Expected error:&#xA;    &lt;*errors.errorString | 0xc42018f6e0&gt;: {&#xA;        s: &#34;expected \&#34;mode of file \\\&#34;/test-volume\\\&#34;: dtrwxrwxrwx\&#34; in container output: Expected\n    &lt;string&gt;: failed to open log file \&#34;/var/log/pods/bcf76ac7-0e0e-11e7-a9e6-42010a8c0008/test-container-1_0.log\&#34;: open /var/log/pods/bcf76ac7-0e0e-11e7-a9e6-42010a8c0008/test-container-1_0.log: no such file or directory\nto contain substring\n    &lt;string&gt;: mode of file \&#34;/test-volume\&#34;: dtrwxrwxrwx&#34;,&#xA;    }&#xA;    expected &#34;mode of file \&#34;/test-volume\&#34;: dtrwxrwxrwx&#34; in container output: Expected&#xA;        &lt;string&gt;: failed to open log file &#34;/var/log/pods/bcf76ac7-0e0e-11e7-a9e6-42010a8c0008/test-container-1_0.log&#34;: open /var/log/pods/bcf76ac7-0e0e-11e7-a9e6-42010a8c0008/test-container-1_0.log: no such file or directory&#xA;    to contain substring&#xA;        &lt;string&gt;: mode of file &#34;/test-volume&#34;: dtrwxrwxrwx&#xA;not to have occurred&#xA;/root/go-project/src/k8s.io/kubernetes/_output/local/go/src/k8s.io/kubernetes/test/e2e/framework/util.go:2197</failure>
          <system-out>[BeforeEach] [k8s.io] HostPath&#xA;  /root/go-project/src/k8s.io/kubernetes/_output/local/go/src/k8s.io/kubernetes/test/e2e/framework/framework.go:119&#xA;�[1mSTEP�[0m: Creating a kubernetes client&#xA;�[1mSTEP�[0m: Building a namespace api object&#xA;Mar 21 08:16:52.074: INFO: Skipping waiting for service account&#xA;[BeforeEach] [k8s.io] HostPath&#xA;  /root/go-project/src/k8s.io/kubernetes/_output/local/go/src/k8s.io/kubernetes/test/e2e/common/host_path.go:40&#xA;[It] should give a volume the correct mode [Conformance] [Volume]&#xA;  /root/go-project/src/k8s.io/kubernetes/_output/local/go/src/k8s.io/kubernetes/test/e2e/common/host_path.go:56&#xA;�[1mSTEP�[0m: Creating a pod to test hostPath mode&#xA;Mar 21 08:16:52.076: INFO: Waiting up to 5m0s for pod pod-host-path-test status to be success or failure&#xA;Mar 21 08:16:52.085: INFO: Waiting for pod pod-host-path-test in namespace &#39;e2e-tests-hostpath-06rmr&#39; status to be &#39;success or failure&#39;(found phase: &#34;Pending&#34;, readiness: false) (8.429306ms elapsed)&#xA;Mar 21 08:16:54.087: INFO: Waiting for pod pod-host-path-test in namespace &#39;e2e-tests-hostpath-06rmr&#39; status to be &#39;success or failure&#39;(found phase: &#34;Pending&#34;, readiness: false) (2.010406374s elapsed)&#xA;Mar 21 08:16:56.089: INFO: Waiting for pod pod-host-path-test in namespace &#39;e2e-tests-hostpath-06rmr&#39; status to be &#39;success or failure&#39;(found phase: &#34;Pending&#34;, readiness: false) (4.012630734s elapsed)&#xA;�[1mSTEP�[0m: Saw pod success&#xA;Mar 21 08:16:58.092: INFO: Trying to get logs from node frakti-e2e pod pod-host-path-test container test-container-1: &lt;nil&gt;&#xA;�[1mSTEP�[0m: delete the pod&#xA;Mar 21 08:16:58.103: INFO: Waiting for pod pod-host-path-test to disappear&#xA;Mar 21 08:16:58.104: INFO: Pod pod-host-path-test no longer exists&#xA;Mar 21 08:16:58.104: INFO: Unexpected error occurred: expected &#34;mode of file \&#34;/test-volume\&#34;: dtrwxrwxrwx&#34; in container output: Expected&#xA;    &lt;string&gt;: failed to open log file &#34;/var/log/pods/bcf76ac7-0e0e-11e7-a9e6-42010a8c0008/test-container-1_0.log&#34;: open /var/log/pods/bcf76ac7-0e0e-11e7-a9e6-42010a8c0008/test-container-1_0.log: no such file or directory&#xA;to contain substring&#xA;    &lt;string&gt;: mode of file &#34;/test-volume&#34;: dtrwxrwxrwx&#xA;[AfterEach] [k8s.io] HostPath&#xA;  /root/go-project/src/k8s.io/kubernetes/_output/local/go/src/k8s.io/kubernetes/test/e2e/framework/framework.go:120&#xA;�[1mSTEP�[0m: Collecting events from namespace &#34;e2e-tests-hostpath-06rmr&#34;.&#xA;�[1mSTEP�[0m: Found 6 events.&#xA;Mar 21 08:16:58.107: INFO: At 2017-03-21 08:16:54 +0000 UTC - event for pod-host-path-test: {kubelet frakti-e2e} Pulled: Container image &#34;gcr.io/google_containers/mounttest:0.8&#34; already present on machine&#xA;Mar 21 08:16:58.108: INFO: At 2017-03-21 08:16:54 +0000 UTC - event for pod-host-path-test: {kubelet frakti-e2e} Created: Created container with id bf1b838aa91ce6292251de276ebc567f246093f02488286f54d438cb763a0433&#xA;Mar 21 08:16:58.108: INFO: At 2017-03-21 08:16:54 +0000 UTC - event for pod-host-path-test: {kubelet frakti-e2e} Failed: Failed to start container with id bf1b838aa91ce6292251de276ebc567f246093f02488286f54d438cb763a0433 with error: rpc error: code = 2 desc = failed to create symbolic link &#34;/var/log/pods/bcf76ac7-0e0e-11e7-a9e6-42010a8c0008/test-container-1_0.log&#34; to the container log file &#34;&#34; for container &#34;bf1b838aa91ce6292251de276ebc567f246093f02488286f54d438cb763a0433&#34;: symlink  /var/log/pods/bcf76ac7-0e0e-11e7-a9e6-42010a8c0008/test-container-1_0.log: no such file or directory&#xA;Mar 21 08:16:58.108: INFO: At 2017-03-21 08:16:55 +0000 UTC - event for pod-host-path-test: {kubelet frakti-e2e} Created: Created container with id 4cd8f51cb7855b21ade36b55b9151e523299a36795bbf61515f78aa433914843&#xA;Mar 21 08:16:58.108: INFO: At 2017-03-21 08:16:55 +0000 UTC - event for pod-host-path-test: {kubelet frakti-e2e} Failed: Failed to start container with id 4cd8f51cb7855b21ade36b55b9151e523299a36795bbf61515f78aa433914843 with error: rpc error: code = 2 desc = failed to create symbolic link &#34;/var/log/pods/bcf76ac7-0e0e-11e7-a9e6-42010a8c0008/test-container-2_0.log&#34; to the container log file &#34;&#34; for container &#34;4cd8f51cb7855b21ade36b55b9151e523299a36795bbf61515f78aa433914843&#34;: symlink  /var/log/pods/bcf76ac7-0e0e-11e7-a9e6-42010a8c0008/test-container-2_0.log: no such file or directory&#xA;Mar 21 08:16:58.108: INFO: At 2017-03-21 08:16:55 +0000 UTC - event for pod-host-path-test: {kubelet frakti-e2e} FailedSync: Error syncing pod, skipping: [failed to &#34;StartContainer&#34; for &#34;test-container-1&#34; with rpc error: code = 2 desc = failed to create symbolic link &#34;/var/log/pods/bcf76ac7-0e0e-11e7-a9e6-42010a8c0008/test-container-1_0.log&#34; to the container log file &#34;&#34; for container &#34;bf1b838aa91ce6292251de276ebc567f246093f02488286f54d438cb763a0433&#34;: symlink  /var/log/pods/bcf76ac7-0e0e-11e7-a9e6-42010a8c0008/test-container-1_0.log: no such file or directory: &#34;Start Container Failed&#34;&#xA;, failed to &#34;StartContainer&#34; for &#34;test-container-2&#34; with rpc error: code = 2 desc = failed to create symbolic link &#34;/var/log/pods/bcf76ac7-0e0e-11e7-a9e6-42010a8c0008/test-container-2_0.log&#34; to the container log file &#34;&#34; for container &#34;4cd8f51cb7855b21ade36b55b9151e523299a36795bbf61515f78aa433914843&#34;: symlink  /var/log/pods/bcf76ac7-0e0e-11e7-a9e6-42010a8c0008/test-container-2_0.log: no such file or directory: &#34;Start Container Failed&#34;&#xA;]&#xA;Mar 21 08:16:58.110: INFO: POD  NODE  PHASE  GRACE  CONDITIONS&#xA;Mar 21 08:16:58.110: INFO: &#xA;Mar 21 08:16:58.111: INFO: &#xA;Logging node info for node frakti-e2e&#xA;Mar 21 08:16:58.113: INFO: Node Info: &amp;Node{ObjectMeta:k8s_io_apimachinery_pkg_apis_meta_v1.ObjectMeta{Name:frakti-e2e,GenerateName:,Namespace:,SelfLink:/api/v1/nodesfrakti-e2e,UID:e55acc6b-0e0d-11e7-a9e6-42010a8c0008,ResourceVersion:706,Generation:0,CreationTimestamp:2017-03-21 08:10:50 +0000 UTC,DeletionTimestamp:&lt;nil&gt;,DeletionGracePeriodSeconds:nil,Labels:map[string]string{beta.kubernetes.io/arch: amd64,beta.kubernetes.io/os: linux,kubernetes.io/hostname: frakti-e2e,},Annotations:map[string]string{volumes.kubernetes.io/controller-managed-attach-detach: true,},OwnerReferences:[],Finalizers:[],ClusterName:,},Spec:NodeSpec{PodCIDR:,ExternalID:frakti-e2e,ProviderID:gce:////5985600149768706345,Unschedulable:false,Taints:[],},Status:NodeStatus{Capacity:ResourceList{cpu: {{4 0} {&lt;nil&gt;} 4 DecimalSI},memory: {{15770382336 0} {&lt;nil&gt;} 15400764Ki BinarySI},pods: {{110 0} {&lt;nil&gt;} 110 DecimalSI},},Allocatable:ResourceList{cpu: {{4 0} {&lt;nil&gt;} 4 DecimalSI},memory: {{15508238336 0} {&lt;nil&gt;} 15144764Ki BinarySI},pods: {{110 0} {&lt;nil&gt;} 110 DecimalSI},},Phase:,Conditions:[{OutOfDisk False 2017-03-21 08:16:51 +0000 UTC 2017-03-21 08:10:50 +0000 UTC KubeletHasSufficientDisk kubelet has sufficient disk space available} {MemoryPressure False 2017-03-21 08:16:51 +0000 UTC 2017-03-21 08:10:50 +0000 UTC KubeletHasSufficientMemory kubelet has sufficient memory available} {DiskPressure False 2017-03-21 08:16:51 +0000 UTC 2017-03-21 08:10:50 +0000 UTC KubeletHasNoDiskPressure kubelet has no disk pressure} {Ready True 2017-03-21 08:16:51 +0000 UTC 2017-03-21 08:10:50 +0000 UTC KubeletReady kubelet is posting ready status}],Addresses:[{LegacyHostIP 10.140.0.8} {InternalIP 10.140.0.8} {Hostname frakti-e2e}],DaemonEndpoints:NodeDaemonEndpoints{KubeletEndpoint:DaemonEndpoint{Port:10250,},},NodeInfo:NodeSystemInfo{MachineID:24ff1754f521f8ffc0b9d886cd5831f7,SystemUUID:66DF790D-8659-19AF-C8E8-AAAC6BAFD264,BootID:6dd25fc1-ba14-4123-b425-12a6ca632681,KernelVersion:3.10.0-514.6.2.el7.x86_64,OSImage:CentOS Linux 7 (Core),ContainerRuntimeVersion:hyper://0.8.0,KubeletVersion:v1.7.0-alpha.0.1397+e3f6f14bf0d1af,KubeProxyVersion:v1.7.0-alpha.0.1397+e3f6f14bf0d1af,OperatingSystem:linux,Architecture:amd64,},Images:[{[gcr.io/google_containers/node-problem-detector:v0.3.0] 290407887} {[gcr.io/google_containers/volume-nfs:0.8] 247146979} {[gcr.io/google_containers/volume-gluster:0.2] 212127750} {[gcr.io/google_containers/nginx-slim:0.7] 86838142} {[] 47794349} {[gcr.io/google_containers/hostexec:1.2] 13185747} {[gcr.io/google_containers/netexec:1.7] 8016035} {[gcr.io/google_containers/netexec:1.5] 7358440} {[gcr.io/google_containers/netexec:1.4] 7293444} {[gcr.io/google_containers/alpine-with-bash:1.0] 6660469} {[gcr.io/google_containers/serve_hostname:v1.4] 6222101} {[gcr.io/google-containers/stress:v1] 5494760} {[] 5042632} {[gcr.io/authenticated-image-pulling/alpine:3.1] 5038488} {[gcr.io/google_containers/test-webserver:e2e] 4534272} {[gcr.io/google_containers/liveness:e2e] 4387474} {[gcr.io/google_containers/eptest:0.1] 2970692} {[gcr.io/google_containers/mounttest-user:0.5] 1450761} {[gcr.io/google_containers/mounttest:0.8] 1450761} {[gcr.io/google_containers/busybox@sha256:4bdd623e848417d96127e16037743f0cd8b528c026e9175e22a84f639eca58ff gcr.io/google_containers/busybox:1.24] 1113554} {[gcr.io/google_containers/pause-amd64:3.0] 746888}],VolumesInUse:[],VolumesAttached:[],},}&#xA;Mar 21 08:16:58.113: INFO: &#xA;Logging kubelet events for node frakti-e2e&#xA;Mar 21 08:16:58.114: INFO: &#xA;Logging pods the kubelet thinks is on node frakti-e2e&#xA;Mar 21 08:16:58.189: INFO: &#xA;Latency metrics for node frakti-e2e&#xA;Mar 21 08:16:58.189: INFO: {Operation:sync Method:pod_worker_latency_microseconds Quantile:0.99 Latency:2m5.080686s}&#xA;Mar 21 08:16:58.189: INFO: {Operation:sync Method:pod_worker_latency_microseconds Quantile:0.9 Latency:2m5.074759s}&#xA;Mar 21 08:16:58.189: INFO: {Operation:sync Method:pod_worker_latency_microseconds Quantile:0.5 Latency:2m1.02217s}&#xA;�[1mSTEP�[0m: Dumping a list of prepulled images on each node&#xA;Mar 21 08:16:58.191: INFO: Waiting up to 3m0s for all (but 0) nodes to be ready&#xA;�[1mSTEP�[0m: Destroying namespace &#34;e2e-tests-hostpath-06rmr&#34; for this suite.&#xA;Mar 21 08:17:08.224: INFO: namespace: e2e-tests-hostpath-06rmr, resource: bindings, ignored listing per whitelist&#xA;</system-out>
      </testcase>
      <testcase name="[k8s.io] EmptyDir volumes should support (non-root,0644,default) [Conformance] [Volume]" classname="E2eNode Suite" time="18.152153542">
          <failure type="Failure">/root/go-project/src/k8s.io/kubernetes/_output/local/go/src/k8s.io/kubernetes/test/e2e/common/empty_dir.go:109&#xA;Expected error:&#xA;    &lt;*errors.errorString | 0xc4212a94c0&gt;: {&#xA;        s: &#34;expected pod \&#34;pod-c6984481-0e0e-11e7-85d6-42010a8c0008\&#34; success: &lt;nil&gt;&#34;,&#xA;    }&#xA;    expected pod &#34;pod-c6984481-0e0e-11e7-85d6-42010a8c0008&#34; success: &lt;nil&gt;&#xA;not to have occurred&#xA;/root/go-project/src/k8s.io/kubernetes/_output/local/go/src/k8s.io/kubernetes/test/e2e/framework/util.go:2197</failure>
          <system-out>[BeforeEach] [k8s.io] EmptyDir volumes&#xA;  /root/go-project/src/k8s.io/kubernetes/_output/local/go/src/k8s.io/kubernetes/test/e2e/framework/framework.go:119&#xA;�[1mSTEP�[0m: Creating a kubernetes client&#xA;�[1mSTEP�[0m: Building a namespace api object&#xA;Mar 21 08:17:08.228: INFO: Skipping waiting for service account&#xA;[It] should support (non-root,0644,default) [Conformance] [Volume]&#xA;  /root/go-project/src/k8s.io/kubernetes/_output/local/go/src/k8s.io/kubernetes/test/e2e/common/empty_dir.go:109&#xA;�[1mSTEP�[0m: Creating a pod to test emptydir 0644 on node default medium&#xA;Mar 21 08:17:08.231: INFO: Waiting up to 5m0s for pod pod-c6984481-0e0e-11e7-85d6-42010a8c0008 status to be success or failure&#xA;Mar 21 08:17:08.236: INFO: Waiting for pod pod-c6984481-0e0e-11e7-85d6-42010a8c0008 in namespace &#39;e2e-tests-emptydir-9c0nh&#39; status to be &#39;success or failure&#39;(found phase: &#34;Pending&#34;, readiness: false) (5.188294ms elapsed)&#xA;Mar 21 08:17:10.239: INFO: Waiting for pod pod-c6984481-0e0e-11e7-85d6-42010a8c0008 in namespace &#39;e2e-tests-emptydir-9c0nh&#39; status to be &#39;success or failure&#39;(found phase: &#34;Pending&#34;, readiness: false) (2.008654773s elapsed)&#xA;Mar 21 08:17:12.241: INFO: Waiting for pod pod-c6984481-0e0e-11e7-85d6-42010a8c0008 in namespace &#39;e2e-tests-emptydir-9c0nh&#39; status to be &#39;success or failure&#39;(found phase: &#34;Pending&#34;, readiness: false) (4.010771896s elapsed)&#xA;Mar 21 08:17:14.243: INFO: Waiting for pod pod-c6984481-0e0e-11e7-85d6-42010a8c0008 in namespace &#39;e2e-tests-emptydir-9c0nh&#39; status to be &#39;success or failure&#39;(found phase: &#34;Pending&#34;, readiness: false) (6.01281028s elapsed)&#xA;Mar 21 08:17:16.252: INFO: Output of node &#34;frakti-e2e&#34; pod &#34;pod-c6984481-0e0e-11e7-85d6-42010a8c0008&#34; container &#34;test-container&#34;: &#xA;�[1mSTEP�[0m: delete the pod&#xA;Mar 21 08:17:16.257: INFO: Waiting for pod pod-c6984481-0e0e-11e7-85d6-42010a8c0008 to disappear&#xA;Mar 21 08:17:16.258: INFO: Pod pod-c6984481-0e0e-11e7-85d6-42010a8c0008 no longer exists&#xA;Mar 21 08:17:16.258: INFO: Unexpected error occurred: expected pod &#34;pod-c6984481-0e0e-11e7-85d6-42010a8c0008&#34; success: &lt;nil&gt;&#xA;[AfterEach] [k8s.io] EmptyDir volumes&#xA;  /root/go-project/src/k8s.io/kubernetes/_output/local/go/src/k8s.io/kubernetes/test/e2e/framework/framework.go:120&#xA;�[1mSTEP�[0m: Collecting events from namespace &#34;e2e-tests-emptydir-9c0nh&#34;.&#xA;�[1mSTEP�[0m: Found 3 events.&#xA;Mar 21 08:17:16.261: INFO: At 2017-03-21 08:17:13 +0000 UTC - event for pod-c6984481-0e0e-11e7-85d6-42010a8c0008: {kubelet frakti-e2e} Pulled: Container image &#34;gcr.io/google_containers/mounttest-user:0.5&#34; already present on machine&#xA;Mar 21 08:17:16.261: INFO: At 2017-03-21 08:17:13 +0000 UTC - event for pod-c6984481-0e0e-11e7-85d6-42010a8c0008: {kubelet frakti-e2e} Created: Created container with id 1e30c8134a87cb7aa69f766d616fc9251aef041e7e17717ff3960415429e306b&#xA;Mar 21 08:17:16.261: INFO: At 2017-03-21 08:17:13 +0000 UTC - event for pod-c6984481-0e0e-11e7-85d6-42010a8c0008: {kubelet frakti-e2e} Started: Started container with id 1e30c8134a87cb7aa69f766d616fc9251aef041e7e17717ff3960415429e306b&#xA;Mar 21 08:17:16.264: INFO: POD          NODE        PHASE    GRACE  CONDITIONS&#xA;Mar 21 08:17:16.264: INFO: netserver-0  frakti-e2e  Running         [{Initialized True 0001-01-01 00:00:00 +0000 UTC 2017-03-21 08:17:05 +0000 UTC  } {Ready False 0001-01-01 00:00:00 +0000 UTC 2017-03-21 08:17:05 +0000 UTC ContainersNotReady containers with unready status: [webserver]} {PodScheduled True 0001-01-01 00:00:00 +0000 UTC 2017-03-21 08:17:10 +0000 UTC  }]&#xA;Mar 21 08:17:16.264: INFO: &#xA;Mar 21 08:17:16.265: INFO: &#xA;Logging node info for node frakti-e2e&#xA;Mar 21 08:17:16.266: INFO: Node Info: &amp;Node{ObjectMeta:k8s_io_apimachinery_pkg_apis_meta_v1.ObjectMeta{Name:frakti-e2e,GenerateName:,Namespace:,SelfLink:/api/v1/nodesfrakti-e2e,UID:e55acc6b-0e0d-11e7-a9e6-42010a8c0008,ResourceVersion:754,Generation:0,CreationTimestamp:2017-03-21 08:10:50 +0000 UTC,DeletionTimestamp:&lt;nil&gt;,DeletionGracePeriodSeconds:nil,Labels:map[string]string{beta.kubernetes.io/arch: amd64,beta.kubernetes.io/os: linux,kubernetes.io/hostname: frakti-e2e,},Annotations:map[string]string{volumes.kubernetes.io/controller-managed-attach-detach: true,},OwnerReferences:[],Finalizers:[],ClusterName:,},Spec:NodeSpec{PodCIDR:,ExternalID:frakti-e2e,ProviderID:gce:////5985600149768706345,Unschedulable:false,Taints:[],},Status:NodeStatus{Capacity:ResourceList{cpu: {{4 0} {&lt;nil&gt;} 4 DecimalSI},memory: {{15770382336 0} {&lt;nil&gt;} 15400764Ki BinarySI},pods: {{110 0} {&lt;nil&gt;} 110 DecimalSI},},Allocatable:ResourceList{cpu: {{4 0} {&lt;nil&gt;} 4 DecimalSI},memory: {{15508238336 0} {&lt;nil&gt;} 15144764Ki BinarySI},pods: {{110 0} {&lt;nil&gt;} 110 DecimalSI},},Phase:,Conditions:[{OutOfDisk False 2017-03-21 08:17:12 +0000 UTC 2017-03-21 08:10:50 +0000 UTC KubeletHasSufficientDisk kubelet has sufficient disk space available} {MemoryPressure False 2017-03-21 08:17:12 +0000 UTC 2017-03-21 08:10:50 +0000 UTC KubeletHasSufficientMemory kubelet has sufficient memory available} {DiskPressure False 2017-03-21 08:17:12 +0000 UTC 2017-03-21 08:10:50 +0000 UTC KubeletHasNoDiskPressure kubelet has no disk pressure} {Ready True 2017-03-21 08:17:12 +0000 UTC 2017-03-21 08:10:50 +0000 UTC KubeletReady kubelet is posting ready status}],Addresses:[{LegacyHostIP 10.140.0.8} {InternalIP 10.140.0.8} {Hostname frakti-e2e}],DaemonEndpoints:NodeDaemonEndpoints{KubeletEndpoint:DaemonEndpoint{Port:10250,},},NodeInfo:NodeSystemInfo{MachineID:24ff1754f521f8ffc0b9d886cd5831f7,SystemUUID:66DF790D-8659-19AF-C8E8-AAAC6BAFD264,BootID:6dd25fc1-ba14-4123-b425-12a6ca632681,KernelVersion:3.10.0-514.6.2.el7.x86_64,OSImage:CentOS Linux 7 (Core),ContainerRuntimeVersion:hyper://0.8.0,KubeletVersion:v1.7.0-alpha.0.1397+e3f6f14bf0d1af,KubeProxyVersion:v1.7.0-alpha.0.1397+e3f6f14bf0d1af,OperatingSystem:linux,Architecture:amd64,},Images:[{[gcr.io/google_containers/node-problem-detector:v0.3.0] 290407887} {[gcr.io/google_containers/volume-nfs:0.8] 247146979} {[gcr.io/google_containers/volume-gluster:0.2] 212127750} {[gcr.io/google_containers/nginx-slim:0.7] 86838142} {[] 47794349} {[gcr.io/google_containers/hostexec:1.2] 13185747} {[gcr.io/google_containers/netexec:1.7] 8016035} {[gcr.io/google_containers/netexec:1.5] 7358440} {[gcr.io/google_containers/netexec:1.4] 7293444} {[gcr.io/google_containers/alpine-with-bash:1.0] 6660469} {[gcr.io/google_containers/serve_hostname:v1.4] 6222101} {[gcr.io/google-containers/stress:v1] 5494760} {[] 5042632} {[gcr.io/authenticated-image-pulling/alpine:3.1] 5038488} {[gcr.io/google_containers/test-webserver:e2e] 4534272} {[gcr.io/google_containers/liveness:e2e] 4387474} {[gcr.io/google_containers/eptest:0.1] 2970692} {[gcr.io/google_containers/mounttest-user:0.5] 1450761} {[gcr.io/google_containers/mounttest:0.8] 1450761} {[gcr.io/google_containers/busybox@sha256:4bdd623e848417d96127e16037743f0cd8b528c026e9175e22a84f639eca58ff gcr.io/google_containers/busybox:1.24] 1113554} {[gcr.io/google_containers/pause-amd64:3.0] 746888}],VolumesInUse:[],VolumesAttached:[],},}&#xA;Mar 21 08:17:16.266: INFO: &#xA;Logging kubelet events for node frakti-e2e&#xA;Mar 21 08:17:16.267: INFO: &#xA;Logging pods the kubelet thinks is on node frakti-e2e&#xA;Mar 21 08:17:16.269: INFO: netserver-0 started at 2017-03-21 08:17:05 +0000 UTC (0+1 container statuses recorded)&#xA;Mar 21 08:17:16.269: INFO: &#x9;Container webserver ready: false, restart count 0&#xA;Mar 21 08:17:16.337: INFO: &#xA;Latency metrics for node frakti-e2e&#xA;Mar 21 08:17:16.337: INFO: {Operation:sync Method:pod_worker_latency_microseconds Quantile:0.99 Latency:2m5.080686s}&#xA;Mar 21 08:17:16.337: INFO: {Operation:sync Method:pod_worker_latency_microseconds Quantile:0.9 Latency:2m5.074759s}&#xA;Mar 21 08:17:16.337: INFO: {Operation:sync Method:pod_worker_latency_microseconds Quantile:0.5 Latency:2m1.02217s}&#xA;�[1mSTEP�[0m: Dumping a list of prepulled images on each node&#xA;Mar 21 08:17:16.339: INFO: Waiting up to 3m0s for all (but 0) nodes to be ready&#xA;�[1mSTEP�[0m: Destroying namespace &#34;e2e-tests-emptydir-9c0nh&#34; for this suite.&#xA;Mar 21 08:17:26.375: INFO: namespace: e2e-tests-emptydir-9c0nh, resource: bindings, ignored listing per whitelist&#xA;</system-out>
      </testcase>
      <testcase name="[k8s.io] Projected should be consumable in multiple volumes in a pod [Conformance] [Volume]" classname="E2eNode Suite" time="18.063153739"></testcase>
      <testcase name="[k8s.io] Sysctls should support sysctls" classname="E2eNode Suite" time="0">
          <skipped></skipped>
      </testcase>
      <testcase name="[k8s.io] GarbageCollect [Serial] Garbage Collection Test: Many Pods with Many Restarting Containers Should eventually garbage collect containers when we exceed the number of dead containers per container" classname="E2eNode Suite" time="0">
          <skipped></skipped>
      </testcase>
      <testcase name="[k8s.io] GCP Volumes [k8s.io] NFSv4 should be mountable for NFSv4 [Volume]" classname="E2eNode Suite" time="0">
          <skipped></skipped>
      </testcase>
      <testcase name="[k8s.io] MirrorPod when create a mirror pod  should be recreated when mirror pod forcibly deleted [Conformance]" classname="E2eNode Suite" time="30.062234087"></testcase>
      <testcase name="[k8s.io] Container Runtime Conformance Test container runtime conformance blackbox test when starting a container that exits should report termination message if TerminationMessagePath is set [Conformance]" classname="E2eNode Suite" time="21.062692104"></testcase>
      <testcase name="[k8s.io] Container Runtime Conformance Test container runtime conformance blackbox test when starting a container that exits should report termination message if TerminationMessagePath is set as non-root user and at a non-default path [Conformance]" classname="E2eNode Suite" time="17.072089999"></testcase>
      <testcase name="[k8s.io] Projected should provide container&#39;s cpu limit [Conformance] [Volume]" classname="E2eNode Suite" time="18.06108795"></testcase>
      <testcase name="[k8s.io] Downward API volume should provide container&#39;s memory limit [Conformance] [Volume]" classname="E2eNode Suite" time="18.064101425"></testcase>
      <testcase name="[k8s.io] InitContainer should invoke init containers on a RestartAlways pod" classname="E2eNode Suite" time="0">
          <skipped></skipped>
      </testcase>
      <testcase name="[k8s.io] Kubelet when scheduling a busybox command that always fails in a pod should have an error terminated reason" classname="E2eNode Suite" time="0">
          <skipped></skipped>
      </testcase>
      <testcase name="[k8s.io] Downward API volume should provide container&#39;s memory request [Conformance] [Volume]" classname="E2eNode Suite" time="18.063004889"></testcase>
      <testcase name="[k8s.io] Secrets should be consumable from pods in volume with mappings and Item Mode set [Conformance] [Volume]" classname="E2eNode Suite" time="18.063205355"></testcase>
      <testcase name="[k8s.io] HostPath should support r/w [Volume]" classname="E2eNode Suite" time="0">
          <skipped></skipped>
      </testcase>
      <testcase name="[k8s.io] Probing container should be restarted with a exec &#34;cat /tmp/health&#34; liveness probe [Conformance]" classname="E2eNode Suite" time="42.097310848"></testcase>
      <testcase name="[k8s.io] Container Lifecycle Hook when create a pod with lifecycle hook when it is exec hook should execute poststart exec hook properly [Conformance]" classname="E2eNode Suite" time="26.148282297">
          <failure type="Failure">/root/go-project/src/k8s.io/kubernetes/_output/local/go/src/k8s.io/kubernetes/test/e2e_node/lifecycle_hook_test.go:94&#xA;Expected error:&#xA;    &lt;*errors.errorString | 0xc4203edb30&gt;: {&#xA;        s: &#34;pod ran to completion&#34;,&#xA;    }&#xA;    pod ran to completion&#xA;not to have occurred&#xA;/root/go-project/src/k8s.io/kubernetes/_output/local/go/src/k8s.io/kubernetes/test/e2e/framework/pods.go:83</failure>
          <system-out>[BeforeEach] [k8s.io] Container Lifecycle Hook&#xA;  /root/go-project/src/k8s.io/kubernetes/_output/local/go/src/k8s.io/kubernetes/test/e2e/framework/framework.go:119&#xA;�[1mSTEP�[0m: Creating a kubernetes client&#xA;�[1mSTEP�[0m: Building a namespace api object&#xA;Mar 21 08:20:47.014: INFO: Skipping waiting for service account&#xA;[BeforeEach] when create a pod with lifecycle hook&#xA;  /root/go-project/src/k8s.io/kubernetes/_output/local/go/src/k8s.io/kubernetes/test/e2e_node/lifecycle_hook_test.go:45&#xA;[BeforeEach] when it is exec hook&#xA;  /root/go-project/src/k8s.io/kubernetes/_output/local/go/src/k8s.io/kubernetes/test/e2e_node/lifecycle_hook_test.go:74&#xA;[It] should execute poststart exec hook properly [Conformance]&#xA;  /root/go-project/src/k8s.io/kubernetes/_output/local/go/src/k8s.io/kubernetes/test/e2e_node/lifecycle_hook_test.go:94&#xA;�[1mSTEP�[0m: create the pod with lifecycle hook&#xA;Mar 21 08:20:55.019: INFO: Unexpected error occurred: pod ran to completion&#xA;[AfterEach] when it is exec hook&#xA;  /root/go-project/src/k8s.io/kubernetes/_output/local/go/src/k8s.io/kubernetes/test/e2e_node/lifecycle_hook_test.go:81&#xA;�[1mSTEP�[0m: cleanup the temporary file created in the test.&#xA;Mar 21 08:20:55.022: INFO: Waiting up to 3m0s for pod pod-clean-up status to be success or failure&#xA;Mar 21 08:20:55.023: INFO: Waiting for pod pod-clean-up in namespace &#39;e2e-tests-container-lifecycle-hook-r6704&#39; status to be &#39;success or failure&#39;(found phase: &#34;Pending&#34;, readiness: false) (1.198295ms elapsed)&#xA;Mar 21 08:20:57.025: INFO: Waiting for pod pod-clean-up in namespace &#39;e2e-tests-container-lifecycle-hook-r6704&#39; status to be &#39;success or failure&#39;(found phase: &#34;Pending&#34;, readiness: false) (2.002927401s elapsed)&#xA;Mar 21 08:20:59.027: INFO: Waiting for pod pod-clean-up in namespace &#39;e2e-tests-container-lifecycle-hook-r6704&#39; status to be &#39;success or failure&#39;(found phase: &#34;Pending&#34;, readiness: false) (4.00515306s elapsed)&#xA;Mar 21 08:21:01.029: INFO: Waiting for pod pod-clean-up in namespace &#39;e2e-tests-container-lifecycle-hook-r6704&#39; status to be &#39;success or failure&#39;(found phase: &#34;Pending&#34;, readiness: false) (6.006938673s elapsed)&#xA;[AfterEach] [k8s.io] Container Lifecycle Hook&#xA;  /root/go-project/src/k8s.io/kubernetes/_output/local/go/src/k8s.io/kubernetes/test/e2e/framework/framework.go:120&#xA;�[1mSTEP�[0m: Collecting events from namespace &#34;e2e-tests-container-lifecycle-hook-r6704&#34;.&#xA;�[1mSTEP�[0m: Found 9 events.&#xA;Mar 21 08:21:03.034: INFO: At 2017-03-21 08:20:52 +0000 UTC - event for pod-with-poststart-exec-hook: {kubelet frakti-e2e} FailedPostStartHook: &#xA;Mar 21 08:21:03.034: INFO: At 2017-03-21 08:20:52 +0000 UTC - event for pod-with-poststart-exec-hook: {kubelet frakti-e2e} Killing: Killing container with id hyper://e217a54ad2d9890bdb93f947025d2f4751cdafa93dbe8617d0f981e842b6842d:FailedPostStartHook&#xA;Mar 21 08:21:03.034: INFO: At 2017-03-21 08:20:52 +0000 UTC - event for pod-with-poststart-exec-hook: {kubelet frakti-e2e} FailedSync: Error syncing pod, skipping: failed to &#34;StartContainer&#34; for &#34;pod-with-poststart-exec-hook&#34; with PostStart handler: command &#39;touch /tmp/test-49005eec-0e0f-11e7-85d6-42010a8c0008&#39; exited with 127: exec failed: No such fil: &#34;PostStart Hook Failed&#34;&#xA;&#xA;Mar 21 08:21:03.034: INFO: At 2017-03-21 08:20:52 +0000 UTC - event for pod-with-poststart-exec-hook: {kubelet frakti-e2e} Pulled: Container image &#34;gcr.io/google_containers/busybox:1.24&#34; already present on machine&#xA;Mar 21 08:21:03.034: INFO: At 2017-03-21 08:20:52 +0000 UTC - event for pod-with-poststart-exec-hook: {kubelet frakti-e2e} Created: Created container with id e217a54ad2d9890bdb93f947025d2f4751cdafa93dbe8617d0f981e842b6842d&#xA;Mar 21 08:21:03.034: INFO: At 2017-03-21 08:20:52 +0000 UTC - event for pod-with-poststart-exec-hook: {kubelet frakti-e2e} Started: Started container with id e217a54ad2d9890bdb93f947025d2f4751cdafa93dbe8617d0f981e842b6842d&#xA;Mar 21 08:21:03.034: INFO: At 2017-03-21 08:21:00 +0000 UTC - event for pod-clean-up: {kubelet frakti-e2e} Pulled: Container image &#34;gcr.io/google_containers/busybox:1.24&#34; already present on machine&#xA;Mar 21 08:21:03.034: INFO: At 2017-03-21 08:21:00 +0000 UTC - event for pod-clean-up: {kubelet frakti-e2e} Created: Created container with id 01b3058ba8f91f598dff310f15570f1e950d1247d6fc97102c9bd856332b603a&#xA;Mar 21 08:21:03.034: INFO: At 2017-03-21 08:21:00 +0000 UTC - event for pod-clean-up: {kubelet frakti-e2e} Started: Started container with id 01b3058ba8f91f598dff310f15570f1e950d1247d6fc97102c9bd856332b603a&#xA;Mar 21 08:21:03.037: INFO: POD                           NODE        PHASE   GRACE  CONDITIONS&#xA;Mar 21 08:21:03.038: INFO: pod-clean-up                  frakti-e2e  Failed         [{Initialized True 0001-01-01 00:00:00 +0000 UTC 2017-03-21 08:20:55 +0000 UTC  } {Ready False 0001-01-01 00:00:00 +0000 UTC 2017-03-21 08:20:55 +0000 UTC ContainersNotReady containers with unready status: [pod-clean-up]}]&#xA;Mar 21 08:21:03.038: INFO: pod-with-poststart-exec-hook  frakti-e2e  Failed         [{Initialized True 0001-01-01 00:00:00 +0000 UTC 2017-03-21 08:20:47 +0000 UTC  } {Ready False 0001-01-01 00:00:00 +0000 UTC 2017-03-21 08:20:47 +0000 UTC ContainersNotReady containers with unready status: [pod-with-poststart-exec-hook]} {PodScheduled True 0001-01-01 00:00:00 +0000 UTC 2017-03-21 08:20:53 +0000 UTC  }]&#xA;Mar 21 08:21:03.038: INFO: &#xA;Mar 21 08:21:03.039: INFO: &#xA;Logging node info for node frakti-e2e&#xA;Mar 21 08:21:03.041: INFO: Node Info: &amp;Node{ObjectMeta:k8s_io_apimachinery_pkg_apis_meta_v1.ObjectMeta{Name:frakti-e2e,GenerateName:,Namespace:,SelfLink:/api/v1/nodesfrakti-e2e,UID:e55acc6b-0e0d-11e7-a9e6-42010a8c0008,ResourceVersion:1083,Generation:0,CreationTimestamp:2017-03-21 08:10:50 +0000 UTC,DeletionTimestamp:&lt;nil&gt;,DeletionGracePeriodSeconds:nil,Labels:map[string]string{beta.kubernetes.io/arch: amd64,beta.kubernetes.io/os: linux,kubernetes.io/hostname: frakti-e2e,},Annotations:map[string]string{volumes.kubernetes.io/controller-managed-attach-detach: true,},OwnerReferences:[],Finalizers:[],ClusterName:,},Spec:NodeSpec{PodCIDR:,ExternalID:frakti-e2e,ProviderID:gce:////5985600149768706345,Unschedulable:false,Taints:[],},Status:NodeStatus{Capacity:ResourceList{cpu: {{4 0} {&lt;nil&gt;} 4 DecimalSI},memory: {{15770382336 0} {&lt;nil&gt;} 15400764Ki BinarySI},pods: {{110 0} {&lt;nil&gt;} 110 DecimalSI},},Allocatable:ResourceList{cpu: {{4 0} {&lt;nil&gt;} 4 DecimalSI},memory: {{15508238336 0} {&lt;nil&gt;} 15144764Ki BinarySI},pods: {{110 0} {&lt;nil&gt;} 110 DecimalSI},},Phase:,Conditions:[{OutOfDisk False 2017-03-21 08:20:53 +0000 UTC 2017-03-21 08:10:50 +0000 UTC KubeletHasSufficientDisk kubelet has sufficient disk space available} {MemoryPressure False 2017-03-21 08:20:53 +0000 UTC 2017-03-21 08:10:50 +0000 UTC KubeletHasSufficientMemory kubelet has sufficient memory available} {DiskPressure False 2017-03-21 08:20:53 +0000 UTC 2017-03-21 08:10:50 +0000 UTC KubeletHasNoDiskPressure kubelet has no disk pressure} {Ready True 2017-03-21 08:20:53 +0000 UTC 2017-03-21 08:10:50 +0000 UTC KubeletReady kubelet is posting ready status}],Addresses:[{LegacyHostIP 10.140.0.8} {InternalIP 10.140.0.8} {Hostname frakti-e2e}],DaemonEndpoints:NodeDaemonEndpoints{KubeletEndpoint:DaemonEndpoint{Port:10250,},},NodeInfo:NodeSystemInfo{MachineID:24ff1754f521f8ffc0b9d886cd5831f7,SystemUUID:66DF790D-8659-19AF-C8E8-AAAC6BAFD264,BootID:6dd25fc1-ba14-4123-b425-12a6ca632681,KernelVersion:3.10.0-514.6.2.el7.x86_64,OSImage:CentOS Linux 7 (Core),ContainerRuntimeVersion:hyper://0.8.0,KubeletVersion:v1.7.0-alpha.0.1397+e3f6f14bf0d1af,KubeProxyVersion:v1.7.0-alpha.0.1397+e3f6f14bf0d1af,OperatingSystem:linux,Architecture:amd64,},Images:[{[gcr.io/google_containers/node-problem-detector:v0.3.0] 290407887} {[gcr.io/google_containers/volume-nfs:0.8] 247146979} {[gcr.io/google_containers/volume-gluster:0.2] 212127750} {[gcr.io/google_containers/nginx-slim:0.7] 86838142} {[] 47794349} {[gcr.io/google_containers/hostexec:1.2] 13185747} {[gcr.io/google_containers/netexec:1.7] 8016035} {[gcr.io/google_containers/netexec:1.5] 7358440} {[gcr.io/google_containers/netexec:1.4] 7293444} {[gcr.io/google_containers/alpine-with-bash:1.0] 6660469} {[gcr.io/google_containers/serve_hostname:v1.4] 6222101} {[gcr.io/google-containers/stress:v1] 5494760} {[] 5042632} {[gcr.io/authenticated-image-pulling/alpine:3.1] 5038488} {[gcr.io/google_containers/test-webserver:e2e] 4534272} {[gcr.io/google_containers/liveness:e2e] 4387474} {[gcr.io/google_containers/eptest:0.1] 2970692} {[gcr.io/google_containers/mounttest:0.8] 1450761} {[gcr.io/google_containers/mounttest-user:0.5] 1450761} {[gcr.io/google_containers/busybox@sha256:4bdd623e848417d96127e16037743f0cd8b528c026e9175e22a84f639eca58ff gcr.io/google_containers/busybox:1.24] 1113554} {[gcr.io/google_containers/pause-amd64:3.0] 746888}],VolumesInUse:[],VolumesAttached:[],},}&#xA;Mar 21 08:21:03.041: INFO: &#xA;Logging kubelet events for node frakti-e2e&#xA;Mar 21 08:21:03.042: INFO: &#xA;Logging pods the kubelet thinks is on node frakti-e2e&#xA;Mar 21 08:21:03.045: INFO: pod-clean-up started at 2017-03-21 08:20:55 +0000 UTC (0+1 container statuses recorded)&#xA;Mar 21 08:21:03.045: INFO: &#x9;Container pod-clean-up ready: false, restart count 0&#xA;Mar 21 08:21:03.045: INFO: pod-with-poststart-exec-hook started at 2017-03-21 08:20:47 +0000 UTC (0+1 container statuses recorded)&#xA;Mar 21 08:21:03.045: INFO: &#x9;Container pod-with-poststart-exec-hook ready: false, restart count 0&#xA;Mar 21 08:21:03.120: INFO: &#xA;Latency metrics for node frakti-e2e&#xA;Mar 21 08:21:03.120: INFO: {Operation:sync Method:pod_worker_latency_microseconds Quantile:0.99 Latency:2m5.199169s}&#xA;Mar 21 08:21:03.120: INFO: {Operation:sync Method:pod_worker_latency_microseconds Quantile:0.9 Latency:2m5.080686s}&#xA;Mar 21 08:21:03.120: INFO: {Operation:sync Method:pod_worker_latency_microseconds Quantile:0.5 Latency:2m1.026411s}&#xA;Mar 21 08:21:03.120: INFO: {Operation: Method:pod_start_latency_microseconds Quantile:0.99 Latency:32.595962s}&#xA;�[1mSTEP�[0m: Dumping a list of prepulled images on each node&#xA;Mar 21 08:21:03.122: INFO: Waiting up to 3m0s for all (but 0) nodes to be ready&#xA;�[1mSTEP�[0m: Destroying namespace &#34;e2e-tests-container-lifecycle-hook-r6704&#34; for this suite.&#xA;Mar 21 08:21:13.156: INFO: namespace: e2e-tests-container-lifecycle-hook-r6704, resource: bindings, ignored listing per whitelist&#xA;</system-out>
      </testcase>
      <testcase name="[k8s.io] Projected should be consumable from pods in volume with defaultMode set [Conformance] [Volume]" classname="E2eNode Suite" time="16.067721167"></testcase>
      <testcase name="[k8s.io] GPU [Serial] attempt to use GPUs if available setup the node and create pods to test gpus" classname="E2eNode Suite" time="0">
          <skipped></skipped>
      </testcase>
      <testcase name="[k8s.io] KubeletManagedEtcHosts should test kubelet managed /etc/hosts file [Conformance]" classname="E2eNode Suite" time="67.279534076">
          <failure type="Failure">/root/go-project/src/k8s.io/kubernetes/_output/local/go/src/k8s.io/kubernetes/test/e2e/common/kubelet_etc_hosts.go:55&#xA;failed to execute command in pod test-pod, container busybox-1: command terminated with exit code 0&#xA;Expected error:&#xA;    &lt;exec.CodeExitError&gt;: {&#xA;        Err: {&#xA;            s: &#34;command terminated with exit code 0&#34;,&#xA;        },&#xA;        Code: 0,&#xA;    }&#xA;    command terminated with exit code 0&#xA;not to have occurred&#xA;/root/go-project/src/k8s.io/kubernetes/_output/local/go/src/k8s.io/kubernetes/test/e2e/framework/exec_util.go:107</failure>
          <system-out>[BeforeEach] [k8s.io] KubeletManagedEtcHosts&#xA;  /root/go-project/src/k8s.io/kubernetes/_output/local/go/src/k8s.io/kubernetes/test/e2e/framework/framework.go:119&#xA;�[1mSTEP�[0m: Creating a kubernetes client&#xA;�[1mSTEP�[0m: Building a namespace api object&#xA;Mar 21 08:21:29.236: INFO: Skipping waiting for service account&#xA;[It] should test kubelet managed /etc/hosts file [Conformance]&#xA;  /root/go-project/src/k8s.io/kubernetes/_output/local/go/src/k8s.io/kubernetes/test/e2e/common/kubelet_etc_hosts.go:55&#xA;�[1mSTEP�[0m: Setting up the test&#xA;�[1mSTEP�[0m: Creating hostNetwork=false pod&#xA;�[1mSTEP�[0m: Creating hostNetwork=true pod&#xA;�[1mSTEP�[0m: Running the test&#xA;�[1mSTEP�[0m: Verifying /etc/hosts of container is kubelet-managed for pod with hostNetwork=false&#xA;Mar 21 08:21:41.250: INFO: ExecWithOptions {Command:[cat /etc/hosts] Namespace:e2e-tests-e2e-kubelet-etc-hosts-666g2 PodName:test-pod ContainerName:busybox-1 Stdin:&lt;nil&gt; CaptureStdout:true CaptureStderr:true PreserveWhitespace:false}&#xA;Mar 21 08:21:41.352: INFO: Exec stderr: &#34;&#34;&#xA;[AfterEach] [k8s.io] KubeletManagedEtcHosts&#xA;  /root/go-project/src/k8s.io/kubernetes/_output/local/go/src/k8s.io/kubernetes/test/e2e/framework/framework.go:120&#xA;�[1mSTEP�[0m: Collecting events from namespace &#34;e2e-tests-e2e-kubelet-etc-hosts-666g2&#34;.&#xA;�[1mSTEP�[0m: Found 13 events.&#xA;Mar 21 08:21:41.357: INFO: At 2017-03-21 08:21:34 +0000 UTC - event for test-pod: {kubelet frakti-e2e} Pulled: Container image &#34;gcr.io/google_containers/netexec:1.7&#34; already present on machine&#xA;Mar 21 08:21:41.357: INFO: At 2017-03-21 08:21:34 +0000 UTC - event for test-pod: {kubelet frakti-e2e} Created: Created container with id 46795cc8aa99965f6d384289071cdc67853a694e282c6152b2e61bdfbc6c6058&#xA;Mar 21 08:21:41.357: INFO: At 2017-03-21 08:21:34 +0000 UTC - event for test-pod: {kubelet frakti-e2e} Started: Started container with id f255a9fcb5ff3b7c2149a3d95e7a774ca047119f7d307e3bffb7ea6f9c285963&#xA;Mar 21 08:21:41.357: INFO: At 2017-03-21 08:21:34 +0000 UTC - event for test-pod: {kubelet frakti-e2e} Created: Created container with id f255a9fcb5ff3b7c2149a3d95e7a774ca047119f7d307e3bffb7ea6f9c285963&#xA;Mar 21 08:21:41.357: INFO: At 2017-03-21 08:21:34 +0000 UTC - event for test-pod: {kubelet frakti-e2e} Started: Started container with id 1bda2064d4c1c26c13124622c92d3015ebc9e4b3b7b20278bc8655784ebfc905&#xA;Mar 21 08:21:41.357: INFO: At 2017-03-21 08:21:34 +0000 UTC - event for test-pod: {kubelet frakti-e2e} Created: Created container with id 1bda2064d4c1c26c13124622c92d3015ebc9e4b3b7b20278bc8655784ebfc905&#xA;Mar 21 08:21:41.357: INFO: At 2017-03-21 08:21:34 +0000 UTC - event for test-pod: {kubelet frakti-e2e} Started: Started container with id 46795cc8aa99965f6d384289071cdc67853a694e282c6152b2e61bdfbc6c6058&#xA;Mar 21 08:21:41.357: INFO: At 2017-03-21 08:21:38 +0000 UTC - event for test-host-network-pod: {kubelet frakti-e2e} Pulled: Container image &#34;gcr.io/google_containers/netexec:1.7&#34; already present on machine&#xA;Mar 21 08:21:41.357: INFO: At 2017-03-21 08:21:39 +0000 UTC - event for test-host-network-pod: {kubelet frakti-e2e} FailedSync: Error syncing pod, skipping: [failed to &#34;StartContainer&#34; for &#34;busybox-1&#34; with rpc error: code = 2 desc = failed to create symbolic link &#34;/var/log/pods/66f0b2e0-0e0f-11e7-a9e6-42010a8c0008/busybox-1_0.log&#34; to the container log file &#34;&#34; for container &#34;6e0a1b46082a9823f3fcf35ee7cc183aa599eba668264623b953499e18a51739&#34;: symlink  /var/log/pods/66f0b2e0-0e0f-11e7-a9e6-42010a8c0008/busybox-1_0.log: no such file or directory: &#34;Start Container Failed&#34;&#xA;, failed to &#34;StartContainer&#34; for &#34;busybox-2&#34; with rpc error: code = 2 desc = failed to create symbolic link &#34;/var/log/pods/66f0b2e0-0e0f-11e7-a9e6-42010a8c0008/busybox-2_0.log&#34; to the container log file &#34;&#34; for container &#34;b4c8fb2616ce8d3f3854a0a3aeedc3692e498ae1470c0833efc812d7f9938525&#34;: symlink  /var/log/pods/66f0b2e0-0e0f-11e7-a9e6-42010a8c0008/busybox-2_0.log: no such file or directory: &#34;Start Container Failed&#34;&#xA;]&#xA;Mar 21 08:21:41.357: INFO: At 2017-03-21 08:21:39 +0000 UTC - event for test-host-network-pod: {kubelet frakti-e2e} Failed: Failed to start container with id b4c8fb2616ce8d3f3854a0a3aeedc3692e498ae1470c0833efc812d7f9938525 with error: rpc error: code = 2 desc = failed to create symbolic link &#34;/var/log/pods/66f0b2e0-0e0f-11e7-a9e6-42010a8c0008/busybox-2_0.log&#34; to the container log file &#34;&#34; for container &#34;b4c8fb2616ce8d3f3854a0a3aeedc3692e498ae1470c0833efc812d7f9938525&#34;: symlink  /var/log/pods/66f0b2e0-0e0f-11e7-a9e6-42010a8c0008/busybox-2_0.log: no such file or directory&#xA;Mar 21 08:21:41.357: INFO: At 2017-03-21 08:21:39 +0000 UTC - event for test-host-network-pod: {kubelet frakti-e2e} Created: Created container with id b4c8fb2616ce8d3f3854a0a3aeedc3692e498ae1470c0833efc812d7f9938525&#xA;Mar 21 08:21:41.357: INFO: At 2017-03-21 08:21:39 +0000 UTC - event for test-host-network-pod: {kubelet frakti-e2e} Failed: Failed to start container with id 6e0a1b46082a9823f3fcf35ee7cc183aa599eba668264623b953499e18a51739 with error: rpc error: code = 2 desc = failed to create symbolic link &#34;/var/log/pods/66f0b2e0-0e0f-11e7-a9e6-42010a8c0008/busybox-1_0.log&#34; to the container log file &#34;&#34; for container &#34;6e0a1b46082a9823f3fcf35ee7cc183aa599eba668264623b953499e18a51739&#34;: symlink  /var/log/pods/66f0b2e0-0e0f-11e7-a9e6-42010a8c0008/busybox-1_0.log: no such file or directory&#xA;Mar 21 08:21:41.357: INFO: At 2017-03-21 08:21:39 +0000 UTC - event for test-host-network-pod: {kubelet frakti-e2e} Created: Created container with id 6e0a1b46082a9823f3fcf35ee7cc183aa599eba668264623b953499e18a51739&#xA;Mar 21 08:21:41.360: INFO: POD                                                         NODE        PHASE    GRACE  CONDITIONS&#xA;Mar 21 08:21:41.360: INFO: test-host-network-pod                                       frakti-e2e  Running         [{Initialized True 0001-01-01 00:00:00 +0000 UTC 2017-03-21 08:21:37 +0000 UTC  } {Ready True 0001-01-01 00:00:00 +0000 UTC 2017-03-21 08:21:40 +0000 UTC  } {PodScheduled True 0001-01-01 00:00:00 +0000 UTC 2017-03-21 08:21:40 +0000 UTC  }]&#xA;Mar 21 08:21:41.360: INFO: test-pod                                                    frakti-e2e  Running         [{Initialized True 0001-01-01 00:00:00 +0000 UTC 2017-03-21 08:21:29 +0000 UTC  } {Ready True 0001-01-01 00:00:00 +0000 UTC 2017-03-21 08:21:35 +0000 UTC  } {PodScheduled True 0001-01-01 00:00:00 +0000 UTC 2017-03-21 08:21:35 +0000 UTC  }]&#xA;Mar 21 08:21:41.360: INFO: pod-projected-secrets-67e21779-0e0f-11e7-8984-42010a8c0008  frakti-e2e  Pending         [{Initialized True 0001-01-01 00:00:00 +0000 UTC 2017-03-21 08:21:38 +0000 UTC  } {Ready False 0001-01-01 00:00:00 +0000 UTC 2017-03-21 08:21:38 +0000 UTC ContainersNotReady containers with unready status: [projected-secret-volume-test]}]&#xA;Mar 21 08:21:41.360: INFO: &#xA;Mar 21 08:21:41.362: INFO: &#xA;Logging node info for node frakti-e2e&#xA;Mar 21 08:21:41.363: INFO: Node Info: &amp;Node{ObjectMeta:k8s_io_apimachinery_pkg_apis_meta_v1.ObjectMeta{Name:frakti-e2e,GenerateName:,Namespace:,SelfLink:/api/v1/nodesfrakti-e2e,UID:e55acc6b-0e0d-11e7-a9e6-42010a8c0008,ResourceVersion:1157,Generation:0,CreationTimestamp:2017-03-21 08:10:50 +0000 UTC,DeletionTimestamp:&lt;nil&gt;,DeletionGracePeriodSeconds:nil,Labels:map[string]string{beta.kubernetes.io/arch: amd64,beta.kubernetes.io/os: linux,kubernetes.io/hostname: frakti-e2e,},Annotations:map[string]string{volumes.kubernetes.io/controller-managed-attach-detach: true,},OwnerReferences:[],Finalizers:[],ClusterName:,},Spec:NodeSpec{PodCIDR:,ExternalID:frakti-e2e,ProviderID:gce:////5985600149768706345,Unschedulable:false,Taints:[],},Status:NodeStatus{Capacity:ResourceList{cpu: {{4 0} {&lt;nil&gt;} 4 DecimalSI},memory: {{15770382336 0} {&lt;nil&gt;} 15400764Ki BinarySI},pods: {{110 0} {&lt;nil&gt;} 110 DecimalSI},},Allocatable:ResourceList{cpu: {{4 0} {&lt;nil&gt;} 4 DecimalSI},memory: {{15508238336 0} {&lt;nil&gt;} 15144764Ki BinarySI},pods: {{110 0} {&lt;nil&gt;} 110 DecimalSI},},Phase:,Conditions:[{OutOfDisk False 2017-03-21 08:21:33 +0000 UTC 2017-03-21 08:10:50 +0000 UTC KubeletHasSufficientDisk kubelet has sufficient disk space available} {MemoryPressure False 2017-03-21 08:21:33 +0000 UTC 2017-03-21 08:10:50 +0000 UTC KubeletHasSufficientMemory kubelet has sufficient memory available} {DiskPressure False 2017-03-21 08:21:33 +0000 UTC 2017-03-21 08:10:50 +0000 UTC KubeletHasNoDiskPressure kubelet has no disk pressure} {Ready True 2017-03-21 08:21:33 +0000 UTC 2017-03-21 08:10:50 +0000 UTC KubeletReady kubelet is posting ready status}],Addresses:[{LegacyHostIP 10.140.0.8} {InternalIP 10.140.0.8} {Hostname frakti-e2e}],DaemonEndpoints:NodeDaemonEndpoints{KubeletEndpoint:DaemonEndpoint{Port:10250,},},NodeInfo:NodeSystemInfo{MachineID:24ff1754f521f8ffc0b9d886cd5831f7,SystemUUID:66DF790D-8659-19AF-C8E8-AAAC6BAFD264,BootID:6dd25fc1-ba14-4123-b425-12a6ca632681,KernelVersion:3.10.0-514.6.2.el7.x86_64,OSImage:CentOS Linux 7 (Core),ContainerRuntimeVersion:hyper://0.8.0,KubeletVersion:v1.7.0-alpha.0.1397+e3f6f14bf0d1af,KubeProxyVersion:v1.7.0-alpha.0.1397+e3f6f14bf0d1af,OperatingSystem:linux,Architecture:amd64,},Images:[{[gcr.io/google_containers/node-problem-detector:v0.3.0] 290407887} {[gcr.io/google_containers/volume-nfs:0.8] 247146979} {[gcr.io/google_containers/volume-gluster:0.2] 212127750} {[gcr.io/google_containers/nginx-slim:0.7] 86838142} {[] 47794349} {[gcr.io/google_containers/hostexec:1.2] 13185747} {[gcr.io/google_containers/netexec:1.7] 8016035} {[gcr.io/google_containers/netexec:1.5] 7358440} {[gcr.io/google_containers/netexec:1.4] 7293444} {[gcr.io/google_containers/alpine-with-bash:1.0] 6660469} {[gcr.io/google_containers/serve_hostname:v1.4] 6222101} {[gcr.io/google-containers/stress:v1] 5494760} {[] 5042632} {[gcr.io/authenticated-image-pulling/alpine:3.1] 5038488} {[gcr.io/google_containers/test-webserver:e2e] 4534272} {[gcr.io/google_containers/liveness:e2e] 4387474} {[gcr.io/google_containers/eptest:0.1] 2970692} {[gcr.io/google_containers/mounttest-user:0.5] 1450761} {[gcr.io/google_containers/mounttest:0.8] 1450761} {[gcr.io/google_containers/busybox@sha256:4bdd623e848417d96127e16037743f0cd8b528c026e9175e22a84f639eca58ff gcr.io/google_containers/busybox:1.24] 1113554} {[gcr.io/google_containers/pause-amd64:3.0] 746888}],VolumesInUse:[],VolumesAttached:[],},}&#xA;Mar 21 08:21:41.364: INFO: &#xA;Logging kubelet events for node frakti-e2e&#xA;Mar 21 08:21:41.365: INFO: &#xA;Logging pods the kubelet thinks is on node frakti-e2e&#xA;Mar 21 08:21:41.367: INFO: test-pod started at 2017-03-21 08:21:29 +0000 UTC (0+3 container statuses recorded)&#xA;Mar 21 08:21:41.368: INFO: &#x9;Container busybox-1 ready: true, restart count 0&#xA;Mar 21 08:21:41.368: INFO: &#x9;Container busybox-2 ready: true, restart count 0&#xA;Mar 21 08:21:41.368: INFO: &#x9;Container busybox-3 ready: true, restart count 0&#xA;Mar 21 08:21:41.368: INFO: test-host-network-pod started at 2017-03-21 08:21:37 +0000 UTC (0+2 container statuses recorded)&#xA;Mar 21 08:21:41.368: INFO: &#x9;Container busybox-1 ready: true, restart count 0&#xA;Mar 21 08:21:41.368: INFO: &#x9;Container busybox-2 ready: true, restart count 0&#xA;Mar 21 08:21:41.368: INFO: pod-projected-secrets-67e21779-0e0f-11e7-8984-42010a8c0008 started at 2017-03-21 08:21:38 +0000 UTC (0+1 container statuses recorded)&#xA;Mar 21 08:21:41.368: INFO: &#x9;Container projected-secret-volume-test ready: false, restart count 0&#xA;Mar 21 08:21:41.477: INFO: &#xA;Latency metrics for node frakti-e2e&#xA;Mar 21 08:21:41.477: INFO: {Operation:sync Method:pod_worker_latency_microseconds Quantile:0.99 Latency:2m5.199169s}&#xA;Mar 21 08:21:41.477: INFO: {Operation:sync Method:pod_worker_latency_microseconds Quantile:0.9 Latency:2m5.080686s}&#xA;Mar 21 08:21:41.477: INFO: {Operation:sync Method:pod_worker_latency_microseconds Quantile:0.5 Latency:2m1.040762s}&#xA;Mar 21 08:21:41.477: INFO: {Operation: Method:pod_start_latency_microseconds Quantile:0.99 Latency:32.595962s}&#xA;�[1mSTEP�[0m: Dumping a list of prepulled images on each node&#xA;Mar 21 08:21:41.478: INFO: Waiting up to 3m0s for all (but 0) nodes to be ready&#xA;�[1mSTEP�[0m: Destroying namespace &#34;e2e-tests-e2e-kubelet-etc-hosts-666g2&#34; for this suite.&#xA;Mar 21 08:22:36.497: INFO: namespace: e2e-tests-e2e-kubelet-etc-hosts-666g2, resource: bindings, ignored listing per whitelist&#xA;</system-out>
      </testcase>
      <testcase name="[k8s.io] Secrets should be consumable from pods in volume with mappings [Conformance] [Volume]" classname="E2eNode Suite" time="23.069648774"></testcase>
      <testcase name="[k8s.io] ConfigMap should be consumable via environment variable [Conformance]" classname="E2eNode Suite" time="18.140731908">
          <failure type="Failure">/root/go-project/src/k8s.io/kubernetes/_output/local/go/src/k8s.io/kubernetes/test/e2e/common/configmap.go:382&#xA;Expected error:&#xA;    &lt;*errors.errorString | 0xc420f5d450&gt;: {&#xA;        s: &#34;expected pod \&#34;pod-configmaps-98063ced-0e0f-11e7-85d6-42010a8c0008\&#34; success: &lt;nil&gt;&#34;,&#xA;    }&#xA;    expected pod &#34;pod-configmaps-98063ced-0e0f-11e7-85d6-42010a8c0008&#34; success: &lt;nil&gt;&#xA;not to have occurred&#xA;/root/go-project/src/k8s.io/kubernetes/_output/local/go/src/k8s.io/kubernetes/test/e2e/framework/util.go:2197</failure>
          <system-out>[BeforeEach] [k8s.io] ConfigMap&#xA;  /root/go-project/src/k8s.io/kubernetes/_output/local/go/src/k8s.io/kubernetes/test/e2e/framework/framework.go:119&#xA;�[1mSTEP�[0m: Creating a kubernetes client&#xA;�[1mSTEP�[0m: Building a namespace api object&#xA;Mar 21 08:22:59.591: INFO: Skipping waiting for service account&#xA;[It] should be consumable via environment variable [Conformance]&#xA;  /root/go-project/src/k8s.io/kubernetes/_output/local/go/src/k8s.io/kubernetes/test/e2e/common/configmap.go:382&#xA;�[1mSTEP�[0m: Creating configMap e2e-tests-configmap-6k8q6/configmap-test-9805f46c-0e0f-11e7-85d6-42010a8c0008&#xA;�[1mSTEP�[0m: Creating a pod to test consume configMaps&#xA;Mar 21 08:22:59.596: INFO: Waiting up to 5m0s for pod pod-configmaps-98063ced-0e0f-11e7-85d6-42010a8c0008 status to be success or failure&#xA;Mar 21 08:22:59.597: INFO: Waiting for pod pod-configmaps-98063ced-0e0f-11e7-85d6-42010a8c0008 in namespace &#39;e2e-tests-configmap-6k8q6&#39; status to be &#39;success or failure&#39;(found phase: &#34;Pending&#34;, readiness: false) (1.08594ms elapsed)&#xA;Mar 21 08:23:01.599: INFO: Waiting for pod pod-configmaps-98063ced-0e0f-11e7-85d6-42010a8c0008 in namespace &#39;e2e-tests-configmap-6k8q6&#39; status to be &#39;success or failure&#39;(found phase: &#34;Pending&#34;, readiness: false) (2.003558747s elapsed)&#xA;Mar 21 08:23:03.601: INFO: Waiting for pod pod-configmaps-98063ced-0e0f-11e7-85d6-42010a8c0008 in namespace &#39;e2e-tests-configmap-6k8q6&#39; status to be &#39;success or failure&#39;(found phase: &#34;Pending&#34;, readiness: false) (4.005597384s elapsed)&#xA;Mar 21 08:23:05.603: INFO: Waiting for pod pod-configmaps-98063ced-0e0f-11e7-85d6-42010a8c0008 in namespace &#39;e2e-tests-configmap-6k8q6&#39; status to be &#39;success or failure&#39;(found phase: &#34;Pending&#34;, readiness: false) (6.007299981s elapsed)&#xA;Mar 21 08:23:07.610: INFO: Output of node &#34;frakti-e2e&#34; pod &#34;pod-configmaps-98063ced-0e0f-11e7-85d6-42010a8c0008&#34; container &#34;env-test&#34;: exec failed: No such file or directory&#xA;&#xA;�[1mSTEP�[0m: delete the pod&#xA;Mar 21 08:23:07.616: INFO: Waiting for pod pod-configmaps-98063ced-0e0f-11e7-85d6-42010a8c0008 to disappear&#xA;Mar 21 08:23:07.616: INFO: Pod pod-configmaps-98063ced-0e0f-11e7-85d6-42010a8c0008 no longer exists&#xA;Mar 21 08:23:07.617: INFO: Unexpected error occurred: expected pod &#34;pod-configmaps-98063ced-0e0f-11e7-85d6-42010a8c0008&#34; success: &lt;nil&gt;&#xA;[AfterEach] [k8s.io] ConfigMap&#xA;  /root/go-project/src/k8s.io/kubernetes/_output/local/go/src/k8s.io/kubernetes/test/e2e/framework/framework.go:120&#xA;�[1mSTEP�[0m: Collecting events from namespace &#34;e2e-tests-configmap-6k8q6&#34;.&#xA;�[1mSTEP�[0m: Found 3 events.&#xA;Mar 21 08:23:07.618: INFO: At 2017-03-21 08:23:05 +0000 UTC - event for pod-configmaps-98063ced-0e0f-11e7-85d6-42010a8c0008: {kubelet frakti-e2e} Pulled: Container image &#34;gcr.io/google_containers/busybox:1.24&#34; already present on machine&#xA;Mar 21 08:23:07.618: INFO: At 2017-03-21 08:23:05 +0000 UTC - event for pod-configmaps-98063ced-0e0f-11e7-85d6-42010a8c0008: {kubelet frakti-e2e} Created: Created container with id d887532329c53d1701c2840a2e457b697fddd502cc621a26e91a8b11d694ac40&#xA;Mar 21 08:23:07.618: INFO: At 2017-03-21 08:23:05 +0000 UTC - event for pod-configmaps-98063ced-0e0f-11e7-85d6-42010a8c0008: {kubelet frakti-e2e} Started: Started container with id d887532329c53d1701c2840a2e457b697fddd502cc621a26e91a8b11d694ac40&#xA;Mar 21 08:23:07.621: INFO: POD                                                   NODE        PHASE    GRACE  CONDITIONS&#xA;Mar 21 08:23:07.621: INFO: annotationupdate94c10d06-0e0f-11e7-8984-42010a8c0008  frakti-e2e  Running         [{Initialized True 0001-01-01 00:00:00 +0000 UTC 2017-03-21 08:22:54 +0000 UTC  } {Ready True 0001-01-01 00:00:00 +0000 UTC 2017-03-21 08:23:00 +0000 UTC  } {PodScheduled True 0001-01-01 00:00:00 +0000 UTC 2017-03-21 08:23:00 +0000 UTC  }]&#xA;Mar 21 08:23:07.621: INFO: &#xA;Mar 21 08:23:07.622: INFO: &#xA;Logging node info for node frakti-e2e&#xA;Mar 21 08:23:07.624: INFO: Node Info: &amp;Node{ObjectMeta:k8s_io_apimachinery_pkg_apis_meta_v1.ObjectMeta{Name:frakti-e2e,GenerateName:,Namespace:,SelfLink:/api/v1/nodesfrakti-e2e,UID:e55acc6b-0e0d-11e7-a9e6-42010a8c0008,ResourceVersion:1335,Generation:0,CreationTimestamp:2017-03-21 08:10:50 +0000 UTC,DeletionTimestamp:&lt;nil&gt;,DeletionGracePeriodSeconds:nil,Labels:map[string]string{beta.kubernetes.io/arch: amd64,beta.kubernetes.io/os: linux,kubernetes.io/hostname: frakti-e2e,},Annotations:map[string]string{volumes.kubernetes.io/controller-managed-attach-detach: true,},OwnerReferences:[],Finalizers:[],ClusterName:,},Spec:NodeSpec{PodCIDR:,ExternalID:frakti-e2e,ProviderID:gce:////5985600149768706345,Unschedulable:false,Taints:[],},Status:NodeStatus{Capacity:ResourceList{cpu: {{4 0} {&lt;nil&gt;} 4 DecimalSI},memory: {{15770382336 0} {&lt;nil&gt;} 15400764Ki BinarySI},pods: {{110 0} {&lt;nil&gt;} 110 DecimalSI},},Allocatable:ResourceList{cpu: {{4 0} {&lt;nil&gt;} 4 DecimalSI},memory: {{15508238336 0} {&lt;nil&gt;} 15144764Ki BinarySI},pods: {{110 0} {&lt;nil&gt;} 110 DecimalSI},},Phase:,Conditions:[{OutOfDisk False 2017-03-21 08:23:03 +0000 UTC 2017-03-21 08:10:50 +0000 UTC KubeletHasSufficientDisk kubelet has sufficient disk space available} {MemoryPressure False 2017-03-21 08:23:03 +0000 UTC 2017-03-21 08:10:50 +0000 UTC KubeletHasSufficientMemory kubelet has sufficient memory available} {DiskPressure False 2017-03-21 08:23:03 +0000 UTC 2017-03-21 08:10:50 +0000 UTC KubeletHasNoDiskPressure kubelet has no disk pressure} {Ready True 2017-03-21 08:23:03 +0000 UTC 2017-03-21 08:10:50 +0000 UTC KubeletReady kubelet is posting ready status}],Addresses:[{LegacyHostIP 10.140.0.8} {InternalIP 10.140.0.8} {Hostname frakti-e2e}],DaemonEndpoints:NodeDaemonEndpoints{KubeletEndpoint:DaemonEndpoint{Port:10250,},},NodeInfo:NodeSystemInfo{MachineID:24ff1754f521f8ffc0b9d886cd5831f7,SystemUUID:66DF790D-8659-19AF-C8E8-AAAC6BAFD264,BootID:6dd25fc1-ba14-4123-b425-12a6ca632681,KernelVersion:3.10.0-514.6.2.el7.x86_64,OSImage:CentOS Linux 7 (Core),ContainerRuntimeVersion:hyper://0.8.0,KubeletVersion:v1.7.0-alpha.0.1397+e3f6f14bf0d1af,KubeProxyVersion:v1.7.0-alpha.0.1397+e3f6f14bf0d1af,OperatingSystem:linux,Architecture:amd64,},Images:[{[gcr.io/google_containers/node-problem-detector:v0.3.0] 290407887} {[gcr.io/google_containers/volume-nfs:0.8] 247146979} {[gcr.io/google_containers/volume-gluster:0.2] 212127750} {[gcr.io/google_containers/nginx-slim:0.7] 86838142} {[] 47794349} {[gcr.io/google_containers/hostexec:1.2] 13185747} {[gcr.io/google_containers/netexec:1.7] 8016035} {[gcr.io/google_containers/netexec:1.5] 7358440} {[gcr.io/google_containers/netexec:1.4] 7293444} {[gcr.io/google_containers/alpine-with-bash:1.0] 6660469} {[gcr.io/google_containers/serve_hostname:v1.4] 6222101} {[gcr.io/google-containers/stress:v1] 5494760} {[] 5042632} {[gcr.io/authenticated-image-pulling/alpine:3.1] 5038488} {[gcr.io/google_containers/test-webserver:e2e] 4534272} {[gcr.io/google_containers/liveness:e2e] 4387474} {[gcr.io/google_containers/eptest:0.1] 2970692} {[gcr.io/google_containers/mounttest-user:0.5] 1450761} {[gcr.io/google_containers/mounttest:0.8] 1450761} {[gcr.io/google_containers/busybox@sha256:4bdd623e848417d96127e16037743f0cd8b528c026e9175e22a84f639eca58ff gcr.io/google_containers/busybox:1.24] 1113554} {[gcr.io/google_containers/pause-amd64:3.0] 746888}],VolumesInUse:[],VolumesAttached:[],},}&#xA;Mar 21 08:23:07.624: INFO: &#xA;Logging kubelet events for node frakti-e2e&#xA;Mar 21 08:23:07.625: INFO: &#xA;Logging pods the kubelet thinks is on node frakti-e2e&#xA;Mar 21 08:23:07.627: INFO: annotationupdate94c10d06-0e0f-11e7-8984-42010a8c0008 started at 2017-03-21 08:22:54 +0000 UTC (0+1 container statuses recorded)&#xA;Mar 21 08:23:07.627: INFO: &#x9;Container client-container ready: true, restart count 0&#xA;Mar 21 08:23:07.693: INFO: &#xA;Latency metrics for node frakti-e2e&#xA;Mar 21 08:23:07.693: INFO: {Operation:sync Method:pod_worker_latency_microseconds Quantile:0.99 Latency:2m5.199169s}&#xA;Mar 21 08:23:07.693: INFO: {Operation:sync Method:pod_worker_latency_microseconds Quantile:0.9 Latency:2m5.080686s}&#xA;Mar 21 08:23:07.693: INFO: {Operation:sync Method:pod_worker_latency_microseconds Quantile:0.5 Latency:2m1.040762s}&#xA;Mar 21 08:23:07.693: INFO: {Operation: Method:pod_start_latency_microseconds Quantile:0.99 Latency:32.595962s}&#xA;�[1mSTEP�[0m: Dumping a list of prepulled images on each node&#xA;Mar 21 08:23:07.694: INFO: Waiting up to 3m0s for all (but 0) nodes to be ready&#xA;�[1mSTEP�[0m: Destroying namespace &#34;e2e-tests-configmap-6k8q6&#34; for this suite.&#xA;Mar 21 08:23:17.712: INFO: namespace: e2e-tests-configmap-6k8q6, resource: bindings, ignored listing per whitelist&#xA;</system-out>
      </testcase>
      <testcase name="[k8s.io] Kubelet Cgroup Manager Pod containers On scheduling a Burstable Pod Pod containers should have been created under the Burstable cgroup" classname="E2eNode Suite" time="0">
          <skipped></skipped>
      </testcase>
      <testcase name="[k8s.io] Secrets optional updates should be reflected in volume [Conformance] [Volume]" classname="E2eNode Suite" time="110.304287479"></testcase>
      <testcase name="[k8s.io] Secrets should be able to mount in a volume regardless of a different secret existing with same name in different namespace [Volume]" classname="E2eNode Suite" time="0">
          <skipped></skipped>
      </testcase>
      <testcase name="[k8s.io] ConfigMap should be consumable from pods in volume with mappings [Conformance] [Volume]" classname="E2eNode Suite" time="18.062262905"></testcase>
      <testcase name="[k8s.io] EmptyDir volumes should support (root,0666,tmpfs) [Conformance] [Volume]" classname="E2eNode Suite" time="18.0622478"></testcase>
      <testcase name="[k8s.io] Kubelet when scheduling a read only busybox container it should not write to root filesystem [Conformance]" classname="E2eNode Suite" time="101.111606782">
          <failure type="Failure">/root/go-project/src/k8s.io/kubernetes/_output/local/go/src/k8s.io/kubernetes/test/e2e_node/kubelet_test.go:152&#xA;Timed out after 60.000s.&#xA;Expected&#xA;    &lt;string&gt;: &#xA;to equal&#xA;    &lt;string&gt;: /bin/sh: can&#39;t create /file: Read-only file system&#xA;    &#xA;/root/go-project/src/k8s.io/kubernetes/_output/local/go/src/k8s.io/kubernetes/test/e2e_node/kubelet_test.go:151</failure>
          <system-out>[BeforeEach] [k8s.io] Kubelet&#xA;  /root/go-project/src/k8s.io/kubernetes/_output/local/go/src/k8s.io/kubernetes/test/e2e/framework/framework.go:119&#xA;�[1mSTEP�[0m: Creating a kubernetes client&#xA;�[1mSTEP�[0m: Building a namespace api object&#xA;Mar 21 08:25:44.171: INFO: Skipping waiting for service account&#xA;[BeforeEach] [k8s.io] Kubelet&#xA;  /root/go-project/src/k8s.io/kubernetes/_output/local/go/src/k8s.io/kubernetes/test/e2e_node/kubelet_test.go:38&#xA;[It] it should not write to root filesystem [Conformance]&#xA;  /root/go-project/src/k8s.io/kubernetes/_output/local/go/src/k8s.io/kubernetes/test/e2e_node/kubelet_test.go:152&#xA;[AfterEach] [k8s.io] Kubelet&#xA;  /root/go-project/src/k8s.io/kubernetes/_output/local/go/src/k8s.io/kubernetes/test/e2e/framework/framework.go:120&#xA;�[1mSTEP�[0m: Collecting events from namespace &#34;e2e-tests-kubelet-test-bqcsh&#34;.&#xA;�[1mSTEP�[0m: Found 3 events.&#xA;Mar 21 08:26:50.179: INFO: At 2017-03-21 08:25:49 +0000 UTC - event for busybox-readonly-fsd29301de-0e0d-11e7-85d6-42010a8c0008: {kubelet frakti-e2e} Pulled: Container image &#34;gcr.io/google_containers/busybox:1.24&#34; already present on machine&#xA;Mar 21 08:26:50.179: INFO: At 2017-03-21 08:25:49 +0000 UTC - event for busybox-readonly-fsd29301de-0e0d-11e7-85d6-42010a8c0008: {kubelet frakti-e2e} Created: Created container with id 5734e91c5feb8446fec7d97eab20bf63a58ef6c96c6c0148e7a33dc42848a20b&#xA;Mar 21 08:26:50.179: INFO: At 2017-03-21 08:25:49 +0000 UTC - event for busybox-readonly-fsd29301de-0e0d-11e7-85d6-42010a8c0008: {kubelet frakti-e2e} Started: Started container with id 5734e91c5feb8446fec7d97eab20bf63a58ef6c96c6c0148e7a33dc42848a20b&#xA;Mar 21 08:26:50.183: INFO: POD                                                      NODE        PHASE    GRACE  CONDITIONS&#xA;Mar 21 08:26:50.183: INFO: busybox-readonly-fsd29301de-0e0d-11e7-85d6-42010a8c0008  frakti-e2e  Running         [{Initialized True 0001-01-01 00:00:00 +0000 UTC 2017-03-21 08:25:44 +0000 UTC  } {Ready True 0001-01-01 00:00:00 +0000 UTC 2017-03-21 08:25:50 +0000 UTC  } {PodScheduled True 0001-01-01 00:00:00 +0000 UTC 2017-03-21 08:25:50 +0000 UTC  }]&#xA;Mar 21 08:26:50.183: INFO: busybox-scheduling-d293c673-0e0d-11e7-8984-42010a8c0008  frakti-e2e  Failed          [{Initialized True 0001-01-01 00:00:00 +0000 UTC 2017-03-21 08:26:41 +0000 UTC  } {Ready False 0001-01-01 00:00:00 +0000 UTC 2017-03-21 08:26:41 +0000 UTC ContainersNotReady containers with unready status: [busybox-scheduling-d293c673-0e0d-11e7-8984-42010a8c0008]} {PodScheduled True 0001-01-01 00:00:00 +0000 UTC 2017-03-21 08:26:47 +0000 UTC  }]&#xA;Mar 21 08:26:50.183: INFO: &#xA;Mar 21 08:26:50.184: INFO: &#xA;Logging node info for node frakti-e2e&#xA;Mar 21 08:26:50.186: INFO: Node Info: &amp;Node{ObjectMeta:k8s_io_apimachinery_pkg_apis_meta_v1.ObjectMeta{Name:frakti-e2e,GenerateName:,Namespace:,SelfLink:/api/v1/nodesfrakti-e2e,UID:e55acc6b-0e0d-11e7-a9e6-42010a8c0008,ResourceVersion:1581,Generation:0,CreationTimestamp:2017-03-21 08:10:50 +0000 UTC,DeletionTimestamp:&lt;nil&gt;,DeletionGracePeriodSeconds:nil,Labels:map[string]string{beta.kubernetes.io/arch: amd64,beta.kubernetes.io/os: linux,kubernetes.io/hostname: frakti-e2e,},Annotations:map[string]string{volumes.kubernetes.io/controller-managed-attach-detach: true,},OwnerReferences:[],Finalizers:[],ClusterName:,},Spec:NodeSpec{PodCIDR:,ExternalID:frakti-e2e,ProviderID:gce:////5985600149768706345,Unschedulable:false,Taints:[],},Status:NodeStatus{Capacity:ResourceList{cpu: {{4 0} {&lt;nil&gt;} 4 DecimalSI},memory: {{15770382336 0} {&lt;nil&gt;} 15400764Ki BinarySI},pods: {{110 0} {&lt;nil&gt;} 110 DecimalSI},},Allocatable:ResourceList{cpu: {{4 0} {&lt;nil&gt;} 4 DecimalSI},memory: {{15508238336 0} {&lt;nil&gt;} 15144764Ki BinarySI},pods: {{110 0} {&lt;nil&gt;} 110 DecimalSI},},Phase:,Conditions:[{OutOfDisk False 2017-03-21 08:26:44 +0000 UTC 2017-03-21 08:10:50 +0000 UTC KubeletHasSufficientDisk kubelet has sufficient disk space available} {MemoryPressure False 2017-03-21 08:26:44 +0000 UTC 2017-03-21 08:10:50 +0000 UTC KubeletHasSufficientMemory kubelet has sufficient memory available} {DiskPressure False 2017-03-21 08:26:44 +0000 UTC 2017-03-21 08:10:50 +0000 UTC KubeletHasNoDiskPressure kubelet has no disk pressure} {Ready True 2017-03-21 08:26:44 +0000 UTC 2017-03-21 08:10:50 +0000 UTC KubeletReady kubelet is posting ready status}],Addresses:[{LegacyHostIP 10.140.0.8} {InternalIP 10.140.0.8} {Hostname frakti-e2e}],DaemonEndpoints:NodeDaemonEndpoints{KubeletEndpoint:DaemonEndpoint{Port:10250,},},NodeInfo:NodeSystemInfo{MachineID:24ff1754f521f8ffc0b9d886cd5831f7,SystemUUID:66DF790D-8659-19AF-C8E8-AAAC6BAFD264,BootID:6dd25fc1-ba14-4123-b425-12a6ca632681,KernelVersion:3.10.0-514.6.2.el7.x86_64,OSImage:CentOS Linux 7 (Core),ContainerRuntimeVersion:hyper://0.8.0,KubeletVersion:v1.7.0-alpha.0.1397+e3f6f14bf0d1af,KubeProxyVersion:v1.7.0-alpha.0.1397+e3f6f14bf0d1af,OperatingSystem:linux,Architecture:amd64,},Images:[{[gcr.io/google_containers/node-problem-detector:v0.3.0] 290407887} {[gcr.io/google_containers/volume-nfs:0.8] 247146979} {[gcr.io/google_containers/volume-gluster:0.2] 212127750} {[gcr.io/google_containers/nginx-slim:0.7] 86838142} {[] 47794349} {[gcr.io/google_containers/hostexec:1.2] 13185747} {[gcr.io/google_containers/netexec:1.7] 8016035} {[gcr.io/google_containers/netexec:1.5] 7358440} {[gcr.io/google_containers/netexec:1.4] 7293444} {[gcr.io/google_containers/alpine-with-bash:1.0] 6660469} {[gcr.io/google_containers/serve_hostname:v1.4] 6222101} {[gcr.io/google-containers/stress:v1] 5494760} {[] 5042632} {[gcr.io/authenticated-image-pulling/alpine:3.1] 5038488} {[gcr.io/google_containers/test-webserver:e2e] 4534272} {[gcr.io/google_containers/liveness:e2e] 4387474} {[gcr.io/google_containers/eptest:0.1] 2970692} {[gcr.io/google_containers/mounttest-user:0.5] 1450761} {[gcr.io/google_containers/mounttest:0.8] 1450761} {[gcr.io/google_containers/busybox@sha256:4bdd623e848417d96127e16037743f0cd8b528c026e9175e22a84f639eca58ff gcr.io/google_containers/busybox:1.24] 1113554} {[gcr.io/google_containers/pause-amd64:3.0] 746888}],VolumesInUse:[],VolumesAttached:[],},}&#xA;Mar 21 08:26:50.186: INFO: &#xA;Logging kubelet events for node frakti-e2e&#xA;Mar 21 08:26:50.187: INFO: &#xA;Logging pods the kubelet thinks is on node frakti-e2e&#xA;Mar 21 08:26:50.190: INFO: busybox-readonly-fsd29301de-0e0d-11e7-85d6-42010a8c0008 started at 2017-03-21 08:25:44 +0000 UTC (0+1 container statuses recorded)&#xA;Mar 21 08:26:50.190: INFO: &#x9;Container busybox-readonly-fsd29301de-0e0d-11e7-85d6-42010a8c0008 ready: true, restart count 0&#xA;Mar 21 08:26:50.190: INFO: busybox-scheduling-d293c673-0e0d-11e7-8984-42010a8c0008 started at 2017-03-21 08:26:41 +0000 UTC (0+1 container statuses recorded)&#xA;Mar 21 08:26:50.190: INFO: &#x9;Container busybox-scheduling-d293c673-0e0d-11e7-8984-42010a8c0008 ready: false, restart count 0&#xA;Mar 21 08:26:50.241: INFO: &#xA;Latency metrics for node frakti-e2e&#xA;Mar 21 08:26:50.241: INFO: {Operation:sync Method:pod_worker_latency_microseconds Quantile:0.99 Latency:2m5.223226s}&#xA;Mar 21 08:26:50.241: INFO: {Operation:sync Method:pod_worker_latency_microseconds Quantile:0.9 Latency:2m5.221579s}&#xA;Mar 21 08:26:50.241: INFO: {Operation:sync Method:pod_worker_latency_microseconds Quantile:0.5 Latency:2m1.057175s}&#xA;�[1mSTEP�[0m: Dumping a list of prepulled images on each node&#xA;Mar 21 08:26:50.242: INFO: Waiting up to 3m0s for all (but 0) nodes to be ready&#xA;�[1mSTEP�[0m: Destroying namespace &#34;e2e-tests-kubelet-test-bqcsh&#34; for this suite.&#xA;Mar 21 08:27:25.272: INFO: namespace: e2e-tests-kubelet-test-bqcsh, resource: bindings, ignored listing per whitelist&#xA;</system-out>
      </testcase>
      <testcase name="[k8s.io] EmptyDir volumes should support (root,0666,default) [Conformance] [Volume]" classname="E2eNode Suite" time="18.079390711"></testcase>
      <testcase name="[k8s.io] Density [Serial] [Slow] create a sequence of pods latency/resource should be within limit when create 50 pods with 50 background pods [Benchmark]" classname="E2eNode Suite" time="0">
          <skipped></skipped>
      </testcase>
      <testcase name="[k8s.io] Docker Containers should use the image defaults if command and args are blank [Conformance]" classname="E2eNode Suite" time="16.066024324"></testcase>
      <testcase name="[k8s.io] SimpleMount should be able to mount an emptydir on a container" classname="E2eNode Suite" time="0">
          <skipped></skipped>
      </testcase>
      <testcase name="[k8s.io] Secrets should be consumable from pods in env vars [Conformance]" classname="E2eNode Suite" time="16.159032348">
          <failure type="Failure">/root/go-project/src/k8s.io/kubernetes/_output/local/go/src/k8s.io/kubernetes/test/e2e/common/secrets.go:385&#xA;Expected error:&#xA;    &lt;*errors.errorString | 0xc421040890&gt;: {&#xA;        s: &#34;expected pod \&#34;pod-secrets-4abef613-0e10-11e7-85d6-42010a8c0008\&#34; success: &lt;nil&gt;&#34;,&#xA;    }&#xA;    expected pod &#34;pod-secrets-4abef613-0e10-11e7-85d6-42010a8c0008&#34; success: &lt;nil&gt;&#xA;not to have occurred&#xA;/root/go-project/src/k8s.io/kubernetes/_output/local/go/src/k8s.io/kubernetes/test/e2e/framework/util.go:2197</failure>
          <system-out>[BeforeEach] [k8s.io] Secrets&#xA;  /root/go-project/src/k8s.io/kubernetes/_output/local/go/src/k8s.io/kubernetes/test/e2e/framework/framework.go:119&#xA;�[1mSTEP�[0m: Creating a kubernetes client&#xA;�[1mSTEP�[0m: Building a namespace api object&#xA;Mar 21 08:27:59.436: INFO: Skipping waiting for service account&#xA;[It] should be consumable from pods in env vars [Conformance]&#xA;  /root/go-project/src/k8s.io/kubernetes/_output/local/go/src/k8s.io/kubernetes/test/e2e/common/secrets.go:385&#xA;�[1mSTEP�[0m: Creating secret with name secret-test-4abeb31a-0e10-11e7-85d6-42010a8c0008&#xA;�[1mSTEP�[0m: Creating a pod to test consume secrets&#xA;Mar 21 08:27:59.440: INFO: Waiting up to 5m0s for pod pod-secrets-4abef613-0e10-11e7-85d6-42010a8c0008 status to be success or failure&#xA;Mar 21 08:27:59.456: INFO: Waiting for pod pod-secrets-4abef613-0e10-11e7-85d6-42010a8c0008 in namespace &#39;e2e-tests-secrets-7j063&#39; status to be &#39;success or failure&#39;(found phase: &#34;Pending&#34;, readiness: false) (16.09348ms elapsed)&#xA;Mar 21 08:28:01.458: INFO: Waiting for pod pod-secrets-4abef613-0e10-11e7-85d6-42010a8c0008 in namespace &#39;e2e-tests-secrets-7j063&#39; status to be &#39;success or failure&#39;(found phase: &#34;Pending&#34;, readiness: false) (2.018337225s elapsed)&#xA;Mar 21 08:28:03.460: INFO: Waiting for pod pod-secrets-4abef613-0e10-11e7-85d6-42010a8c0008 in namespace &#39;e2e-tests-secrets-7j063&#39; status to be &#39;success or failure&#39;(found phase: &#34;Pending&#34;, readiness: false) (4.020412496s elapsed)&#xA;Mar 21 08:28:05.469: INFO: Output of node &#34;frakti-e2e&#34; pod &#34;pod-secrets-4abef613-0e10-11e7-85d6-42010a8c0008&#34; container &#34;secret-env-test&#34;: exec failed: No such file or directory&#xA;&#xA;�[1mSTEP�[0m: delete the pod&#xA;Mar 21 08:28:05.474: INFO: Waiting for pod pod-secrets-4abef613-0e10-11e7-85d6-42010a8c0008 to disappear&#xA;Mar 21 08:28:05.475: INFO: Pod pod-secrets-4abef613-0e10-11e7-85d6-42010a8c0008 no longer exists&#xA;Mar 21 08:28:05.475: INFO: Unexpected error occurred: expected pod &#34;pod-secrets-4abef613-0e10-11e7-85d6-42010a8c0008&#34; success: &lt;nil&gt;&#xA;[AfterEach] [k8s.io] Secrets&#xA;  /root/go-project/src/k8s.io/kubernetes/_output/local/go/src/k8s.io/kubernetes/test/e2e/framework/framework.go:120&#xA;�[1mSTEP�[0m: Collecting events from namespace &#34;e2e-tests-secrets-7j063&#34;.&#xA;�[1mSTEP�[0m: Found 3 events.&#xA;Mar 21 08:28:05.477: INFO: At 2017-03-21 08:28:04 +0000 UTC - event for pod-secrets-4abef613-0e10-11e7-85d6-42010a8c0008: {kubelet frakti-e2e} Pulled: Container image &#34;gcr.io/google_containers/busybox:1.24&#34; already present on machine&#xA;Mar 21 08:28:05.477: INFO: At 2017-03-21 08:28:04 +0000 UTC - event for pod-secrets-4abef613-0e10-11e7-85d6-42010a8c0008: {kubelet frakti-e2e} Created: Created container with id 2cb0a195e3a59210a5e779da47a5d455eae6a7121e42e62a2367b78d07f87a04&#xA;Mar 21 08:28:05.477: INFO: At 2017-03-21 08:28:05 +0000 UTC - event for pod-secrets-4abef613-0e10-11e7-85d6-42010a8c0008: {kubelet frakti-e2e} Started: Started container with id 2cb0a195e3a59210a5e779da47a5d455eae6a7121e42e62a2367b78d07f87a04&#xA;Mar 21 08:28:05.480: INFO: POD  NODE  PHASE  GRACE  CONDITIONS&#xA;Mar 21 08:28:05.480: INFO: &#xA;Mar 21 08:28:05.482: INFO: &#xA;Logging node info for node frakti-e2e&#xA;Mar 21 08:28:05.484: INFO: Node Info: &amp;Node{ObjectMeta:k8s_io_apimachinery_pkg_apis_meta_v1.ObjectMeta{Name:frakti-e2e,GenerateName:,Namespace:,SelfLink:/api/v1/nodesfrakti-e2e,UID:e55acc6b-0e0d-11e7-a9e6-42010a8c0008,ResourceVersion:1724,Generation:0,CreationTimestamp:2017-03-21 08:10:50 +0000 UTC,DeletionTimestamp:&lt;nil&gt;,DeletionGracePeriodSeconds:nil,Labels:map[string]string{beta.kubernetes.io/arch: amd64,beta.kubernetes.io/os: linux,kubernetes.io/hostname: frakti-e2e,},Annotations:map[string]string{volumes.kubernetes.io/controller-managed-attach-detach: true,},OwnerReferences:[],Finalizers:[],ClusterName:,},Spec:NodeSpec{PodCIDR:,ExternalID:frakti-e2e,ProviderID:gce:////5985600149768706345,Unschedulable:false,Taints:[],},Status:NodeStatus{Capacity:ResourceList{cpu: {{4 0} {&lt;nil&gt;} 4 DecimalSI},memory: {{15770382336 0} {&lt;nil&gt;} 15400764Ki BinarySI},pods: {{110 0} {&lt;nil&gt;} 110 DecimalSI},},Allocatable:ResourceList{cpu: {{4 0} {&lt;nil&gt;} 4 DecimalSI},memory: {{15508238336 0} {&lt;nil&gt;} 15144764Ki BinarySI},pods: {{110 0} {&lt;nil&gt;} 110 DecimalSI},},Phase:,Conditions:[{OutOfDisk False 2017-03-21 08:28:05 +0000 UTC 2017-03-21 08:10:50 +0000 UTC KubeletHasSufficientDisk kubelet has sufficient disk space available} {MemoryPressure False 2017-03-21 08:28:05 +0000 UTC 2017-03-21 08:10:50 +0000 UTC KubeletHasSufficientMemory kubelet has sufficient memory available} {DiskPressure False 2017-03-21 08:28:05 +0000 UTC 2017-03-21 08:10:50 +0000 UTC KubeletHasNoDiskPressure kubelet has no disk pressure} {Ready True 2017-03-21 08:28:05 +0000 UTC 2017-03-21 08:10:50 +0000 UTC KubeletReady kubelet is posting ready status}],Addresses:[{LegacyHostIP 10.140.0.8} {InternalIP 10.140.0.8} {Hostname frakti-e2e}],DaemonEndpoints:NodeDaemonEndpoints{KubeletEndpoint:DaemonEndpoint{Port:10250,},},NodeInfo:NodeSystemInfo{MachineID:24ff1754f521f8ffc0b9d886cd5831f7,SystemUUID:66DF790D-8659-19AF-C8E8-AAAC6BAFD264,BootID:6dd25fc1-ba14-4123-b425-12a6ca632681,KernelVersion:3.10.0-514.6.2.el7.x86_64,OSImage:CentOS Linux 7 (Core),ContainerRuntimeVersion:hyper://0.8.0,KubeletVersion:v1.7.0-alpha.0.1397+e3f6f14bf0d1af,KubeProxyVersion:v1.7.0-alpha.0.1397+e3f6f14bf0d1af,OperatingSystem:linux,Architecture:amd64,},Images:[{[gcr.io/google_containers/node-problem-detector:v0.3.0] 290407887} {[gcr.io/google_containers/volume-nfs:0.8] 247146979} {[gcr.io/google_containers/volume-gluster:0.2] 212127750} {[gcr.io/google_containers/nginx-slim:0.7] 86838142} {[] 47794349} {[gcr.io/google_containers/hostexec:1.2] 13185747} {[gcr.io/google_containers/netexec:1.7] 8016035} {[gcr.io/google_containers/netexec:1.5] 7358440} {[gcr.io/google_containers/netexec:1.4] 7293444} {[gcr.io/google_containers/alpine-with-bash:1.0] 6660469} {[gcr.io/google_containers/serve_hostname:v1.4] 6222101} {[gcr.io/google-containers/stress:v1] 5494760} {[] 5042632} {[gcr.io/authenticated-image-pulling/alpine:3.1] 5038488} {[gcr.io/google_containers/test-webserver:e2e] 4534272} {[gcr.io/google_containers/liveness:e2e] 4387474} {[gcr.io/google_containers/eptest:0.1] 2970692} {[gcr.io/google_containers/mounttest:0.8] 1450761} {[gcr.io/google_containers/mounttest-user:0.5] 1450761} {[gcr.io/google_containers/busybox@sha256:4bdd623e848417d96127e16037743f0cd8b528c026e9175e22a84f639eca58ff gcr.io/google_containers/busybox:1.24] 1113554} {[gcr.io/google_containers/pause-amd64:3.0] 746888}],VolumesInUse:[],VolumesAttached:[],},}&#xA;Mar 21 08:28:05.484: INFO: &#xA;Logging kubelet events for node frakti-e2e&#xA;Mar 21 08:28:05.485: INFO: &#xA;Logging pods the kubelet thinks is on node frakti-e2e&#xA;Mar 21 08:28:05.556: INFO: &#xA;Latency metrics for node frakti-e2e&#xA;Mar 21 08:28:05.556: INFO: {Operation:sync Method:pod_worker_latency_microseconds Quantile:0.99 Latency:2m5.221579s}&#xA;Mar 21 08:28:05.556: INFO: {Operation:sync Method:pod_worker_latency_microseconds Quantile:0.9 Latency:2m5.17361s}&#xA;Mar 21 08:28:05.556: INFO: {Operation:sync Method:pod_worker_latency_microseconds Quantile:0.5 Latency:2m1.073021s}&#xA;�[1mSTEP�[0m: Dumping a list of prepulled images on each node&#xA;Mar 21 08:28:05.557: INFO: Waiting up to 3m0s for all (but 0) nodes to be ready&#xA;�[1mSTEP�[0m: Destroying namespace &#34;e2e-tests-secrets-7j063&#34; for this suite.&#xA;Mar 21 08:28:15.580: INFO: namespace: e2e-tests-secrets-7j063, resource: bindings, ignored listing per whitelist&#xA;</system-out>
      </testcase>
      <testcase name="[k8s.io] EmptyDir volumes should support (non-root,0644,tmpfs) [Conformance] [Volume]" classname="E2eNode Suite" time="18.147612244">
          <failure type="Failure">/root/go-project/src/k8s.io/kubernetes/_output/local/go/src/k8s.io/kubernetes/test/e2e/common/empty_dir.go:81&#xA;Expected error:&#xA;    &lt;*errors.errorString | 0xc4213b7330&gt;: {&#xA;        s: &#34;expected pod \&#34;pod-54607c2c-0e10-11e7-85d6-42010a8c0008\&#34; success: &lt;nil&gt;&#34;,&#xA;    }&#xA;    expected pod &#34;pod-54607c2c-0e10-11e7-85d6-42010a8c0008&#34; success: &lt;nil&gt;&#xA;not to have occurred&#xA;/root/go-project/src/k8s.io/kubernetes/_output/local/go/src/k8s.io/kubernetes/test/e2e/framework/util.go:2197</failure>
          <system-out>[BeforeEach] [k8s.io] EmptyDir volumes&#xA;  /root/go-project/src/k8s.io/kubernetes/_output/local/go/src/k8s.io/kubernetes/test/e2e/framework/framework.go:119&#xA;�[1mSTEP�[0m: Creating a kubernetes client&#xA;�[1mSTEP�[0m: Building a namespace api object&#xA;Mar 21 08:28:15.596: INFO: Skipping waiting for service account&#xA;[It] should support (non-root,0644,tmpfs) [Conformance] [Volume]&#xA;  /root/go-project/src/k8s.io/kubernetes/_output/local/go/src/k8s.io/kubernetes/test/e2e/common/empty_dir.go:81&#xA;�[1mSTEP�[0m: Creating a pod to test emptydir 0644 on tmpfs&#xA;Mar 21 08:28:15.600: INFO: Waiting up to 5m0s for pod pod-54607c2c-0e10-11e7-85d6-42010a8c0008 status to be success or failure&#xA;Mar 21 08:28:15.601: INFO: Waiting for pod pod-54607c2c-0e10-11e7-85d6-42010a8c0008 in namespace &#39;e2e-tests-emptydir-ttktk&#39; status to be &#39;success or failure&#39;(found phase: &#34;Pending&#34;, readiness: false) (826.14µs elapsed)&#xA;Mar 21 08:28:17.602: INFO: Waiting for pod pod-54607c2c-0e10-11e7-85d6-42010a8c0008 in namespace &#39;e2e-tests-emptydir-ttktk&#39; status to be &#39;success or failure&#39;(found phase: &#34;Pending&#34;, readiness: false) (2.002330838s elapsed)&#xA;Mar 21 08:28:19.605: INFO: Waiting for pod pod-54607c2c-0e10-11e7-85d6-42010a8c0008 in namespace &#39;e2e-tests-emptydir-ttktk&#39; status to be &#39;success or failure&#39;(found phase: &#34;Pending&#34;, readiness: false) (4.004585384s elapsed)&#xA;Mar 21 08:28:21.607: INFO: Waiting for pod pod-54607c2c-0e10-11e7-85d6-42010a8c0008 in namespace &#39;e2e-tests-emptydir-ttktk&#39; status to be &#39;success or failure&#39;(found phase: &#34;Pending&#34;, readiness: false) (6.006827538s elapsed)&#xA;Mar 21 08:28:23.615: INFO: Output of node &#34;frakti-e2e&#34; pod &#34;pod-54607c2c-0e10-11e7-85d6-42010a8c0008&#34; container &#34;test-container&#34;: &#xA;�[1mSTEP�[0m: delete the pod&#xA;Mar 21 08:28:23.620: INFO: Waiting for pod pod-54607c2c-0e10-11e7-85d6-42010a8c0008 to disappear&#xA;Mar 21 08:28:23.621: INFO: Pod pod-54607c2c-0e10-11e7-85d6-42010a8c0008 no longer exists&#xA;Mar 21 08:28:23.621: INFO: Unexpected error occurred: expected pod &#34;pod-54607c2c-0e10-11e7-85d6-42010a8c0008&#34; success: &lt;nil&gt;&#xA;[AfterEach] [k8s.io] EmptyDir volumes&#xA;  /root/go-project/src/k8s.io/kubernetes/_output/local/go/src/k8s.io/kubernetes/test/e2e/framework/framework.go:120&#xA;�[1mSTEP�[0m: Collecting events from namespace &#34;e2e-tests-emptydir-ttktk&#34;.&#xA;�[1mSTEP�[0m: Found 3 events.&#xA;Mar 21 08:28:23.624: INFO: At 2017-03-21 08:28:21 +0000 UTC - event for pod-54607c2c-0e10-11e7-85d6-42010a8c0008: {kubelet frakti-e2e} Pulled: Container image &#34;gcr.io/google_containers/mounttest-user:0.5&#34; already present on machine&#xA;Mar 21 08:28:23.624: INFO: At 2017-03-21 08:28:21 +0000 UTC - event for pod-54607c2c-0e10-11e7-85d6-42010a8c0008: {kubelet frakti-e2e} Created: Created container with id d73375633f9bce0fbe671e29ca053050fa3b0a2a7ac7134a98126fd30981ea5f&#xA;Mar 21 08:28:23.624: INFO: At 2017-03-21 08:28:21 +0000 UTC - event for pod-54607c2c-0e10-11e7-85d6-42010a8c0008: {kubelet frakti-e2e} Started: Started container with id d73375633f9bce0fbe671e29ca053050fa3b0a2a7ac7134a98126fd30981ea5f&#xA;Mar 21 08:28:23.627: INFO: POD                                                         NODE        PHASE    GRACE  CONDITIONS&#xA;Mar 21 08:28:23.627: INFO: static-pod-522d2d92-0e10-11e7-8984-42010a8c0008-frakti-e2e  frakti-e2e  Pending         []&#xA;Mar 21 08:28:23.627: INFO: &#xA;Mar 21 08:28:23.628: INFO: &#xA;Logging node info for node frakti-e2e&#xA;Mar 21 08:28:23.630: INFO: Node Info: &amp;Node{ObjectMeta:k8s_io_apimachinery_pkg_apis_meta_v1.ObjectMeta{Name:frakti-e2e,GenerateName:,Namespace:,SelfLink:/api/v1/nodesfrakti-e2e,UID:e55acc6b-0e0d-11e7-a9e6-42010a8c0008,ResourceVersion:1748,Generation:0,CreationTimestamp:2017-03-21 08:10:50 +0000 UTC,DeletionTimestamp:&lt;nil&gt;,DeletionGracePeriodSeconds:nil,Labels:map[string]string{beta.kubernetes.io/arch: amd64,beta.kubernetes.io/os: linux,kubernetes.io/hostname: frakti-e2e,},Annotations:map[string]string{volumes.kubernetes.io/controller-managed-attach-detach: true,},OwnerReferences:[],Finalizers:[],ClusterName:,},Spec:NodeSpec{PodCIDR:,ExternalID:frakti-e2e,ProviderID:gce:////5985600149768706345,Unschedulable:false,Taints:[],},Status:NodeStatus{Capacity:ResourceList{cpu: {{4 0} {&lt;nil&gt;} 4 DecimalSI},memory: {{15770382336 0} {&lt;nil&gt;} 15400764Ki BinarySI},pods: {{110 0} {&lt;nil&gt;} 110 DecimalSI},},Allocatable:ResourceList{cpu: {{4 0} {&lt;nil&gt;} 4 DecimalSI},memory: {{15508238336 0} {&lt;nil&gt;} 15144764Ki BinarySI},pods: {{110 0} {&lt;nil&gt;} 110 DecimalSI},},Phase:,Conditions:[{OutOfDisk False 2017-03-21 08:28:15 +0000 UTC 2017-03-21 08:10:50 +0000 UTC KubeletHasSufficientDisk kubelet has sufficient disk space available} {MemoryPressure False 2017-03-21 08:28:15 +0000 UTC 2017-03-21 08:10:50 +0000 UTC KubeletHasSufficientMemory kubelet has sufficient memory available} {DiskPressure False 2017-03-21 08:28:15 +0000 UTC 2017-03-21 08:10:50 +0000 UTC KubeletHasNoDiskPressure kubelet has no disk pressure} {Ready True 2017-03-21 08:28:15 +0000 UTC 2017-03-21 08:10:50 +0000 UTC KubeletReady kubelet is posting ready status}],Addresses:[{LegacyHostIP 10.140.0.8} {InternalIP 10.140.0.8} {Hostname frakti-e2e}],DaemonEndpoints:NodeDaemonEndpoints{KubeletEndpoint:DaemonEndpoint{Port:10250,},},NodeInfo:NodeSystemInfo{MachineID:24ff1754f521f8ffc0b9d886cd5831f7,SystemUUID:66DF790D-8659-19AF-C8E8-AAAC6BAFD264,BootID:6dd25fc1-ba14-4123-b425-12a6ca632681,KernelVersion:3.10.0-514.6.2.el7.x86_64,OSImage:CentOS Linux 7 (Core),ContainerRuntimeVersion:hyper://0.8.0,KubeletVersion:v1.7.0-alpha.0.1397+e3f6f14bf0d1af,KubeProxyVersion:v1.7.0-alpha.0.1397+e3f6f14bf0d1af,OperatingSystem:linux,Architecture:amd64,},Images:[{[gcr.io/google_containers/node-problem-detector:v0.3.0] 290407887} {[gcr.io/google_containers/volume-nfs:0.8] 247146979} {[gcr.io/google_containers/volume-gluster:0.2] 212127750} {[gcr.io/google_containers/nginx-slim:0.7] 86838142} {[] 47794349} {[gcr.io/google_containers/hostexec:1.2] 13185747} {[gcr.io/google_containers/netexec:1.7] 8016035} {[gcr.io/google_containers/netexec:1.5] 7358440} {[gcr.io/google_containers/netexec:1.4] 7293444} {[gcr.io/google_containers/alpine-with-bash:1.0] 6660469} {[gcr.io/google_containers/serve_hostname:v1.4] 6222101} {[gcr.io/google-containers/stress:v1] 5494760} {[] 5042632} {[gcr.io/authenticated-image-pulling/alpine:3.1] 5038488} {[gcr.io/google_containers/test-webserver:e2e] 4534272} {[gcr.io/google_containers/liveness:e2e] 4387474} {[gcr.io/google_containers/eptest:0.1] 2970692} {[gcr.io/google_containers/mounttest:0.8] 1450761} {[gcr.io/google_containers/mounttest-user:0.5] 1450761} {[gcr.io/google_containers/busybox@sha256:4bdd623e848417d96127e16037743f0cd8b528c026e9175e22a84f639eca58ff gcr.io/google_containers/busybox:1.24] 1113554} {[gcr.io/google_containers/pause-amd64:3.0] 746888}],VolumesInUse:[],VolumesAttached:[],},}&#xA;Mar 21 08:28:23.630: INFO: &#xA;Logging kubelet events for node frakti-e2e&#xA;Mar 21 08:28:23.631: INFO: &#xA;Logging pods the kubelet thinks is on node frakti-e2e&#xA;Mar 21 08:28:23.633: INFO: static-pod-522d2d92-0e10-11e7-8984-42010a8c0008-frakti-e2e started at &lt;nil&gt; (0+0 container statuses recorded)&#xA;Mar 21 08:28:23.704: INFO: &#xA;Latency metrics for node frakti-e2e&#xA;Mar 21 08:28:23.704: INFO: {Operation:sync Method:pod_worker_latency_microseconds Quantile:0.99 Latency:2m5.221579s}&#xA;Mar 21 08:28:23.704: INFO: {Operation:sync Method:pod_worker_latency_microseconds Quantile:0.9 Latency:2m5.17361s}&#xA;Mar 21 08:28:23.704: INFO: {Operation:sync Method:pod_worker_latency_microseconds Quantile:0.5 Latency:2m1.073021s}&#xA;�[1mSTEP�[0m: Dumping a list of prepulled images on each node&#xA;Mar 21 08:28:23.705: INFO: Waiting up to 3m0s for all (but 0) nodes to be ready&#xA;�[1mSTEP�[0m: Destroying namespace &#34;e2e-tests-emptydir-ttktk&#34; for this suite.&#xA;Mar 21 08:28:33.732: INFO: namespace: e2e-tests-emptydir-ttktk, resource: bindings, ignored listing per whitelist&#xA;</system-out>
      </testcase>
      <testcase name="[k8s.io] EmptyDir volumes should support (non-root,0777,tmpfs) [Conformance] [Volume]" classname="E2eNode Suite" time="18.131201077">
          <failure type="Failure">/root/go-project/src/k8s.io/kubernetes/_output/local/go/src/k8s.io/kubernetes/test/e2e/common/empty_dir.go:89&#xA;Expected error:&#xA;    &lt;*errors.errorString | 0xc4202d9090&gt;: {&#xA;        s: &#34;expected pod \&#34;pod-5f31f1f7-0e10-11e7-85d6-42010a8c0008\&#34; success: &lt;nil&gt;&#34;,&#xA;    }&#xA;    expected pod &#34;pod-5f31f1f7-0e10-11e7-85d6-42010a8c0008&#34; success: &lt;nil&gt;&#xA;not to have occurred&#xA;/root/go-project/src/k8s.io/kubernetes/_output/local/go/src/k8s.io/kubernetes/test/e2e/framework/util.go:2197</failure>
          <system-out>[BeforeEach] [k8s.io] EmptyDir volumes&#xA;  /root/go-project/src/k8s.io/kubernetes/_output/local/go/src/k8s.io/kubernetes/test/e2e/framework/framework.go:119&#xA;�[1mSTEP�[0m: Creating a kubernetes client&#xA;�[1mSTEP�[0m: Building a namespace api object&#xA;Mar 21 08:28:33.746: INFO: Skipping waiting for service account&#xA;[It] should support (non-root,0777,tmpfs) [Conformance] [Volume]&#xA;  /root/go-project/src/k8s.io/kubernetes/_output/local/go/src/k8s.io/kubernetes/test/e2e/common/empty_dir.go:89&#xA;�[1mSTEP�[0m: Creating a pod to test emptydir 0777 on tmpfs&#xA;Mar 21 08:28:33.747: INFO: Waiting up to 5m0s for pod pod-5f31f1f7-0e10-11e7-85d6-42010a8c0008 status to be success or failure&#xA;Mar 21 08:28:33.749: INFO: Waiting for pod pod-5f31f1f7-0e10-11e7-85d6-42010a8c0008 in namespace &#39;e2e-tests-emptydir-7c5t7&#39; status to be &#39;success or failure&#39;(found phase: &#34;Pending&#34;, readiness: false) (1.456401ms elapsed)&#xA;Mar 21 08:28:35.751: INFO: Waiting for pod pod-5f31f1f7-0e10-11e7-85d6-42010a8c0008 in namespace &#39;e2e-tests-emptydir-7c5t7&#39; status to be &#39;success or failure&#39;(found phase: &#34;Pending&#34;, readiness: false) (2.003267198s elapsed)&#xA;Mar 21 08:28:37.753: INFO: Waiting for pod pod-5f31f1f7-0e10-11e7-85d6-42010a8c0008 in namespace &#39;e2e-tests-emptydir-7c5t7&#39; status to be &#39;success or failure&#39;(found phase: &#34;Pending&#34;, readiness: false) (4.005527319s elapsed)&#xA;Mar 21 08:28:39.755: INFO: Waiting for pod pod-5f31f1f7-0e10-11e7-85d6-42010a8c0008 in namespace &#39;e2e-tests-emptydir-7c5t7&#39; status to be &#39;success or failure&#39;(found phase: &#34;Pending&#34;, readiness: false) (6.007487955s elapsed)&#xA;Mar 21 08:28:41.762: INFO: Output of node &#34;frakti-e2e&#34; pod &#34;pod-5f31f1f7-0e10-11e7-85d6-42010a8c0008&#34; container &#34;test-container&#34;: &#xA;�[1mSTEP�[0m: delete the pod&#xA;Mar 21 08:28:41.767: INFO: Waiting for pod pod-5f31f1f7-0e10-11e7-85d6-42010a8c0008 to disappear&#xA;Mar 21 08:28:41.767: INFO: Pod pod-5f31f1f7-0e10-11e7-85d6-42010a8c0008 no longer exists&#xA;Mar 21 08:28:41.767: INFO: Unexpected error occurred: expected pod &#34;pod-5f31f1f7-0e10-11e7-85d6-42010a8c0008&#34; success: &lt;nil&gt;&#xA;[AfterEach] [k8s.io] EmptyDir volumes&#xA;  /root/go-project/src/k8s.io/kubernetes/_output/local/go/src/k8s.io/kubernetes/test/e2e/framework/framework.go:120&#xA;�[1mSTEP�[0m: Collecting events from namespace &#34;e2e-tests-emptydir-7c5t7&#34;.&#xA;�[1mSTEP�[0m: Found 3 events.&#xA;Mar 21 08:28:41.769: INFO: At 2017-03-21 08:28:39 +0000 UTC - event for pod-5f31f1f7-0e10-11e7-85d6-42010a8c0008: {kubelet frakti-e2e} Pulled: Container image &#34;gcr.io/google_containers/mounttest-user:0.5&#34; already present on machine&#xA;Mar 21 08:28:41.769: INFO: At 2017-03-21 08:28:39 +0000 UTC - event for pod-5f31f1f7-0e10-11e7-85d6-42010a8c0008: {kubelet frakti-e2e} Created: Created container with id d2ffd96f867b7f1642a21daf8bf7260703dad400ee62a2557c92861123d7ed48&#xA;Mar 21 08:28:41.769: INFO: At 2017-03-21 08:28:39 +0000 UTC - event for pod-5f31f1f7-0e10-11e7-85d6-42010a8c0008: {kubelet frakti-e2e} Started: Started container with id d2ffd96f867b7f1642a21daf8bf7260703dad400ee62a2557c92861123d7ed48&#xA;Mar 21 08:28:41.771: INFO: POD  NODE  PHASE  GRACE  CONDITIONS&#xA;Mar 21 08:28:41.771: INFO: &#xA;Mar 21 08:28:41.772: INFO: &#xA;Logging node info for node frakti-e2e&#xA;Mar 21 08:28:41.774: INFO: Node Info: &amp;Node{ObjectMeta:k8s_io_apimachinery_pkg_apis_meta_v1.ObjectMeta{Name:frakti-e2e,GenerateName:,Namespace:,SelfLink:/api/v1/nodesfrakti-e2e,UID:e55acc6b-0e0d-11e7-a9e6-42010a8c0008,ResourceVersion:1795,Generation:0,CreationTimestamp:2017-03-21 08:10:50 +0000 UTC,DeletionTimestamp:&lt;nil&gt;,DeletionGracePeriodSeconds:nil,Labels:map[string]string{beta.kubernetes.io/arch: amd64,beta.kubernetes.io/os: linux,kubernetes.io/hostname: frakti-e2e,},Annotations:map[string]string{volumes.kubernetes.io/controller-managed-attach-detach: true,},OwnerReferences:[],Finalizers:[],ClusterName:,},Spec:NodeSpec{PodCIDR:,ExternalID:frakti-e2e,ProviderID:gce:////5985600149768706345,Unschedulable:false,Taints:[],},Status:NodeStatus{Capacity:ResourceList{cpu: {{4 0} {&lt;nil&gt;} 4 DecimalSI},memory: {{15770382336 0} {&lt;nil&gt;} 15400764Ki BinarySI},pods: {{110 0} {&lt;nil&gt;} 110 DecimalSI},},Allocatable:ResourceList{cpu: {{4 0} {&lt;nil&gt;} 4 DecimalSI},memory: {{15508238336 0} {&lt;nil&gt;} 15144764Ki BinarySI},pods: {{110 0} {&lt;nil&gt;} 110 DecimalSI},},Phase:,Conditions:[{OutOfDisk False 2017-03-21 08:28:35 +0000 UTC 2017-03-21 08:10:50 +0000 UTC KubeletHasSufficientDisk kubelet has sufficient disk space available} {MemoryPressure False 2017-03-21 08:28:35 +0000 UTC 2017-03-21 08:10:50 +0000 UTC KubeletHasSufficientMemory kubelet has sufficient memory available} {DiskPressure False 2017-03-21 08:28:35 +0000 UTC 2017-03-21 08:10:50 +0000 UTC KubeletHasNoDiskPressure kubelet has no disk pressure} {Ready True 2017-03-21 08:28:35 +0000 UTC 2017-03-21 08:10:50 +0000 UTC KubeletReady kubelet is posting ready status}],Addresses:[{LegacyHostIP 10.140.0.8} {InternalIP 10.140.0.8} {Hostname frakti-e2e}],DaemonEndpoints:NodeDaemonEndpoints{KubeletEndpoint:DaemonEndpoint{Port:10250,},},NodeInfo:NodeSystemInfo{MachineID:24ff1754f521f8ffc0b9d886cd5831f7,SystemUUID:66DF790D-8659-19AF-C8E8-AAAC6BAFD264,BootID:6dd25fc1-ba14-4123-b425-12a6ca632681,KernelVersion:3.10.0-514.6.2.el7.x86_64,OSImage:CentOS Linux 7 (Core),ContainerRuntimeVersion:hyper://0.8.0,KubeletVersion:v1.7.0-alpha.0.1397+e3f6f14bf0d1af,KubeProxyVersion:v1.7.0-alpha.0.1397+e3f6f14bf0d1af,OperatingSystem:linux,Architecture:amd64,},Images:[{[gcr.io/google_containers/node-problem-detector:v0.3.0] 290407887} {[gcr.io/google_containers/volume-nfs:0.8] 247146979} {[gcr.io/google_containers/volume-gluster:0.2] 212127750} {[gcr.io/google_containers/nginx-slim:0.7] 86838142} {[] 47794349} {[gcr.io/google_containers/hostexec:1.2] 13185747} {[gcr.io/google_containers/netexec:1.7] 8016035} {[gcr.io/google_containers/netexec:1.5] 7358440} {[gcr.io/google_containers/netexec:1.4] 7293444} {[gcr.io/google_containers/alpine-with-bash:1.0] 6660469} {[gcr.io/google_containers/serve_hostname:v1.4] 6222101} {[gcr.io/google-containers/stress:v1] 5494760} {[] 5042632} {[gcr.io/authenticated-image-pulling/alpine:3.1] 5038488} {[gcr.io/google_containers/test-webserver:e2e] 4534272} {[gcr.io/google_containers/liveness:e2e] 4387474} {[gcr.io/google_containers/eptest:0.1] 2970692} {[gcr.io/google_containers/mounttest-user:0.5] 1450761} {[gcr.io/google_containers/mounttest:0.8] 1450761} {[gcr.io/google_containers/busybox@sha256:4bdd623e848417d96127e16037743f0cd8b528c026e9175e22a84f639eca58ff gcr.io/google_containers/busybox:1.24] 1113554} {[gcr.io/google_containers/pause-amd64:3.0] 746888}],VolumesInUse:[],VolumesAttached:[],},}&#xA;Mar 21 08:28:41.774: INFO: &#xA;Logging kubelet events for node frakti-e2e&#xA;Mar 21 08:28:41.775: INFO: &#xA;Logging pods the kubelet thinks is on node frakti-e2e&#xA;Mar 21 08:28:41.840: INFO: &#xA;Latency metrics for node frakti-e2e&#xA;Mar 21 08:28:41.840: INFO: {Operation:sync Method:pod_worker_latency_microseconds Quantile:0.99 Latency:2m5.221579s}&#xA;Mar 21 08:28:41.840: INFO: {Operation:sync Method:pod_worker_latency_microseconds Quantile:0.9 Latency:2m5.17361s}&#xA;Mar 21 08:28:41.840: INFO: {Operation:sync Method:pod_worker_latency_microseconds Quantile:0.5 Latency:2m1.073021s}&#xA;�[1mSTEP�[0m: Dumping a list of prepulled images on each node&#xA;Mar 21 08:28:41.841: INFO: Waiting up to 3m0s for all (but 0) nodes to be ready&#xA;�[1mSTEP�[0m: Destroying namespace &#34;e2e-tests-emptydir-7c5t7&#34; for this suite.&#xA;Mar 21 08:28:51.871: INFO: namespace: e2e-tests-emptydir-7c5t7, resource: bindings, ignored listing per whitelist&#xA;</system-out>
      </testcase>
      <testcase name="[k8s.io] Variable Expansion should allow substituting values in a container&#39;s args [Conformance]" classname="E2eNode Suite" time="18.169541491">
          <failure type="Failure">/root/go-project/src/k8s.io/kubernetes/_output/local/go/src/k8s.io/kubernetes/test/e2e/common/expansion.go:132&#xA;Expected error:&#xA;    &lt;*errors.errorString | 0xc421365240&gt;: {&#xA;        s: &#34;expected pod \&#34;var-expansion-6a00dce4-0e10-11e7-85d6-42010a8c0008\&#34; success: &lt;nil&gt;&#34;,&#xA;    }&#xA;    expected pod &#34;var-expansion-6a00dce4-0e10-11e7-85d6-42010a8c0008&#34; success: &lt;nil&gt;&#xA;not to have occurred&#xA;/root/go-project/src/k8s.io/kubernetes/_output/local/go/src/k8s.io/kubernetes/test/e2e/framework/util.go:2197</failure>
          <system-out>[BeforeEach] [k8s.io] Variable Expansion&#xA;  /root/go-project/src/k8s.io/kubernetes/_output/local/go/src/k8s.io/kubernetes/test/e2e/framework/framework.go:119&#xA;�[1mSTEP�[0m: Creating a kubernetes client&#xA;�[1mSTEP�[0m: Building a namespace api object&#xA;Mar 21 08:28:51.879: INFO: Skipping waiting for service account&#xA;[It] should allow substituting values in a container&#39;s args [Conformance]&#xA;  /root/go-project/src/k8s.io/kubernetes/_output/local/go/src/k8s.io/kubernetes/test/e2e/common/expansion.go:132&#xA;�[1mSTEP�[0m: Creating a pod to test substitution in container&#39;s args&#xA;Mar 21 08:28:51.881: INFO: Waiting up to 5m0s for pod var-expansion-6a00dce4-0e10-11e7-85d6-42010a8c0008 status to be success or failure&#xA;Mar 21 08:28:51.883: INFO: Waiting for pod var-expansion-6a00dce4-0e10-11e7-85d6-42010a8c0008 in namespace &#39;e2e-tests-var-expansion-qzjgf&#39; status to be &#39;success or failure&#39;(found phase: &#34;Pending&#34;, readiness: false) (1.273396ms elapsed)&#xA;Mar 21 08:28:53.885: INFO: Waiting for pod var-expansion-6a00dce4-0e10-11e7-85d6-42010a8c0008 in namespace &#39;e2e-tests-var-expansion-qzjgf&#39; status to be &#39;success or failure&#39;(found phase: &#34;Pending&#34;, readiness: false) (2.003720229s elapsed)&#xA;Mar 21 08:28:55.887: INFO: Waiting for pod var-expansion-6a00dce4-0e10-11e7-85d6-42010a8c0008 in namespace &#39;e2e-tests-var-expansion-qzjgf&#39; status to be &#39;success or failure&#39;(found phase: &#34;Pending&#34;, readiness: false) (4.00582316s elapsed)&#xA;Mar 21 08:28:57.889: INFO: Waiting for pod var-expansion-6a00dce4-0e10-11e7-85d6-42010a8c0008 in namespace &#39;e2e-tests-var-expansion-qzjgf&#39; status to be &#39;success or failure&#39;(found phase: &#34;Pending&#34;, readiness: false) (6.007865644s elapsed)&#xA;Mar 21 08:28:59.898: INFO: Output of node &#34;frakti-e2e&#34; pod &#34;var-expansion-6a00dce4-0e10-11e7-85d6-42010a8c0008&#34; container &#34;dapi-container&#34;: exec failed: No such file or directory&#xA;&#xA;�[1mSTEP�[0m: delete the pod&#xA;Mar 21 08:28:59.903: INFO: Waiting for pod var-expansion-6a00dce4-0e10-11e7-85d6-42010a8c0008 to disappear&#xA;Mar 21 08:28:59.904: INFO: Pod var-expansion-6a00dce4-0e10-11e7-85d6-42010a8c0008 no longer exists&#xA;Mar 21 08:28:59.904: INFO: Unexpected error occurred: expected pod &#34;var-expansion-6a00dce4-0e10-11e7-85d6-42010a8c0008&#34; success: &lt;nil&gt;&#xA;[AfterEach] [k8s.io] Variable Expansion&#xA;  /root/go-project/src/k8s.io/kubernetes/_output/local/go/src/k8s.io/kubernetes/test/e2e/framework/framework.go:120&#xA;�[1mSTEP�[0m: Collecting events from namespace &#34;e2e-tests-var-expansion-qzjgf&#34;.&#xA;�[1mSTEP�[0m: Found 4 events.&#xA;Mar 21 08:28:59.908: INFO: At 2017-03-21 08:28:57 +0000 UTC - event for var-expansion-6a00dce4-0e10-11e7-85d6-42010a8c0008: {kubelet frakti-e2e} Pulled: Container image &#34;gcr.io/google_containers/busybox:1.24&#34; already present on machine&#xA;Mar 21 08:28:59.908: INFO: At 2017-03-21 08:28:57 +0000 UTC - event for var-expansion-6a00dce4-0e10-11e7-85d6-42010a8c0008: {kubelet frakti-e2e} Created: Created container with id fbda0d585c4991033d803b89b0ea0005fc3ced7b4190c64d1e4bcff182cec632&#xA;Mar 21 08:28:59.908: INFO: At 2017-03-21 08:28:57 +0000 UTC - event for var-expansion-6a00dce4-0e10-11e7-85d6-42010a8c0008: {kubelet frakti-e2e} Started: Started container with id fbda0d585c4991033d803b89b0ea0005fc3ced7b4190c64d1e4bcff182cec632&#xA;Mar 21 08:28:59.908: INFO: At 2017-03-21 08:28:59 +0000 UTC - event for var-expansion-6a00dce4-0e10-11e7-85d6-42010a8c0008: {kubelet frakti-e2e} Killing: Killing container with id hyper://fbda0d585c4991033d803b89b0ea0005fc3ced7b4190c64d1e4bcff182cec632:Need to kill Pod&#xA;Mar 21 08:28:59.911: INFO: POD  NODE  PHASE  GRACE  CONDITIONS&#xA;Mar 21 08:28:59.911: INFO: &#xA;Mar 21 08:28:59.913: INFO: &#xA;Logging node info for node frakti-e2e&#xA;Mar 21 08:28:59.914: INFO: Node Info: &amp;Node{ObjectMeta:k8s_io_apimachinery_pkg_apis_meta_v1.ObjectMeta{Name:frakti-e2e,GenerateName:,Namespace:,SelfLink:/api/v1/nodesfrakti-e2e,UID:e55acc6b-0e0d-11e7-a9e6-42010a8c0008,ResourceVersion:1844,Generation:0,CreationTimestamp:2017-03-21 08:10:50 +0000 UTC,DeletionTimestamp:&lt;nil&gt;,DeletionGracePeriodSeconds:nil,Labels:map[string]string{beta.kubernetes.io/arch: amd64,beta.kubernetes.io/os: linux,kubernetes.io/hostname: frakti-e2e,},Annotations:map[string]string{volumes.kubernetes.io/controller-managed-attach-detach: true,},OwnerReferences:[],Finalizers:[],ClusterName:,},Spec:NodeSpec{PodCIDR:,ExternalID:frakti-e2e,ProviderID:gce:////5985600149768706345,Unschedulable:false,Taints:[],},Status:NodeStatus{Capacity:ResourceList{cpu: {{4 0} {&lt;nil&gt;} 4 DecimalSI},memory: {{15770382336 0} {&lt;nil&gt;} 15400764Ki BinarySI},pods: {{110 0} {&lt;nil&gt;} 110 DecimalSI},},Allocatable:ResourceList{cpu: {{4 0} {&lt;nil&gt;} 4 DecimalSI},memory: {{15508238336 0} {&lt;nil&gt;} 15144764Ki BinarySI},pods: {{110 0} {&lt;nil&gt;} 110 DecimalSI},},Phase:,Conditions:[{OutOfDisk False 2017-03-21 08:28:55 +0000 UTC 2017-03-21 08:10:50 +0000 UTC KubeletHasSufficientDisk kubelet has sufficient disk space available} {MemoryPressure False 2017-03-21 08:28:55 +0000 UTC 2017-03-21 08:10:50 +0000 UTC KubeletHasSufficientMemory kubelet has sufficient memory available} {DiskPressure False 2017-03-21 08:28:55 +0000 UTC 2017-03-21 08:10:50 +0000 UTC KubeletHasNoDiskPressure kubelet has no disk pressure} {Ready True 2017-03-21 08:28:55 +0000 UTC 2017-03-21 08:10:50 +0000 UTC KubeletReady kubelet is posting ready status}],Addresses:[{LegacyHostIP 10.140.0.8} {InternalIP 10.140.0.8} {Hostname frakti-e2e}],DaemonEndpoints:NodeDaemonEndpoints{KubeletEndpoint:DaemonEndpoint{Port:10250,},},NodeInfo:NodeSystemInfo{MachineID:24ff1754f521f8ffc0b9d886cd5831f7,SystemUUID:66DF790D-8659-19AF-C8E8-AAAC6BAFD264,BootID:6dd25fc1-ba14-4123-b425-12a6ca632681,KernelVersion:3.10.0-514.6.2.el7.x86_64,OSImage:CentOS Linux 7 (Core),ContainerRuntimeVersion:hyper://0.8.0,KubeletVersion:v1.7.0-alpha.0.1397+e3f6f14bf0d1af,KubeProxyVersion:v1.7.0-alpha.0.1397+e3f6f14bf0d1af,OperatingSystem:linux,Architecture:amd64,},Images:[{[gcr.io/google_containers/node-problem-detector:v0.3.0] 290407887} {[gcr.io/google_containers/volume-nfs:0.8] 247146979} {[gcr.io/google_containers/volume-gluster:0.2] 212127750} {[gcr.io/google_containers/nginx-slim:0.7] 86838142} {[] 47794349} {[gcr.io/google_containers/hostexec:1.2] 13185747} {[gcr.io/google_containers/netexec:1.7] 8016035} {[gcr.io/google_containers/netexec:1.5] 7358440} {[gcr.io/google_containers/netexec:1.4] 7293444} {[gcr.io/google_containers/alpine-with-bash:1.0] 6660469} {[gcr.io/google_containers/serve_hostname:v1.4] 6222101} {[gcr.io/google-containers/stress:v1] 5494760} {[] 5042632} {[gcr.io/authenticated-image-pulling/alpine:3.1] 5038488} {[gcr.io/google_containers/test-webserver:e2e] 4534272} {[gcr.io/google_containers/liveness:e2e] 4387474} {[gcr.io/google_containers/eptest:0.1] 2970692} {[gcr.io/google_containers/mounttest:0.8] 1450761} {[gcr.io/google_containers/mounttest-user:0.5] 1450761} {[gcr.io/google_containers/busybox@sha256:4bdd623e848417d96127e16037743f0cd8b528c026e9175e22a84f639eca58ff gcr.io/google_containers/busybox:1.24] 1113554} {[gcr.io/google_containers/pause-amd64:3.0] 746888}],VolumesInUse:[],VolumesAttached:[],},}&#xA;Mar 21 08:28:59.914: INFO: &#xA;Logging kubelet events for node frakti-e2e&#xA;Mar 21 08:28:59.915: INFO: &#xA;Logging pods the kubelet thinks is on node frakti-e2e&#xA;Mar 21 08:29:00.009: INFO: &#xA;Latency metrics for node frakti-e2e&#xA;Mar 21 08:29:00.009: INFO: {Operation:sync Method:pod_worker_latency_microseconds Quantile:0.99 Latency:2m5.221579s}&#xA;Mar 21 08:29:00.009: INFO: {Operation:sync Method:pod_worker_latency_microseconds Quantile:0.9 Latency:2m5.17361s}&#xA;Mar 21 08:29:00.009: INFO: {Operation:sync Method:pod_worker_latency_microseconds Quantile:0.5 Latency:2m1.073021s}&#xA;�[1mSTEP�[0m: Dumping a list of prepulled images on each node&#xA;Mar 21 08:29:00.011: INFO: Waiting up to 3m0s for all (but 0) nodes to be ready&#xA;�[1mSTEP�[0m: Destroying namespace &#34;e2e-tests-var-expansion-qzjgf&#34; for this suite.&#xA;Mar 21 08:29:10.029: INFO: namespace: e2e-tests-var-expansion-qzjgf, resource: bindings, ignored listing per whitelist&#xA;</system-out>
      </testcase>
      <testcase name="[k8s.io] Projected should provide podname as non-root with fsgroup and defaultMode [Feature:FSGroup] [Volume]" classname="E2eNode Suite" time="0">
          <skipped></skipped>
      </testcase>
      <testcase name="[k8s.io] Container Manager Misc [Serial] Validate OOM score adjustments once the node is setup  pod infra containers oom-score-adj should be -998 and best effort container&#39;s should be 1000" classname="E2eNode Suite" time="0">
          <skipped></skipped>
      </testcase>
      <testcase name="[k8s.io] ContainerLogPath Pod with a container printed log to stdout should print log to correct log path" classname="E2eNode Suite" time="0">
          <skipped></skipped>
      </testcase>
      <testcase name="[k8s.io] EmptyDir volumes should support (non-root,0666,tmpfs) [Conformance] [Volume]" classname="E2eNode Suite" time="16.144917465">
          <failure type="Failure">/root/go-project/src/k8s.io/kubernetes/_output/local/go/src/k8s.io/kubernetes/test/e2e/common/empty_dir.go:85&#xA;Expected error:&#xA;    &lt;*errors.errorString | 0xc4212a1e80&gt;: {&#xA;        s: &#34;expected pod \&#34;pod-74d63229-0e10-11e7-85d6-42010a8c0008\&#34; success: &lt;nil&gt;&#34;,&#xA;    }&#xA;    expected pod &#34;pod-74d63229-0e10-11e7-85d6-42010a8c0008&#34; success: &lt;nil&gt;&#xA;not to have occurred&#xA;/root/go-project/src/k8s.io/kubernetes/_output/local/go/src/k8s.io/kubernetes/test/e2e/framework/util.go:2197</failure>
          <system-out>[BeforeEach] [k8s.io] EmptyDir volumes&#xA;  /root/go-project/src/k8s.io/kubernetes/_output/local/go/src/k8s.io/kubernetes/test/e2e/framework/framework.go:119&#xA;�[1mSTEP�[0m: Creating a kubernetes client&#xA;�[1mSTEP�[0m: Building a namespace api object&#xA;Mar 21 08:29:10.054: INFO: Skipping waiting for service account&#xA;[It] should support (non-root,0666,tmpfs) [Conformance] [Volume]&#xA;  /root/go-project/src/k8s.io/kubernetes/_output/local/go/src/k8s.io/kubernetes/test/e2e/common/empty_dir.go:85&#xA;�[1mSTEP�[0m: Creating a pod to test emptydir 0666 on tmpfs&#xA;Mar 21 08:29:10.056: INFO: Waiting up to 5m0s for pod pod-74d63229-0e10-11e7-85d6-42010a8c0008 status to be success or failure&#xA;Mar 21 08:29:10.057: INFO: Waiting for pod pod-74d63229-0e10-11e7-85d6-42010a8c0008 in namespace &#39;e2e-tests-emptydir-h8s0p&#39; status to be &#39;success or failure&#39;(found phase: &#34;Pending&#34;, readiness: false) (828.965µs elapsed)&#xA;Mar 21 08:29:12.059: INFO: Waiting for pod pod-74d63229-0e10-11e7-85d6-42010a8c0008 in namespace &#39;e2e-tests-emptydir-h8s0p&#39; status to be &#39;success or failure&#39;(found phase: &#34;Pending&#34;, readiness: false) (2.00289642s elapsed)&#xA;Mar 21 08:29:14.061: INFO: Waiting for pod pod-74d63229-0e10-11e7-85d6-42010a8c0008 in namespace &#39;e2e-tests-emptydir-h8s0p&#39; status to be &#39;success or failure&#39;(found phase: &#34;Pending&#34;, readiness: false) (4.004903132s elapsed)&#xA;Mar 21 08:29:16.069: INFO: Output of node &#34;frakti-e2e&#34; pod &#34;pod-74d63229-0e10-11e7-85d6-42010a8c0008&#34; container &#34;test-container&#34;: &#xA;�[1mSTEP�[0m: delete the pod&#xA;Mar 21 08:29:16.073: INFO: Waiting for pod pod-74d63229-0e10-11e7-85d6-42010a8c0008 to disappear&#xA;Mar 21 08:29:16.074: INFO: Pod pod-74d63229-0e10-11e7-85d6-42010a8c0008 no longer exists&#xA;Mar 21 08:29:16.074: INFO: Unexpected error occurred: expected pod &#34;pod-74d63229-0e10-11e7-85d6-42010a8c0008&#34; success: &lt;nil&gt;&#xA;[AfterEach] [k8s.io] EmptyDir volumes&#xA;  /root/go-project/src/k8s.io/kubernetes/_output/local/go/src/k8s.io/kubernetes/test/e2e/framework/framework.go:120&#xA;�[1mSTEP�[0m: Collecting events from namespace &#34;e2e-tests-emptydir-h8s0p&#34;.&#xA;�[1mSTEP�[0m: Found 3 events.&#xA;Mar 21 08:29:16.075: INFO: At 2017-03-21 08:29:15 +0000 UTC - event for pod-74d63229-0e10-11e7-85d6-42010a8c0008: {kubelet frakti-e2e} Pulled: Container image &#34;gcr.io/google_containers/mounttest-user:0.5&#34; already present on machine&#xA;Mar 21 08:29:16.075: INFO: At 2017-03-21 08:29:15 +0000 UTC - event for pod-74d63229-0e10-11e7-85d6-42010a8c0008: {kubelet frakti-e2e} Created: Created container with id 3fde0a9af4bfa164be019af6098d091a96b7c77a97778a732bda119c33d4a160&#xA;Mar 21 08:29:16.075: INFO: At 2017-03-21 08:29:15 +0000 UTC - event for pod-74d63229-0e10-11e7-85d6-42010a8c0008: {kubelet frakti-e2e} Started: Started container with id 3fde0a9af4bfa164be019af6098d091a96b7c77a97778a732bda119c33d4a160&#xA;Mar 21 08:29:16.087: INFO: POD  NODE  PHASE  GRACE  CONDITIONS&#xA;Mar 21 08:29:16.087: INFO: &#xA;Mar 21 08:29:16.088: INFO: &#xA;Logging node info for node frakti-e2e&#xA;Mar 21 08:29:16.090: INFO: Node Info: &amp;Node{ObjectMeta:k8s_io_apimachinery_pkg_apis_meta_v1.ObjectMeta{Name:frakti-e2e,GenerateName:,Namespace:,SelfLink:/api/v1/nodesfrakti-e2e,UID:e55acc6b-0e0d-11e7-a9e6-42010a8c0008,ResourceVersion:1893,Generation:0,CreationTimestamp:2017-03-21 08:10:50 +0000 UTC,DeletionTimestamp:&lt;nil&gt;,DeletionGracePeriodSeconds:nil,Labels:map[string]string{beta.kubernetes.io/arch: amd64,beta.kubernetes.io/os: linux,kubernetes.io/hostname: frakti-e2e,},Annotations:map[string]string{volumes.kubernetes.io/controller-managed-attach-detach: true,},OwnerReferences:[],Finalizers:[],ClusterName:,},Spec:NodeSpec{PodCIDR:,ExternalID:frakti-e2e,ProviderID:gce:////5985600149768706345,Unschedulable:false,Taints:[],},Status:NodeStatus{Capacity:ResourceList{cpu: {{4 0} {&lt;nil&gt;} 4 DecimalSI},memory: {{15770382336 0} {&lt;nil&gt;} 15400764Ki BinarySI},pods: {{110 0} {&lt;nil&gt;} 110 DecimalSI},},Allocatable:ResourceList{cpu: {{4 0} {&lt;nil&gt;} 4 DecimalSI},memory: {{15508238336 0} {&lt;nil&gt;} 15144764Ki BinarySI},pods: {{110 0} {&lt;nil&gt;} 110 DecimalSI},},Phase:,Conditions:[{OutOfDisk False 2017-03-21 08:29:15 +0000 UTC 2017-03-21 08:10:50 +0000 UTC KubeletHasSufficientDisk kubelet has sufficient disk space available} {MemoryPressure False 2017-03-21 08:29:15 +0000 UTC 2017-03-21 08:10:50 +0000 UTC KubeletHasSufficientMemory kubelet has sufficient memory available} {DiskPressure False 2017-03-21 08:29:15 +0000 UTC 2017-03-21 08:10:50 +0000 UTC KubeletHasNoDiskPressure kubelet has no disk pressure} {Ready True 2017-03-21 08:29:15 +0000 UTC 2017-03-21 08:10:50 +0000 UTC KubeletReady kubelet is posting ready status}],Addresses:[{LegacyHostIP 10.140.0.8} {InternalIP 10.140.0.8} {Hostname frakti-e2e}],DaemonEndpoints:NodeDaemonEndpoints{KubeletEndpoint:DaemonEndpoint{Port:10250,},},NodeInfo:NodeSystemInfo{MachineID:24ff1754f521f8ffc0b9d886cd5831f7,SystemUUID:66DF790D-8659-19AF-C8E8-AAAC6BAFD264,BootID:6dd25fc1-ba14-4123-b425-12a6ca632681,KernelVersion:3.10.0-514.6.2.el7.x86_64,OSImage:CentOS Linux 7 (Core),ContainerRuntimeVersion:hyper://0.8.0,KubeletVersion:v1.7.0-alpha.0.1397+e3f6f14bf0d1af,KubeProxyVersion:v1.7.0-alpha.0.1397+e3f6f14bf0d1af,OperatingSystem:linux,Architecture:amd64,},Images:[{[gcr.io/google_containers/node-problem-detector:v0.3.0] 290407887} {[gcr.io/google_containers/volume-nfs:0.8] 247146979} {[gcr.io/google_containers/volume-gluster:0.2] 212127750} {[gcr.io/google_containers/nginx-slim:0.7] 86838142} {[] 47794349} {[gcr.io/google_containers/hostexec:1.2] 13185747} {[gcr.io/google_containers/netexec:1.7] 8016035} {[gcr.io/google_containers/netexec:1.5] 7358440} {[gcr.io/google_containers/netexec:1.4] 7293444} {[gcr.io/google_containers/alpine-with-bash:1.0] 6660469} {[gcr.io/google_containers/serve_hostname:v1.4] 6222101} {[gcr.io/google-containers/stress:v1] 5494760} {[] 5042632} {[gcr.io/authenticated-image-pulling/alpine:3.1] 5038488} {[gcr.io/google_containers/test-webserver:e2e] 4534272} {[gcr.io/google_containers/liveness:e2e] 4387474} {[gcr.io/google_containers/eptest:0.1] 2970692} {[gcr.io/google_containers/mounttest:0.8] 1450761} {[gcr.io/google_containers/mounttest-user:0.5] 1450761} {[gcr.io/google_containers/busybox@sha256:4bdd623e848417d96127e16037743f0cd8b528c026e9175e22a84f639eca58ff gcr.io/google_containers/busybox:1.24] 1113554} {[gcr.io/google_containers/pause-amd64:3.0] 746888}],VolumesInUse:[],VolumesAttached:[],},}&#xA;Mar 21 08:29:16.090: INFO: &#xA;Logging kubelet events for node frakti-e2e&#xA;Mar 21 08:29:16.091: INFO: &#xA;Logging pods the kubelet thinks is on node frakti-e2e&#xA;Mar 21 08:29:16.160: INFO: &#xA;Latency metrics for node frakti-e2e&#xA;Mar 21 08:29:16.160: INFO: {Operation:sync Method:pod_worker_latency_microseconds Quantile:0.99 Latency:2m5.221579s}&#xA;Mar 21 08:29:16.160: INFO: {Operation:sync Method:pod_worker_latency_microseconds Quantile:0.9 Latency:2m5.17361s}&#xA;Mar 21 08:29:16.160: INFO: {Operation:sync Method:pod_worker_latency_microseconds Quantile:0.5 Latency:2m1.073021s}&#xA;�[1mSTEP�[0m: Dumping a list of prepulled images on each node&#xA;Mar 21 08:29:16.161: INFO: Waiting up to 3m0s for all (but 0) nodes to be ready&#xA;�[1mSTEP�[0m: Destroying namespace &#34;e2e-tests-emptydir-h8s0p&#34; for this suite.&#xA;Mar 21 08:29:26.186: INFO: namespace: e2e-tests-emptydir-h8s0p, resource: bindings, ignored listing per whitelist&#xA;</system-out>
      </testcase>
      <testcase name="[k8s.io] Resource-usage [Serial] [Slow] regular resource usage tracking resource tracking for 10 pods per node" classname="E2eNode Suite" time="0">
          <skipped></skipped>
      </testcase>
      <testcase name="[k8s.io] Downward API volume should provide podname only [Conformance] [Volume]" classname="E2eNode Suite" time="18.063339464"></testcase>
      <testcase name="[k8s.io] Probing container should be restarted with a /healthz http liveness probe [Conformance]" classname="E2eNode Suite" time="32.088387407"></testcase>
      <testcase name="[k8s.io] Probing container should have monotonically increasing restart count [Conformance] [Slow]" classname="E2eNode Suite" time="0">
          <skipped></skipped>
      </testcase>
      <testcase name="[k8s.io] Networking [k8s.io] Granular Checks: Pods should function for node-pod communication: udp [Conformance]" classname="E2eNode Suite" time="81.158664286"></testcase>
      <testcase name="[k8s.io] Density [Serial] [Slow] create a batch of pods with higher API QPS latency/resource should be within limit when create 105 pods with 300ms interval (QPS 60) [Benchmark]" classname="E2eNode Suite" time="0">
          <skipped></skipped>
      </testcase>
      <testcase name="[k8s.io] Projected optional updates should be reflected in volume [Conformance] [Volume]" classname="E2eNode Suite" time="40.080914017"></testcase>
      <testcase name="[k8s.io] Networking [k8s.io] Granular Checks: Pods should function for intra-pod communication: http [Conformance]" classname="E2eNode Suite" time="78.307127471"></testcase>
      <testcase name="[k8s.io] ConfigMap optional updates should be reflected in volume [Conformance] [Volume]" classname="E2eNode Suite" time="102.282979462"></testcase>
      <testcase name="[k8s.io] Container Runtime Conformance Test container runtime conformance blackbox test when running a container with a new image should not be able to pull non-existing image from gcr.io [Conformance]" classname="E2eNode Suite" time="17.06872815"></testcase>
      <testcase name="[k8s.io] Pods should be submitted and removed [Conformance]" classname="E2eNode Suite" time="21.05778267"></testcase>
      <testcase name="[k8s.io] Resource-usage [Serial] [Slow] regular resource usage tracking resource tracking for 0 pods per node [Benchmark]" classname="E2eNode Suite" time="0">
          <skipped></skipped>
      </testcase>
      <testcase name="[k8s.io] GarbageCollect [Serial] Garbage Collection Test: Many Restarting Containers Should eventually garbage collect containers when we exceed the number of dead containers per container" classname="E2eNode Suite" time="0">
          <skipped></skipped>
      </testcase>
      <testcase name="[k8s.io] Pods should support retrieving logs from the container over websockets" classname="E2eNode Suite" time="0">
          <skipped></skipped>
      </testcase>
      <testcase name="[k8s.io] Projected should be consumable from pods in volume [Conformance] [Volume]" classname="E2eNode Suite" time="18.065014569"></testcase>
      <testcase name="[k8s.io] Sysctls should not launch unsafe, but not explicitly enabled sysctls on the node" classname="E2eNode Suite" time="0">
          <skipped></skipped>
      </testcase>
      <testcase name="[k8s.io] ConfigMap should be consumable from pods in volume with mappings and Item mode set[Conformance] [Volume]" classname="E2eNode Suite" time="18.06875725"></testcase>
      <testcase name="[k8s.io] EmptyDir volumes when FSGroup is specified [Feature:FSGroup] new files should be created with FSGroup ownership when container is non-root [Volume]" classname="E2eNode Suite" time="0">
          <skipped></skipped>
      </testcase>
      <testcase name="[k8s.io] Kubelet Volume Manager Volume Manager On terminatation of pod with memory backed volume should remove the volume from the node" classname="E2eNode Suite" time="0">
          <skipped></skipped>
      </testcase>
      <testcase name="[k8s.io] Density [Serial] [Slow] create a batch of pods latency/resource should be within limit when create 10 pods with 300ms interval [Benchmark]" classname="E2eNode Suite" time="0">
          <skipped></skipped>
      </testcase>
      <testcase name="[k8s.io] Container Lifecycle Hook when create a pod with lifecycle hook when it is http hook should execute poststart http hook properly [Conformance]" classname="E2eNode Suite" time="56.06487664"></testcase>
      <testcase name="[k8s.io] Projected should provide container&#39;s cpu request [Conformance] [Volume]" classname="E2eNode Suite" time="18.064957748"></testcase>
      <testcase name="[k8s.io] Density [Serial] [Slow] create a sequence of pods latency/resource should be within limit when create 10 pods with 50 background pods [Benchmark]" classname="E2eNode Suite" time="0">
          <skipped></skipped>
      </testcase>
      <testcase name="[k8s.io] Density [Serial] [Slow] create a batch of pods latency/resource should be within limit when create 10 pods with 0s interval" classname="E2eNode Suite" time="0">
          <skipped></skipped>
      </testcase>
      <testcase name="[k8s.io] Projected should provide container&#39;s memory request [Conformance] [Volume]" classname="E2eNode Suite" time="18.063501002"></testcase>
      <testcase name="[k8s.io] Pods should get a host IP [Conformance]" classname="E2eNode Suite" time="41.056393904"></testcase>
      <testcase name="[k8s.io] Secrets should be consumable via the environment [Conformance]" classname="E2eNode Suite" time="18.146703157">
          <failure type="Failure">/root/go-project/src/k8s.io/kubernetes/_output/local/go/src/k8s.io/kubernetes/test/e2e/common/secrets.go:425&#xA;Expected error:&#xA;    &lt;*errors.errorString | 0xc42137c8f0&gt;: {&#xA;        s: &#34;expected pod \&#34;pod-configmaps-cbf82194-0e11-11e7-85d6-42010a8c0008\&#34; success: &lt;nil&gt;&#34;,&#xA;    }&#xA;    expected pod &#34;pod-configmaps-cbf82194-0e11-11e7-85d6-42010a8c0008&#34; success: &lt;nil&gt;&#xA;not to have occurred&#xA;/root/go-project/src/k8s.io/kubernetes/_output/local/go/src/k8s.io/kubernetes/test/e2e/framework/util.go:2197</failure>
          <system-out>[BeforeEach] [k8s.io] Secrets&#xA;  /root/go-project/src/k8s.io/kubernetes/_output/local/go/src/k8s.io/kubernetes/test/e2e/framework/framework.go:119&#xA;�[1mSTEP�[0m: Creating a kubernetes client&#xA;�[1mSTEP�[0m: Building a namespace api object&#xA;Mar 21 08:38:45.733: INFO: Skipping waiting for service account&#xA;[It] should be consumable via the environment [Conformance]&#xA;  /root/go-project/src/k8s.io/kubernetes/_output/local/go/src/k8s.io/kubernetes/test/e2e/common/secrets.go:425&#xA;�[1mSTEP�[0m: creating secret e2e-tests-secrets-8pbdq/secret-test-cbf7bab0-0e11-11e7-85d6-42010a8c0008&#xA;�[1mSTEP�[0m: Creating a pod to test consume secrets&#xA;Mar 21 08:38:45.737: INFO: Waiting up to 5m0s for pod pod-configmaps-cbf82194-0e11-11e7-85d6-42010a8c0008 status to be success or failure&#xA;Mar 21 08:38:45.738: INFO: Waiting for pod pod-configmaps-cbf82194-0e11-11e7-85d6-42010a8c0008 in namespace &#39;e2e-tests-secrets-8pbdq&#39; status to be &#39;success or failure&#39;(found phase: &#34;Pending&#34;, readiness: false) (1.187948ms elapsed)&#xA;Mar 21 08:38:47.741: INFO: Waiting for pod pod-configmaps-cbf82194-0e11-11e7-85d6-42010a8c0008 in namespace &#39;e2e-tests-secrets-8pbdq&#39; status to be &#39;success or failure&#39;(found phase: &#34;Pending&#34;, readiness: false) (2.003235015s elapsed)&#xA;Mar 21 08:38:49.743: INFO: Waiting for pod pod-configmaps-cbf82194-0e11-11e7-85d6-42010a8c0008 in namespace &#39;e2e-tests-secrets-8pbdq&#39; status to be &#39;success or failure&#39;(found phase: &#34;Pending&#34;, readiness: false) (4.005237297s elapsed)&#xA;Mar 21 08:38:51.745: INFO: Waiting for pod pod-configmaps-cbf82194-0e11-11e7-85d6-42010a8c0008 in namespace &#39;e2e-tests-secrets-8pbdq&#39; status to be &#39;success or failure&#39;(found phase: &#34;Pending&#34;, readiness: false) (6.007650013s elapsed)&#xA;Mar 21 08:38:53.752: INFO: Output of node &#34;frakti-e2e&#34; pod &#34;pod-configmaps-cbf82194-0e11-11e7-85d6-42010a8c0008&#34; container &#34;env-test&#34;: exec failed: No such file or directory&#xA;&#xA;�[1mSTEP�[0m: delete the pod&#xA;Mar 21 08:38:53.757: INFO: Waiting for pod pod-configmaps-cbf82194-0e11-11e7-85d6-42010a8c0008 to disappear&#xA;Mar 21 08:38:53.759: INFO: Pod pod-configmaps-cbf82194-0e11-11e7-85d6-42010a8c0008 no longer exists&#xA;Mar 21 08:38:53.759: INFO: Unexpected error occurred: expected pod &#34;pod-configmaps-cbf82194-0e11-11e7-85d6-42010a8c0008&#34; success: &lt;nil&gt;&#xA;[AfterEach] [k8s.io] Secrets&#xA;  /root/go-project/src/k8s.io/kubernetes/_output/local/go/src/k8s.io/kubernetes/test/e2e/framework/framework.go:120&#xA;�[1mSTEP�[0m: Collecting events from namespace &#34;e2e-tests-secrets-8pbdq&#34;.&#xA;�[1mSTEP�[0m: Found 3 events.&#xA;Mar 21 08:38:53.761: INFO: At 2017-03-21 08:38:51 +0000 UTC - event for pod-configmaps-cbf82194-0e11-11e7-85d6-42010a8c0008: {kubelet frakti-e2e} Pulled: Container image &#34;gcr.io/google_containers/busybox:1.24&#34; already present on machine&#xA;Mar 21 08:38:53.761: INFO: At 2017-03-21 08:38:51 +0000 UTC - event for pod-configmaps-cbf82194-0e11-11e7-85d6-42010a8c0008: {kubelet frakti-e2e} Created: Created container with id 3c76c532a8668918022429054fea56457119ceb0381289191481f5abc8c45835&#xA;Mar 21 08:38:53.761: INFO: At 2017-03-21 08:38:51 +0000 UTC - event for pod-configmaps-cbf82194-0e11-11e7-85d6-42010a8c0008: {kubelet frakti-e2e} Started: Started container with id 3c76c532a8668918022429054fea56457119ceb0381289191481f5abc8c45835&#xA;Mar 21 08:38:53.763: INFO: POD  NODE  PHASE  GRACE  CONDITIONS&#xA;Mar 21 08:38:53.763: INFO: &#xA;Mar 21 08:38:53.764: INFO: &#xA;Logging node info for node frakti-e2e&#xA;Mar 21 08:38:53.766: INFO: Node Info: &amp;Node{ObjectMeta:k8s_io_apimachinery_pkg_apis_meta_v1.ObjectMeta{Name:frakti-e2e,GenerateName:,Namespace:,SelfLink:/api/v1/nodesfrakti-e2e,UID:e55acc6b-0e0d-11e7-a9e6-42010a8c0008,ResourceVersion:2736,Generation:0,CreationTimestamp:2017-03-21 08:10:50 +0000 UTC,DeletionTimestamp:&lt;nil&gt;,DeletionGracePeriodSeconds:nil,Labels:map[string]string{beta.kubernetes.io/arch: amd64,beta.kubernetes.io/os: linux,kubernetes.io/hostname: frakti-e2e,},Annotations:map[string]string{volumes.kubernetes.io/controller-managed-attach-detach: true,},OwnerReferences:[],Finalizers:[],ClusterName:,},Spec:NodeSpec{PodCIDR:,ExternalID:frakti-e2e,ProviderID:gce:////5985600149768706345,Unschedulable:false,Taints:[],},Status:NodeStatus{Capacity:ResourceList{cpu: {{4 0} {&lt;nil&gt;} 4 DecimalSI},memory: {{15770382336 0} {&lt;nil&gt;} 15400764Ki BinarySI},pods: {{110 0} {&lt;nil&gt;} 110 DecimalSI},},Allocatable:ResourceList{cpu: {{4 0} {&lt;nil&gt;} 4 DecimalSI},memory: {{15508238336 0} {&lt;nil&gt;} 15144764Ki BinarySI},pods: {{110 0} {&lt;nil&gt;} 110 DecimalSI},},Phase:,Conditions:[{OutOfDisk False 2017-03-21 08:38:47 +0000 UTC 2017-03-21 08:10:50 +0000 UTC KubeletHasSufficientDisk kubelet has sufficient disk space available} {MemoryPressure False 2017-03-21 08:38:47 +0000 UTC 2017-03-21 08:10:50 +0000 UTC KubeletHasSufficientMemory kubelet has sufficient memory available} {DiskPressure False 2017-03-21 08:38:47 +0000 UTC 2017-03-21 08:10:50 +0000 UTC KubeletHasNoDiskPressure kubelet has no disk pressure} {Ready True 2017-03-21 08:38:47 +0000 UTC 2017-03-21 08:10:50 +0000 UTC KubeletReady kubelet is posting ready status}],Addresses:[{LegacyHostIP 10.140.0.8} {InternalIP 10.140.0.8} {Hostname frakti-e2e}],DaemonEndpoints:NodeDaemonEndpoints{KubeletEndpoint:DaemonEndpoint{Port:10250,},},NodeInfo:NodeSystemInfo{MachineID:24ff1754f521f8ffc0b9d886cd5831f7,SystemUUID:66DF790D-8659-19AF-C8E8-AAAC6BAFD264,BootID:6dd25fc1-ba14-4123-b425-12a6ca632681,KernelVersion:3.10.0-514.6.2.el7.x86_64,OSImage:CentOS Linux 7 (Core),ContainerRuntimeVersion:hyper://0.8.0,KubeletVersion:v1.7.0-alpha.0.1397+e3f6f14bf0d1af,KubeProxyVersion:v1.7.0-alpha.0.1397+e3f6f14bf0d1af,OperatingSystem:linux,Architecture:amd64,},Images:[{[gcr.io/google_containers/node-problem-detector:v0.3.0] 290407887} {[gcr.io/google_containers/volume-nfs:0.8] 247146979} {[gcr.io/google_containers/volume-gluster:0.2] 212127750} {[gcr.io/google_containers/nginx-slim:0.7] 86838142} {[] 47794349} {[gcr.io/google_containers/hostexec:1.2] 13185747} {[gcr.io/google_containers/netexec:1.7] 8016035} {[gcr.io/google_containers/netexec:1.5] 7358440} {[gcr.io/google_containers/netexec:1.4] 7293444} {[gcr.io/google_containers/alpine-with-bash:1.0] 6660469} {[gcr.io/google_containers/serve_hostname:v1.4] 6222101} {[gcr.io/google-containers/stress:v1] 5494760} {[] 5042632} {[gcr.io/authenticated-image-pulling/alpine:3.1] 5038488} {[gcr.io/google_containers/test-webserver:e2e] 4534272} {[gcr.io/google_containers/liveness:e2e] 4387474} {[gcr.io/google_containers/eptest:0.1] 2970692} {[gcr.io/google_containers/mounttest:0.8] 1450761} {[gcr.io/google_containers/mounttest-user:0.5] 1450761} {[gcr.io/google_containers/busybox@sha256:4bdd623e848417d96127e16037743f0cd8b528c026e9175e22a84f639eca58ff gcr.io/google_containers/busybox:1.24] 1113554} {[gcr.io/google_containers/pause-amd64:3.0] 746888}],VolumesInUse:[],VolumesAttached:[],},}&#xA;Mar 21 08:38:53.766: INFO: &#xA;Logging kubelet events for node frakti-e2e&#xA;Mar 21 08:38:53.767: INFO: &#xA;Logging pods the kubelet thinks is on node frakti-e2e&#xA;Mar 21 08:38:53.835: INFO: &#xA;Latency metrics for node frakti-e2e&#xA;Mar 21 08:38:53.835: INFO: {Operation:sync Method:pod_worker_latency_microseconds Quantile:0.99 Latency:2m1.185274s}&#xA;Mar 21 08:38:53.835: INFO: {Operation:sync Method:pod_worker_latency_microseconds Quantile:0.9 Latency:2m1.177679s}&#xA;Mar 21 08:38:53.835: INFO: {Operation:sync Method:pod_worker_latency_microseconds Quantile:0.5 Latency:2m1.105265s}&#xA;�[1mSTEP�[0m: Dumping a list of prepulled images on each node&#xA;Mar 21 08:38:53.836: INFO: Waiting up to 3m0s for all (but 0) nodes to be ready&#xA;�[1mSTEP�[0m: Destroying namespace &#34;e2e-tests-secrets-8pbdq&#34; for this suite.&#xA;Mar 21 08:39:03.877: INFO: namespace: e2e-tests-secrets-8pbdq, resource: bindings, ignored listing per whitelist&#xA;</system-out>
      </testcase>
      <testcase name="[k8s.io] Projected updates should be reflected in volume [Conformance] [Volume]" classname="E2eNode Suite" time="110.252467241"></testcase>
      <testcase name="[k8s.io] Density [Serial] [Slow] create a batch of pods latency/resource should be within limit when create 35 pods with 300ms interval [Benchmark]" classname="E2eNode Suite" time="0">
          <skipped></skipped>
      </testcase>
      <testcase name="[k8s.io] Projected should provide podname only [Conformance] [Volume]" classname="E2eNode Suite" time="16.06165056"></testcase>
      <testcase name="[k8s.io] ConfigMap should be consumable from pods in volume as non-root [Conformance] [Volume]" classname="E2eNode Suite" time="18.062656033"></testcase>
      <testcase name="[k8s.io] Probing container should *not* be restarted with a exec &#34;cat /tmp/health&#34; liveness probe [Conformance]" classname="E2eNode Suite" time="136.258513217">
          <failure type="Failure">/root/go-project/src/k8s.io/kubernetes/_output/local/go/src/k8s.io/kubernetes/test/e2e/common/container_probe.go:149&#xA;Mar 21 08:43:34.404: pod e2e-tests-container-probe-28l33/liveness-exec - expected number of restarts: 0, found restarts: 4&#xA;/root/go-project/src/k8s.io/kubernetes/_output/local/go/src/k8s.io/kubernetes/test/e2e/common/container_probe.go:404</failure>
          <system-out>[BeforeEach] [k8s.io] Probing container&#xA;  /root/go-project/src/k8s.io/kubernetes/_output/local/go/src/k8s.io/kubernetes/test/e2e/framework/framework.go:119&#xA;�[1mSTEP�[0m: Creating a kubernetes client&#xA;�[1mSTEP�[0m: Building a namespace api object&#xA;Mar 21 08:41:28.265: INFO: Skipping waiting for service account&#xA;[BeforeEach] [k8s.io] Probing container&#xA;  /root/go-project/src/k8s.io/kubernetes/_output/local/go/src/k8s.io/kubernetes/test/e2e/common/container_probe.go:48&#xA;[It] should *not* be restarted with a exec &#34;cat /tmp/health&#34; liveness probe [Conformance]&#xA;  /root/go-project/src/k8s.io/kubernetes/_output/local/go/src/k8s.io/kubernetes/test/e2e/common/container_probe.go:149&#xA;�[1mSTEP�[0m: Creating pod liveness-exec in namespace e2e-tests-container-probe-28l33&#xA;Mar 21 08:41:34.269: INFO: Started pod liveness-exec in namespace e2e-tests-container-probe-28l33&#xA;�[1mSTEP�[0m: checking the pod&#39;s current state and verifying that restartCount is present&#xA;Mar 21 08:41:34.270: INFO: Initial restart count of pod liveness-exec is 0&#xA;Mar 21 08:41:50.289: INFO: Restart count of pod e2e-tests-container-probe-28l33/liveness-exec is now 1 (16.018720104s elapsed)&#xA;Mar 21 08:42:10.313: INFO: Restart count of pod e2e-tests-container-probe-28l33/liveness-exec is now 2 (36.042651634s elapsed)&#xA;Mar 21 08:42:30.333: INFO: Restart count of pod e2e-tests-container-probe-28l33/liveness-exec is now 3 (56.062735508s elapsed)&#xA;Mar 21 08:42:50.355: INFO: Restart count of pod e2e-tests-container-probe-28l33/liveness-exec is now 4 (1m16.084108116s elapsed)&#xA;Mar 21 08:43:34.404: INFO: pod e2e-tests-container-probe-28l33/liveness-exec - expected number of restarts: 0, found restarts: 4&#xA;�[1mSTEP�[0m: deleting the pod&#xA;[AfterEach] [k8s.io] Probing container&#xA;  /root/go-project/src/k8s.io/kubernetes/_output/local/go/src/k8s.io/kubernetes/test/e2e/framework/framework.go:120&#xA;�[1mSTEP�[0m: Collecting events from namespace &#34;e2e-tests-container-probe-28l33&#34;.&#xA;�[1mSTEP�[0m: Found 18 events.&#xA;Mar 21 08:43:34.416: INFO: At 2017-03-21 08:41:33 +0000 UTC - event for liveness-exec: {kubelet frakti-e2e} Created: Created container with id f5598bf8a5dda0088924df2253db08658a4e862221ea513625a06bc89f743d7b&#xA;Mar 21 08:43:34.416: INFO: At 2017-03-21 08:41:33 +0000 UTC - event for liveness-exec: {kubelet frakti-e2e} Started: Started container with id f5598bf8a5dda0088924df2253db08658a4e862221ea513625a06bc89f743d7b&#xA;Mar 21 08:43:34.416: INFO: At 2017-03-21 08:41:33 +0000 UTC - event for liveness-exec: {kubelet frakti-e2e} Pulled: Container image &#34;gcr.io/google_containers/busybox:1.24&#34; already present on machine&#xA;Mar 21 08:43:34.416: INFO: At 2017-03-21 08:41:48 +0000 UTC - event for liveness-exec: {kubelet frakti-e2e} Created: Created container with id ca046adfc9797575211f5c7f0677ac64b94ad03b0d869c76f68cd003d126f635&#xA;Mar 21 08:43:34.416: INFO: At 2017-03-21 08:41:48 +0000 UTC - event for liveness-exec: {kubelet frakti-e2e} Started: Started container with id ca046adfc9797575211f5c7f0677ac64b94ad03b0d869c76f68cd003d126f635&#xA;Mar 21 08:43:34.416: INFO: At 2017-03-21 08:41:48 +0000 UTC - event for liveness-exec: {kubelet frakti-e2e} Killing: Killing container with id hyper://f5598bf8a5dda0088924df2253db08658a4e862221ea513625a06bc89f743d7b:pod &#34;liveness-exec_e2e-tests-container-probe-28l33(2cd83bc0-0e12-11e7-a9e6-42010a8c0008)&#34; container &#34;liveness&#34; is unhealthy, it will be killed and re-created.&#xA;Mar 21 08:43:34.416: INFO: At 2017-03-21 08:42:08 +0000 UTC - event for liveness-exec: {kubelet frakti-e2e} Killing: Killing container with id hyper://ca046adfc9797575211f5c7f0677ac64b94ad03b0d869c76f68cd003d126f635:pod &#34;liveness-exec_e2e-tests-container-probe-28l33(2cd83bc0-0e12-11e7-a9e6-42010a8c0008)&#34; container &#34;liveness&#34; is unhealthy, it will be killed and re-created.&#xA;Mar 21 08:43:34.416: INFO: At 2017-03-21 08:42:08 +0000 UTC - event for liveness-exec: {kubelet frakti-e2e} Created: Created container with id b4e26ffec290171494d9142937ef253181e8adde52f9b60a6bf72867d8c35231&#xA;Mar 21 08:43:34.416: INFO: At 2017-03-21 08:42:08 +0000 UTC - event for liveness-exec: {kubelet frakti-e2e} Started: Started container with id b4e26ffec290171494d9142937ef253181e8adde52f9b60a6bf72867d8c35231&#xA;Mar 21 08:43:34.416: INFO: At 2017-03-21 08:42:28 +0000 UTC - event for liveness-exec: {kubelet frakti-e2e} Started: Started container with id a386f1467f735450f623a9c458274c2822a9d2d6d50b9b2dc54e3fd0be20f556&#xA;Mar 21 08:43:34.416: INFO: At 2017-03-21 08:42:28 +0000 UTC - event for liveness-exec: {kubelet frakti-e2e} Created: Created container with id a386f1467f735450f623a9c458274c2822a9d2d6d50b9b2dc54e3fd0be20f556&#xA;Mar 21 08:43:34.416: INFO: At 2017-03-21 08:42:28 +0000 UTC - event for liveness-exec: {kubelet frakti-e2e} Killing: Killing container with id hyper://b4e26ffec290171494d9142937ef253181e8adde52f9b60a6bf72867d8c35231:pod &#34;liveness-exec_e2e-tests-container-probe-28l33(2cd83bc0-0e12-11e7-a9e6-42010a8c0008)&#34; container &#34;liveness&#34; is unhealthy, it will be killed and re-created.&#xA;Mar 21 08:43:34.416: INFO: At 2017-03-21 08:42:48 +0000 UTC - event for liveness-exec: {kubelet frakti-e2e} Killing: Killing container with id hyper://a386f1467f735450f623a9c458274c2822a9d2d6d50b9b2dc54e3fd0be20f556:pod &#34;liveness-exec_e2e-tests-container-probe-28l33(2cd83bc0-0e12-11e7-a9e6-42010a8c0008)&#34; container &#34;liveness&#34; is unhealthy, it will be killed and re-created.&#xA;Mar 21 08:43:34.416: INFO: At 2017-03-21 08:42:48 +0000 UTC - event for liveness-exec: {kubelet frakti-e2e} Created: Created container with id a8a770a1f58d390f72014bb50fe2d854b1c625d6bc9ed43a7d565f89d8d0500c&#xA;Mar 21 08:43:34.416: INFO: At 2017-03-21 08:42:48 +0000 UTC - event for liveness-exec: {kubelet frakti-e2e} Started: Started container with id a8a770a1f58d390f72014bb50fe2d854b1c625d6bc9ed43a7d565f89d8d0500c&#xA;Mar 21 08:43:34.416: INFO: At 2017-03-21 08:43:08 +0000 UTC - event for liveness-exec: {kubelet frakti-e2e} Killing: Killing container with id hyper://a8a770a1f58d390f72014bb50fe2d854b1c625d6bc9ed43a7d565f89d8d0500c:pod &#34;liveness-exec_e2e-tests-container-probe-28l33(2cd83bc0-0e12-11e7-a9e6-42010a8c0008)&#34; container &#34;liveness&#34; is unhealthy, it will be killed and re-created.&#xA;Mar 21 08:43:34.416: INFO: At 2017-03-21 08:43:08 +0000 UTC - event for liveness-exec: {kubelet frakti-e2e} BackOff: Back-off restarting failed container&#xA;Mar 21 08:43:34.416: INFO: At 2017-03-21 08:43:08 +0000 UTC - event for liveness-exec: {kubelet frakti-e2e} FailedSync: Error syncing pod, skipping: failed to &#34;StartContainer&#34; for &#34;liveness&#34; with CrashLoopBackOff: &#34;Back-off 40s restarting failed container=liveness pod=liveness-exec_e2e-tests-container-probe-28l33(2cd83bc0-0e12-11e7-a9e6-42010a8c0008)&#34;&#xA;&#xA;Mar 21 08:43:34.420: INFO: POD  NODE  PHASE  GRACE  CONDITIONS&#xA;Mar 21 08:43:34.420: INFO: &#xA;Mar 21 08:43:34.421: INFO: &#xA;Logging node info for node frakti-e2e&#xA;Mar 21 08:43:34.422: INFO: Node Info: &amp;Node{ObjectMeta:k8s_io_apimachinery_pkg_apis_meta_v1.ObjectMeta{Name:frakti-e2e,GenerateName:,Namespace:,SelfLink:/api/v1/nodesfrakti-e2e,UID:e55acc6b-0e0d-11e7-a9e6-42010a8c0008,ResourceVersion:2975,Generation:0,CreationTimestamp:2017-03-21 08:10:50 +0000 UTC,DeletionTimestamp:&lt;nil&gt;,DeletionGracePeriodSeconds:nil,Labels:map[string]string{beta.kubernetes.io/arch: amd64,beta.kubernetes.io/os: linux,kubernetes.io/hostname: frakti-e2e,},Annotations:map[string]string{volumes.kubernetes.io/controller-managed-attach-detach: true,},OwnerReferences:[],Finalizers:[],ClusterName:,},Spec:NodeSpec{PodCIDR:,ExternalID:frakti-e2e,ProviderID:gce:////5985600149768706345,Unschedulable:false,Taints:[],},Status:NodeStatus{Capacity:ResourceList{cpu: {{4 0} {&lt;nil&gt;} 4 DecimalSI},memory: {{15770382336 0} {&lt;nil&gt;} 15400764Ki BinarySI},pods: {{110 0} {&lt;nil&gt;} 110 DecimalSI},},Allocatable:ResourceList{cpu: {{4 0} {&lt;nil&gt;} 4 DecimalSI},memory: {{15508238336 0} {&lt;nil&gt;} 15144764Ki BinarySI},pods: {{110 0} {&lt;nil&gt;} 110 DecimalSI},},Phase:,Conditions:[{OutOfDisk False 2017-03-21 08:43:29 +0000 UTC 2017-03-21 08:10:50 +0000 UTC KubeletHasSufficientDisk kubelet has sufficient disk space available} {MemoryPressure False 2017-03-21 08:43:29 +0000 UTC 2017-03-21 08:10:50 +0000 UTC KubeletHasSufficientMemory kubelet has sufficient memory available} {DiskPressure False 2017-03-21 08:43:29 +0000 UTC 2017-03-21 08:10:50 +0000 UTC KubeletHasNoDiskPressure kubelet has no disk pressure} {Ready True 2017-03-21 08:43:29 +0000 UTC 2017-03-21 08:10:50 +0000 UTC KubeletReady kubelet is posting ready status}],Addresses:[{LegacyHostIP 10.140.0.8} {InternalIP 10.140.0.8} {Hostname frakti-e2e}],DaemonEndpoints:NodeDaemonEndpoints{KubeletEndpoint:DaemonEndpoint{Port:10250,},},NodeInfo:NodeSystemInfo{MachineID:24ff1754f521f8ffc0b9d886cd5831f7,SystemUUID:66DF790D-8659-19AF-C8E8-AAAC6BAFD264,BootID:6dd25fc1-ba14-4123-b425-12a6ca632681,KernelVersion:3.10.0-514.6.2.el7.x86_64,OSImage:CentOS Linux 7 (Core),ContainerRuntimeVersion:hyper://0.8.0,KubeletVersion:v1.7.0-alpha.0.1397+e3f6f14bf0d1af,KubeProxyVersion:v1.7.0-alpha.0.1397+e3f6f14bf0d1af,OperatingSystem:linux,Architecture:amd64,},Images:[{[gcr.io/google_containers/node-problem-detector:v0.3.0] 290407887} {[gcr.io/google_containers/volume-nfs:0.8] 247146979} {[gcr.io/google_containers/volume-gluster:0.2] 212127750} {[gcr.io/google_containers/nginx-slim:0.7] 86838142} {[] 47794349} {[gcr.io/google_containers/hostexec:1.2] 13185747} {[gcr.io/google_containers/netexec:1.7] 8016035} {[gcr.io/google_containers/netexec:1.5] 7358440} {[gcr.io/google_containers/netexec:1.4] 7293444} {[gcr.io/google_containers/alpine-with-bash:1.0] 6660469} {[gcr.io/google_containers/serve_hostname:v1.4] 6222101} {[gcr.io/google-containers/stress:v1] 5494760} {[] 5042632} {[gcr.io/authenticated-image-pulling/alpine:3.1] 5038488} {[gcr.io/google_containers/test-webserver:e2e] 4534272} {[gcr.io/google_containers/liveness:e2e] 4387474} {[gcr.io/google_containers/eptest:0.1] 2970692} {[gcr.io/google_containers/mounttest-user:0.5] 1450761} {[gcr.io/google_containers/mounttest:0.8] 1450761} {[gcr.io/google_containers/busybox@sha256:4bdd623e848417d96127e16037743f0cd8b528c026e9175e22a84f639eca58ff gcr.io/google_containers/busybox:1.24] 1113554} {[gcr.io/google_containers/pause-amd64:3.0] 746888}],VolumesInUse:[],VolumesAttached:[],},}&#xA;Mar 21 08:43:34.422: INFO: &#xA;Logging kubelet events for node frakti-e2e&#xA;Mar 21 08:43:34.423: INFO: &#xA;Logging pods the kubelet thinks is on node frakti-e2e&#xA;Mar 21 08:43:34.485: INFO: &#xA;Latency metrics for node frakti-e2e&#xA;Mar 21 08:43:34.485: INFO: {Operation:sync Method:pod_worker_latency_microseconds Quantile:0.99 Latency:2m5.441473s}&#xA;Mar 21 08:43:34.485: INFO: {Operation:sync Method:pod_worker_latency_microseconds Quantile:0.9 Latency:2m5.410801s}&#xA;Mar 21 08:43:34.485: INFO: {Operation:sync Method:pod_worker_latency_microseconds Quantile:0.5 Latency:2m1.14367s}&#xA;�[1mSTEP�[0m: Dumping a list of prepulled images on each node&#xA;Mar 21 08:43:34.486: INFO: Waiting up to 3m0s for all (but 0) nodes to be ready&#xA;�[1mSTEP�[0m: Destroying namespace &#34;e2e-tests-container-probe-28l33&#34; for this suite.&#xA;Mar 21 08:43:44.505: INFO: namespace: e2e-tests-container-probe-28l33, resource: bindings, ignored listing per whitelist&#xA;</system-out>
      </testcase>
      <testcase name="[k8s.io] Resource-usage [Serial] [Slow] regular resource usage tracking resource tracking for 35 pods per node [Benchmark]" classname="E2eNode Suite" time="0">
          <skipped></skipped>
      </testcase>
      <testcase name="[k8s.io] Kubelet Cgroup Manager Pod containers On scheduling a BestEffort Pod Pod containers should have been created under the BestEffort cgroup" classname="E2eNode Suite" time="0">
          <skipped></skipped>
      </testcase>
      <testcase name="[k8s.io] Projected should provide node allocatable (memory) as default memory limit if the limit is not set [Conformance] [Volume]" classname="E2eNode Suite" time="18.062590085"></testcase>
      <testcase name="[k8s.io] Downward API volume should update annotations on modification [Conformance] [Volume]" classname="E2eNode Suite" time="112.802858502"></testcase>
      <testcase name="[k8s.io] Probing container should be restarted with a docker exec liveness probe with timeout [Conformance]" classname="E2eNode Suite" time="10.038718976">
          <skipped></skipped>
      </testcase>
      <testcase name="[k8s.io] Density [Serial] [Slow] create a sequence of pods latency/resource should be within limit when create 30 pods with 50 background pods [Benchmark]" classname="E2eNode Suite" time="0">
          <skipped></skipped>
      </testcase>
      <testcase name="[k8s.io] Density [Serial] [Slow] create a batch of pods latency/resource should be within limit when create 105 pods with 300ms interval [Benchmark]" classname="E2eNode Suite" time="0">
          <skipped></skipped>
      </testcase>
      <testcase name="[k8s.io] PrivilegedPod should enable privileged commands" classname="E2eNode Suite" time="0">
          <skipped></skipped>
      </testcase>
      <testcase name="[k8s.io] Projected should be consumable from pods in volume with mappings [Conformance] [Volume]" classname="E2eNode Suite" time="18.069621961"></testcase>
      <testcase name="[k8s.io] EmptyDir volumes volume on default medium should have the correct mode [Conformance] [Volume]" classname="E2eNode Suite" time="18.061098142"></testcase>
      <testcase name="[k8s.io] Pods should cap back-off at MaxContainerBackOff [Slow]" classname="E2eNode Suite" time="0">
          <skipped></skipped>
      </testcase>
      <testcase name="[k8s.io] Kubelet Eviction Manager [Serial] [Disruptive] hard eviction test pod using the most disk space gets evicted when the node disk usage is above the eviction hard threshold should evict the pod using the most disk space [Slow]" classname="E2eNode Suite" time="0">
          <skipped></skipped>
      </testcase>
      <testcase name="[k8s.io] Projected should set DefaultMode on files [Conformance] [Volume]" classname="E2eNode Suite" time="16.06280402"></testcase>
  </testsuite>