<?xml version="1.0" encoding="UTF-8"?>
  <testsuite tests="57" failures="12" time="1876.460698718">
      <testcase name="[k8s.io] EmptyDir volumes when FSGroup is specified [Feature:FSGroup] volume on tmpfs should have the correct mode using FSGroup [Volume]" classname="E2eNode Suite" time="0">
          <skipped></skipped>
      </testcase>
      <testcase name="[k8s.io] Downward API volume should provide podname as non-root with fsgroup [Feature:FSGroup] [Volume]" classname="E2eNode Suite" time="0">
          <skipped></skipped>
      </testcase>
      <testcase name="[k8s.io] Projected should be consumable from pods in volume [Conformance] [Volume]" classname="E2eNode Suite" time="18.077542086"></testcase>
      <testcase name="[k8s.io] Projected should be consumable from pods in volume as non-root with FSGroup [Feature:FSGroup] [Volume]" classname="E2eNode Suite" time="0">
          <skipped></skipped>
      </testcase>
      <testcase name="[k8s.io] Density [Serial] [Slow] create a batch of pods latency/resource should be within limit when create 105 pods with 100ms interval [Benchmark]" classname="E2eNode Suite" time="0">
          <skipped></skipped>
      </testcase>
      <testcase name="[k8s.io] ConfigMap should be consumable from pods in volume as non-root with FSGroup [Feature:FSGroup] [Volume]" classname="E2eNode Suite" time="0">
          <skipped></skipped>
      </testcase>
      <testcase name="[k8s.io] Projected should be consumable from pods in volume with mappings as non-root [Conformance] [Volume]" classname="E2eNode Suite" time="18.068774908"></testcase>
      <testcase name="[k8s.io] CriticalPod [Serial] [Disruptive] when we need to admit a critical pod should be able to create and delete a critical pod" classname="E2eNode Suite" time="0">
          <skipped></skipped>
      </testcase>
      <testcase name="[k8s.io] Container Runtime Conformance Test container runtime conformance blackbox test when running a container with a new image should not be able to pull from private registry without secret [Conformance]" classname="E2eNode Suite" time="17.090226854"></testcase>
      <testcase name="[k8s.io] Container Runtime Conformance Test container runtime conformance blackbox test when starting a container that exits should report termination message from log output if TerminationMessagePolicy FallbackToLogOnError is set [Conformance]" classname="E2eNode Suite" time="16.074850902"></testcase>
      <testcase name="[k8s.io] Projected should provide podname as non-root with fsgroup [Feature:FSGroup] [Volume]" classname="E2eNode Suite" time="0">
          <skipped></skipped>
      </testcase>
      <testcase name="[k8s.io] Networking [k8s.io] Granular Checks: Pods should function for node-pod communication: http [Conformance]" classname="E2eNode Suite" time="83.173104623"></testcase>
      <testcase name="[k8s.io] Projected should provide node allocatable (cpu) as default cpu limit if the limit is not set [Conformance] [Volume]" classname="E2eNode Suite" time="18.066744072"></testcase>
      <testcase name="[k8s.io] Projected should be consumable from pods in volume with mappings and Item Mode set [Conformance] [Volume]" classname="E2eNode Suite" time="16.066168198"></testcase>
      <testcase name="[k8s.io] Docker Containers should be able to override the image&#39;s default command and arguments [Conformance]" classname="E2eNode Suite" time="18.062911239"></testcase>
      <testcase name="[k8s.io] Container Manager Misc [Serial] Validate OOM score adjustments once the node is setup burstable container&#39;s oom-score-adj should be between [2, 1000)" classname="E2eNode Suite" time="0">
          <skipped></skipped>
      </testcase>
      <testcase name="[k8s.io] EmptyDir volumes when FSGroup is specified [Feature:FSGroup] volume on default medium should have the correct mode using FSGroup [Volume]" classname="E2eNode Suite" time="0">
          <skipped></skipped>
      </testcase>
      <testcase name="[k8s.io] Container Runtime Conformance Test container runtime conformance blackbox test when running a container with a new image should be able to pull image from gcr.io [Conformance]" classname="E2eNode Suite" time="94.241592591"></testcase>
      <testcase name="[k8s.io] Projected should be consumable from pods in volume with mappings [Conformance] [Volume]" classname="E2eNode Suite" time="18.070235831"></testcase>
      <testcase name="[k8s.io] Density [Serial] [Slow] create a batch of pods latency/resource should be within limit when create 105 pods with 0s interval [Benchmark]" classname="E2eNode Suite" time="0">
          <skipped></skipped>
      </testcase>
      <testcase name="[k8s.io] ConfigMap should be consumable from pods in volume with mappings as non-root with FSGroup [Feature:FSGroup] [Volume]" classname="E2eNode Suite" time="0">
          <skipped></skipped>
      </testcase>
      <testcase name="[k8s.io] Pods should allow activeDeadlineSeconds to be updated [Conformance]" classname="E2eNode Suite" time="20.557881701"></testcase>
      <testcase name="[k8s.io] Container Manager Misc [Serial] Validate OOM score adjustments once the node is setup guaranteed container&#39;s oom-score-adj should be -998" classname="E2eNode Suite" time="0">
          <skipped></skipped>
      </testcase>
      <testcase name="[k8s.io] Projected should be consumable from pods in volume with mappings as non-root with FSGroup [Feature:FSGroup] [Volume]" classname="E2eNode Suite" time="0">
          <skipped></skipped>
      </testcase>
      <testcase name="[k8s.io] Kubelet Cgroup Manager QOS containers On enabling QOS cgroup hierarchy Top level QoS containers should have been created" classname="E2eNode Suite" time="0">
          <skipped></skipped>
      </testcase>
      <testcase name="[k8s.io] Downward API volume should set mode on item file [Conformance] [Volume]" classname="E2eNode Suite" time="18.068180523"></testcase>
      <testcase name="[k8s.io] DynamicKubeletConfiguration [Feature:DynamicKubeletConfig] [Serial] [Disruptive] When a configmap called `kubelet-{node-name}` is added to the `kube-system` namespace The Kubelet on that node should restart to take up the new config" classname="E2eNode Suite" time="0">
          <skipped></skipped>
      </testcase>
      <testcase name="[k8s.io] Restart [Serial] [Slow] [Disruptive] Docker Daemon Network should recover from ip leak" classname="E2eNode Suite" time="0">
          <skipped></skipped>
      </testcase>
      <testcase name="[k8s.io] ConfigMap should be consumable in multiple volumes in the same pod [Conformance] [Volume]" classname="E2eNode Suite" time="18.067559744"></testcase>
      <testcase name="[k8s.io] Density [Serial] [Slow] create a sequence of pods latency/resource should be within limit when create 10 pods with 50 background pods" classname="E2eNode Suite" time="0">
          <skipped></skipped>
      </testcase>
      <testcase name="[k8s.io] Summary API when querying /stats/summary should report resource usage through the stats api" classname="E2eNode Suite" time="0">
          <skipped></skipped>
      </testcase>
      <testcase name="[k8s.io] Networking [k8s.io] Granular Checks: Pods should function for intra-pod communication: udp [Conformance]" classname="E2eNode Suite" time="90.278806732"></testcase>
      <testcase name="[k8s.io] Secrets should be consumable from pods in volume [Conformance] [Volume]" classname="E2eNode Suite" time="23.076440608"></testcase>
      <testcase name="[k8s.io] ConfigMap should be consumable via the environment [Conformance]" classname="E2eNode Suite" time="16.135874342">
          <failure type="Failure">/root/go-project/src/k8s.io/kubernetes/_output/local/go/src/k8s.io/kubernetes/test/e2e/common/configmap.go:422&#xA;Expected error:&#xA;    &lt;*errors.errorString | 0xc420c52a20&gt;: {&#xA;        s: &#34;expected pod \&#34;pod-configmaps-087a4389-0e0f-11e7-8984-42010a8c0008\&#34; success: &lt;nil&gt;&#34;,&#xA;    }&#xA;    expected pod &#34;pod-configmaps-087a4389-0e0f-11e7-8984-42010a8c0008&#34; success: &lt;nil&gt;&#xA;not to have occurred&#xA;/root/go-project/src/k8s.io/kubernetes/_output/local/go/src/k8s.io/kubernetes/test/e2e/framework/util.go:2197</failure>
          <system-out>[BeforeEach] [k8s.io] ConfigMap&#xA;  /root/go-project/src/k8s.io/kubernetes/_output/local/go/src/k8s.io/kubernetes/test/e2e/framework/framework.go:119&#xA;�[1mSTEP�[0m: Creating a kubernetes client&#xA;�[1mSTEP�[0m: Building a namespace api object&#xA;Mar 21 08:18:58.760: INFO: Skipping waiting for service account&#xA;[It] should be consumable via the environment [Conformance]&#xA;  /root/go-project/src/k8s.io/kubernetes/_output/local/go/src/k8s.io/kubernetes/test/e2e/common/configmap.go:422&#xA;�[1mSTEP�[0m: Creating configMap e2e-tests-configmap-9zchz/configmap-test-087a0e30-0e0f-11e7-8984-42010a8c0008&#xA;�[1mSTEP�[0m: Creating a pod to test consume configMaps&#xA;Mar 21 08:18:58.763: INFO: Waiting up to 5m0s for pod pod-configmaps-087a4389-0e0f-11e7-8984-42010a8c0008 status to be success or failure&#xA;Mar 21 08:18:58.768: INFO: Waiting for pod pod-configmaps-087a4389-0e0f-11e7-8984-42010a8c0008 in namespace &#39;e2e-tests-configmap-9zchz&#39; status to be &#39;success or failure&#39;(found phase: &#34;Pending&#34;, readiness: false) (4.609508ms elapsed)&#xA;Mar 21 08:19:00.770: INFO: Waiting for pod pod-configmaps-087a4389-0e0f-11e7-8984-42010a8c0008 in namespace &#39;e2e-tests-configmap-9zchz&#39; status to be &#39;success or failure&#39;(found phase: &#34;Pending&#34;, readiness: false) (2.007080635s elapsed)&#xA;Mar 21 08:19:02.772: INFO: Waiting for pod pod-configmaps-087a4389-0e0f-11e7-8984-42010a8c0008 in namespace &#39;e2e-tests-configmap-9zchz&#39; status to be &#39;success or failure&#39;(found phase: &#34;Pending&#34;, readiness: false) (4.009000969s elapsed)&#xA;Mar 21 08:19:04.780: INFO: Output of node &#34;frakti-e2e&#34; pod &#34;pod-configmaps-087a4389-0e0f-11e7-8984-42010a8c0008&#34; container &#34;env-test&#34;: exec failed: No such file or directory&#xA;&#xA;�[1mSTEP�[0m: delete the pod&#xA;Mar 21 08:19:04.785: INFO: Waiting for pod pod-configmaps-087a4389-0e0f-11e7-8984-42010a8c0008 to disappear&#xA;Mar 21 08:19:04.786: INFO: Pod pod-configmaps-087a4389-0e0f-11e7-8984-42010a8c0008 no longer exists&#xA;Mar 21 08:19:04.786: INFO: Unexpected error occurred: expected pod &#34;pod-configmaps-087a4389-0e0f-11e7-8984-42010a8c0008&#34; success: &lt;nil&gt;&#xA;[AfterEach] [k8s.io] ConfigMap&#xA;  /root/go-project/src/k8s.io/kubernetes/_output/local/go/src/k8s.io/kubernetes/test/e2e/framework/framework.go:120&#xA;�[1mSTEP�[0m: Collecting events from namespace &#34;e2e-tests-configmap-9zchz&#34;.&#xA;�[1mSTEP�[0m: Found 3 events.&#xA;Mar 21 08:19:04.788: INFO: At 2017-03-21 08:19:03 +0000 UTC - event for pod-configmaps-087a4389-0e0f-11e7-8984-42010a8c0008: {kubelet frakti-e2e} Pulled: Container image &#34;gcr.io/google_containers/busybox:1.24&#34; already present on machine&#xA;Mar 21 08:19:04.788: INFO: At 2017-03-21 08:19:03 +0000 UTC - event for pod-configmaps-087a4389-0e0f-11e7-8984-42010a8c0008: {kubelet frakti-e2e} Created: Created container with id 41d14a2534ec416c6d05af6405aa93096f08d66083cb185dd71ab46825296dd5&#xA;Mar 21 08:19:04.788: INFO: At 2017-03-21 08:19:03 +0000 UTC - event for pod-configmaps-087a4389-0e0f-11e7-8984-42010a8c0008: {kubelet frakti-e2e} Started: Started container with id 41d14a2534ec416c6d05af6405aa93096f08d66083cb185dd71ab46825296dd5&#xA;Mar 21 08:19:04.790: INFO: POD  NODE  PHASE  GRACE  CONDITIONS&#xA;Mar 21 08:19:04.790: INFO: &#xA;Mar 21 08:19:04.791: INFO: &#xA;Logging node info for node frakti-e2e&#xA;Mar 21 08:19:04.793: INFO: Node Info: &amp;Node{ObjectMeta:k8s_io_apimachinery_pkg_apis_meta_v1.ObjectMeta{Name:frakti-e2e,GenerateName:,Namespace:,SelfLink:/api/v1/nodesfrakti-e2e,UID:e55acc6b-0e0d-11e7-a9e6-42010a8c0008,ResourceVersion:956,Generation:0,CreationTimestamp:2017-03-21 08:10:50 +0000 UTC,DeletionTimestamp:&lt;nil&gt;,DeletionGracePeriodSeconds:nil,Labels:map[string]string{beta.kubernetes.io/arch: amd64,beta.kubernetes.io/os: linux,kubernetes.io/hostname: frakti-e2e,},Annotations:map[string]string{volumes.kubernetes.io/controller-managed-attach-detach: true,},OwnerReferences:[],Finalizers:[],ClusterName:,},Spec:NodeSpec{PodCIDR:,ExternalID:frakti-e2e,ProviderID:gce:////5985600149768706345,Unschedulable:false,Taints:[],},Status:NodeStatus{Capacity:ResourceList{cpu: {{4 0} {&lt;nil&gt;} 4 DecimalSI},memory: {{15770382336 0} {&lt;nil&gt;} 15400764Ki BinarySI},pods: {{110 0} {&lt;nil&gt;} 110 DecimalSI},},Allocatable:ResourceList{cpu: {{4 0} {&lt;nil&gt;} 4 DecimalSI},memory: {{15508238336 0} {&lt;nil&gt;} 15144764Ki BinarySI},pods: {{110 0} {&lt;nil&gt;} 110 DecimalSI},},Phase:,Conditions:[{OutOfDisk False 2017-03-21 08:19:02 +0000 UTC 2017-03-21 08:10:50 +0000 UTC KubeletHasSufficientDisk kubelet has sufficient disk space available} {MemoryPressure False 2017-03-21 08:19:02 +0000 UTC 2017-03-21 08:10:50 +0000 UTC KubeletHasSufficientMemory kubelet has sufficient memory available} {DiskPressure False 2017-03-21 08:19:02 +0000 UTC 2017-03-21 08:10:50 +0000 UTC KubeletHasNoDiskPressure kubelet has no disk pressure} {Ready True 2017-03-21 08:19:02 +0000 UTC 2017-03-21 08:10:50 +0000 UTC KubeletReady kubelet is posting ready status}],Addresses:[{LegacyHostIP 10.140.0.8} {InternalIP 10.140.0.8} {Hostname frakti-e2e}],DaemonEndpoints:NodeDaemonEndpoints{KubeletEndpoint:DaemonEndpoint{Port:10250,},},NodeInfo:NodeSystemInfo{MachineID:24ff1754f521f8ffc0b9d886cd5831f7,SystemUUID:66DF790D-8659-19AF-C8E8-AAAC6BAFD264,BootID:6dd25fc1-ba14-4123-b425-12a6ca632681,KernelVersion:3.10.0-514.6.2.el7.x86_64,OSImage:CentOS Linux 7 (Core),ContainerRuntimeVersion:hyper://0.8.0,KubeletVersion:v1.7.0-alpha.0.1397+e3f6f14bf0d1af,KubeProxyVersion:v1.7.0-alpha.0.1397+e3f6f14bf0d1af,OperatingSystem:linux,Architecture:amd64,},Images:[{[gcr.io/google_containers/node-problem-detector:v0.3.0] 290407887} {[gcr.io/google_containers/volume-nfs:0.8] 247146979} {[gcr.io/google_containers/volume-gluster:0.2] 212127750} {[gcr.io/google_containers/nginx-slim:0.7] 86838142} {[] 47794349} {[gcr.io/google_containers/hostexec:1.2] 13185747} {[gcr.io/google_containers/netexec:1.7] 8016035} {[gcr.io/google_containers/netexec:1.5] 7358440} {[gcr.io/google_containers/netexec:1.4] 7293444} {[gcr.io/google_containers/alpine-with-bash:1.0] 6660469} {[gcr.io/google_containers/serve_hostname:v1.4] 6222101} {[gcr.io/google-containers/stress:v1] 5494760} {[] 5042632} {[gcr.io/authenticated-image-pulling/alpine:3.1] 5038488} {[gcr.io/google_containers/test-webserver:e2e] 4534272} {[gcr.io/google_containers/liveness:e2e] 4387474} {[gcr.io/google_containers/eptest:0.1] 2970692} {[gcr.io/google_containers/mounttest-user:0.5] 1450761} {[gcr.io/google_containers/mounttest:0.8] 1450761} {[gcr.io/google_containers/busybox@sha256:4bdd623e848417d96127e16037743f0cd8b528c026e9175e22a84f639eca58ff gcr.io/google_containers/busybox:1.24] 1113554} {[gcr.io/google_containers/pause-amd64:3.0] 746888}],VolumesInUse:[],VolumesAttached:[],},}&#xA;Mar 21 08:19:04.793: INFO: &#xA;Logging kubelet events for node frakti-e2e&#xA;Mar 21 08:19:04.794: INFO: &#xA;Logging pods the kubelet thinks is on node frakti-e2e&#xA;Mar 21 08:19:04.860: INFO: &#xA;Latency metrics for node frakti-e2e&#xA;Mar 21 08:19:04.860: INFO: {Operation:sync Method:pod_worker_latency_microseconds Quantile:0.99 Latency:2m5.113991s}&#xA;Mar 21 08:19:04.860: INFO: {Operation:sync Method:pod_worker_latency_microseconds Quantile:0.9 Latency:2m5.074759s}&#xA;Mar 21 08:19:04.860: INFO: {Operation:sync Method:pod_worker_latency_microseconds Quantile:0.5 Latency:2m1.024807s}&#xA;�[1mSTEP�[0m: Dumping a list of prepulled images on each node&#xA;Mar 21 08:19:04.862: INFO: Waiting up to 3m0s for all (but 0) nodes to be ready&#xA;�[1mSTEP�[0m: Destroying namespace &#34;e2e-tests-configmap-9zchz&#34; for this suite.&#xA;Mar 21 08:19:14.892: INFO: namespace: e2e-tests-configmap-9zchz, resource: bindings, ignored listing per whitelist&#xA;</system-out>
      </testcase>
      <testcase name="[k8s.io] Projected should update labels on modification [Conformance] [Volume]" classname="E2eNode Suite" time="125.853949678"></testcase>
      <testcase name="[k8s.io] EmptyDir volumes should support (root,0777,tmpfs) [Conformance] [Volume]" classname="E2eNode Suite" time="18.067240673"></testcase>
      <testcase name="[k8s.io] Pods should have their auto-restart back-off timer reset on image update [Slow]" classname="E2eNode Suite" time="0">
          <skipped></skipped>
      </testcase>
      <testcase name="[k8s.io] Projected should be consumable from pods in volume as non-root with defaultMode and fsGroup set [Conformance] [Volume]" classname="E2eNode Suite" time="18.071506812"></testcase>
      <testcase name="[k8s.io] MemoryEviction [Slow] [Serial] [Disruptive]   when there is memory pressure should evict pods in the correct order (besteffort first, then burstable, then guaranteed)" classname="E2eNode Suite" time="0">
          <skipped></skipped>
      </testcase>
      <testcase name="[k8s.io] Container Runtime Conformance Test container runtime conformance blackbox test when running a container with a new image should not be able to pull image from invalid registry [Conformance]" classname="E2eNode Suite" time="18.061277757"></testcase>
      <testcase name="[k8s.io] Projected should be consumable in multiple volumes in the same pod [Conformance] [Volume]" classname="E2eNode Suite" time="21.063841304"></testcase>
      <testcase name="[k8s.io] Container Manager Misc [Serial] Validate OOM score adjustments once the node is setup docker daemon&#39;s oom-score-adj should be -999" classname="E2eNode Suite" time="0">
          <skipped></skipped>
      </testcase>
      <testcase name="[k8s.io] Downward API volume should provide container&#39;s cpu limit [Conformance] [Volume]" classname="E2eNode Suite" time="18.075184585"></testcase>
      <testcase name="[k8s.io] Projected should update annotations on modification [Conformance] [Volume]" classname="E2eNode Suite" time="40.573757477"></testcase>
      <testcase name="[k8s.io] Downward API volume should set DefaultMode on files [Conformance] [Volume]" classname="E2eNode Suite" time="16.064893686"></testcase>
      <testcase name="[k8s.io] Projected should project all components that make up the projection API [Conformance] [Volume] [Projection]" classname="E2eNode Suite" time="18.156631158">
          <failure type="Failure">/root/go-project/src/k8s.io/kubernetes/_output/local/go/src/k8s.io/kubernetes/test/e2e/common/projected.go:1023&#xA;Expected error:&#xA;    &lt;*errors.errorString | 0xc420ab9bc0&gt;: {&#xA;        s: &#34;expected pod \&#34;projected-volume-b683fd4b-0e0f-11e7-8984-42010a8c0008\&#34; success: &lt;nil&gt;&#34;,&#xA;    }&#xA;    expected pod &#34;projected-volume-b683fd4b-0e0f-11e7-8984-42010a8c0008&#34; success: &lt;nil&gt;&#xA;not to have occurred&#xA;/root/go-project/src/k8s.io/kubernetes/_output/local/go/src/k8s.io/kubernetes/test/e2e/framework/util.go:2197</failure>
          <system-out>[BeforeEach] [k8s.io] Projected&#xA;  /root/go-project/src/k8s.io/kubernetes/_output/local/go/src/k8s.io/kubernetes/test/e2e/framework/framework.go:119&#xA;�[1mSTEP�[0m: Creating a kubernetes client&#xA;�[1mSTEP�[0m: Building a namespace api object&#xA;Mar 21 08:23:50.749: INFO: Skipping waiting for service account&#xA;[BeforeEach] [k8s.io] Projected&#xA;  /root/go-project/src/k8s.io/kubernetes/_output/local/go/src/k8s.io/kubernetes/test/e2e/common/projected.go:803&#xA;[It] should project all components that make up the projection API [Conformance] [Volume] [Projection]&#xA;  /root/go-project/src/k8s.io/kubernetes/_output/local/go/src/k8s.io/kubernetes/test/e2e/common/projected.go:1023&#xA;�[1mSTEP�[0m: Creating configMap with name configmap-projected-all-test-volume-b683fd85-0e0f-11e7-8984-42010a8c0008&#xA;�[1mSTEP�[0m: Creating secret with name secret-projected-all-test-volume-b683fd6a-0e0f-11e7-8984-42010a8c0008&#xA;�[1mSTEP�[0m: Creating a pod to test Check all projections for projected volume plugin&#xA;Mar 21 08:23:50.754: INFO: Waiting up to 5m0s for pod projected-volume-b683fd4b-0e0f-11e7-8984-42010a8c0008 status to be success or failure&#xA;Mar 21 08:23:50.755: INFO: Waiting for pod projected-volume-b683fd4b-0e0f-11e7-8984-42010a8c0008 in namespace &#39;e2e-tests-projected-20j91&#39; status to be &#39;success or failure&#39;(found phase: &#34;Pending&#34;, readiness: false) (1.019627ms elapsed)&#xA;Mar 21 08:23:52.757: INFO: Waiting for pod projected-volume-b683fd4b-0e0f-11e7-8984-42010a8c0008 in namespace &#39;e2e-tests-projected-20j91&#39; status to be &#39;success or failure&#39;(found phase: &#34;Pending&#34;, readiness: false) (2.003287699s elapsed)&#xA;Mar 21 08:23:54.759: INFO: Waiting for pod projected-volume-b683fd4b-0e0f-11e7-8984-42010a8c0008 in namespace &#39;e2e-tests-projected-20j91&#39; status to be &#39;success or failure&#39;(found phase: &#34;Pending&#34;, readiness: false) (4.005408121s elapsed)&#xA;Mar 21 08:23:56.761: INFO: Waiting for pod projected-volume-b683fd4b-0e0f-11e7-8984-42010a8c0008 in namespace &#39;e2e-tests-projected-20j91&#39; status to be &#39;success or failure&#39;(found phase: &#34;Pending&#34;, readiness: false) (6.007604048s elapsed)&#xA;Mar 21 08:23:58.774: INFO: Output of node &#34;frakti-e2e&#34; pod &#34;projected-volume-b683fd4b-0e0f-11e7-8984-42010a8c0008&#34; container &#34;projected-all-volume-test&#34;: exec failed: No such file or directory&#xA;&#xA;�[1mSTEP�[0m: delete the pod&#xA;Mar 21 08:23:58.779: INFO: Waiting for pod projected-volume-b683fd4b-0e0f-11e7-8984-42010a8c0008 to disappear&#xA;Mar 21 08:23:58.781: INFO: Pod projected-volume-b683fd4b-0e0f-11e7-8984-42010a8c0008 no longer exists&#xA;Mar 21 08:23:58.781: INFO: Unexpected error occurred: expected pod &#34;projected-volume-b683fd4b-0e0f-11e7-8984-42010a8c0008&#34; success: &lt;nil&gt;&#xA;[AfterEach] [k8s.io] Projected&#xA;  /root/go-project/src/k8s.io/kubernetes/_output/local/go/src/k8s.io/kubernetes/test/e2e/framework/framework.go:120&#xA;�[1mSTEP�[0m: Collecting events from namespace &#34;e2e-tests-projected-20j91&#34;.&#xA;�[1mSTEP�[0m: Found 3 events.&#xA;Mar 21 08:23:58.784: INFO: At 2017-03-21 08:23:56 +0000 UTC - event for projected-volume-b683fd4b-0e0f-11e7-8984-42010a8c0008: {kubelet frakti-e2e} Pulled: Container image &#34;gcr.io/google_containers/busybox:1.24&#34; already present on machine&#xA;Mar 21 08:23:58.784: INFO: At 2017-03-21 08:23:56 +0000 UTC - event for projected-volume-b683fd4b-0e0f-11e7-8984-42010a8c0008: {kubelet frakti-e2e} Created: Created container with id 8cebb24f36c5fe40d0b1cea0a56cca4851195f65c55a7125a418db94b4f9542d&#xA;Mar 21 08:23:58.784: INFO: At 2017-03-21 08:23:56 +0000 UTC - event for projected-volume-b683fd4b-0e0f-11e7-8984-42010a8c0008: {kubelet frakti-e2e} Started: Started container with id 8cebb24f36c5fe40d0b1cea0a56cca4851195f65c55a7125a418db94b4f9542d&#xA;Mar 21 08:23:58.789: INFO: POD                                               NODE        PHASE    GRACE  CONDITIONS&#xA;Mar 21 08:23:58.789: INFO: pod-secrets-a2d6da1d-0e0f-11e7-85d6-42010a8c0008  frakti-e2e  Running         [{Initialized True 0001-01-01 00:00:00 +0000 UTC 2017-03-21 08:23:17 +0000 UTC  } {Ready True 0001-01-01 00:00:00 +0000 UTC 2017-03-21 08:23:23 +0000 UTC  } {PodScheduled True 0001-01-01 00:00:00 +0000 UTC 2017-03-21 08:23:23 +0000 UTC  }]&#xA;Mar 21 08:23:58.789: INFO: &#xA;Mar 21 08:23:58.791: INFO: &#xA;Logging node info for node frakti-e2e&#xA;Mar 21 08:23:58.792: INFO: Node Info: &amp;Node{ObjectMeta:k8s_io_apimachinery_pkg_apis_meta_v1.ObjectMeta{Name:frakti-e2e,GenerateName:,Namespace:,SelfLink:/api/v1/nodesfrakti-e2e,UID:e55acc6b-0e0d-11e7-a9e6-42010a8c0008,ResourceVersion:1411,Generation:0,CreationTimestamp:2017-03-21 08:10:50 +0000 UTC,DeletionTimestamp:&lt;nil&gt;,DeletionGracePeriodSeconds:nil,Labels:map[string]string{beta.kubernetes.io/arch: amd64,beta.kubernetes.io/os: linux,kubernetes.io/hostname: frakti-e2e,},Annotations:map[string]string{volumes.kubernetes.io/controller-managed-attach-detach: true,},OwnerReferences:[],Finalizers:[],ClusterName:,},Spec:NodeSpec{PodCIDR:,ExternalID:frakti-e2e,ProviderID:gce:////5985600149768706345,Unschedulable:false,Taints:[],},Status:NodeStatus{Capacity:ResourceList{cpu: {{4 0} {&lt;nil&gt;} 4 DecimalSI},memory: {{15770382336 0} {&lt;nil&gt;} 15400764Ki BinarySI},pods: {{110 0} {&lt;nil&gt;} 110 DecimalSI},},Allocatable:ResourceList{cpu: {{4 0} {&lt;nil&gt;} 4 DecimalSI},memory: {{15508238336 0} {&lt;nil&gt;} 15144764Ki BinarySI},pods: {{110 0} {&lt;nil&gt;} 110 DecimalSI},},Phase:,Conditions:[{OutOfDisk False 2017-03-21 08:23:53 +0000 UTC 2017-03-21 08:10:50 +0000 UTC KubeletHasSufficientDisk kubelet has sufficient disk space available} {MemoryPressure False 2017-03-21 08:23:53 +0000 UTC 2017-03-21 08:10:50 +0000 UTC KubeletHasSufficientMemory kubelet has sufficient memory available} {DiskPressure False 2017-03-21 08:23:53 +0000 UTC 2017-03-21 08:10:50 +0000 UTC KubeletHasNoDiskPressure kubelet has no disk pressure} {Ready True 2017-03-21 08:23:53 +0000 UTC 2017-03-21 08:10:50 +0000 UTC KubeletReady kubelet is posting ready status}],Addresses:[{LegacyHostIP 10.140.0.8} {InternalIP 10.140.0.8} {Hostname frakti-e2e}],DaemonEndpoints:NodeDaemonEndpoints{KubeletEndpoint:DaemonEndpoint{Port:10250,},},NodeInfo:NodeSystemInfo{MachineID:24ff1754f521f8ffc0b9d886cd5831f7,SystemUUID:66DF790D-8659-19AF-C8E8-AAAC6BAFD264,BootID:6dd25fc1-ba14-4123-b425-12a6ca632681,KernelVersion:3.10.0-514.6.2.el7.x86_64,OSImage:CentOS Linux 7 (Core),ContainerRuntimeVersion:hyper://0.8.0,KubeletVersion:v1.7.0-alpha.0.1397+e3f6f14bf0d1af,KubeProxyVersion:v1.7.0-alpha.0.1397+e3f6f14bf0d1af,OperatingSystem:linux,Architecture:amd64,},Images:[{[gcr.io/google_containers/node-problem-detector:v0.3.0] 290407887} {[gcr.io/google_containers/volume-nfs:0.8] 247146979} {[gcr.io/google_containers/volume-gluster:0.2] 212127750} {[gcr.io/google_containers/nginx-slim:0.7] 86838142} {[] 47794349} {[gcr.io/google_containers/hostexec:1.2] 13185747} {[gcr.io/google_containers/netexec:1.7] 8016035} {[gcr.io/google_containers/netexec:1.5] 7358440} {[gcr.io/google_containers/netexec:1.4] 7293444} {[gcr.io/google_containers/alpine-with-bash:1.0] 6660469} {[gcr.io/google_containers/serve_hostname:v1.4] 6222101} {[gcr.io/google-containers/stress:v1] 5494760} {[] 5042632} {[gcr.io/authenticated-image-pulling/alpine:3.1] 5038488} {[gcr.io/google_containers/test-webserver:e2e] 4534272} {[gcr.io/google_containers/liveness:e2e] 4387474} {[gcr.io/google_containers/eptest:0.1] 2970692} {[gcr.io/google_containers/mounttest:0.8] 1450761} {[gcr.io/google_containers/mounttest-user:0.5] 1450761} {[gcr.io/google_containers/busybox@sha256:4bdd623e848417d96127e16037743f0cd8b528c026e9175e22a84f639eca58ff gcr.io/google_containers/busybox:1.24] 1113554} {[gcr.io/google_containers/pause-amd64:3.0] 746888}],VolumesInUse:[],VolumesAttached:[],},}&#xA;Mar 21 08:23:58.792: INFO: &#xA;Logging kubelet events for node frakti-e2e&#xA;Mar 21 08:23:58.794: INFO: &#xA;Logging pods the kubelet thinks is on node frakti-e2e&#xA;Mar 21 08:23:58.796: INFO: pod-secrets-a2d6da1d-0e0f-11e7-85d6-42010a8c0008 started at 2017-03-21 08:23:17 +0000 UTC (0+3 container statuses recorded)&#xA;Mar 21 08:23:58.796: INFO: &#x9;Container creates-volume-test ready: true, restart count 0&#xA;Mar 21 08:23:58.796: INFO: &#x9;Container dels-volume-test ready: true, restart count 0&#xA;Mar 21 08:23:58.796: INFO: &#x9;Container upds-volume-test ready: true, restart count 0&#xA;Mar 21 08:23:58.866: INFO: &#xA;Latency metrics for node frakti-e2e&#xA;Mar 21 08:23:58.866: INFO: {Operation:sync Method:pod_worker_latency_microseconds Quantile:0.99 Latency:2m5.199169s}&#xA;Mar 21 08:23:58.866: INFO: {Operation:sync Method:pod_worker_latency_microseconds Quantile:0.9 Latency:2m5.17361s}&#xA;Mar 21 08:23:58.866: INFO: {Operation:sync Method:pod_worker_latency_microseconds Quantile:0.5 Latency:2m1.056702s}&#xA;Mar 21 08:23:58.866: INFO: {Operation: Method:pod_start_latency_microseconds Quantile:0.99 Latency:32.595962s}&#xA;�[1mSTEP�[0m: Dumping a list of prepulled images on each node&#xA;Mar 21 08:23:58.867: INFO: Waiting up to 3m0s for all (but 0) nodes to be ready&#xA;�[1mSTEP�[0m: Destroying namespace &#34;e2e-tests-projected-20j91&#34; for this suite.&#xA;Mar 21 08:24:08.901: INFO: namespace: e2e-tests-projected-20j91, resource: bindings, ignored listing per whitelist&#xA;</system-out>
      </testcase>
      <testcase name="[k8s.io] Projected should be consumable from pods in volume as non-root with defaultMode and fsGroup set [Feature:FSGroup] [Volume]" classname="E2eNode Suite" time="0">
          <skipped></skipped>
      </testcase>
      <testcase name="[k8s.io] ConfigMap updates should be reflected in volume [Conformance] [Volume]" classname="E2eNode Suite" time="112.267544835"></testcase>
      <testcase name="[k8s.io] GarbageCollect [Serial] Garbage Collection Test: One Non-restarting Container Should eventually garbage collect containers when we exceed the number of dead containers per container" classname="E2eNode Suite" time="0">
          <skipped></skipped>
      </testcase>
      <testcase name="[k8s.io] Density [Serial] [Slow] create a batch of pods latency/resource should be within limit when create 35 pods with 100ms interval [Benchmark]" classname="E2eNode Suite" time="0">
          <skipped></skipped>
      </testcase>
      <testcase name="[k8s.io] Container Lifecycle Hook when create a pod with lifecycle hook when it is exec hook should execute prestop exec hook properly [Conformance]" classname="E2eNode Suite" time="24.139228144">
          <failure type="Failure">/root/go-project/src/k8s.io/kubernetes/_output/local/go/src/k8s.io/kubernetes/test/e2e_node/lifecycle_hook_test.go:107&#xA;Expected error:&#xA;    &lt;*errors.errorString | 0xc42041ed30&gt;: {&#xA;        s: &#34;pod ran to completion&#34;,&#xA;    }&#xA;    pod ran to completion&#xA;not to have occurred&#xA;/root/go-project/src/k8s.io/kubernetes/_output/local/go/src/k8s.io/kubernetes/test/e2e/framework/pods.go:83</failure>
          <system-out>[BeforeEach] [k8s.io] Container Lifecycle Hook&#xA;  /root/go-project/src/k8s.io/kubernetes/_output/local/go/src/k8s.io/kubernetes/test/e2e/framework/framework.go:119&#xA;�[1mSTEP�[0m: Creating a kubernetes client&#xA;�[1mSTEP�[0m: Building a namespace api object&#xA;Mar 21 08:26:01.181: INFO: Skipping waiting for service account&#xA;[BeforeEach] when create a pod with lifecycle hook&#xA;  /root/go-project/src/k8s.io/kubernetes/_output/local/go/src/k8s.io/kubernetes/test/e2e_node/lifecycle_hook_test.go:45&#xA;[BeforeEach] when it is exec hook&#xA;  /root/go-project/src/k8s.io/kubernetes/_output/local/go/src/k8s.io/kubernetes/test/e2e_node/lifecycle_hook_test.go:74&#xA;[It] should execute prestop exec hook properly [Conformance]&#xA;  /root/go-project/src/k8s.io/kubernetes/_output/local/go/src/k8s.io/kubernetes/test/e2e_node/lifecycle_hook_test.go:107&#xA;�[1mSTEP�[0m: create the pod with lifecycle hook&#xA;Mar 21 08:26:09.186: INFO: Unexpected error occurred: pod ran to completion&#xA;[AfterEach] when it is exec hook&#xA;  /root/go-project/src/k8s.io/kubernetes/_output/local/go/src/k8s.io/kubernetes/test/e2e_node/lifecycle_hook_test.go:81&#xA;�[1mSTEP�[0m: cleanup the temporary file created in the test.&#xA;Mar 21 08:26:09.188: INFO: Waiting up to 3m0s for pod pod-clean-up status to be success or failure&#xA;Mar 21 08:26:09.189: INFO: Waiting for pod pod-clean-up in namespace &#39;e2e-tests-container-lifecycle-hook-p5c6r&#39; status to be &#39;success or failure&#39;(found phase: &#34;Pending&#34;, readiness: false) (867.854µs elapsed)&#xA;Mar 21 08:26:11.191: INFO: Waiting for pod pod-clean-up in namespace &#39;e2e-tests-container-lifecycle-hook-p5c6r&#39; status to be &#39;success or failure&#39;(found phase: &#34;Pending&#34;, readiness: false) (2.002672292s elapsed)&#xA;Mar 21 08:26:13.193: INFO: Waiting for pod pod-clean-up in namespace &#39;e2e-tests-container-lifecycle-hook-p5c6r&#39; status to be &#39;success or failure&#39;(found phase: &#34;Pending&#34;, readiness: false) (4.004637567s elapsed)&#xA;[AfterEach] [k8s.io] Container Lifecycle Hook&#xA;  /root/go-project/src/k8s.io/kubernetes/_output/local/go/src/k8s.io/kubernetes/test/e2e/framework/framework.go:120&#xA;�[1mSTEP�[0m: Collecting events from namespace &#34;e2e-tests-container-lifecycle-hook-p5c6r&#34;.&#xA;�[1mSTEP�[0m: Found 6 events.&#xA;Mar 21 08:26:15.197: INFO: At 2017-03-21 08:26:06 +0000 UTC - event for pod-with-prestop-exec-hook: {kubelet frakti-e2e} Pulled: Container image &#34;gcr.io/google_containers/busybox:1.24&#34; already present on machine&#xA;Mar 21 08:26:15.197: INFO: At 2017-03-21 08:26:06 +0000 UTC - event for pod-with-prestop-exec-hook: {kubelet frakti-e2e} Created: Created container with id ab1d2fa770dd7c2f03f62ef2700a802281213814ccce457c3dcaa3089a118c43&#xA;Mar 21 08:26:15.197: INFO: At 2017-03-21 08:26:06 +0000 UTC - event for pod-with-prestop-exec-hook: {kubelet frakti-e2e} Started: Started container with id ab1d2fa770dd7c2f03f62ef2700a802281213814ccce457c3dcaa3089a118c43&#xA;Mar 21 08:26:15.197: INFO: At 2017-03-21 08:26:14 +0000 UTC - event for pod-clean-up: {kubelet frakti-e2e} Pulled: Container image &#34;gcr.io/google_containers/busybox:1.24&#34; already present on machine&#xA;Mar 21 08:26:15.197: INFO: At 2017-03-21 08:26:14 +0000 UTC - event for pod-clean-up: {kubelet frakti-e2e} Created: Created container with id eafce7c8f8a1d76992809f57d7a8200ad34dc073ae6f9c54100434c67f258356&#xA;Mar 21 08:26:15.197: INFO: At 2017-03-21 08:26:14 +0000 UTC - event for pod-clean-up: {kubelet frakti-e2e} Started: Started container with id eafce7c8f8a1d76992809f57d7a8200ad34dc073ae6f9c54100434c67f258356&#xA;Mar 21 08:26:15.200: INFO: POD                                                      NODE        PHASE    GRACE  CONDITIONS&#xA;Mar 21 08:26:15.200: INFO: pod-clean-up                                             frakti-e2e  Failed          [{Initialized True 0001-01-01 00:00:00 +0000 UTC 2017-03-21 08:26:09 +0000 UTC  } {Ready False 0001-01-01 00:00:00 +0000 UTC 2017-03-21 08:26:09 +0000 UTC ContainersNotReady containers with unready status: [pod-clean-up]}]&#xA;Mar 21 08:26:15.200: INFO: pod-with-prestop-exec-hook                               frakti-e2e  Failed          [{Initialized True 0001-01-01 00:00:00 +0000 UTC 2017-03-21 08:26:01 +0000 UTC  } {Ready False 0001-01-01 00:00:00 +0000 UTC 2017-03-21 08:26:01 +0000 UTC ContainersNotReady containers with unready status: [pod-with-prestop-exec-hook]} {PodScheduled True 0001-01-01 00:00:00 +0000 UTC 2017-03-21 08:26:07 +0000 UTC  }]&#xA;Mar 21 08:26:15.200: INFO: busybox-readonly-fsd29301de-0e0d-11e7-85d6-42010a8c0008  frakti-e2e  Running         [{Initialized True 0001-01-01 00:00:00 +0000 UTC 2017-03-21 08:25:44 +0000 UTC  } {Ready True 0001-01-01 00:00:00 +0000 UTC 2017-03-21 08:25:50 +0000 UTC  } {PodScheduled True 0001-01-01 00:00:00 +0000 UTC 2017-03-21 08:25:50 +0000 UTC  }]&#xA;Mar 21 08:26:15.200: INFO: &#xA;Mar 21 08:26:15.201: INFO: &#xA;Logging node info for node frakti-e2e&#xA;Mar 21 08:26:15.203: INFO: Node Info: &amp;Node{ObjectMeta:k8s_io_apimachinery_pkg_apis_meta_v1.ObjectMeta{Name:frakti-e2e,GenerateName:,Namespace:,SelfLink:/api/v1/nodesfrakti-e2e,UID:e55acc6b-0e0d-11e7-a9e6-42010a8c0008,ResourceVersion:1542,Generation:0,CreationTimestamp:2017-03-21 08:10:50 +0000 UTC,DeletionTimestamp:&lt;nil&gt;,DeletionGracePeriodSeconds:nil,Labels:map[string]string{beta.kubernetes.io/arch: amd64,beta.kubernetes.io/os: linux,kubernetes.io/hostname: frakti-e2e,},Annotations:map[string]string{volumes.kubernetes.io/controller-managed-attach-detach: true,},OwnerReferences:[],Finalizers:[],ClusterName:,},Spec:NodeSpec{PodCIDR:,ExternalID:frakti-e2e,ProviderID:gce:////5985600149768706345,Unschedulable:false,Taints:[],},Status:NodeStatus{Capacity:ResourceList{cpu: {{4 0} {&lt;nil&gt;} 4 DecimalSI},memory: {{15770382336 0} {&lt;nil&gt;} 15400764Ki BinarySI},pods: {{110 0} {&lt;nil&gt;} 110 DecimalSI},},Allocatable:ResourceList{cpu: {{4 0} {&lt;nil&gt;} 4 DecimalSI},memory: {{15508238336 0} {&lt;nil&gt;} 15144764Ki BinarySI},pods: {{110 0} {&lt;nil&gt;} 110 DecimalSI},},Phase:,Conditions:[{OutOfDisk False 2017-03-21 08:26:14 +0000 UTC 2017-03-21 08:10:50 +0000 UTC KubeletHasSufficientDisk kubelet has sufficient disk space available} {MemoryPressure False 2017-03-21 08:26:14 +0000 UTC 2017-03-21 08:10:50 +0000 UTC KubeletHasSufficientMemory kubelet has sufficient memory available} {DiskPressure False 2017-03-21 08:26:14 +0000 UTC 2017-03-21 08:10:50 +0000 UTC KubeletHasNoDiskPressure kubelet has no disk pressure} {Ready True 2017-03-21 08:26:14 +0000 UTC 2017-03-21 08:10:50 +0000 UTC KubeletReady kubelet is posting ready status}],Addresses:[{LegacyHostIP 10.140.0.8} {InternalIP 10.140.0.8} {Hostname frakti-e2e}],DaemonEndpoints:NodeDaemonEndpoints{KubeletEndpoint:DaemonEndpoint{Port:10250,},},NodeInfo:NodeSystemInfo{MachineID:24ff1754f521f8ffc0b9d886cd5831f7,SystemUUID:66DF790D-8659-19AF-C8E8-AAAC6BAFD264,BootID:6dd25fc1-ba14-4123-b425-12a6ca632681,KernelVersion:3.10.0-514.6.2.el7.x86_64,OSImage:CentOS Linux 7 (Core),ContainerRuntimeVersion:hyper://0.8.0,KubeletVersion:v1.7.0-alpha.0.1397+e3f6f14bf0d1af,KubeProxyVersion:v1.7.0-alpha.0.1397+e3f6f14bf0d1af,OperatingSystem:linux,Architecture:amd64,},Images:[{[gcr.io/google_containers/node-problem-detector:v0.3.0] 290407887} {[gcr.io/google_containers/volume-nfs:0.8] 247146979} {[gcr.io/google_containers/volume-gluster:0.2] 212127750} {[gcr.io/google_containers/nginx-slim:0.7] 86838142} {[] 47794349} {[gcr.io/google_containers/hostexec:1.2] 13185747} {[gcr.io/google_containers/netexec:1.7] 8016035} {[gcr.io/google_containers/netexec:1.5] 7358440} {[gcr.io/google_containers/netexec:1.4] 7293444} {[gcr.io/google_containers/alpine-with-bash:1.0] 6660469} {[gcr.io/google_containers/serve_hostname:v1.4] 6222101} {[gcr.io/google-containers/stress:v1] 5494760} {[] 5042632} {[gcr.io/authenticated-image-pulling/alpine:3.1] 5038488} {[gcr.io/google_containers/test-webserver:e2e] 4534272} {[gcr.io/google_containers/liveness:e2e] 4387474} {[gcr.io/google_containers/eptest:0.1] 2970692} {[gcr.io/google_containers/mounttest-user:0.5] 1450761} {[gcr.io/google_containers/mounttest:0.8] 1450761} {[gcr.io/google_containers/busybox@sha256:4bdd623e848417d96127e16037743f0cd8b528c026e9175e22a84f639eca58ff gcr.io/google_containers/busybox:1.24] 1113554} {[gcr.io/google_containers/pause-amd64:3.0] 746888}],VolumesInUse:[],VolumesAttached:[],},}&#xA;Mar 21 08:26:15.203: INFO: &#xA;Logging kubelet events for node frakti-e2e&#xA;Mar 21 08:26:15.204: INFO: &#xA;Logging pods the kubelet thinks is on node frakti-e2e&#xA;Mar 21 08:26:15.206: INFO: busybox-readonly-fsd29301de-0e0d-11e7-85d6-42010a8c0008 started at 2017-03-21 08:25:44 +0000 UTC (0+1 container statuses recorded)&#xA;Mar 21 08:26:15.206: INFO: &#x9;Container busybox-readonly-fsd29301de-0e0d-11e7-85d6-42010a8c0008 ready: true, restart count 0&#xA;Mar 21 08:26:15.206: INFO: pod-with-prestop-exec-hook started at 2017-03-21 08:26:01 +0000 UTC (0+1 container statuses recorded)&#xA;Mar 21 08:26:15.206: INFO: &#x9;Container pod-with-prestop-exec-hook ready: false, restart count 0&#xA;Mar 21 08:26:15.206: INFO: pod-clean-up started at 2017-03-21 08:26:09 +0000 UTC (0+1 container statuses recorded)&#xA;Mar 21 08:26:15.206: INFO: &#x9;Container pod-clean-up ready: false, restart count 0&#xA;Mar 21 08:26:15.280: INFO: &#xA;Latency metrics for node frakti-e2e&#xA;Mar 21 08:26:15.280: INFO: {Operation:sync Method:pod_worker_latency_microseconds Quantile:0.99 Latency:2m5.223226s}&#xA;Mar 21 08:26:15.280: INFO: {Operation:sync Method:pod_worker_latency_microseconds Quantile:0.9 Latency:2m5.221579s}&#xA;Mar 21 08:26:15.280: INFO: {Operation:sync Method:pod_worker_latency_microseconds Quantile:0.5 Latency:2m1.057175s}&#xA;�[1mSTEP�[0m: Dumping a list of prepulled images on each node&#xA;Mar 21 08:26:15.282: INFO: Waiting up to 3m0s for all (but 0) nodes to be ready&#xA;�[1mSTEP�[0m: Destroying namespace &#34;e2e-tests-container-lifecycle-hook-p5c6r&#34; for this suite.&#xA;Mar 21 08:26:25.298: INFO: namespace: e2e-tests-container-lifecycle-hook-p5c6r, resource: bindings, ignored listing per whitelist&#xA;</system-out>
      </testcase>
      <testcase name="[k8s.io] EmptyDir volumes when FSGroup is specified [Feature:FSGroup] new files should be created with FSGroup ownership when container is root [Volume]" classname="E2eNode Suite" time="0">
          <skipped></skipped>
      </testcase>
      <testcase name="[k8s.io] InitContainer should invoke init containers on a RestartNever pod" classname="E2eNode Suite" time="0">
          <skipped></skipped>
      </testcase>
      <testcase name="[k8s.io] Downward API volume should provide podname as non-root with fsgroup and defaultMode [Feature:FSGroup] [Volume]" classname="E2eNode Suite" time="0">
          <skipped></skipped>
      </testcase>
      <testcase name="[k8s.io] Variable Expansion should allow composing env vars into new env vars [Conformance]" classname="E2eNode Suite" time="16.141454495">
          <failure type="Failure">/root/go-project/src/k8s.io/kubernetes/_output/local/go/src/k8s.io/kubernetes/test/e2e/common/expansion.go:71&#xA;Expected error:&#xA;    &lt;*errors.errorString | 0xc420df4fb0&gt;: {&#xA;        s: &#34;expected pod \&#34;var-expansion-12a66f0e-0e10-11e7-8984-42010a8c0008\&#34; success: &lt;nil&gt;&#34;,&#xA;    }&#xA;    expected pod &#34;var-expansion-12a66f0e-0e10-11e7-8984-42010a8c0008&#34; success: &lt;nil&gt;&#xA;not to have occurred&#xA;/root/go-project/src/k8s.io/kubernetes/_output/local/go/src/k8s.io/kubernetes/test/e2e/framework/util.go:2197</failure>
          <system-out>[BeforeEach] [k8s.io] Variable Expansion&#xA;  /root/go-project/src/k8s.io/kubernetes/_output/local/go/src/k8s.io/kubernetes/test/e2e/framework/framework.go:119&#xA;�[1mSTEP�[0m: Creating a kubernetes client&#xA;�[1mSTEP�[0m: Building a namespace api object&#xA;Mar 21 08:26:25.325: INFO: Skipping waiting for service account&#xA;[It] should allow composing env vars into new env vars [Conformance]&#xA;  /root/go-project/src/k8s.io/kubernetes/_output/local/go/src/k8s.io/kubernetes/test/e2e/common/expansion.go:71&#xA;�[1mSTEP�[0m: Creating a pod to test env composition&#xA;Mar 21 08:26:25.326: INFO: Waiting up to 5m0s for pod var-expansion-12a66f0e-0e10-11e7-8984-42010a8c0008 status to be success or failure&#xA;Mar 21 08:26:25.330: INFO: Waiting for pod var-expansion-12a66f0e-0e10-11e7-8984-42010a8c0008 in namespace &#39;e2e-tests-var-expansion-6bg0g&#39; status to be &#39;success or failure&#39;(found phase: &#34;Pending&#34;, readiness: false) (4.040016ms elapsed)&#xA;Mar 21 08:26:27.332: INFO: Waiting for pod var-expansion-12a66f0e-0e10-11e7-8984-42010a8c0008 in namespace &#39;e2e-tests-var-expansion-6bg0g&#39; status to be &#39;success or failure&#39;(found phase: &#34;Pending&#34;, readiness: false) (2.006190663s elapsed)&#xA;Mar 21 08:26:29.336: INFO: Waiting for pod var-expansion-12a66f0e-0e10-11e7-8984-42010a8c0008 in namespace &#39;e2e-tests-var-expansion-6bg0g&#39; status to be &#39;success or failure&#39;(found phase: &#34;Pending&#34;, readiness: false) (4.009506856s elapsed)&#xA;Mar 21 08:26:31.343: INFO: Output of node &#34;frakti-e2e&#34; pod &#34;var-expansion-12a66f0e-0e10-11e7-8984-42010a8c0008&#34; container &#34;dapi-container&#34;: exec failed: No such file or directory&#xA;&#xA;�[1mSTEP�[0m: delete the pod&#xA;Mar 21 08:26:31.348: INFO: Waiting for pod var-expansion-12a66f0e-0e10-11e7-8984-42010a8c0008 to disappear&#xA;Mar 21 08:26:31.349: INFO: Pod var-expansion-12a66f0e-0e10-11e7-8984-42010a8c0008 no longer exists&#xA;Mar 21 08:26:31.349: INFO: Unexpected error occurred: expected pod &#34;var-expansion-12a66f0e-0e10-11e7-8984-42010a8c0008&#34; success: &lt;nil&gt;&#xA;[AfterEach] [k8s.io] Variable Expansion&#xA;  /root/go-project/src/k8s.io/kubernetes/_output/local/go/src/k8s.io/kubernetes/test/e2e/framework/framework.go:120&#xA;�[1mSTEP�[0m: Collecting events from namespace &#34;e2e-tests-var-expansion-6bg0g&#34;.&#xA;�[1mSTEP�[0m: Found 3 events.&#xA;Mar 21 08:26:31.351: INFO: At 2017-03-21 08:26:30 +0000 UTC - event for var-expansion-12a66f0e-0e10-11e7-8984-42010a8c0008: {kubelet frakti-e2e} Pulled: Container image &#34;gcr.io/google_containers/busybox:1.24&#34; already present on machine&#xA;Mar 21 08:26:31.351: INFO: At 2017-03-21 08:26:30 +0000 UTC - event for var-expansion-12a66f0e-0e10-11e7-8984-42010a8c0008: {kubelet frakti-e2e} Created: Created container with id 700545aa2d9d9d09a7638d5ca0b38f41545726e1d874ec01a38e5a931ea13470&#xA;Mar 21 08:26:31.351: INFO: At 2017-03-21 08:26:30 +0000 UTC - event for var-expansion-12a66f0e-0e10-11e7-8984-42010a8c0008: {kubelet frakti-e2e} Started: Started container with id 700545aa2d9d9d09a7638d5ca0b38f41545726e1d874ec01a38e5a931ea13470&#xA;Mar 21 08:26:31.354: INFO: POD                                                      NODE        PHASE    GRACE  CONDITIONS&#xA;Mar 21 08:26:31.354: INFO: busybox-readonly-fsd29301de-0e0d-11e7-85d6-42010a8c0008  frakti-e2e  Running         [{Initialized True 0001-01-01 00:00:00 +0000 UTC 2017-03-21 08:25:44 +0000 UTC  } {Ready True 0001-01-01 00:00:00 +0000 UTC 2017-03-21 08:25:50 +0000 UTC  } {PodScheduled True 0001-01-01 00:00:00 +0000 UTC 2017-03-21 08:25:50 +0000 UTC  }]&#xA;Mar 21 08:26:31.354: INFO: &#xA;Mar 21 08:26:31.355: INFO: &#xA;Logging node info for node frakti-e2e&#xA;Mar 21 08:26:31.356: INFO: Node Info: &amp;Node{ObjectMeta:k8s_io_apimachinery_pkg_apis_meta_v1.ObjectMeta{Name:frakti-e2e,GenerateName:,Namespace:,SelfLink:/api/v1/nodesfrakti-e2e,UID:e55acc6b-0e0d-11e7-a9e6-42010a8c0008,ResourceVersion:1561,Generation:0,CreationTimestamp:2017-03-21 08:10:50 +0000 UTC,DeletionTimestamp:&lt;nil&gt;,DeletionGracePeriodSeconds:nil,Labels:map[string]string{beta.kubernetes.io/arch: amd64,beta.kubernetes.io/os: linux,kubernetes.io/hostname: frakti-e2e,},Annotations:map[string]string{volumes.kubernetes.io/controller-managed-attach-detach: true,},OwnerReferences:[],Finalizers:[],ClusterName:,},Spec:NodeSpec{PodCIDR:,ExternalID:frakti-e2e,ProviderID:gce:////5985600149768706345,Unschedulable:false,Taints:[],},Status:NodeStatus{Capacity:ResourceList{cpu: {{4 0} {&lt;nil&gt;} 4 DecimalSI},memory: {{15770382336 0} {&lt;nil&gt;} 15400764Ki BinarySI},pods: {{110 0} {&lt;nil&gt;} 110 DecimalSI},},Allocatable:ResourceList{cpu: {{4 0} {&lt;nil&gt;} 4 DecimalSI},memory: {{15508238336 0} {&lt;nil&gt;} 15144764Ki BinarySI},pods: {{110 0} {&lt;nil&gt;} 110 DecimalSI},},Phase:,Conditions:[{OutOfDisk False 2017-03-21 08:26:24 +0000 UTC 2017-03-21 08:10:50 +0000 UTC KubeletHasSufficientDisk kubelet has sufficient disk space available} {MemoryPressure False 2017-03-21 08:26:24 +0000 UTC 2017-03-21 08:10:50 +0000 UTC KubeletHasSufficientMemory kubelet has sufficient memory available} {DiskPressure False 2017-03-21 08:26:24 +0000 UTC 2017-03-21 08:10:50 +0000 UTC KubeletHasNoDiskPressure kubelet has no disk pressure} {Ready True 2017-03-21 08:26:24 +0000 UTC 2017-03-21 08:10:50 +0000 UTC KubeletReady kubelet is posting ready status}],Addresses:[{LegacyHostIP 10.140.0.8} {InternalIP 10.140.0.8} {Hostname frakti-e2e}],DaemonEndpoints:NodeDaemonEndpoints{KubeletEndpoint:DaemonEndpoint{Port:10250,},},NodeInfo:NodeSystemInfo{MachineID:24ff1754f521f8ffc0b9d886cd5831f7,SystemUUID:66DF790D-8659-19AF-C8E8-AAAC6BAFD264,BootID:6dd25fc1-ba14-4123-b425-12a6ca632681,KernelVersion:3.10.0-514.6.2.el7.x86_64,OSImage:CentOS Linux 7 (Core),ContainerRuntimeVersion:hyper://0.8.0,KubeletVersion:v1.7.0-alpha.0.1397+e3f6f14bf0d1af,KubeProxyVersion:v1.7.0-alpha.0.1397+e3f6f14bf0d1af,OperatingSystem:linux,Architecture:amd64,},Images:[{[gcr.io/google_containers/node-problem-detector:v0.3.0] 290407887} {[gcr.io/google_containers/volume-nfs:0.8] 247146979} {[gcr.io/google_containers/volume-gluster:0.2] 212127750} {[gcr.io/google_containers/nginx-slim:0.7] 86838142} {[] 47794349} {[gcr.io/google_containers/hostexec:1.2] 13185747} {[gcr.io/google_containers/netexec:1.7] 8016035} {[gcr.io/google_containers/netexec:1.5] 7358440} {[gcr.io/google_containers/netexec:1.4] 7293444} {[gcr.io/google_containers/alpine-with-bash:1.0] 6660469} {[gcr.io/google_containers/serve_hostname:v1.4] 6222101} {[gcr.io/google-containers/stress:v1] 5494760} {[] 5042632} {[gcr.io/authenticated-image-pulling/alpine:3.1] 5038488} {[gcr.io/google_containers/test-webserver:e2e] 4534272} {[gcr.io/google_containers/liveness:e2e] 4387474} {[gcr.io/google_containers/eptest:0.1] 2970692} {[gcr.io/google_containers/mounttest-user:0.5] 1450761} {[gcr.io/google_containers/mounttest:0.8] 1450761} {[gcr.io/google_containers/busybox@sha256:4bdd623e848417d96127e16037743f0cd8b528c026e9175e22a84f639eca58ff gcr.io/google_containers/busybox:1.24] 1113554} {[gcr.io/google_containers/pause-amd64:3.0] 746888}],VolumesInUse:[],VolumesAttached:[],},}&#xA;Mar 21 08:26:31.356: INFO: &#xA;Logging kubelet events for node frakti-e2e&#xA;Mar 21 08:26:31.357: INFO: &#xA;Logging pods the kubelet thinks is on node frakti-e2e&#xA;Mar 21 08:26:31.359: INFO: busybox-readonly-fsd29301de-0e0d-11e7-85d6-42010a8c0008 started at 2017-03-21 08:25:44 +0000 UTC (0+1 container statuses recorded)&#xA;Mar 21 08:26:31.359: INFO: &#x9;Container busybox-readonly-fsd29301de-0e0d-11e7-85d6-42010a8c0008 ready: true, restart count 0&#xA;Mar 21 08:26:31.425: INFO: &#xA;Latency metrics for node frakti-e2e&#xA;Mar 21 08:26:31.425: INFO: {Operation:sync Method:pod_worker_latency_microseconds Quantile:0.99 Latency:2m5.223226s}&#xA;Mar 21 08:26:31.425: INFO: {Operation:sync Method:pod_worker_latency_microseconds Quantile:0.9 Latency:2m5.221579s}&#xA;Mar 21 08:26:31.425: INFO: {Operation:sync Method:pod_worker_latency_microseconds Quantile:0.5 Latency:2m1.057175s}&#xA;�[1mSTEP�[0m: Dumping a list of prepulled images on each node&#xA;Mar 21 08:26:31.426: INFO: Waiting up to 3m0s for all (but 0) nodes to be ready&#xA;�[1mSTEP�[0m: Destroying namespace &#34;e2e-tests-var-expansion-6bg0g&#34; for this suite.&#xA;Mar 21 08:26:41.459: INFO: namespace: e2e-tests-var-expansion-6bg0g, resource: bindings, ignored listing per whitelist&#xA;</system-out>
      </testcase>
      <testcase name="[k8s.io] AppArmor [Feature:AppArmor] when running without AppArmor should reject a pod with an AppArmor profile" classname="E2eNode Suite" time="0">
          <skipped></skipped>
      </testcase>
      <testcase name="[k8s.io] Kubelet when scheduling a busybox command in a pod it should print the output to logs [Conformance]" classname="E2eNode Suite" time="18.132271936">
          <failure type="Failure">/root/go-project/src/k8s.io/kubernetes/_output/local/go/src/k8s.io/kubernetes/test/e2e_node/kubelet_test.go:69&#xA;Expected error:&#xA;    &lt;*errors.errorString | 0xc42041ed30&gt;: {&#xA;        s: &#34;pod ran to completion&#34;,&#xA;    }&#xA;    pod ran to completion&#xA;not to have occurred&#xA;/root/go-project/src/k8s.io/kubernetes/_output/local/go/src/k8s.io/kubernetes/test/e2e/framework/pods.go:83</failure>
          <system-out>[BeforeEach] [k8s.io] Kubelet&#xA;  /root/go-project/src/k8s.io/kubernetes/_output/local/go/src/k8s.io/kubernetes/test/e2e/framework/framework.go:119&#xA;�[1mSTEP�[0m: Creating a kubernetes client&#xA;�[1mSTEP�[0m: Building a namespace api object&#xA;Mar 21 08:26:41.468: INFO: Skipping waiting for service account&#xA;[BeforeEach] [k8s.io] Kubelet&#xA;  /root/go-project/src/k8s.io/kubernetes/_output/local/go/src/k8s.io/kubernetes/test/e2e_node/kubelet_test.go:38&#xA;[It] it should print the output to logs [Conformance]&#xA;  /root/go-project/src/k8s.io/kubernetes/_output/local/go/src/k8s.io/kubernetes/test/e2e_node/kubelet_test.go:69&#xA;Mar 21 08:26:49.473: INFO: Unexpected error occurred: pod ran to completion&#xA;[AfterEach] [k8s.io] Kubelet&#xA;  /root/go-project/src/k8s.io/kubernetes/_output/local/go/src/k8s.io/kubernetes/test/e2e/framework/framework.go:120&#xA;�[1mSTEP�[0m: Collecting events from namespace &#34;e2e-tests-kubelet-test-r4xh7&#34;.&#xA;�[1mSTEP�[0m: Found 3 events.&#xA;Mar 21 08:26:49.475: INFO: At 2017-03-21 08:26:46 +0000 UTC - event for busybox-scheduling-d293c673-0e0d-11e7-8984-42010a8c0008: {kubelet frakti-e2e} Pulled: Container image &#34;gcr.io/google_containers/busybox:1.24&#34; already present on machine&#xA;Mar 21 08:26:49.475: INFO: At 2017-03-21 08:26:46 +0000 UTC - event for busybox-scheduling-d293c673-0e0d-11e7-8984-42010a8c0008: {kubelet frakti-e2e} Created: Created container with id 7b5b4dbdf0e8b44cf46355a42a3c333d21be9b0b3a972104beeb83e1425a400e&#xA;Mar 21 08:26:49.475: INFO: At 2017-03-21 08:26:46 +0000 UTC - event for busybox-scheduling-d293c673-0e0d-11e7-8984-42010a8c0008: {kubelet frakti-e2e} Started: Started container with id 7b5b4dbdf0e8b44cf46355a42a3c333d21be9b0b3a972104beeb83e1425a400e&#xA;Mar 21 08:26:49.479: INFO: POD                                                      NODE        PHASE    GRACE  CONDITIONS&#xA;Mar 21 08:26:49.479: INFO: busybox-readonly-fsd29301de-0e0d-11e7-85d6-42010a8c0008  frakti-e2e  Running         [{Initialized True 0001-01-01 00:00:00 +0000 UTC 2017-03-21 08:25:44 +0000 UTC  } {Ready True 0001-01-01 00:00:00 +0000 UTC 2017-03-21 08:25:50 +0000 UTC  } {PodScheduled True 0001-01-01 00:00:00 +0000 UTC 2017-03-21 08:25:50 +0000 UTC  }]&#xA;Mar 21 08:26:49.479: INFO: busybox-scheduling-d293c673-0e0d-11e7-8984-42010a8c0008  frakti-e2e  Failed          [{Initialized True 0001-01-01 00:00:00 +0000 UTC 2017-03-21 08:26:41 +0000 UTC  } {Ready False 0001-01-01 00:00:00 +0000 UTC 2017-03-21 08:26:41 +0000 UTC ContainersNotReady containers with unready status: [busybox-scheduling-d293c673-0e0d-11e7-8984-42010a8c0008]} {PodScheduled True 0001-01-01 00:00:00 +0000 UTC 2017-03-21 08:26:47 +0000 UTC  }]&#xA;Mar 21 08:26:49.479: INFO: &#xA;Mar 21 08:26:49.482: INFO: &#xA;Logging node info for node frakti-e2e&#xA;Mar 21 08:26:49.484: INFO: Node Info: &amp;Node{ObjectMeta:k8s_io_apimachinery_pkg_apis_meta_v1.ObjectMeta{Name:frakti-e2e,GenerateName:,Namespace:,SelfLink:/api/v1/nodesfrakti-e2e,UID:e55acc6b-0e0d-11e7-a9e6-42010a8c0008,ResourceVersion:1581,Generation:0,CreationTimestamp:2017-03-21 08:10:50 +0000 UTC,DeletionTimestamp:&lt;nil&gt;,DeletionGracePeriodSeconds:nil,Labels:map[string]string{beta.kubernetes.io/arch: amd64,beta.kubernetes.io/os: linux,kubernetes.io/hostname: frakti-e2e,},Annotations:map[string]string{volumes.kubernetes.io/controller-managed-attach-detach: true,},OwnerReferences:[],Finalizers:[],ClusterName:,},Spec:NodeSpec{PodCIDR:,ExternalID:frakti-e2e,ProviderID:gce:////5985600149768706345,Unschedulable:false,Taints:[],},Status:NodeStatus{Capacity:ResourceList{cpu: {{4 0} {&lt;nil&gt;} 4 DecimalSI},memory: {{15770382336 0} {&lt;nil&gt;} 15400764Ki BinarySI},pods: {{110 0} {&lt;nil&gt;} 110 DecimalSI},},Allocatable:ResourceList{cpu: {{4 0} {&lt;nil&gt;} 4 DecimalSI},memory: {{15508238336 0} {&lt;nil&gt;} 15144764Ki BinarySI},pods: {{110 0} {&lt;nil&gt;} 110 DecimalSI},},Phase:,Conditions:[{OutOfDisk False 2017-03-21 08:26:44 +0000 UTC 2017-03-21 08:10:50 +0000 UTC KubeletHasSufficientDisk kubelet has sufficient disk space available} {MemoryPressure False 2017-03-21 08:26:44 +0000 UTC 2017-03-21 08:10:50 +0000 UTC KubeletHasSufficientMemory kubelet has sufficient memory available} {DiskPressure False 2017-03-21 08:26:44 +0000 UTC 2017-03-21 08:10:50 +0000 UTC KubeletHasNoDiskPressure kubelet has no disk pressure} {Ready True 2017-03-21 08:26:44 +0000 UTC 2017-03-21 08:10:50 +0000 UTC KubeletReady kubelet is posting ready status}],Addresses:[{LegacyHostIP 10.140.0.8} {InternalIP 10.140.0.8} {Hostname frakti-e2e}],DaemonEndpoints:NodeDaemonEndpoints{KubeletEndpoint:DaemonEndpoint{Port:10250,},},NodeInfo:NodeSystemInfo{MachineID:24ff1754f521f8ffc0b9d886cd5831f7,SystemUUID:66DF790D-8659-19AF-C8E8-AAAC6BAFD264,BootID:6dd25fc1-ba14-4123-b425-12a6ca632681,KernelVersion:3.10.0-514.6.2.el7.x86_64,OSImage:CentOS Linux 7 (Core),ContainerRuntimeVersion:hyper://0.8.0,KubeletVersion:v1.7.0-alpha.0.1397+e3f6f14bf0d1af,KubeProxyVersion:v1.7.0-alpha.0.1397+e3f6f14bf0d1af,OperatingSystem:linux,Architecture:amd64,},Images:[{[gcr.io/google_containers/node-problem-detector:v0.3.0] 290407887} {[gcr.io/google_containers/volume-nfs:0.8] 247146979} {[gcr.io/google_containers/volume-gluster:0.2] 212127750} {[gcr.io/google_containers/nginx-slim:0.7] 86838142} {[] 47794349} {[gcr.io/google_containers/hostexec:1.2] 13185747} {[gcr.io/google_containers/netexec:1.7] 8016035} {[gcr.io/google_containers/netexec:1.5] 7358440} {[gcr.io/google_containers/netexec:1.4] 7293444} {[gcr.io/google_containers/alpine-with-bash:1.0] 6660469} {[gcr.io/google_containers/serve_hostname:v1.4] 6222101} {[gcr.io/google-containers/stress:v1] 5494760} {[] 5042632} {[gcr.io/authenticated-image-pulling/alpine:3.1] 5038488} {[gcr.io/google_containers/test-webserver:e2e] 4534272} {[gcr.io/google_containers/liveness:e2e] 4387474} {[gcr.io/google_containers/eptest:0.1] 2970692} {[gcr.io/google_containers/mounttest-user:0.5] 1450761} {[gcr.io/google_containers/mounttest:0.8] 1450761} {[gcr.io/google_containers/busybox@sha256:4bdd623e848417d96127e16037743f0cd8b528c026e9175e22a84f639eca58ff gcr.io/google_containers/busybox:1.24] 1113554} {[gcr.io/google_containers/pause-amd64:3.0] 746888}],VolumesInUse:[],VolumesAttached:[],},}&#xA;Mar 21 08:26:49.484: INFO: &#xA;Logging kubelet events for node frakti-e2e&#xA;Mar 21 08:26:49.485: INFO: &#xA;Logging pods the kubelet thinks is on node frakti-e2e&#xA;Mar 21 08:26:49.488: INFO: busybox-readonly-fsd29301de-0e0d-11e7-85d6-42010a8c0008 started at 2017-03-21 08:25:44 +0000 UTC (0+1 container statuses recorded)&#xA;Mar 21 08:26:49.488: INFO: &#x9;Container busybox-readonly-fsd29301de-0e0d-11e7-85d6-42010a8c0008 ready: true, restart count 0&#xA;Mar 21 08:26:49.488: INFO: busybox-scheduling-d293c673-0e0d-11e7-8984-42010a8c0008 started at 2017-03-21 08:26:41 +0000 UTC (0+1 container statuses recorded)&#xA;Mar 21 08:26:49.488: INFO: &#x9;Container busybox-scheduling-d293c673-0e0d-11e7-8984-42010a8c0008 ready: false, restart count 0&#xA;Mar 21 08:26:49.561: INFO: &#xA;Latency metrics for node frakti-e2e&#xA;Mar 21 08:26:49.561: INFO: {Operation:sync Method:pod_worker_latency_microseconds Quantile:0.99 Latency:2m5.223226s}&#xA;Mar 21 08:26:49.561: INFO: {Operation:sync Method:pod_worker_latency_microseconds Quantile:0.9 Latency:2m5.221579s}&#xA;Mar 21 08:26:49.561: INFO: {Operation:sync Method:pod_worker_latency_microseconds Quantile:0.5 Latency:2m1.057175s}&#xA;�[1mSTEP�[0m: Dumping a list of prepulled images on each node&#xA;Mar 21 08:26:49.562: INFO: Waiting up to 3m0s for all (but 0) nodes to be ready&#xA;�[1mSTEP�[0m: Destroying namespace &#34;e2e-tests-kubelet-test-r4xh7&#34; for this suite.&#xA;Mar 21 08:26:59.588: INFO: namespace: e2e-tests-kubelet-test-r4xh7, resource: bindings, ignored listing per whitelist&#xA;</system-out>
      </testcase>
      <testcase name="[k8s.io] Pods should contain environment variables for services [Conformance]" classname="E2eNode Suite" time="54.199180759">
          <failure type="Failure">/root/go-project/src/k8s.io/kubernetes/_output/local/go/src/k8s.io/kubernetes/test/e2e/common/pods.go:441&#xA;Container should have service environment variables set&#xA;Expected error:&#xA;    &lt;*errors.errorString | 0xc42044cc90&gt;: {&#xA;        s: &#34;expected pod \&#34;client-envvars-2aa99697-0e10-11e7-8984-42010a8c0008\&#34; success: &lt;nil&gt;&#34;,&#xA;    }&#xA;    expected pod &#34;client-envvars-2aa99697-0e10-11e7-8984-42010a8c0008&#34; success: &lt;nil&gt;&#xA;not to have occurred&#xA;/root/go-project/src/k8s.io/kubernetes/_output/local/go/src/k8s.io/kubernetes/test/e2e/common/pods.go:440</failure>
          <system-out>[BeforeEach] [k8s.io] Pods&#xA;  /root/go-project/src/k8s.io/kubernetes/_output/local/go/src/k8s.io/kubernetes/test/e2e/framework/framework.go:119&#xA;�[1mSTEP�[0m: Creating a kubernetes client&#xA;�[1mSTEP�[0m: Building a namespace api object&#xA;Mar 21 08:26:59.603: INFO: Skipping waiting for service account&#xA;[BeforeEach] [k8s.io] Pods&#xA;  /root/go-project/src/k8s.io/kubernetes/_output/local/go/src/k8s.io/kubernetes/test/e2e/common/pods.go:127&#xA;[It] should contain environment variables for services [Conformance]&#xA;  /root/go-project/src/k8s.io/kubernetes/_output/local/go/src/k8s.io/kubernetes/test/e2e/common/pods.go:441&#xA;Mar 21 08:27:05.612: INFO: Waiting up to 5m0s for pod client-envvars-2aa99697-0e10-11e7-8984-42010a8c0008 status to be success or failure&#xA;Mar 21 08:27:05.613: INFO: Waiting for pod client-envvars-2aa99697-0e10-11e7-8984-42010a8c0008 in namespace &#39;e2e-tests-pods-w57qg&#39; status to be &#39;success or failure&#39;(found phase: &#34;Pending&#34;, readiness: false) (977.836µs elapsed)&#xA;Mar 21 08:27:07.615: INFO: Waiting for pod client-envvars-2aa99697-0e10-11e7-8984-42010a8c0008 in namespace &#39;e2e-tests-pods-w57qg&#39; status to be &#39;success or failure&#39;(found phase: &#34;Pending&#34;, readiness: false) (2.003289789s elapsed)&#xA;Mar 21 08:27:09.617: INFO: Waiting for pod client-envvars-2aa99697-0e10-11e7-8984-42010a8c0008 in namespace &#39;e2e-tests-pods-w57qg&#39; status to be &#39;success or failure&#39;(found phase: &#34;Pending&#34;, readiness: false) (4.004911772s elapsed)&#xA;Mar 21 08:27:11.625: INFO: Output of node &#34;frakti-e2e&#34; pod &#34;client-envvars-2aa99697-0e10-11e7-8984-42010a8c0008&#34; container &#34;env3cont&#34;: exec failed: No such file or directory&#xA;&#xA;�[1mSTEP�[0m: delete the pod&#xA;Mar 21 08:27:11.630: INFO: Waiting for pod client-envvars-2aa99697-0e10-11e7-8984-42010a8c0008 to disappear&#xA;Mar 21 08:27:11.631: INFO: Pod client-envvars-2aa99697-0e10-11e7-8984-42010a8c0008 no longer exists&#xA;Mar 21 08:27:11.631: INFO: (Attempt 1 of 3) Unexpected error occurred: expected pod &#34;client-envvars-2aa99697-0e10-11e7-8984-42010a8c0008&#34; success: &lt;nil&gt;&#xA;Mar 21 08:27:11.633: INFO: Waiting up to 5m0s for pod client-envvars-2aa99697-0e10-11e7-8984-42010a8c0008 status to be success or failure&#xA;Mar 21 08:27:11.634: INFO: Waiting for pod client-envvars-2aa99697-0e10-11e7-8984-42010a8c0008 in namespace &#39;e2e-tests-pods-w57qg&#39; status to be &#39;success or failure&#39;(found phase: &#34;Pending&#34;, readiness: false) (1.075943ms elapsed)&#xA;Mar 21 08:27:13.636: INFO: Waiting for pod client-envvars-2aa99697-0e10-11e7-8984-42010a8c0008 in namespace &#39;e2e-tests-pods-w57qg&#39; status to be &#39;success or failure&#39;(found phase: &#34;Pending&#34;, readiness: false) (2.003119095s elapsed)&#xA;Mar 21 08:27:15.638: INFO: Waiting for pod client-envvars-2aa99697-0e10-11e7-8984-42010a8c0008 in namespace &#39;e2e-tests-pods-w57qg&#39; status to be &#39;success or failure&#39;(found phase: &#34;Pending&#34;, readiness: false) (4.005117819s elapsed)&#xA;Mar 21 08:27:17.646: INFO: Output of node &#34;frakti-e2e&#34; pod &#34;client-envvars-2aa99697-0e10-11e7-8984-42010a8c0008&#34; container &#34;env3cont&#34;: exec failed: No such file or directory&#xA;&#xA;�[1mSTEP�[0m: delete the pod&#xA;Mar 21 08:27:17.650: INFO: Waiting for pod client-envvars-2aa99697-0e10-11e7-8984-42010a8c0008 to disappear&#xA;Mar 21 08:27:17.652: INFO: Pod client-envvars-2aa99697-0e10-11e7-8984-42010a8c0008 no longer exists&#xA;Mar 21 08:27:17.652: INFO: (Attempt 2 of 3) Unexpected error occurred: expected pod &#34;client-envvars-2aa99697-0e10-11e7-8984-42010a8c0008&#34; success: &lt;nil&gt;&#xA;Mar 21 08:27:17.653: INFO: Waiting up to 5m0s for pod client-envvars-2aa99697-0e10-11e7-8984-42010a8c0008 status to be success or failure&#xA;Mar 21 08:27:17.654: INFO: Waiting for pod client-envvars-2aa99697-0e10-11e7-8984-42010a8c0008 in namespace &#39;e2e-tests-pods-w57qg&#39; status to be &#39;success or failure&#39;(found phase: &#34;Pending&#34;, readiness: false) (839.068µs elapsed)&#xA;Mar 21 08:27:19.656: INFO: Waiting for pod client-envvars-2aa99697-0e10-11e7-8984-42010a8c0008 in namespace &#39;e2e-tests-pods-w57qg&#39; status to be &#39;success or failure&#39;(found phase: &#34;Pending&#34;, readiness: false) (2.003005459s elapsed)&#xA;Mar 21 08:27:21.659: INFO: Waiting for pod client-envvars-2aa99697-0e10-11e7-8984-42010a8c0008 in namespace &#39;e2e-tests-pods-w57qg&#39; status to be &#39;success or failure&#39;(found phase: &#34;Pending&#34;, readiness: false) (4.005316894s elapsed)&#xA;Mar 21 08:27:23.666: INFO: Output of node &#34;frakti-e2e&#34; pod &#34;client-envvars-2aa99697-0e10-11e7-8984-42010a8c0008&#34; container &#34;env3cont&#34;: exec failed: No such file or directory&#xA;&#xA;�[1mSTEP�[0m: delete the pod&#xA;Mar 21 08:27:23.671: INFO: Waiting for pod client-envvars-2aa99697-0e10-11e7-8984-42010a8c0008 to disappear&#xA;Mar 21 08:27:23.672: INFO: Pod client-envvars-2aa99697-0e10-11e7-8984-42010a8c0008 no longer exists&#xA;Mar 21 08:27:23.672: INFO: (Attempt 3 of 3) Unexpected error occurred: expected pod &#34;client-envvars-2aa99697-0e10-11e7-8984-42010a8c0008&#34; success: &lt;nil&gt;&#xA;[AfterEach] [k8s.io] Pods&#xA;  /root/go-project/src/k8s.io/kubernetes/_output/local/go/src/k8s.io/kubernetes/test/e2e/framework/framework.go:120&#xA;�[1mSTEP�[0m: Collecting events from namespace &#34;e2e-tests-pods-w57qg&#34;.&#xA;�[1mSTEP�[0m: Found 12 events.&#xA;Mar 21 08:27:23.675: INFO: At 2017-03-21 08:27:04 +0000 UTC - event for server-envvars-2714ed9e-0e10-11e7-8984-42010a8c0008: {kubelet frakti-e2e} Pulled: Container image &#34;gcr.io/google_containers/serve_hostname:v1.4&#34; already present on machine&#xA;Mar 21 08:27:23.675: INFO: At 2017-03-21 08:27:04 +0000 UTC - event for server-envvars-2714ed9e-0e10-11e7-8984-42010a8c0008: {kubelet frakti-e2e} Created: Created container with id 366f31526005440fd7e432f0afb0d958d4bc371a4f0fce46f37ff7051afb9677&#xA;Mar 21 08:27:23.675: INFO: At 2017-03-21 08:27:04 +0000 UTC - event for server-envvars-2714ed9e-0e10-11e7-8984-42010a8c0008: {kubelet frakti-e2e} Started: Started container with id 366f31526005440fd7e432f0afb0d958d4bc371a4f0fce46f37ff7051afb9677&#xA;Mar 21 08:27:23.675: INFO: At 2017-03-21 08:27:10 +0000 UTC - event for client-envvars-2aa99697-0e10-11e7-8984-42010a8c0008: {kubelet frakti-e2e} Pulled: Container image &#34;gcr.io/google_containers/busybox:1.24&#34; already present on machine&#xA;Mar 21 08:27:23.675: INFO: At 2017-03-21 08:27:10 +0000 UTC - event for client-envvars-2aa99697-0e10-11e7-8984-42010a8c0008: {kubelet frakti-e2e} Created: Created container with id 9ba057f2088e05616f1f3c5d64e66c2c0f43e6597178a51dcf8b2aebcbaa1722&#xA;Mar 21 08:27:23.675: INFO: At 2017-03-21 08:27:10 +0000 UTC - event for client-envvars-2aa99697-0e10-11e7-8984-42010a8c0008: {kubelet frakti-e2e} Started: Started container with id 9ba057f2088e05616f1f3c5d64e66c2c0f43e6597178a51dcf8b2aebcbaa1722&#xA;Mar 21 08:27:23.675: INFO: At 2017-03-21 08:27:16 +0000 UTC - event for client-envvars-2aa99697-0e10-11e7-8984-42010a8c0008: {kubelet frakti-e2e} Pulled: Container image &#34;gcr.io/google_containers/busybox:1.24&#34; already present on machine&#xA;Mar 21 08:27:23.675: INFO: At 2017-03-21 08:27:16 +0000 UTC - event for client-envvars-2aa99697-0e10-11e7-8984-42010a8c0008: {kubelet frakti-e2e} Created: Created container with id ebc6b0501948542089a7fe62a8f007314ca79c707de5322a1c1fb2d2a8a6fb71&#xA;Mar 21 08:27:23.675: INFO: At 2017-03-21 08:27:16 +0000 UTC - event for client-envvars-2aa99697-0e10-11e7-8984-42010a8c0008: {kubelet frakti-e2e} Started: Started container with id ebc6b0501948542089a7fe62a8f007314ca79c707de5322a1c1fb2d2a8a6fb71&#xA;Mar 21 08:27:23.675: INFO: At 2017-03-21 08:27:22 +0000 UTC - event for client-envvars-2aa99697-0e10-11e7-8984-42010a8c0008: {kubelet frakti-e2e} Pulled: Container image &#34;gcr.io/google_containers/busybox:1.24&#34; already present on machine&#xA;Mar 21 08:27:23.675: INFO: At 2017-03-21 08:27:22 +0000 UTC - event for client-envvars-2aa99697-0e10-11e7-8984-42010a8c0008: {kubelet frakti-e2e} Created: Created container with id 50a9250291fd192cd7de6d85def0db49f4217698b139324d14a611f7b262b778&#xA;Mar 21 08:27:23.675: INFO: At 2017-03-21 08:27:22 +0000 UTC - event for client-envvars-2aa99697-0e10-11e7-8984-42010a8c0008: {kubelet frakti-e2e} Started: Started container with id 50a9250291fd192cd7de6d85def0db49f4217698b139324d14a611f7b262b778&#xA;Mar 21 08:27:23.679: INFO: POD                                                  NODE        PHASE    GRACE  CONDITIONS&#xA;Mar 21 08:27:23.679: INFO: server-envvars-2714ed9e-0e10-11e7-8984-42010a8c0008  frakti-e2e  Running         [{Initialized True 0001-01-01 00:00:00 +0000 UTC 2017-03-21 08:26:59 +0000 UTC  } {Ready True 0001-01-01 00:00:00 +0000 UTC 2017-03-21 08:27:05 +0000 UTC  } {PodScheduled True 0001-01-01 00:00:00 +0000 UTC 2017-03-21 08:27:05 +0000 UTC  }]&#xA;Mar 21 08:27:23.679: INFO: &#xA;Mar 21 08:27:23.680: INFO: &#xA;Logging node info for node frakti-e2e&#xA;Mar 21 08:27:23.681: INFO: Node Info: &amp;Node{ObjectMeta:k8s_io_apimachinery_pkg_apis_meta_v1.ObjectMeta{Name:frakti-e2e,GenerateName:,Namespace:,SelfLink:/api/v1/nodesfrakti-e2e,UID:e55acc6b-0e0d-11e7-a9e6-42010a8c0008,ResourceVersion:1629,Generation:0,CreationTimestamp:2017-03-21 08:10:50 +0000 UTC,DeletionTimestamp:&lt;nil&gt;,DeletionGracePeriodSeconds:nil,Labels:map[string]string{beta.kubernetes.io/arch: amd64,beta.kubernetes.io/os: linux,kubernetes.io/hostname: frakti-e2e,},Annotations:map[string]string{volumes.kubernetes.io/controller-managed-attach-detach: true,},OwnerReferences:[],Finalizers:[],ClusterName:,},Spec:NodeSpec{PodCIDR:,ExternalID:frakti-e2e,ProviderID:gce:////5985600149768706345,Unschedulable:false,Taints:[],},Status:NodeStatus{Capacity:ResourceList{cpu: {{4 0} {&lt;nil&gt;} 4 DecimalSI},memory: {{15770382336 0} {&lt;nil&gt;} 15400764Ki BinarySI},pods: {{110 0} {&lt;nil&gt;} 110 DecimalSI},},Allocatable:ResourceList{cpu: {{4 0} {&lt;nil&gt;} 4 DecimalSI},memory: {{15508238336 0} {&lt;nil&gt;} 15144764Ki BinarySI},pods: {{110 0} {&lt;nil&gt;} 110 DecimalSI},},Phase:,Conditions:[{OutOfDisk False 2017-03-21 08:27:14 +0000 UTC 2017-03-21 08:10:50 +0000 UTC KubeletHasSufficientDisk kubelet has sufficient disk space available} {MemoryPressure False 2017-03-21 08:27:14 +0000 UTC 2017-03-21 08:10:50 +0000 UTC KubeletHasSufficientMemory kubelet has sufficient memory available} {DiskPressure False 2017-03-21 08:27:14 +0000 UTC 2017-03-21 08:10:50 +0000 UTC KubeletHasNoDiskPressure kubelet has no disk pressure} {Ready True 2017-03-21 08:27:14 +0000 UTC 2017-03-21 08:10:50 +0000 UTC KubeletReady kubelet is posting ready status}],Addresses:[{LegacyHostIP 10.140.0.8} {InternalIP 10.140.0.8} {Hostname frakti-e2e}],DaemonEndpoints:NodeDaemonEndpoints{KubeletEndpoint:DaemonEndpoint{Port:10250,},},NodeInfo:NodeSystemInfo{MachineID:24ff1754f521f8ffc0b9d886cd5831f7,SystemUUID:66DF790D-8659-19AF-C8E8-AAAC6BAFD264,BootID:6dd25fc1-ba14-4123-b425-12a6ca632681,KernelVersion:3.10.0-514.6.2.el7.x86_64,OSImage:CentOS Linux 7 (Core),ContainerRuntimeVersion:hyper://0.8.0,KubeletVersion:v1.7.0-alpha.0.1397+e3f6f14bf0d1af,KubeProxyVersion:v1.7.0-alpha.0.1397+e3f6f14bf0d1af,OperatingSystem:linux,Architecture:amd64,},Images:[{[gcr.io/google_containers/node-problem-detector:v0.3.0] 290407887} {[gcr.io/google_containers/volume-nfs:0.8] 247146979} {[gcr.io/google_containers/volume-gluster:0.2] 212127750} {[gcr.io/google_containers/nginx-slim:0.7] 86838142} {[] 47794349} {[gcr.io/google_containers/hostexec:1.2] 13185747} {[gcr.io/google_containers/netexec:1.7] 8016035} {[gcr.io/google_containers/netexec:1.5] 7358440} {[gcr.io/google_containers/netexec:1.4] 7293444} {[gcr.io/google_containers/alpine-with-bash:1.0] 6660469} {[gcr.io/google_containers/serve_hostname:v1.4] 6222101} {[gcr.io/google-containers/stress:v1] 5494760} {[] 5042632} {[gcr.io/authenticated-image-pulling/alpine:3.1] 5038488} {[gcr.io/google_containers/test-webserver:e2e] 4534272} {[gcr.io/google_containers/liveness:e2e] 4387474} {[gcr.io/google_containers/eptest:0.1] 2970692} {[gcr.io/google_containers/mounttest:0.8] 1450761} {[gcr.io/google_containers/mounttest-user:0.5] 1450761} {[gcr.io/google_containers/busybox@sha256:4bdd623e848417d96127e16037743f0cd8b528c026e9175e22a84f639eca58ff gcr.io/google_containers/busybox:1.24] 1113554} {[gcr.io/google_containers/pause-amd64:3.0] 746888}],VolumesInUse:[],VolumesAttached:[],},}&#xA;Mar 21 08:27:23.681: INFO: &#xA;Logging kubelet events for node frakti-e2e&#xA;Mar 21 08:27:23.682: INFO: &#xA;Logging pods the kubelet thinks is on node frakti-e2e&#xA;Mar 21 08:27:23.684: INFO: server-envvars-2714ed9e-0e10-11e7-8984-42010a8c0008 started at 2017-03-21 08:26:59 +0000 UTC (0+1 container statuses recorded)&#xA;Mar 21 08:27:23.684: INFO: &#x9;Container srv ready: true, restart count 0&#xA;Mar 21 08:27:23.760: INFO: &#xA;Latency metrics for node frakti-e2e&#xA;Mar 21 08:27:23.760: INFO: {Operation:sync Method:pod_worker_latency_microseconds Quantile:0.99 Latency:2m5.223226s}&#xA;Mar 21 08:27:23.761: INFO: {Operation:sync Method:pod_worker_latency_microseconds Quantile:0.9 Latency:2m5.221579s}&#xA;Mar 21 08:27:23.761: INFO: {Operation:sync Method:pod_worker_latency_microseconds Quantile:0.5 Latency:2m1.060653s}&#xA;�[1mSTEP�[0m: Dumping a list of prepulled images on each node&#xA;Mar 21 08:27:23.762: INFO: Waiting up to 3m0s for all (but 0) nodes to be ready&#xA;�[1mSTEP�[0m: Destroying namespace &#34;e2e-tests-pods-w57qg&#34; for this suite.&#xA;Mar 21 08:27:53.781: INFO: namespace: e2e-tests-pods-w57qg, resource: bindings, ignored listing per whitelist&#xA;</system-out>
      </testcase>
      <testcase name="[k8s.io] Secrets should be consumable from pods in volume as non-root with defaultMode and fsGroup set [Conformance] [Volume]" classname="E2eNode Suite" time="18.097244216"></testcase>
      <testcase name="[k8s.io] Pods should support remote command execution over websockets" classname="E2eNode Suite" time="0">
          <skipped></skipped>
      </testcase>
      <testcase name="[k8s.io] MirrorPod when create a mirror pod  should be recreated when mirror pod gracefully deleted [Conformance]" classname="E2eNode Suite" time="30.062190232"></testcase>
      <testcase name="[k8s.io] Kubelet when scheduling a busybox command that always fails in a pod should be possible to delete" classname="E2eNode Suite" time="0">
          <skipped></skipped>
      </testcase>
      <testcase name="[k8s.io] MirrorPod when create a mirror pod  should be updated when static pod updated [Conformance]" classname="E2eNode Suite" time="35.05411214"></testcase>
      <testcase name="[k8s.io] Container Runtime Conformance Test container runtime conformance blackbox test when starting a container that exits it should run with the expected status [Conformance]" classname="E2eNode Suite" time="35.184903393">
          <failure type="Failure">/root/go-project/src/k8s.io/kubernetes/_output/local/go/src/k8s.io/kubernetes/test/e2e_node/runtime_conformance_test.go:130&#xA;Expected&#xA;    &lt;bool&gt;: false&#xA;to equal&#xA;    &lt;bool&gt;: true&#xA;/root/go-project/src/k8s.io/kubernetes/_output/local/go/src/k8s.io/kubernetes/test/e2e_node/runtime_conformance_test.go:118</failure>
          <system-out>[BeforeEach] [k8s.io] Container Runtime Conformance Test&#xA;  /root/go-project/src/k8s.io/kubernetes/_output/local/go/src/k8s.io/kubernetes/test/e2e/framework/framework.go:119&#xA;�[1mSTEP�[0m: Creating a kubernetes client&#xA;�[1mSTEP�[0m: Building a namespace api object&#xA;Mar 21 08:29:17.026: INFO: Skipping waiting for service account&#xA;[It] it should run with the expected status [Conformance]&#xA;  /root/go-project/src/k8s.io/kubernetes/_output/local/go/src/k8s.io/kubernetes/test/e2e_node/runtime_conformance_test.go:130&#xA;�[1mSTEP�[0m: it should get the expected &#39;RestartCount&#39;&#xA;�[1mSTEP�[0m: it should get the expected &#39;Phase&#39;&#xA;�[1mSTEP�[0m: it should get the expected &#39;Ready&#39; condition&#xA;[AfterEach] [k8s.io] Container Runtime Conformance Test&#xA;  /root/go-project/src/k8s.io/kubernetes/_output/local/go/src/k8s.io/kubernetes/test/e2e/framework/framework.go:120&#xA;�[1mSTEP�[0m: Collecting events from namespace &#34;e2e-tests-runtime-conformance-zrcrk&#34;.&#xA;�[1mSTEP�[0m: Found 10 events.&#xA;Mar 21 08:29:42.093: INFO: At 2017-03-21 08:29:22 +0000 UTC - event for terminate-cmd-rpa78fdfaec-0e10-11e7-8984-42010a8c0008: {kubelet frakti-e2e} Pulled: Container image &#34;gcr.io/google_containers/busybox:1.24&#34; already present on machine&#xA;Mar 21 08:29:42.093: INFO: At 2017-03-21 08:29:22 +0000 UTC - event for terminate-cmd-rpa78fdfaec-0e10-11e7-8984-42010a8c0008: {kubelet frakti-e2e} Created: Created container with id a4af219e638823061bb16afce6613907e1f86d89e565843d6ea4e980ac79ff3b&#xA;Mar 21 08:29:42.093: INFO: At 2017-03-21 08:29:22 +0000 UTC - event for terminate-cmd-rpa78fdfaec-0e10-11e7-8984-42010a8c0008: {kubelet frakti-e2e} Started: Started container with id a4af219e638823061bb16afce6613907e1f86d89e565843d6ea4e980ac79ff3b&#xA;Mar 21 08:29:42.093: INFO: At 2017-03-21 08:29:23 +0000 UTC - event for terminate-cmd-rpa78fdfaec-0e10-11e7-8984-42010a8c0008: {kubelet frakti-e2e} Created: Created container with id e891c7b8c64ee456e0372f9dd1070b76b78d31077f5cba17eed0f01c13ecc631&#xA;Mar 21 08:29:42.093: INFO: At 2017-03-21 08:29:23 +0000 UTC - event for terminate-cmd-rpa78fdfaec-0e10-11e7-8984-42010a8c0008: {kubelet frakti-e2e} Started: Started container with id e891c7b8c64ee456e0372f9dd1070b76b78d31077f5cba17eed0f01c13ecc631&#xA;Mar 21 08:29:42.093: INFO: At 2017-03-21 08:29:24 +0000 UTC - event for terminate-cmd-rpa78fdfaec-0e10-11e7-8984-42010a8c0008: {kubelet frakti-e2e} BackOff: Back-off restarting failed container&#xA;Mar 21 08:29:42.093: INFO: At 2017-03-21 08:29:24 +0000 UTC - event for terminate-cmd-rpa78fdfaec-0e10-11e7-8984-42010a8c0008: {kubelet frakti-e2e} FailedSync: Error syncing pod, skipping: failed to &#34;StartContainer&#34; for &#34;terminate-cmd-rpa&#34; with CrashLoopBackOff: &#34;Back-off 10s restarting failed container=terminate-cmd-rpa pod=terminate-cmd-rpa78fdfaec-0e10-11e7-8984-42010a8c0008_e2e-tests-runtime-conformance-zrcrk(78fe0bba-0e10-11e7-a9e6-42010a8c0008)&#34;&#xA;&#xA;Mar 21 08:29:42.093: INFO: At 2017-03-21 08:29:40 +0000 UTC - event for terminate-cmd-rpa78fdfaec-0e10-11e7-8984-42010a8c0008: {kubelet frakti-e2e} Created: Created container with id 3f082aae7f2bd11996bd1fa3f42db62e21e03f8fc7bcc028d33cfd02e311155a&#xA;Mar 21 08:29:42.093: INFO: At 2017-03-21 08:29:40 +0000 UTC - event for terminate-cmd-rpa78fdfaec-0e10-11e7-8984-42010a8c0008: {kubelet frakti-e2e} Started: Started container with id 3f082aae7f2bd11996bd1fa3f42db62e21e03f8fc7bcc028d33cfd02e311155a&#xA;Mar 21 08:29:42.093: INFO: At 2017-03-21 08:29:41 +0000 UTC - event for terminate-cmd-rpa78fdfaec-0e10-11e7-8984-42010a8c0008: {kubelet frakti-e2e} FailedSync: Error syncing pod, skipping: failed to &#34;StartContainer&#34; for &#34;terminate-cmd-rpa&#34; with CrashLoopBackOff: &#34;Back-off 20s restarting failed container=terminate-cmd-rpa pod=terminate-cmd-rpa78fdfaec-0e10-11e7-8984-42010a8c0008_e2e-tests-runtime-conformance-zrcrk(78fe0bba-0e10-11e7-a9e6-42010a8c0008)&#34;&#xA;&#xA;Mar 21 08:29:42.096: INFO: POD  NODE  PHASE  GRACE  CONDITIONS&#xA;Mar 21 08:29:42.096: INFO: &#xA;Mar 21 08:29:42.098: INFO: &#xA;Logging node info for node frakti-e2e&#xA;Mar 21 08:29:42.099: INFO: Node Info: &amp;Node{ObjectMeta:k8s_io_apimachinery_pkg_apis_meta_v1.ObjectMeta{Name:frakti-e2e,GenerateName:,Namespace:,SelfLink:/api/v1/nodesfrakti-e2e,UID:e55acc6b-0e0d-11e7-a9e6-42010a8c0008,ResourceVersion:1934,Generation:0,CreationTimestamp:2017-03-21 08:10:50 +0000 UTC,DeletionTimestamp:&lt;nil&gt;,DeletionGracePeriodSeconds:nil,Labels:map[string]string{beta.kubernetes.io/arch: amd64,beta.kubernetes.io/os: linux,kubernetes.io/hostname: frakti-e2e,},Annotations:map[string]string{volumes.kubernetes.io/controller-managed-attach-detach: true,},OwnerReferences:[],Finalizers:[],ClusterName:,},Spec:NodeSpec{PodCIDR:,ExternalID:frakti-e2e,ProviderID:gce:////5985600149768706345,Unschedulable:false,Taints:[],},Status:NodeStatus{Capacity:ResourceList{cpu: {{4 0} {&lt;nil&gt;} 4 DecimalSI},memory: {{15770382336 0} {&lt;nil&gt;} 15400764Ki BinarySI},pods: {{110 0} {&lt;nil&gt;} 110 DecimalSI},},Allocatable:ResourceList{cpu: {{4 0} {&lt;nil&gt;} 4 DecimalSI},memory: {{15508238336 0} {&lt;nil&gt;} 15144764Ki BinarySI},pods: {{110 0} {&lt;nil&gt;} 110 DecimalSI},},Phase:,Conditions:[{OutOfDisk False 2017-03-21 08:29:35 +0000 UTC 2017-03-21 08:10:50 +0000 UTC KubeletHasSufficientDisk kubelet has sufficient disk space available} {MemoryPressure False 2017-03-21 08:29:35 +0000 UTC 2017-03-21 08:10:50 +0000 UTC KubeletHasSufficientMemory kubelet has sufficient memory available} {DiskPressure False 2017-03-21 08:29:35 +0000 UTC 2017-03-21 08:10:50 +0000 UTC KubeletHasNoDiskPressure kubelet has no disk pressure} {Ready True 2017-03-21 08:29:35 +0000 UTC 2017-03-21 08:10:50 +0000 UTC KubeletReady kubelet is posting ready status}],Addresses:[{LegacyHostIP 10.140.0.8} {InternalIP 10.140.0.8} {Hostname frakti-e2e}],DaemonEndpoints:NodeDaemonEndpoints{KubeletEndpoint:DaemonEndpoint{Port:10250,},},NodeInfo:NodeSystemInfo{MachineID:24ff1754f521f8ffc0b9d886cd5831f7,SystemUUID:66DF790D-8659-19AF-C8E8-AAAC6BAFD264,BootID:6dd25fc1-ba14-4123-b425-12a6ca632681,KernelVersion:3.10.0-514.6.2.el7.x86_64,OSImage:CentOS Linux 7 (Core),ContainerRuntimeVersion:hyper://0.8.0,KubeletVersion:v1.7.0-alpha.0.1397+e3f6f14bf0d1af,KubeProxyVersion:v1.7.0-alpha.0.1397+e3f6f14bf0d1af,OperatingSystem:linux,Architecture:amd64,},Images:[{[gcr.io/google_containers/node-problem-detector:v0.3.0] 290407887} {[gcr.io/google_containers/volume-nfs:0.8] 247146979} {[gcr.io/google_containers/volume-gluster:0.2] 212127750} {[gcr.io/google_containers/nginx-slim:0.7] 86838142} {[] 47794349} {[gcr.io/google_containers/hostexec:1.2] 13185747} {[gcr.io/google_containers/netexec:1.7] 8016035} {[gcr.io/google_containers/netexec:1.5] 7358440} {[gcr.io/google_containers/netexec:1.4] 7293444} {[gcr.io/google_containers/alpine-with-bash:1.0] 6660469} {[gcr.io/google_containers/serve_hostname:v1.4] 6222101} {[gcr.io/google-containers/stress:v1] 5494760} {[] 5042632} {[gcr.io/authenticated-image-pulling/alpine:3.1] 5038488} {[gcr.io/google_containers/test-webserver:e2e] 4534272} {[gcr.io/google_containers/liveness:e2e] 4387474} {[gcr.io/google_containers/eptest:0.1] 2970692} {[gcr.io/google_containers/mounttest-user:0.5] 1450761} {[gcr.io/google_containers/mounttest:0.8] 1450761} {[gcr.io/google_containers/busybox@sha256:4bdd623e848417d96127e16037743f0cd8b528c026e9175e22a84f639eca58ff gcr.io/google_containers/busybox:1.24] 1113554} {[gcr.io/google_containers/pause-amd64:3.0] 746888}],VolumesInUse:[],VolumesAttached:[],},}&#xA;Mar 21 08:29:42.099: INFO: &#xA;Logging kubelet events for node frakti-e2e&#xA;Mar 21 08:29:42.100: INFO: &#xA;Logging pods the kubelet thinks is on node frakti-e2e&#xA;Mar 21 08:29:42.169: INFO: &#xA;Latency metrics for node frakti-e2e&#xA;Mar 21 08:29:42.169: INFO: {Operation:sync Method:pod_worker_latency_microseconds Quantile:0.99 Latency:2m5.221579s}&#xA;Mar 21 08:29:42.169: INFO: {Operation:sync Method:pod_worker_latency_microseconds Quantile:0.9 Latency:2m5.17361s}&#xA;Mar 21 08:29:42.169: INFO: {Operation:sync Method:pod_worker_latency_microseconds Quantile:0.5 Latency:2m1.057175s}&#xA;�[1mSTEP�[0m: Dumping a list of prepulled images on each node&#xA;Mar 21 08:29:42.171: INFO: Waiting up to 3m0s for all (but 0) nodes to be ready&#xA;�[1mSTEP�[0m: Destroying namespace &#34;e2e-tests-runtime-conformance-zrcrk&#34; for this suite.&#xA;Mar 21 08:29:52.203: INFO: namespace: e2e-tests-runtime-conformance-zrcrk, resource: bindings, ignored listing per whitelist&#xA;</system-out>
      </testcase>
      <testcase name="[k8s.io] Secrets should be consumable in multiple volumes in a pod [Conformance] [Volume]" classname="E2eNode Suite" time="18.071372348"></testcase>
      <testcase name="[k8s.io] NodeProblemDetector [k8s.io] SystemLogMonitor should generate node condition and events for corresponding errors" classname="E2eNode Suite" time="0">
          <skipped></skipped>
      </testcase>
      <testcase name="[k8s.io] Sysctls should support unsafe sysctls which are actually whitelisted" classname="E2eNode Suite" time="0">
          <skipped></skipped>
      </testcase>
      <testcase name="[k8s.io] HostPath should support subPath [Volume]" classname="E2eNode Suite" time="0">
          <skipped></skipped>
      </testcase>
      <testcase name="[k8s.io] Resource-usage [Serial] [Slow] regular resource usage tracking resource tracking for 105 pods per node [Benchmark]" classname="E2eNode Suite" time="0">
          <skipped></skipped>
      </testcase>
      <testcase name="[k8s.io] ConfigMap should be consumable from pods in volume as non-root with defaultMode and fsGroup set [Feature:FSGroup] [Volume]" classname="E2eNode Suite" time="0">
          <skipped></skipped>
      </testcase>
      <testcase name="[k8s.io] Container Runtime Conformance Test container runtime conformance blackbox test when starting a container that exits should report termination message as empty when pod succeeds and TerminationMessagePolicy FallbackToLogOnError is set" classname="E2eNode Suite" time="0">
          <skipped></skipped>
      </testcase>
      <testcase name="[k8s.io] Probing container with readiness probe should not be ready before initial delay and never restart [Conformance]" classname="E2eNode Suite" time="52.045903168"></testcase>
      <testcase name="[k8s.io] Projected should provide container&#39;s memory limit [Conformance] [Volume]" classname="E2eNode Suite" time="18.064882947"></testcase>
      <testcase name="[k8s.io] Downward API volume should update labels on modification [Conformance] [Volume]" classname="E2eNode Suite" time="40.603127584"></testcase>
      <testcase name="[k8s.io] AllocatableEviction [Slow] [Serial] [Disruptive] [Flaky] when we run containers that should cause Memory Pressure should eventually see Memory Pressure, and then evict all of the correct pods" classname="E2eNode Suite" time="0">
          <skipped></skipped>
      </testcase>
      <testcase name="[k8s.io] Node Container Manager [Serial] Validate Node Allocatable set&#39;s up the node and runs the test" classname="E2eNode Suite" time="0">
          <skipped></skipped>
      </testcase>
      <testcase name="[k8s.io] Kubelet Cgroup Manager Pod containers On scheduling a Guaranteed Pod Pod containers should have been created under the cgroup-root" classname="E2eNode Suite" time="0">
          <skipped></skipped>
      </testcase>
      <testcase name="[k8s.io] Density [Serial] [Slow] create a batch of pods latency/resource should be within limit when create 10 pods with 0s interval [Benchmark]" classname="E2eNode Suite" time="0">
          <skipped></skipped>
      </testcase>
      <testcase name="[k8s.io] Downward API should provide pod IP as an env var [Conformance]" classname="E2eNode Suite" time="23.138371901">
          <failure type="Failure">/root/go-project/src/k8s.io/kubernetes/_output/local/go/src/k8s.io/kubernetes/test/e2e/common/downward_api.go:84&#xA;Expected error:&#xA;    &lt;*errors.errorString | 0xc4212fb010&gt;: {&#xA;        s: &#34;expected pod \&#34;downward-api-dabce1e8-0e10-11e7-8984-42010a8c0008\&#34; success: &lt;nil&gt;&#34;,&#xA;    }&#xA;    expected pod &#34;downward-api-dabce1e8-0e10-11e7-8984-42010a8c0008&#34; success: &lt;nil&gt;&#xA;not to have occurred&#xA;/root/go-project/src/k8s.io/kubernetes/_output/local/go/src/k8s.io/kubernetes/test/e2e/framework/util.go:2197</failure>
          <system-out>[BeforeEach] [k8s.io] Downward API&#xA;  /root/go-project/src/k8s.io/kubernetes/_output/local/go/src/k8s.io/kubernetes/test/e2e/framework/framework.go:119&#xA;�[1mSTEP�[0m: Creating a kubernetes client&#xA;�[1mSTEP�[0m: Building a namespace api object&#xA;Mar 21 08:32:01.016: INFO: Skipping waiting for service account&#xA;[It] should provide pod IP as an env var [Conformance]&#xA;  /root/go-project/src/k8s.io/kubernetes/_output/local/go/src/k8s.io/kubernetes/test/e2e/common/downward_api.go:84&#xA;�[1mSTEP�[0m: Creating a pod to test downward api env vars&#xA;Mar 21 08:32:01.019: INFO: Waiting up to 5m0s for pod downward-api-dabce1e8-0e10-11e7-8984-42010a8c0008 status to be success or failure&#xA;Mar 21 08:32:01.020: INFO: Waiting for pod downward-api-dabce1e8-0e10-11e7-8984-42010a8c0008 in namespace &#39;e2e-tests-downward-api-j7b6b&#39; status to be &#39;success or failure&#39;(found phase: &#34;Pending&#34;, readiness: false) (1.198841ms elapsed)&#xA;Mar 21 08:32:03.022: INFO: Waiting for pod downward-api-dabce1e8-0e10-11e7-8984-42010a8c0008 in namespace &#39;e2e-tests-downward-api-j7b6b&#39; status to be &#39;success or failure&#39;(found phase: &#34;Pending&#34;, readiness: false) (2.003292257s elapsed)&#xA;Mar 21 08:32:05.024: INFO: Waiting for pod downward-api-dabce1e8-0e10-11e7-8984-42010a8c0008 in namespace &#39;e2e-tests-downward-api-j7b6b&#39; status to be &#39;success or failure&#39;(found phase: &#34;Pending&#34;, readiness: false) (4.005243997s elapsed)&#xA;Mar 21 08:32:07.026: INFO: Waiting for pod downward-api-dabce1e8-0e10-11e7-8984-42010a8c0008 in namespace &#39;e2e-tests-downward-api-j7b6b&#39; status to be &#39;success or failure&#39;(found phase: &#34;Pending&#34;, readiness: false) (6.007346897s elapsed)&#xA;Mar 21 08:32:09.033: INFO: Output of node &#34;frakti-e2e&#34; pod &#34;downward-api-dabce1e8-0e10-11e7-8984-42010a8c0008&#34; container &#34;dapi-container&#34;: exec failed: No such file or directory&#xA;&#xA;�[1mSTEP�[0m: delete the pod&#xA;Mar 21 08:32:09.038: INFO: Waiting for pod downward-api-dabce1e8-0e10-11e7-8984-42010a8c0008 to disappear&#xA;Mar 21 08:32:09.039: INFO: Pod downward-api-dabce1e8-0e10-11e7-8984-42010a8c0008 no longer exists&#xA;Mar 21 08:32:09.039: INFO: Unexpected error occurred: expected pod &#34;downward-api-dabce1e8-0e10-11e7-8984-42010a8c0008&#34; success: &lt;nil&gt;&#xA;[AfterEach] [k8s.io] Downward API&#xA;  /root/go-project/src/k8s.io/kubernetes/_output/local/go/src/k8s.io/kubernetes/test/e2e/framework/framework.go:120&#xA;�[1mSTEP�[0m: Collecting events from namespace &#34;e2e-tests-downward-api-j7b6b&#34;.&#xA;�[1mSTEP�[0m: Found 3 events.&#xA;Mar 21 08:32:09.041: INFO: At 2017-03-21 08:32:06 +0000 UTC - event for downward-api-dabce1e8-0e10-11e7-8984-42010a8c0008: {kubelet frakti-e2e} Pulled: Container image &#34;gcr.io/google_containers/busybox:1.24&#34; already present on machine&#xA;Mar 21 08:32:09.041: INFO: At 2017-03-21 08:32:06 +0000 UTC - event for downward-api-dabce1e8-0e10-11e7-8984-42010a8c0008: {kubelet frakti-e2e} Created: Created container with id 5fa840fde4d5ec2c466a655e3028d432bcc99ee8b0784826d36ab1ac9a14845e&#xA;Mar 21 08:32:09.041: INFO: At 2017-03-21 08:32:06 +0000 UTC - event for downward-api-dabce1e8-0e10-11e7-8984-42010a8c0008: {kubelet frakti-e2e} Started: Started container with id 5fa840fde4d5ec2c466a655e3028d432bcc99ee8b0784826d36ab1ac9a14845e&#xA;Mar 21 08:32:09.044: INFO: POD  NODE  PHASE  GRACE  CONDITIONS&#xA;Mar 21 08:32:09.044: INFO: &#xA;Mar 21 08:32:09.045: INFO: &#xA;Logging node info for node frakti-e2e&#xA;Mar 21 08:32:09.047: INFO: Node Info: &amp;Node{ObjectMeta:k8s_io_apimachinery_pkg_apis_meta_v1.ObjectMeta{Name:frakti-e2e,GenerateName:,Namespace:,SelfLink:/api/v1/nodesfrakti-e2e,UID:e55acc6b-0e0d-11e7-a9e6-42010a8c0008,ResourceVersion:2177,Generation:0,CreationTimestamp:2017-03-21 08:10:50 +0000 UTC,DeletionTimestamp:&lt;nil&gt;,DeletionGracePeriodSeconds:nil,Labels:map[string]string{beta.kubernetes.io/arch: amd64,beta.kubernetes.io/os: linux,kubernetes.io/hostname: frakti-e2e,},Annotations:map[string]string{volumes.kubernetes.io/controller-managed-attach-detach: true,},OwnerReferences:[],Finalizers:[],ClusterName:,},Spec:NodeSpec{PodCIDR:,ExternalID:frakti-e2e,ProviderID:gce:////5985600149768706345,Unschedulable:false,Taints:[],},Status:NodeStatus{Capacity:ResourceList{cpu: {{4 0} {&lt;nil&gt;} 4 DecimalSI},memory: {{15770382336 0} {&lt;nil&gt;} 15400764Ki BinarySI},pods: {{110 0} {&lt;nil&gt;} 110 DecimalSI},},Allocatable:ResourceList{cpu: {{4 0} {&lt;nil&gt;} 4 DecimalSI},memory: {{15508238336 0} {&lt;nil&gt;} 15144764Ki BinarySI},pods: {{110 0} {&lt;nil&gt;} 110 DecimalSI},},Phase:,Conditions:[{OutOfDisk False 2017-03-21 08:32:06 +0000 UTC 2017-03-21 08:10:50 +0000 UTC KubeletHasSufficientDisk kubelet has sufficient disk space available} {MemoryPressure False 2017-03-21 08:32:06 +0000 UTC 2017-03-21 08:10:50 +0000 UTC KubeletHasSufficientMemory kubelet has sufficient memory available} {DiskPressure False 2017-03-21 08:32:06 +0000 UTC 2017-03-21 08:10:50 +0000 UTC KubeletHasNoDiskPressure kubelet has no disk pressure} {Ready True 2017-03-21 08:32:06 +0000 UTC 2017-03-21 08:10:50 +0000 UTC KubeletReady kubelet is posting ready status}],Addresses:[{LegacyHostIP 10.140.0.8} {InternalIP 10.140.0.8} {Hostname frakti-e2e}],DaemonEndpoints:NodeDaemonEndpoints{KubeletEndpoint:DaemonEndpoint{Port:10250,},},NodeInfo:NodeSystemInfo{MachineID:24ff1754f521f8ffc0b9d886cd5831f7,SystemUUID:66DF790D-8659-19AF-C8E8-AAAC6BAFD264,BootID:6dd25fc1-ba14-4123-b425-12a6ca632681,KernelVersion:3.10.0-514.6.2.el7.x86_64,OSImage:CentOS Linux 7 (Core),ContainerRuntimeVersion:hyper://0.8.0,KubeletVersion:v1.7.0-alpha.0.1397+e3f6f14bf0d1af,KubeProxyVersion:v1.7.0-alpha.0.1397+e3f6f14bf0d1af,OperatingSystem:linux,Architecture:amd64,},Images:[{[gcr.io/google_containers/node-problem-detector:v0.3.0] 290407887} {[gcr.io/google_containers/volume-nfs:0.8] 247146979} {[gcr.io/google_containers/volume-gluster:0.2] 212127750} {[gcr.io/google_containers/nginx-slim:0.7] 86838142} {[] 47794349} {[gcr.io/google_containers/hostexec:1.2] 13185747} {[gcr.io/google_containers/netexec:1.7] 8016035} {[gcr.io/google_containers/netexec:1.5] 7358440} {[gcr.io/google_containers/netexec:1.4] 7293444} {[gcr.io/google_containers/alpine-with-bash:1.0] 6660469} {[gcr.io/google_containers/serve_hostname:v1.4] 6222101} {[gcr.io/google-containers/stress:v1] 5494760} {[] 5042632} {[gcr.io/authenticated-image-pulling/alpine:3.1] 5038488} {[gcr.io/google_containers/test-webserver:e2e] 4534272} {[gcr.io/google_containers/liveness:e2e] 4387474} {[gcr.io/google_containers/eptest:0.1] 2970692} {[gcr.io/google_containers/mounttest-user:0.5] 1450761} {[gcr.io/google_containers/mounttest:0.8] 1450761} {[gcr.io/google_containers/busybox@sha256:4bdd623e848417d96127e16037743f0cd8b528c026e9175e22a84f639eca58ff gcr.io/google_containers/busybox:1.24] 1113554} {[gcr.io/google_containers/pause-amd64:3.0] 746888}],VolumesInUse:[],VolumesAttached:[],},}&#xA;Mar 21 08:32:09.047: INFO: &#xA;Logging kubelet events for node frakti-e2e&#xA;Mar 21 08:32:09.049: INFO: &#xA;Logging pods the kubelet thinks is on node frakti-e2e&#xA;Mar 21 08:32:09.115: INFO: &#xA;Latency metrics for node frakti-e2e&#xA;Mar 21 08:32:09.115: INFO: {Operation:sync Method:pod_worker_latency_microseconds Quantile:0.99 Latency:2m5.221579s}&#xA;Mar 21 08:32:09.115: INFO: {Operation:sync Method:pod_worker_latency_microseconds Quantile:0.9 Latency:2m1.157167s}&#xA;Mar 21 08:32:09.115: INFO: {Operation:sync Method:pod_worker_latency_microseconds Quantile:0.5 Latency:2m1.075595s}&#xA;�[1mSTEP�[0m: Dumping a list of prepulled images on each node&#xA;Mar 21 08:32:09.116: INFO: Waiting up to 3m0s for all (but 0) nodes to be ready&#xA;�[1mSTEP�[0m: Destroying namespace &#34;e2e-tests-downward-api-j7b6b&#34; for this suite.&#xA;Mar 21 08:32:24.131: INFO: namespace: e2e-tests-downward-api-j7b6b, resource: bindings, ignored listing per whitelist&#xA;</system-out>
      </testcase>
      <testcase name="[k8s.io] Container Runtime Conformance Test container runtime conformance blackbox test when running a container with a new image should be able to pull image from docker hub [Conformance]" classname="E2eNode Suite" time="35.100557469"></testcase>
      <testcase name="[k8s.io] Density [Serial] [Slow] create a batch of pods with higher API QPS latency/resource should be within limit when create 105 pods with 0s interval (QPS 60) [Benchmark]" classname="E2eNode Suite" time="0">
          <skipped></skipped>
      </testcase>
      <testcase name="[k8s.io] Downward API volume should provide node allocatable (memory) as default memory limit if the limit is not set [Conformance] [Volume]" classname="E2eNode Suite" time="18.067812736"></testcase>
      <testcase name="[k8s.io] Projected should be consumable from pods in volume as non-root [Conformance] [Volume]" classname="E2eNode Suite" time="23.065946217"></testcase>
      <testcase name="[k8s.io] Variable Expansion should allow substituting values in a container&#39;s command [Conformance]" classname="E2eNode Suite" time="18.14515569">
          <failure type="Failure">/root/go-project/src/k8s.io/kubernetes/_output/local/go/src/k8s.io/kubernetes/test/e2e/common/expansion.go:101&#xA;Expected error:&#xA;    &lt;*errors.errorString | 0xc421325220&gt;: {&#xA;        s: &#34;expected pod \&#34;var-expansion-15f94bc9-0e11-11e7-8984-42010a8c0008\&#34; success: &lt;nil&gt;&#34;,&#xA;    }&#xA;    expected pod &#34;var-expansion-15f94bc9-0e11-11e7-8984-42010a8c0008&#34; success: &lt;nil&gt;&#xA;not to have occurred&#xA;/root/go-project/src/k8s.io/kubernetes/_output/local/go/src/k8s.io/kubernetes/test/e2e/framework/util.go:2197</failure>
          <system-out>[BeforeEach] [k8s.io] Variable Expansion&#xA;  /root/go-project/src/k8s.io/kubernetes/_output/local/go/src/k8s.io/kubernetes/test/e2e/framework/framework.go:119&#xA;�[1mSTEP�[0m: Creating a kubernetes client&#xA;�[1mSTEP�[0m: Building a namespace api object&#xA;Mar 21 08:33:40.398: INFO: Skipping waiting for service account&#xA;[It] should allow substituting values in a container&#39;s command [Conformance]&#xA;  /root/go-project/src/k8s.io/kubernetes/_output/local/go/src/k8s.io/kubernetes/test/e2e/common/expansion.go:101&#xA;�[1mSTEP�[0m: Creating a pod to test substitution in container&#39;s command&#xA;Mar 21 08:33:40.399: INFO: Waiting up to 5m0s for pod var-expansion-15f94bc9-0e11-11e7-8984-42010a8c0008 status to be success or failure&#xA;Mar 21 08:33:40.400: INFO: Waiting for pod var-expansion-15f94bc9-0e11-11e7-8984-42010a8c0008 in namespace &#39;e2e-tests-var-expansion-dbr4v&#39; status to be &#39;success or failure&#39;(found phase: &#34;Pending&#34;, readiness: false) (906.578µs elapsed)&#xA;Mar 21 08:33:42.402: INFO: Waiting for pod var-expansion-15f94bc9-0e11-11e7-8984-42010a8c0008 in namespace &#39;e2e-tests-var-expansion-dbr4v&#39; status to be &#39;success or failure&#39;(found phase: &#34;Pending&#34;, readiness: false) (2.002782989s elapsed)&#xA;Mar 21 08:33:44.404: INFO: Waiting for pod var-expansion-15f94bc9-0e11-11e7-8984-42010a8c0008 in namespace &#39;e2e-tests-var-expansion-dbr4v&#39; status to be &#39;success or failure&#39;(found phase: &#34;Pending&#34;, readiness: false) (4.004698205s elapsed)&#xA;Mar 21 08:33:46.406: INFO: Waiting for pod var-expansion-15f94bc9-0e11-11e7-8984-42010a8c0008 in namespace &#39;e2e-tests-var-expansion-dbr4v&#39; status to be &#39;success or failure&#39;(found phase: &#34;Pending&#34;, readiness: false) (6.006798887s elapsed)&#xA;Mar 21 08:33:48.414: INFO: Output of node &#34;frakti-e2e&#34; pod &#34;var-expansion-15f94bc9-0e11-11e7-8984-42010a8c0008&#34; container &#34;dapi-container&#34;: exec failed: No such file or directory&#xA;&#xA;�[1mSTEP�[0m: delete the pod&#xA;Mar 21 08:33:48.419: INFO: Waiting for pod var-expansion-15f94bc9-0e11-11e7-8984-42010a8c0008 to disappear&#xA;Mar 21 08:33:48.421: INFO: Pod var-expansion-15f94bc9-0e11-11e7-8984-42010a8c0008 no longer exists&#xA;Mar 21 08:33:48.421: INFO: Unexpected error occurred: expected pod &#34;var-expansion-15f94bc9-0e11-11e7-8984-42010a8c0008&#34; success: &lt;nil&gt;&#xA;[AfterEach] [k8s.io] Variable Expansion&#xA;  /root/go-project/src/k8s.io/kubernetes/_output/local/go/src/k8s.io/kubernetes/test/e2e/framework/framework.go:120&#xA;�[1mSTEP�[0m: Collecting events from namespace &#34;e2e-tests-var-expansion-dbr4v&#34;.&#xA;�[1mSTEP�[0m: Found 3 events.&#xA;Mar 21 08:33:48.423: INFO: At 2017-03-21 08:33:45 +0000 UTC - event for var-expansion-15f94bc9-0e11-11e7-8984-42010a8c0008: {kubelet frakti-e2e} Pulled: Container image &#34;gcr.io/google_containers/busybox:1.24&#34; already present on machine&#xA;Mar 21 08:33:48.423: INFO: At 2017-03-21 08:33:45 +0000 UTC - event for var-expansion-15f94bc9-0e11-11e7-8984-42010a8c0008: {kubelet frakti-e2e} Created: Created container with id ed1ac85d97993f5679439ff506d56a34e3b875f92229794f36493160680ed05e&#xA;Mar 21 08:33:48.423: INFO: At 2017-03-21 08:33:45 +0000 UTC - event for var-expansion-15f94bc9-0e11-11e7-8984-42010a8c0008: {kubelet frakti-e2e} Started: Started container with id ed1ac85d97993f5679439ff506d56a34e3b875f92229794f36493160680ed05e&#xA;Mar 21 08:33:48.426: INFO: POD                                                  NODE        PHASE    GRACE  CONDITIONS&#xA;Mar 21 08:33:48.426: INFO: pod-configmaps-134d6ce4-0e11-11e7-85d6-42010a8c0008  frakti-e2e  Running         [{Initialized True 0001-01-01 00:00:00 +0000 UTC 2017-03-21 08:33:35 +0000 UTC  } {Ready True 0001-01-01 00:00:00 +0000 UTC 2017-03-21 08:33:42 +0000 UTC  } {PodScheduled True 0001-01-01 00:00:00 +0000 UTC 2017-03-21 08:33:42 +0000 UTC  }]&#xA;Mar 21 08:33:48.426: INFO: &#xA;Mar 21 08:33:48.427: INFO: &#xA;Logging node info for node frakti-e2e&#xA;Mar 21 08:33:48.429: INFO: Node Info: &amp;Node{ObjectMeta:k8s_io_apimachinery_pkg_apis_meta_v1.ObjectMeta{Name:frakti-e2e,GenerateName:,Namespace:,SelfLink:/api/v1/nodesfrakti-e2e,UID:e55acc6b-0e0d-11e7-a9e6-42010a8c0008,ResourceVersion:2348,Generation:0,CreationTimestamp:2017-03-21 08:10:50 +0000 UTC,DeletionTimestamp:&lt;nil&gt;,DeletionGracePeriodSeconds:nil,Labels:map[string]string{beta.kubernetes.io/arch: amd64,beta.kubernetes.io/os: linux,kubernetes.io/hostname: frakti-e2e,},Annotations:map[string]string{volumes.kubernetes.io/controller-managed-attach-detach: true,},OwnerReferences:[],Finalizers:[],ClusterName:,},Spec:NodeSpec{PodCIDR:,ExternalID:frakti-e2e,ProviderID:gce:////5985600149768706345,Unschedulable:false,Taints:[],},Status:NodeStatus{Capacity:ResourceList{cpu: {{4 0} {&lt;nil&gt;} 4 DecimalSI},memory: {{15770382336 0} {&lt;nil&gt;} 15400764Ki BinarySI},pods: {{110 0} {&lt;nil&gt;} 110 DecimalSI},},Allocatable:ResourceList{cpu: {{4 0} {&lt;nil&gt;} 4 DecimalSI},memory: {{15508238336 0} {&lt;nil&gt;} 15144764Ki BinarySI},pods: {{110 0} {&lt;nil&gt;} 110 DecimalSI},},Phase:,Conditions:[{OutOfDisk False 2017-03-21 08:33:46 +0000 UTC 2017-03-21 08:10:50 +0000 UTC KubeletHasSufficientDisk kubelet has sufficient disk space available} {MemoryPressure False 2017-03-21 08:33:46 +0000 UTC 2017-03-21 08:10:50 +0000 UTC KubeletHasSufficientMemory kubelet has sufficient memory available} {DiskPressure False 2017-03-21 08:33:46 +0000 UTC 2017-03-21 08:10:50 +0000 UTC KubeletHasNoDiskPressure kubelet has no disk pressure} {Ready True 2017-03-21 08:33:46 +0000 UTC 2017-03-21 08:10:50 +0000 UTC KubeletReady kubelet is posting ready status}],Addresses:[{LegacyHostIP 10.140.0.8} {InternalIP 10.140.0.8} {Hostname frakti-e2e}],DaemonEndpoints:NodeDaemonEndpoints{KubeletEndpoint:DaemonEndpoint{Port:10250,},},NodeInfo:NodeSystemInfo{MachineID:24ff1754f521f8ffc0b9d886cd5831f7,SystemUUID:66DF790D-8659-19AF-C8E8-AAAC6BAFD264,BootID:6dd25fc1-ba14-4123-b425-12a6ca632681,KernelVersion:3.10.0-514.6.2.el7.x86_64,OSImage:CentOS Linux 7 (Core),ContainerRuntimeVersion:hyper://0.8.0,KubeletVersion:v1.7.0-alpha.0.1397+e3f6f14bf0d1af,KubeProxyVersion:v1.7.0-alpha.0.1397+e3f6f14bf0d1af,OperatingSystem:linux,Architecture:amd64,},Images:[{[gcr.io/google_containers/node-problem-detector:v0.3.0] 290407887} {[gcr.io/google_containers/volume-nfs:0.8] 247146979} {[gcr.io/google_containers/volume-gluster:0.2] 212127750} {[gcr.io/google_containers/nginx-slim:0.7] 86838142} {[] 47794349} {[gcr.io/google_containers/hostexec:1.2] 13185747} {[gcr.io/google_containers/netexec:1.7] 8016035} {[gcr.io/google_containers/netexec:1.5] 7358440} {[gcr.io/google_containers/netexec:1.4] 7293444} {[gcr.io/google_containers/alpine-with-bash:1.0] 6660469} {[gcr.io/google_containers/serve_hostname:v1.4] 6222101} {[gcr.io/google-containers/stress:v1] 5494760} {[] 5042632} {[gcr.io/authenticated-image-pulling/alpine:3.1] 5038488} {[gcr.io/google_containers/test-webserver:e2e] 4534272} {[gcr.io/google_containers/liveness:e2e] 4387474} {[gcr.io/google_containers/eptest:0.1] 2970692} {[gcr.io/google_containers/mounttest:0.8] 1450761} {[gcr.io/google_containers/mounttest-user:0.5] 1450761} {[gcr.io/google_containers/busybox@sha256:4bdd623e848417d96127e16037743f0cd8b528c026e9175e22a84f639eca58ff gcr.io/google_containers/busybox:1.24] 1113554} {[gcr.io/google_containers/pause-amd64:3.0] 746888}],VolumesInUse:[],VolumesAttached:[],},}&#xA;Mar 21 08:33:48.429: INFO: &#xA;Logging kubelet events for node frakti-e2e&#xA;Mar 21 08:33:48.430: INFO: &#xA;Logging pods the kubelet thinks is on node frakti-e2e&#xA;Mar 21 08:33:48.432: INFO: pod-configmaps-134d6ce4-0e11-11e7-85d6-42010a8c0008 started at 2017-03-21 08:33:35 +0000 UTC (0+3 container statuses recorded)&#xA;Mar 21 08:33:48.432: INFO: &#x9;Container createcm-volume-test ready: true, restart count 0&#xA;Mar 21 08:33:48.432: INFO: &#x9;Container delcm-volume-test ready: true, restart count 0&#xA;Mar 21 08:33:48.432: INFO: &#x9;Container updcm-volume-test ready: true, restart count 0&#xA;Mar 21 08:33:48.498: INFO: &#xA;Latency metrics for node frakti-e2e&#xA;Mar 21 08:33:48.498: INFO: {Operation:sync Method:pod_worker_latency_microseconds Quantile:0.99 Latency:2m1.157167s}&#xA;Mar 21 08:33:48.498: INFO: {Operation:sync Method:pod_worker_latency_microseconds Quantile:0.9 Latency:2m1.139704s}&#xA;Mar 21 08:33:48.498: INFO: {Operation:sync Method:pod_worker_latency_microseconds Quantile:0.5 Latency:2m1.075595s}&#xA;Mar 21 08:33:48.498: INFO: {Operation: Method:pod_start_latency_microseconds Quantile:0.99 Latency:23.011677s}&#xA;�[1mSTEP�[0m: Dumping a list of prepulled images on each node&#xA;Mar 21 08:33:48.499: INFO: Waiting up to 3m0s for all (but 0) nodes to be ready&#xA;�[1mSTEP�[0m: Destroying namespace &#34;e2e-tests-var-expansion-dbr4v&#34; for this suite.&#xA;Mar 21 08:33:58.536: INFO: namespace: e2e-tests-var-expansion-dbr4v, resource: bindings, ignored listing per whitelist&#xA;</system-out>
      </testcase>
      <testcase name="[k8s.io] GCP Volumes [k8s.io] GlusterFS should be mountable [Volume]" classname="E2eNode Suite" time="0">
          <skipped></skipped>
      </testcase>
      <testcase name="[k8s.io] Container Runtime Conformance Test container runtime conformance blackbox test when starting a container that exits should report termination message from file when pod succeeds and TerminationMessagePolicy FallbackToLogOnError is set [Conformance]" classname="E2eNode Suite" time="17.063896809"></testcase>
      <testcase name="[k8s.io] InitContainer should not start app containers and fail the pod if init containers fail on a RestartNever pod" classname="E2eNode Suite" time="0">
          <skipped></skipped>
      </testcase>
      <testcase name="[k8s.io] Downward API volume should provide container&#39;s cpu request [Conformance] [Volume]" classname="E2eNode Suite" time="18.066423497"></testcase>
      <testcase name="[k8s.io] Resource-usage [Serial] [Slow] regular resource usage tracking resource tracking for 10 pods per node [Benchmark]" classname="E2eNode Suite" time="0">
          <skipped></skipped>
      </testcase>
      <testcase name="[k8s.io] Projected should be able to mount in a volume regardless of a different secret existing with same name in different namespace [Volume]" classname="E2eNode Suite" time="0">
          <skipped></skipped>
      </testcase>
      <testcase name="[k8s.io] Pods should be updated [Conformance]" classname="E2eNode Suite" time="38.552280881"></testcase>
      <testcase name="[k8s.io] Downward API should provide default limits.cpu/memory from node allocatable [Conformance]" classname="E2eNode Suite" time="18.149423158">
          <failure type="Failure">/root/go-project/src/k8s.io/kubernetes/_output/local/go/src/k8s.io/kubernetes/test/e2e/common/downward_api.go:175&#xA;Expected error:&#xA;    &lt;*errors.errorString | 0xc420838f00&gt;: {&#xA;        s: &#34;expected pod \&#34;downward-api-4cb74727-0e11-11e7-8984-42010a8c0008\&#34; success: &lt;nil&gt;&#34;,&#xA;    }&#xA;    expected pod &#34;downward-api-4cb74727-0e11-11e7-8984-42010a8c0008&#34; success: &lt;nil&gt;&#xA;not to have occurred&#xA;/root/go-project/src/k8s.io/kubernetes/_output/local/go/src/k8s.io/kubernetes/test/e2e/framework/util.go:2197</failure>
          <system-out>[BeforeEach] [k8s.io] Downward API&#xA;  /root/go-project/src/k8s.io/kubernetes/_output/local/go/src/k8s.io/kubernetes/test/e2e/framework/framework.go:119&#xA;�[1mSTEP�[0m: Creating a kubernetes client&#xA;�[1mSTEP�[0m: Building a namespace api object&#xA;Mar 21 08:35:12.240: INFO: Skipping waiting for service account&#xA;[It] should provide default limits.cpu/memory from node allocatable [Conformance]&#xA;  /root/go-project/src/k8s.io/kubernetes/_output/local/go/src/k8s.io/kubernetes/test/e2e/common/downward_api.go:175&#xA;�[1mSTEP�[0m: Creating a pod to test downward api env vars&#xA;Mar 21 08:35:12.241: INFO: Waiting up to 5m0s for pod downward-api-4cb74727-0e11-11e7-8984-42010a8c0008 status to be success or failure&#xA;Mar 21 08:35:12.242: INFO: Waiting for pod downward-api-4cb74727-0e11-11e7-8984-42010a8c0008 in namespace &#39;e2e-tests-downward-api-bln7n&#39; status to be &#39;success or failure&#39;(found phase: &#34;Pending&#34;, readiness: false) (870.248µs elapsed)&#xA;Mar 21 08:35:14.244: INFO: Waiting for pod downward-api-4cb74727-0e11-11e7-8984-42010a8c0008 in namespace &#39;e2e-tests-downward-api-bln7n&#39; status to be &#39;success or failure&#39;(found phase: &#34;Pending&#34;, readiness: false) (2.003059886s elapsed)&#xA;Mar 21 08:35:16.246: INFO: Waiting for pod downward-api-4cb74727-0e11-11e7-8984-42010a8c0008 in namespace &#39;e2e-tests-downward-api-bln7n&#39; status to be &#39;success or failure&#39;(found phase: &#34;Pending&#34;, readiness: false) (4.005158213s elapsed)&#xA;Mar 21 08:35:18.251: INFO: Waiting for pod downward-api-4cb74727-0e11-11e7-8984-42010a8c0008 in namespace &#39;e2e-tests-downward-api-bln7n&#39; status to be &#39;success or failure&#39;(found phase: &#34;Pending&#34;, readiness: false) (6.009302562s elapsed)&#xA;Mar 21 08:35:20.259: INFO: Output of node &#34;frakti-e2e&#34; pod &#34;downward-api-4cb74727-0e11-11e7-8984-42010a8c0008&#34; container &#34;dapi-container&#34;: exec failed: No such file or directory&#xA;&#xA;�[1mSTEP�[0m: delete the pod&#xA;Mar 21 08:35:20.264: INFO: Waiting for pod downward-api-4cb74727-0e11-11e7-8984-42010a8c0008 to disappear&#xA;Mar 21 08:35:20.266: INFO: Pod downward-api-4cb74727-0e11-11e7-8984-42010a8c0008 no longer exists&#xA;Mar 21 08:35:20.266: INFO: Unexpected error occurred: expected pod &#34;downward-api-4cb74727-0e11-11e7-8984-42010a8c0008&#34; success: &lt;nil&gt;&#xA;[AfterEach] [k8s.io] Downward API&#xA;  /root/go-project/src/k8s.io/kubernetes/_output/local/go/src/k8s.io/kubernetes/test/e2e/framework/framework.go:120&#xA;�[1mSTEP�[0m: Collecting events from namespace &#34;e2e-tests-downward-api-bln7n&#34;.&#xA;�[1mSTEP�[0m: Found 3 events.&#xA;Mar 21 08:35:20.268: INFO: At 2017-03-21 08:35:17 +0000 UTC - event for downward-api-4cb74727-0e11-11e7-8984-42010a8c0008: {kubelet frakti-e2e} Pulled: Container image &#34;gcr.io/google_containers/busybox:1.24&#34; already present on machine&#xA;Mar 21 08:35:20.268: INFO: At 2017-03-21 08:35:17 +0000 UTC - event for downward-api-4cb74727-0e11-11e7-8984-42010a8c0008: {kubelet frakti-e2e} Created: Created container with id 4478dc686929d27c31e2046a9a17b1539b73d86697efdc6c1f8e72e18aa04a76&#xA;Mar 21 08:35:20.268: INFO: At 2017-03-21 08:35:17 +0000 UTC - event for downward-api-4cb74727-0e11-11e7-8984-42010a8c0008: {kubelet frakti-e2e} Started: Started container with id 4478dc686929d27c31e2046a9a17b1539b73d86697efdc6c1f8e72e18aa04a76&#xA;Mar 21 08:35:20.271: INFO: POD                                                  NODE        PHASE    GRACE  CONDITIONS&#xA;Mar 21 08:35:20.271: INFO: image-pull-test5044778f-0e11-11e7-85d6-42010a8c0008  frakti-e2e  Pending         [{Initialized True 0001-01-01 00:00:00 +0000 UTC 2017-03-21 08:35:18 +0000 UTC  } {Ready False 0001-01-01 00:00:00 +0000 UTC 2017-03-21 08:35:18 +0000 UTC ContainersNotReady containers with unready status: [image-pull-test]}]&#xA;Mar 21 08:35:20.271: INFO: &#xA;Mar 21 08:35:20.272: INFO: &#xA;Logging node info for node frakti-e2e&#xA;Mar 21 08:35:20.273: INFO: Node Info: &amp;Node{ObjectMeta:k8s_io_apimachinery_pkg_apis_meta_v1.ObjectMeta{Name:frakti-e2e,GenerateName:,Namespace:,SelfLink:/api/v1/nodesfrakti-e2e,UID:e55acc6b-0e0d-11e7-a9e6-42010a8c0008,ResourceVersion:2444,Generation:0,CreationTimestamp:2017-03-21 08:10:50 +0000 UTC,DeletionTimestamp:&lt;nil&gt;,DeletionGracePeriodSeconds:nil,Labels:map[string]string{beta.kubernetes.io/arch: amd64,beta.kubernetes.io/os: linux,kubernetes.io/hostname: frakti-e2e,},Annotations:map[string]string{volumes.kubernetes.io/controller-managed-attach-detach: true,},OwnerReferences:[],Finalizers:[],ClusterName:,},Spec:NodeSpec{PodCIDR:,ExternalID:frakti-e2e,ProviderID:gce:////5985600149768706345,Unschedulable:false,Taints:[],},Status:NodeStatus{Capacity:ResourceList{cpu: {{4 0} {&lt;nil&gt;} 4 DecimalSI},memory: {{15770382336 0} {&lt;nil&gt;} 15400764Ki BinarySI},pods: {{110 0} {&lt;nil&gt;} 110 DecimalSI},},Allocatable:ResourceList{cpu: {{4 0} {&lt;nil&gt;} 4 DecimalSI},memory: {{15508238336 0} {&lt;nil&gt;} 15144764Ki BinarySI},pods: {{110 0} {&lt;nil&gt;} 110 DecimalSI},},Phase:,Conditions:[{OutOfDisk False 2017-03-21 08:35:17 +0000 UTC 2017-03-21 08:10:50 +0000 UTC KubeletHasSufficientDisk kubelet has sufficient disk space available} {MemoryPressure False 2017-03-21 08:35:17 +0000 UTC 2017-03-21 08:10:50 +0000 UTC KubeletHasSufficientMemory kubelet has sufficient memory available} {DiskPressure False 2017-03-21 08:35:17 +0000 UTC 2017-03-21 08:10:50 +0000 UTC KubeletHasNoDiskPressure kubelet has no disk pressure} {Ready True 2017-03-21 08:35:17 +0000 UTC 2017-03-21 08:10:50 +0000 UTC KubeletReady kubelet is posting ready status}],Addresses:[{LegacyHostIP 10.140.0.8} {InternalIP 10.140.0.8} {Hostname frakti-e2e}],DaemonEndpoints:NodeDaemonEndpoints{KubeletEndpoint:DaemonEndpoint{Port:10250,},},NodeInfo:NodeSystemInfo{MachineID:24ff1754f521f8ffc0b9d886cd5831f7,SystemUUID:66DF790D-8659-19AF-C8E8-AAAC6BAFD264,BootID:6dd25fc1-ba14-4123-b425-12a6ca632681,KernelVersion:3.10.0-514.6.2.el7.x86_64,OSImage:CentOS Linux 7 (Core),ContainerRuntimeVersion:hyper://0.8.0,KubeletVersion:v1.7.0-alpha.0.1397+e3f6f14bf0d1af,KubeProxyVersion:v1.7.0-alpha.0.1397+e3f6f14bf0d1af,OperatingSystem:linux,Architecture:amd64,},Images:[{[gcr.io/google_containers/node-problem-detector:v0.3.0] 290407887} {[gcr.io/google_containers/volume-nfs:0.8] 247146979} {[gcr.io/google_containers/volume-gluster:0.2] 212127750} {[gcr.io/google_containers/nginx-slim:0.7] 86838142} {[] 47794349} {[gcr.io/google_containers/hostexec:1.2] 13185747} {[gcr.io/google_containers/netexec:1.7] 8016035} {[gcr.io/google_containers/netexec:1.5] 7358440} {[gcr.io/google_containers/netexec:1.4] 7293444} {[gcr.io/google_containers/alpine-with-bash:1.0] 6660469} {[gcr.io/google_containers/serve_hostname:v1.4] 6222101} {[gcr.io/google-containers/stress:v1] 5494760} {[] 5042632} {[gcr.io/authenticated-image-pulling/alpine:3.1] 5038488} {[gcr.io/google_containers/test-webserver:e2e] 4534272} {[gcr.io/google_containers/liveness:e2e] 4387474} {[gcr.io/google_containers/eptest:0.1] 2970692} {[gcr.io/google_containers/mounttest:0.8] 1450761} {[gcr.io/google_containers/mounttest-user:0.5] 1450761} {[gcr.io/google_containers/busybox@sha256:4bdd623e848417d96127e16037743f0cd8b528c026e9175e22a84f639eca58ff gcr.io/google_containers/busybox:1.24] 1113554} {[gcr.io/google_containers/pause-amd64:3.0] 746888}],VolumesInUse:[],VolumesAttached:[],},}&#xA;Mar 21 08:35:20.273: INFO: &#xA;Logging kubelet events for node frakti-e2e&#xA;Mar 21 08:35:20.275: INFO: &#xA;Logging pods the kubelet thinks is on node frakti-e2e&#xA;Mar 21 08:35:20.277: INFO: image-pull-test5044778f-0e11-11e7-85d6-42010a8c0008 started at 2017-03-21 08:35:18 +0000 UTC (0+1 container statuses recorded)&#xA;Mar 21 08:35:20.277: INFO: &#x9;Container image-pull-test ready: false, restart count 0&#xA;Mar 21 08:35:20.347: INFO: &#xA;Latency metrics for node frakti-e2e&#xA;Mar 21 08:35:20.347: INFO: {Operation:sync Method:pod_worker_latency_microseconds Quantile:0.99 Latency:2m1.157167s}&#xA;Mar 21 08:35:20.347: INFO: {Operation:sync Method:pod_worker_latency_microseconds Quantile:0.9 Latency:2m1.139704s}&#xA;Mar 21 08:35:20.347: INFO: {Operation:sync Method:pod_worker_latency_microseconds Quantile:0.5 Latency:2m1.075595s}&#xA;Mar 21 08:35:20.347: INFO: {Operation: Method:pod_start_latency_microseconds Quantile:0.99 Latency:23.011677s}&#xA;�[1mSTEP�[0m: Dumping a list of prepulled images on each node&#xA;Mar 21 08:35:20.348: INFO: Waiting up to 3m0s for all (but 0) nodes to be ready&#xA;�[1mSTEP�[0m: Destroying namespace &#34;e2e-tests-downward-api-bln7n&#34; for this suite.&#xA;Mar 21 08:35:30.371: INFO: namespace: e2e-tests-downward-api-bln7n, resource: bindings, ignored listing per whitelist&#xA;</system-out>
      </testcase>
      <testcase name="[k8s.io] EmptyDir volumes when FSGroup is specified [Feature:FSGroup] files with FSGroup ownership should support (root,0644,tmpfs) [Volume]" classname="E2eNode Suite" time="0">
          <skipped></skipped>
      </testcase>
      <testcase name="[k8s.io] InodeEviction [Slow] [Serial] [Disruptive] [Flaky] when we run containers that should cause Disk Pressure due to Inodes should eventually see Disk Pressure due to Inodes, and then evict all of the correct pods" classname="E2eNode Suite" time="0">
          <skipped></skipped>
      </testcase>
      <testcase name="[k8s.io] Projected should be consumable from pods in volume with mappings and Item mode set[Conformance] [Volume]" classname="E2eNode Suite" time="18.07150405"></testcase>
      <testcase name="[k8s.io] EmptyDir volumes should support (non-root,0777,default) [Conformance] [Volume]" classname="E2eNode Suite" time="16.135867929">
          <failure type="Failure">/root/go-project/src/k8s.io/kubernetes/_output/local/go/src/k8s.io/kubernetes/test/e2e/common/empty_dir.go:117&#xA;Expected error:&#xA;    &lt;*errors.errorString | 0xc42019b370&gt;: {&#xA;        s: &#34;expected pod \&#34;pod-624f1bec-0e11-11e7-8984-42010a8c0008\&#34; success: &lt;nil&gt;&#34;,&#xA;    }&#xA;    expected pod &#34;pod-624f1bec-0e11-11e7-8984-42010a8c0008&#34; success: &lt;nil&gt;&#xA;not to have occurred&#xA;/root/go-project/src/k8s.io/kubernetes/_output/local/go/src/k8s.io/kubernetes/test/e2e/framework/util.go:2197</failure>
          <system-out>[BeforeEach] [k8s.io] EmptyDir volumes&#xA;  /root/go-project/src/k8s.io/kubernetes/_output/local/go/src/k8s.io/kubernetes/test/e2e/framework/framework.go:119&#xA;�[1mSTEP�[0m: Creating a kubernetes client&#xA;�[1mSTEP�[0m: Building a namespace api object&#xA;Mar 21 08:35:48.467: INFO: Skipping waiting for service account&#xA;[It] should support (non-root,0777,default) [Conformance] [Volume]&#xA;  /root/go-project/src/k8s.io/kubernetes/_output/local/go/src/k8s.io/kubernetes/test/e2e/common/empty_dir.go:117&#xA;�[1mSTEP�[0m: Creating a pod to test emptydir 0777 on node default medium&#xA;Mar 21 08:35:48.469: INFO: Waiting up to 5m0s for pod pod-624f1bec-0e11-11e7-8984-42010a8c0008 status to be success or failure&#xA;Mar 21 08:35:48.470: INFO: Waiting for pod pod-624f1bec-0e11-11e7-8984-42010a8c0008 in namespace &#39;e2e-tests-emptydir-c0624&#39; status to be &#39;success or failure&#39;(found phase: &#34;Pending&#34;, readiness: false) (942.893µs elapsed)&#xA;Mar 21 08:35:50.472: INFO: Waiting for pod pod-624f1bec-0e11-11e7-8984-42010a8c0008 in namespace &#39;e2e-tests-emptydir-c0624&#39; status to be &#39;success or failure&#39;(found phase: &#34;Pending&#34;, readiness: false) (2.003264953s elapsed)&#xA;Mar 21 08:35:52.474: INFO: Waiting for pod pod-624f1bec-0e11-11e7-8984-42010a8c0008 in namespace &#39;e2e-tests-emptydir-c0624&#39; status to be &#39;success or failure&#39;(found phase: &#34;Pending&#34;, readiness: false) (4.005346668s elapsed)&#xA;Mar 21 08:35:54.482: INFO: Output of node &#34;frakti-e2e&#34; pod &#34;pod-624f1bec-0e11-11e7-8984-42010a8c0008&#34; container &#34;test-container&#34;: &#xA;�[1mSTEP�[0m: delete the pod&#xA;Mar 21 08:35:54.486: INFO: Waiting for pod pod-624f1bec-0e11-11e7-8984-42010a8c0008 to disappear&#xA;Mar 21 08:35:54.487: INFO: Pod pod-624f1bec-0e11-11e7-8984-42010a8c0008 no longer exists&#xA;Mar 21 08:35:54.487: INFO: Unexpected error occurred: expected pod &#34;pod-624f1bec-0e11-11e7-8984-42010a8c0008&#34; success: &lt;nil&gt;&#xA;[AfterEach] [k8s.io] EmptyDir volumes&#xA;  /root/go-project/src/k8s.io/kubernetes/_output/local/go/src/k8s.io/kubernetes/test/e2e/framework/framework.go:120&#xA;�[1mSTEP�[0m: Collecting events from namespace &#34;e2e-tests-emptydir-c0624&#34;.&#xA;�[1mSTEP�[0m: Found 3 events.&#xA;Mar 21 08:35:54.489: INFO: At 2017-03-21 08:35:53 +0000 UTC - event for pod-624f1bec-0e11-11e7-8984-42010a8c0008: {kubelet frakti-e2e} Pulled: Container image &#34;gcr.io/google_containers/mounttest-user:0.5&#34; already present on machine&#xA;Mar 21 08:35:54.489: INFO: At 2017-03-21 08:35:53 +0000 UTC - event for pod-624f1bec-0e11-11e7-8984-42010a8c0008: {kubelet frakti-e2e} Created: Created container with id 7d3bb904e1e5aa2b8570af5f7fd9b47f349f07964086d5073077aec96a90ac62&#xA;Mar 21 08:35:54.489: INFO: At 2017-03-21 08:35:53 +0000 UTC - event for pod-624f1bec-0e11-11e7-8984-42010a8c0008: {kubelet frakti-e2e} Started: Started container with id 7d3bb904e1e5aa2b8570af5f7fd9b47f349f07964086d5073077aec96a90ac62&#xA;Mar 21 08:35:54.491: INFO: POD  NODE  PHASE  GRACE  CONDITIONS&#xA;Mar 21 08:35:54.491: INFO: &#xA;Mar 21 08:35:54.492: INFO: &#xA;Logging node info for node frakti-e2e&#xA;Mar 21 08:35:54.494: INFO: Node Info: &amp;Node{ObjectMeta:k8s_io_apimachinery_pkg_apis_meta_v1.ObjectMeta{Name:frakti-e2e,GenerateName:,Namespace:,SelfLink:/api/v1/nodesfrakti-e2e,UID:e55acc6b-0e0d-11e7-a9e6-42010a8c0008,ResourceVersion:2515,Generation:0,CreationTimestamp:2017-03-21 08:10:50 +0000 UTC,DeletionTimestamp:&lt;nil&gt;,DeletionGracePeriodSeconds:nil,Labels:map[string]string{beta.kubernetes.io/arch: amd64,beta.kubernetes.io/os: linux,kubernetes.io/hostname: frakti-e2e,},Annotations:map[string]string{volumes.kubernetes.io/controller-managed-attach-detach: true,},OwnerReferences:[],Finalizers:[],ClusterName:,},Spec:NodeSpec{PodCIDR:,ExternalID:frakti-e2e,ProviderID:gce:////5985600149768706345,Unschedulable:false,Taints:[],},Status:NodeStatus{Capacity:ResourceList{cpu: {{4 0} {&lt;nil&gt;} 4 DecimalSI},memory: {{15770382336 0} {&lt;nil&gt;} 15400764Ki BinarySI},pods: {{110 0} {&lt;nil&gt;} 110 DecimalSI},},Allocatable:ResourceList{cpu: {{4 0} {&lt;nil&gt;} 4 DecimalSI},memory: {{15508238336 0} {&lt;nil&gt;} 15144764Ki BinarySI},pods: {{110 0} {&lt;nil&gt;} 110 DecimalSI},},Phase:,Conditions:[{OutOfDisk False 2017-03-21 08:35:47 +0000 UTC 2017-03-21 08:10:50 +0000 UTC KubeletHasSufficientDisk kubelet has sufficient disk space available} {MemoryPressure False 2017-03-21 08:35:47 +0000 UTC 2017-03-21 08:10:50 +0000 UTC KubeletHasSufficientMemory kubelet has sufficient memory available} {DiskPressure False 2017-03-21 08:35:47 +0000 UTC 2017-03-21 08:10:50 +0000 UTC KubeletHasNoDiskPressure kubelet has no disk pressure} {Ready True 2017-03-21 08:35:47 +0000 UTC 2017-03-21 08:10:50 +0000 UTC KubeletReady kubelet is posting ready status}],Addresses:[{LegacyHostIP 10.140.0.8} {InternalIP 10.140.0.8} {Hostname frakti-e2e}],DaemonEndpoints:NodeDaemonEndpoints{KubeletEndpoint:DaemonEndpoint{Port:10250,},},NodeInfo:NodeSystemInfo{MachineID:24ff1754f521f8ffc0b9d886cd5831f7,SystemUUID:66DF790D-8659-19AF-C8E8-AAAC6BAFD264,BootID:6dd25fc1-ba14-4123-b425-12a6ca632681,KernelVersion:3.10.0-514.6.2.el7.x86_64,OSImage:CentOS Linux 7 (Core),ContainerRuntimeVersion:hyper://0.8.0,KubeletVersion:v1.7.0-alpha.0.1397+e3f6f14bf0d1af,KubeProxyVersion:v1.7.0-alpha.0.1397+e3f6f14bf0d1af,OperatingSystem:linux,Architecture:amd64,},Images:[{[gcr.io/google_containers/node-problem-detector:v0.3.0] 290407887} {[gcr.io/google_containers/volume-nfs:0.8] 247146979} {[gcr.io/google_containers/volume-gluster:0.2] 212127750} {[gcr.io/google_containers/nginx-slim:0.7] 86838142} {[] 47794349} {[gcr.io/google_containers/hostexec:1.2] 13185747} {[gcr.io/google_containers/netexec:1.7] 8016035} {[gcr.io/google_containers/netexec:1.5] 7358440} {[gcr.io/google_containers/netexec:1.4] 7293444} {[gcr.io/google_containers/alpine-with-bash:1.0] 6660469} {[gcr.io/google_containers/serve_hostname:v1.4] 6222101} {[gcr.io/google-containers/stress:v1] 5494760} {[] 5042632} {[gcr.io/authenticated-image-pulling/alpine:3.1] 5038488} {[gcr.io/google_containers/test-webserver:e2e] 4534272} {[gcr.io/google_containers/liveness:e2e] 4387474} {[gcr.io/google_containers/eptest:0.1] 2970692} {[gcr.io/google_containers/mounttest:0.8] 1450761} {[gcr.io/google_containers/mounttest-user:0.5] 1450761} {[gcr.io/google_containers/busybox@sha256:4bdd623e848417d96127e16037743f0cd8b528c026e9175e22a84f639eca58ff gcr.io/google_containers/busybox:1.24] 1113554} {[gcr.io/google_containers/pause-amd64:3.0] 746888}],VolumesInUse:[],VolumesAttached:[],},}&#xA;Mar 21 08:35:54.494: INFO: &#xA;Logging kubelet events for node frakti-e2e&#xA;Mar 21 08:35:54.495: INFO: &#xA;Logging pods the kubelet thinks is on node frakti-e2e&#xA;Mar 21 08:35:54.560: INFO: &#xA;Latency metrics for node frakti-e2e&#xA;Mar 21 08:35:54.560: INFO: {Operation:sync Method:pod_worker_latency_microseconds Quantile:0.99 Latency:2m1.157167s}&#xA;Mar 21 08:35:54.560: INFO: {Operation:sync Method:pod_worker_latency_microseconds Quantile:0.9 Latency:2m1.139704s}&#xA;Mar 21 08:35:54.560: INFO: {Operation:sync Method:pod_worker_latency_microseconds Quantile:0.5 Latency:2m1.095312s}&#xA;Mar 21 08:35:54.560: INFO: {Operation: Method:pod_start_latency_microseconds Quantile:0.99 Latency:23.011677s}&#xA;�[1mSTEP�[0m: Dumping a list of prepulled images on each node&#xA;Mar 21 08:35:54.561: INFO: Waiting up to 3m0s for all (but 0) nodes to be ready&#xA;�[1mSTEP�[0m: Destroying namespace &#34;e2e-tests-emptydir-c0624&#34; for this suite.&#xA;Mar 21 08:36:04.577: INFO: namespace: e2e-tests-emptydir-c0624, resource: bindings, ignored listing per whitelist&#xA;</system-out>
      </testcase>
      <testcase name="[k8s.io] Docker Containers should be able to override the image&#39;s default commmand (docker entrypoint) [Conformance]" classname="E2eNode Suite" time="18.062785721"></testcase>
      <testcase name="[k8s.io] Probing container should *not* be restarted with a /healthz http liveness probe [Conformance]" classname="E2eNode Suite" time="136.191717089"></testcase>
      <testcase name="[k8s.io] EmptyDir volumes volume on tmpfs should have the correct mode [Conformance] [Volume]" classname="E2eNode Suite" time="18.065261381"></testcase>
      <testcase name="[k8s.io] Docker Containers should be able to override the image&#39;s default arguments (docker cmd) [Conformance]" classname="E2eNode Suite" time="18.066610415"></testcase>
      <testcase name="[k8s.io] Downward API should provide container&#39;s limits.cpu/memory and requests.cpu/memory as env vars [Conformance]" classname="E2eNode Suite" time="16.144465948">
          <failure type="Failure">/root/go-project/src/k8s.io/kubernetes/_output/local/go/src/k8s.io/kubernetes/test/e2e/common/downward_api.go:130&#xA;Expected error:&#xA;    &lt;*errors.errorString | 0xc420f12a90&gt;: {&#xA;        s: &#34;expected pod \&#34;downward-api-dd6adfe6-0e11-11e7-8984-42010a8c0008\&#34; success: &lt;nil&gt;&#34;,&#xA;    }&#xA;    expected pod &#34;downward-api-dd6adfe6-0e11-11e7-8984-42010a8c0008&#34; success: &lt;nil&gt;&#xA;not to have occurred&#xA;/root/go-project/src/k8s.io/kubernetes/_output/local/go/src/k8s.io/kubernetes/test/e2e/framework/util.go:2197</failure>
          <system-out>[BeforeEach] [k8s.io] Downward API&#xA;  /root/go-project/src/k8s.io/kubernetes/_output/local/go/src/k8s.io/kubernetes/test/e2e/framework/framework.go:119&#xA;�[1mSTEP�[0m: Creating a kubernetes client&#xA;�[1mSTEP�[0m: Building a namespace api object&#xA;Mar 21 08:39:15.009: INFO: Skipping waiting for service account&#xA;[It] should provide container&#39;s limits.cpu/memory and requests.cpu/memory as env vars [Conformance]&#xA;  /root/go-project/src/k8s.io/kubernetes/_output/local/go/src/k8s.io/kubernetes/test/e2e/common/downward_api.go:130&#xA;�[1mSTEP�[0m: Creating a pod to test downward api env vars&#xA;Mar 21 08:39:15.011: INFO: Waiting up to 5m0s for pod downward-api-dd6adfe6-0e11-11e7-8984-42010a8c0008 status to be success or failure&#xA;Mar 21 08:39:15.015: INFO: Waiting for pod downward-api-dd6adfe6-0e11-11e7-8984-42010a8c0008 in namespace &#39;e2e-tests-downward-api-lwf9h&#39; status to be &#39;success or failure&#39;(found phase: &#34;Pending&#34;, readiness: false) (4.08518ms elapsed)&#xA;Mar 21 08:39:17.017: INFO: Waiting for pod downward-api-dd6adfe6-0e11-11e7-8984-42010a8c0008 in namespace &#39;e2e-tests-downward-api-lwf9h&#39; status to be &#39;success or failure&#39;(found phase: &#34;Pending&#34;, readiness: false) (2.00599578s elapsed)&#xA;Mar 21 08:39:19.019: INFO: Waiting for pod downward-api-dd6adfe6-0e11-11e7-8984-42010a8c0008 in namespace &#39;e2e-tests-downward-api-lwf9h&#39; status to be &#39;success or failure&#39;(found phase: &#34;Pending&#34;, readiness: false) (4.008185167s elapsed)&#xA;Mar 21 08:39:21.027: INFO: Output of node &#34;frakti-e2e&#34; pod &#34;downward-api-dd6adfe6-0e11-11e7-8984-42010a8c0008&#34; container &#34;dapi-container&#34;: exec failed: No such file or directory&#xA;&#xA;�[1mSTEP�[0m: delete the pod&#xA;Mar 21 08:39:21.033: INFO: Waiting for pod downward-api-dd6adfe6-0e11-11e7-8984-42010a8c0008 to disappear&#xA;Mar 21 08:39:21.034: INFO: Pod downward-api-dd6adfe6-0e11-11e7-8984-42010a8c0008 no longer exists&#xA;Mar 21 08:39:21.034: INFO: Unexpected error occurred: expected pod &#34;downward-api-dd6adfe6-0e11-11e7-8984-42010a8c0008&#34; success: &lt;nil&gt;&#xA;[AfterEach] [k8s.io] Downward API&#xA;  /root/go-project/src/k8s.io/kubernetes/_output/local/go/src/k8s.io/kubernetes/test/e2e/framework/framework.go:120&#xA;�[1mSTEP�[0m: Collecting events from namespace &#34;e2e-tests-downward-api-lwf9h&#34;.&#xA;�[1mSTEP�[0m: Found 3 events.&#xA;Mar 21 08:39:21.036: INFO: At 2017-03-21 08:39:20 +0000 UTC - event for downward-api-dd6adfe6-0e11-11e7-8984-42010a8c0008: {kubelet frakti-e2e} Pulled: Container image &#34;gcr.io/google_containers/busybox:1.24&#34; already present on machine&#xA;Mar 21 08:39:21.036: INFO: At 2017-03-21 08:39:20 +0000 UTC - event for downward-api-dd6adfe6-0e11-11e7-8984-42010a8c0008: {kubelet frakti-e2e} Created: Created container with id 81eeebe4b365554b7af35cc831ea0c76fde8802cb9c9400d090d69e9d9930b65&#xA;Mar 21 08:39:21.036: INFO: At 2017-03-21 08:39:20 +0000 UTC - event for downward-api-dd6adfe6-0e11-11e7-8984-42010a8c0008: {kubelet frakti-e2e} Started: Started container with id 81eeebe4b365554b7af35cc831ea0c76fde8802cb9c9400d090d69e9d9930b65&#xA;Mar 21 08:39:21.039: INFO: POD                                                            NODE        PHASE    GRACE  CONDITIONS&#xA;Mar 21 08:39:21.039: INFO: pod-projected-configmaps-d6c9407c-0e11-11e7-85d6-42010a8c0008  frakti-e2e  Running         [{Initialized True 0001-01-01 00:00:00 +0000 UTC 2017-03-21 08:39:03 +0000 UTC  } {Ready True 0001-01-01 00:00:00 +0000 UTC 2017-03-21 08:39:09 +0000 UTC  } {PodScheduled True 0001-01-01 00:00:00 +0000 UTC 2017-03-21 08:39:09 +0000 UTC  }]&#xA;Mar 21 08:39:21.039: INFO: &#xA;Mar 21 08:39:21.040: INFO: &#xA;Logging node info for node frakti-e2e&#xA;Mar 21 08:39:21.042: INFO: Node Info: &amp;Node{ObjectMeta:k8s_io_apimachinery_pkg_apis_meta_v1.ObjectMeta{Name:frakti-e2e,GenerateName:,Namespace:,SelfLink:/api/v1/nodesfrakti-e2e,UID:e55acc6b-0e0d-11e7-a9e6-42010a8c0008,ResourceVersion:2790,Generation:0,CreationTimestamp:2017-03-21 08:10:50 +0000 UTC,DeletionTimestamp:&lt;nil&gt;,DeletionGracePeriodSeconds:nil,Labels:map[string]string{beta.kubernetes.io/arch: amd64,beta.kubernetes.io/os: linux,kubernetes.io/hostname: frakti-e2e,},Annotations:map[string]string{volumes.kubernetes.io/controller-managed-attach-detach: true,},OwnerReferences:[],Finalizers:[],ClusterName:,},Spec:NodeSpec{PodCIDR:,ExternalID:frakti-e2e,ProviderID:gce:////5985600149768706345,Unschedulable:false,Taints:[],},Status:NodeStatus{Capacity:ResourceList{cpu: {{4 0} {&lt;nil&gt;} 4 DecimalSI},memory: {{15770382336 0} {&lt;nil&gt;} 15400764Ki BinarySI},pods: {{110 0} {&lt;nil&gt;} 110 DecimalSI},},Allocatable:ResourceList{cpu: {{4 0} {&lt;nil&gt;} 4 DecimalSI},memory: {{15508238336 0} {&lt;nil&gt;} 15144764Ki BinarySI},pods: {{110 0} {&lt;nil&gt;} 110 DecimalSI},},Phase:,Conditions:[{OutOfDisk False 2017-03-21 08:39:18 +0000 UTC 2017-03-21 08:10:50 +0000 UTC KubeletHasSufficientDisk kubelet has sufficient disk space available} {MemoryPressure False 2017-03-21 08:39:18 +0000 UTC 2017-03-21 08:10:50 +0000 UTC KubeletHasSufficientMemory kubelet has sufficient memory available} {DiskPressure False 2017-03-21 08:39:18 +0000 UTC 2017-03-21 08:10:50 +0000 UTC KubeletHasNoDiskPressure kubelet has no disk pressure} {Ready True 2017-03-21 08:39:18 +0000 UTC 2017-03-21 08:10:50 +0000 UTC KubeletReady kubelet is posting ready status}],Addresses:[{LegacyHostIP 10.140.0.8} {InternalIP 10.140.0.8} {Hostname frakti-e2e}],DaemonEndpoints:NodeDaemonEndpoints{KubeletEndpoint:DaemonEndpoint{Port:10250,},},NodeInfo:NodeSystemInfo{MachineID:24ff1754f521f8ffc0b9d886cd5831f7,SystemUUID:66DF790D-8659-19AF-C8E8-AAAC6BAFD264,BootID:6dd25fc1-ba14-4123-b425-12a6ca632681,KernelVersion:3.10.0-514.6.2.el7.x86_64,OSImage:CentOS Linux 7 (Core),ContainerRuntimeVersion:hyper://0.8.0,KubeletVersion:v1.7.0-alpha.0.1397+e3f6f14bf0d1af,KubeProxyVersion:v1.7.0-alpha.0.1397+e3f6f14bf0d1af,OperatingSystem:linux,Architecture:amd64,},Images:[{[gcr.io/google_containers/node-problem-detector:v0.3.0] 290407887} {[gcr.io/google_containers/volume-nfs:0.8] 247146979} {[gcr.io/google_containers/volume-gluster:0.2] 212127750} {[gcr.io/google_containers/nginx-slim:0.7] 86838142} {[] 47794349} {[gcr.io/google_containers/hostexec:1.2] 13185747} {[gcr.io/google_containers/netexec:1.7] 8016035} {[gcr.io/google_containers/netexec:1.5] 7358440} {[gcr.io/google_containers/netexec:1.4] 7293444} {[gcr.io/google_containers/alpine-with-bash:1.0] 6660469} {[gcr.io/google_containers/serve_hostname:v1.4] 6222101} {[gcr.io/google-containers/stress:v1] 5494760} {[] 5042632} {[gcr.io/authenticated-image-pulling/alpine:3.1] 5038488} {[gcr.io/google_containers/test-webserver:e2e] 4534272} {[gcr.io/google_containers/liveness:e2e] 4387474} {[gcr.io/google_containers/eptest:0.1] 2970692} {[gcr.io/google_containers/mounttest:0.8] 1450761} {[gcr.io/google_containers/mounttest-user:0.5] 1450761} {[gcr.io/google_containers/busybox@sha256:4bdd623e848417d96127e16037743f0cd8b528c026e9175e22a84f639eca58ff gcr.io/google_containers/busybox:1.24] 1113554} {[gcr.io/google_containers/pause-amd64:3.0] 746888}],VolumesInUse:[],VolumesAttached:[],},}&#xA;Mar 21 08:39:21.042: INFO: &#xA;Logging kubelet events for node frakti-e2e&#xA;Mar 21 08:39:21.043: INFO: &#xA;Logging pods the kubelet thinks is on node frakti-e2e&#xA;Mar 21 08:39:21.045: INFO: pod-projected-configmaps-d6c9407c-0e11-11e7-85d6-42010a8c0008 started at 2017-03-21 08:39:03 +0000 UTC (0+1 container statuses recorded)&#xA;Mar 21 08:39:21.045: INFO: &#x9;Container projected-configmap-volume-test ready: true, restart count 0&#xA;Mar 21 08:39:21.114: INFO: &#xA;Latency metrics for node frakti-e2e&#xA;Mar 21 08:39:21.114: INFO: {Operation:sync Method:pod_worker_latency_microseconds Quantile:0.99 Latency:2m1.185274s}&#xA;Mar 21 08:39:21.114: INFO: {Operation:sync Method:pod_worker_latency_microseconds Quantile:0.9 Latency:2m1.177679s}&#xA;Mar 21 08:39:21.114: INFO: {Operation:sync Method:pod_worker_latency_microseconds Quantile:0.5 Latency:2m1.105265s}&#xA;�[1mSTEP�[0m: Dumping a list of prepulled images on each node&#xA;Mar 21 08:39:21.115: INFO: Waiting up to 3m0s for all (but 0) nodes to be ready&#xA;�[1mSTEP�[0m: Destroying namespace &#34;e2e-tests-downward-api-lwf9h&#34; for this suite.&#xA;Mar 21 08:39:31.148: INFO: namespace: e2e-tests-downward-api-lwf9h, resource: bindings, ignored listing per whitelist&#xA;</system-out>
      </testcase>
      <testcase name="[k8s.io] Projected should set mode on item file [Conformance] [Volume]" classname="E2eNode Suite" time="16.059786092"></testcase>
      <testcase name="[k8s.io] Secrets should be consumable from pods in volume with defaultMode set [Conformance] [Volume]" classname="E2eNode Suite" time="18.061520281"></testcase>
      <testcase name="[k8s.io] ImageID should be set to the manifest digest (from RepoDigests) when available" classname="E2eNode Suite" time="0">
          <skipped></skipped>
      </testcase>
      <testcase name="[k8s.io] Probing container with readiness probe that fails should never be ready and never restart [Conformance]" classname="E2eNode Suite" time="90.044280767"></testcase>
  </testsuite>