<?xml version="1.0" encoding="UTF-8"?>
  <testsuite tests="85" failures="26" time="2207.25203309">
      <testcase name="[k8s.io] Probing container should be restarted with a /healthz http liveness probe [Conformance]" classname="E2eNode Suite" time="42.117008023"></testcase>
      <testcase name="[k8s.io] Pods should cap back-off at MaxContainerBackOff [Slow]" classname="E2eNode Suite" time="0">
          <skipped></skipped>
      </testcase>
      <testcase name="[k8s.io] Resource-usage [Serial] [Slow] regular resource usage tracking resource tracking for 10 pods per node [Benchmark]" classname="E2eNode Suite" time="0">
          <skipped></skipped>
      </testcase>
      <testcase name="[k8s.io] InitContainer should not start app containers if init containers fail on a RestartAlways pod" classname="E2eNode Suite" time="175.249010217"></testcase>
      <testcase name="[k8s.io] Kubelet when scheduling a busybox command in a pod it should print the output to logs [Conformance]" classname="E2eNode Suite" time="16.118880159">
          <failure type="Failure">/root/go-project/src/k8s.io/kubernetes/_output/local/go/src/k8s.io/kubernetes/test/e2e_node/kubelet_test.go:69&#xA;Expected error:&#xA;    &lt;*errors.errorString | 0xc42042feb0&gt;: {&#xA;        s: &#34;pod ran to completion&#34;,&#xA;    }&#xA;    pod ran to completion&#xA;not to have occurred&#xA;/root/go-project/src/k8s.io/kubernetes/_output/local/go/src/k8s.io/kubernetes/test/e2e/framework/pods.go:83</failure>
          <system-out>[BeforeEach] [k8s.io] Kubelet&#xA;  /root/go-project/src/k8s.io/kubernetes/_output/local/go/src/k8s.io/kubernetes/test/e2e/framework/framework.go:119&#xA;�[1mSTEP�[0m: Creating a kubernetes client&#xA;�[1mSTEP�[0m: Building a namespace api object&#xA;Mar 21 11:23:18.601: INFO: Skipping waiting for service account&#xA;[BeforeEach] [k8s.io] Kubelet&#xA;  /root/go-project/src/k8s.io/kubernetes/_output/local/go/src/k8s.io/kubernetes/test/e2e_node/kubelet_test.go:38&#xA;[It] it should print the output to logs [Conformance]&#xA;  /root/go-project/src/k8s.io/kubernetes/_output/local/go/src/k8s.io/kubernetes/test/e2e_node/kubelet_test.go:69&#xA;Mar 21 11:23:24.606: INFO: Unexpected error occurred: pod ran to completion&#xA;[AfterEach] [k8s.io] Kubelet&#xA;  /root/go-project/src/k8s.io/kubernetes/_output/local/go/src/k8s.io/kubernetes/test/e2e/framework/framework.go:120&#xA;�[1mSTEP�[0m: Collecting events from namespace &#34;e2e-tests-kubelet-test-ntkp2&#34;.&#xA;�[1mSTEP�[0m: Found 3 events.&#xA;Mar 21 11:23:24.608: INFO: At 2017-03-21 11:23:23 +0000 UTC - event for busybox-scheduling-394cf767-0e28-11e7-9911-42010a8c0008: {kubelet frakti-e2e} Pulled: Container image &#34;gcr.io/google_containers/busybox:1.24&#34; already present on machine&#xA;Mar 21 11:23:24.608: INFO: At 2017-03-21 11:23:23 +0000 UTC - event for busybox-scheduling-394cf767-0e28-11e7-9911-42010a8c0008: {kubelet frakti-e2e} Created: Created container with id 07aab7652f60650483d6a09d609be81a0475810bc44a3d051fee886b5e7cba0e&#xA;Mar 21 11:23:24.608: INFO: At 2017-03-21 11:23:23 +0000 UTC - event for busybox-scheduling-394cf767-0e28-11e7-9911-42010a8c0008: {kubelet frakti-e2e} Started: Started container with id 07aab7652f60650483d6a09d609be81a0475810bc44a3d051fee886b5e7cba0e&#xA;Mar 21 11:23:24.611: INFO: POD                                                      NODE        PHASE    GRACE  CONDITIONS&#xA;Mar 21 11:23:24.611: INFO: busybox-scheduling-394cf767-0e28-11e7-9911-42010a8c0008  frakti-e2e  Failed          [{Initialized True 0001-01-01 00:00:00 +0000 UTC 2017-03-21 11:23:18 +0000 UTC  } {Ready False 0001-01-01 00:00:00 +0000 UTC 2017-03-21 11:23:18 +0000 UTC ContainersNotReady containers with unready status: [busybox-scheduling-394cf767-0e28-11e7-9911-42010a8c0008]}]&#xA;Mar 21 11:23:24.611: INFO: netserver-0                                              frakti-e2e  Running         [{Initialized True 0001-01-01 00:00:00 +0000 UTC 2017-03-21 11:23:05 +0000 UTC  } {Ready False 0001-01-01 00:00:00 +0000 UTC 2017-03-21 11:23:05 +0000 UTC ContainersNotReady containers with unready status: [webserver]}]&#xA;Mar 21 11:23:24.611: INFO: &#xA;Mar 21 11:23:24.612: INFO: &#xA;Logging node info for node frakti-e2e&#xA;Mar 21 11:23:24.614: INFO: Node Info: &amp;Node{ObjectMeta:k8s_io_apimachinery_pkg_apis_meta_v1.ObjectMeta{Name:frakti-e2e,GenerateName:,Namespace:,SelfLink:/api/v1/nodesfrakti-e2e,UID:464fd7a6-0e28-11e7-a3dc-42010a8c0008,ResourceVersion:445,Generation:0,CreationTimestamp:2017-03-21 11:19:39 +0000 UTC,DeletionTimestamp:&lt;nil&gt;,DeletionGracePeriodSeconds:nil,Labels:map[string]string{beta.kubernetes.io/arch: amd64,beta.kubernetes.io/os: linux,kubernetes.io/hostname: frakti-e2e,},Annotations:map[string]string{volumes.kubernetes.io/controller-managed-attach-detach: true,},OwnerReferences:[],Finalizers:[],ClusterName:,},Spec:NodeSpec{PodCIDR:,ExternalID:frakti-e2e,ProviderID:gce:////5985600149768706345,Unschedulable:false,Taints:[],},Status:NodeStatus{Capacity:ResourceList{cpu: {{4 0} {&lt;nil&gt;} 4 DecimalSI},memory: {{15770382336 0} {&lt;nil&gt;} 15400764Ki BinarySI},pods: {{110 0} {&lt;nil&gt;} 110 DecimalSI},},Allocatable:ResourceList{cpu: {{4 0} {&lt;nil&gt;} 4 DecimalSI},memory: {{15508238336 0} {&lt;nil&gt;} 15144764Ki BinarySI},pods: {{110 0} {&lt;nil&gt;} 110 DecimalSI},},Phase:,Conditions:[{OutOfDisk False 2017-03-21 11:23:20 +0000 UTC 2017-03-21 11:19:39 +0000 UTC KubeletHasSufficientDisk kubelet has sufficient disk space available} {MemoryPressure False 2017-03-21 11:23:20 +0000 UTC 2017-03-21 11:19:39 +0000 UTC KubeletHasSufficientMemory kubelet has sufficient memory available} {DiskPressure False 2017-03-21 11:23:20 +0000 UTC 2017-03-21 11:19:39 +0000 UTC KubeletHasNoDiskPressure kubelet has no disk pressure} {Ready True 2017-03-21 11:23:20 +0000 UTC 2017-03-21 11:19:39 +0000 UTC KubeletReady kubelet is posting ready status}],Addresses:[{LegacyHostIP 10.140.0.8} {InternalIP 10.140.0.8} {Hostname frakti-e2e}],DaemonEndpoints:NodeDaemonEndpoints{KubeletEndpoint:DaemonEndpoint{Port:10250,},},NodeInfo:NodeSystemInfo{MachineID:24ff1754f521f8ffc0b9d886cd5831f7,SystemUUID:66DF790D-8659-19AF-C8E8-AAAC6BAFD264,BootID:7e239c8e-718c-4421-bc64-180fb95b872d,KernelVersion:3.10.0-514.6.2.el7.x86_64,OSImage:CentOS Linux 7 (Core),ContainerRuntimeVersion:hyper://0.8.0,KubeletVersion:v1.7.0-alpha.0.1397+e3f6f14bf0d1af,KubeProxyVersion:v1.7.0-alpha.0.1397+e3f6f14bf0d1af,OperatingSystem:linux,Architecture:amd64,},Images:[{[gcr.io/google_containers/node-problem-detector:v0.3.0] 290407887} {[gcr.io/google_containers/volume-nfs:0.8] 247146979} {[gcr.io/google_containers/volume-gluster:0.2] 212127750} {[gcr.io/google_containers/nginx-slim:0.7] 86838142} {[] 47794349} {[gcr.io/google_containers/hostexec:1.2] 13185747} {[gcr.io/google_containers/netexec:1.7] 8016035} {[gcr.io/google_containers/netexec:1.5] 7358440} {[gcr.io/google_containers/netexec:1.4] 7293444} {[gcr.io/google_containers/alpine-with-bash:1.0] 6660469} {[gcr.io/google_containers/serve_hostname:v1.4] 6222101} {[gcr.io/google-containers/stress:v1] 5494760} {[] 5042632} {[gcr.io/authenticated-image-pulling/alpine:3.1] 5038488} {[gcr.io/google_containers/test-webserver:e2e] 4534272} {[gcr.io/google_containers/liveness:e2e] 4387474} {[gcr.io/google_containers/eptest:0.1] 2970692} {[gcr.io/google_containers/mounttest:0.8] 1450761} {[gcr.io/google_containers/mounttest-user:0.5] 1450761} {[gcr.io/google_containers/busybox@sha256:4bdd623e848417d96127e16037743f0cd8b528c026e9175e22a84f639eca58ff gcr.io/google_containers/busybox:1.24] 1113554} {[gcr.io/google_containers/pause-amd64:3.0] 746888}],VolumesInUse:[],VolumesAttached:[],},}&#xA;Mar 21 11:23:24.614: INFO: &#xA;Logging kubelet events for node frakti-e2e&#xA;Mar 21 11:23:24.616: INFO: &#xA;Logging pods the kubelet thinks is on node frakti-e2e&#xA;Mar 21 11:23:24.618: INFO: netserver-0 started at 2017-03-21 11:23:05 +0000 UTC (0+1 container statuses recorded)&#xA;Mar 21 11:23:24.619: INFO: &#x9;Container webserver ready: false, restart count 0&#xA;Mar 21 11:23:24.619: INFO: busybox-scheduling-394cf767-0e28-11e7-9911-42010a8c0008 started at 2017-03-21 11:23:18 +0000 UTC (0+1 container statuses recorded)&#xA;Mar 21 11:23:24.619: INFO: &#x9;Container busybox-scheduling-394cf767-0e28-11e7-9911-42010a8c0008 ready: false, restart count 0&#xA;Mar 21 11:23:24.679: INFO: &#xA;Latency metrics for node frakti-e2e&#xA;�[1mSTEP�[0m: Dumping a list of prepulled images on each node&#xA;Mar 21 11:23:24.680: INFO: Waiting up to 3m0s for all (but 0) nodes to be ready&#xA;�[1mSTEP�[0m: Destroying namespace &#34;e2e-tests-kubelet-test-ntkp2&#34; for this suite.&#xA;Mar 21 11:23:34.696: INFO: namespace: e2e-tests-kubelet-test-ntkp2, resource: bindings, ignored listing per whitelist&#xA;</system-out>
      </testcase>
      <testcase name="[k8s.io] Container Lifecycle Hook when create a pod with lifecycle hook when it is exec hook should execute prestop exec hook properly [Conformance]" classname="E2eNode Suite" time="26.141792827">
          <failure type="Failure">/root/go-project/src/k8s.io/kubernetes/_output/local/go/src/k8s.io/kubernetes/test/e2e_node/lifecycle_hook_test.go:107&#xA;Expected error:&#xA;    &lt;*errors.errorString | 0xc42042feb0&gt;: {&#xA;        s: &#34;pod ran to completion&#34;,&#xA;    }&#xA;    pod ran to completion&#xA;not to have occurred&#xA;/root/go-project/src/k8s.io/kubernetes/_output/local/go/src/k8s.io/kubernetes/test/e2e/framework/pods.go:83</failure>
          <system-out>[BeforeEach] [k8s.io] Container Lifecycle Hook&#xA;  /root/go-project/src/k8s.io/kubernetes/_output/local/go/src/k8s.io/kubernetes/test/e2e/framework/framework.go:119&#xA;�[1mSTEP�[0m: Creating a kubernetes client&#xA;�[1mSTEP�[0m: Building a namespace api object&#xA;Mar 21 11:23:34.723: INFO: Skipping waiting for service account&#xA;[BeforeEach] when create a pod with lifecycle hook&#xA;  /root/go-project/src/k8s.io/kubernetes/_output/local/go/src/k8s.io/kubernetes/test/e2e_node/lifecycle_hook_test.go:45&#xA;[BeforeEach] when it is exec hook&#xA;  /root/go-project/src/k8s.io/kubernetes/_output/local/go/src/k8s.io/kubernetes/test/e2e_node/lifecycle_hook_test.go:74&#xA;[It] should execute prestop exec hook properly [Conformance]&#xA;  /root/go-project/src/k8s.io/kubernetes/_output/local/go/src/k8s.io/kubernetes/test/e2e_node/lifecycle_hook_test.go:107&#xA;�[1mSTEP�[0m: create the pod with lifecycle hook&#xA;Mar 21 11:23:42.731: INFO: Unexpected error occurred: pod ran to completion&#xA;[AfterEach] when it is exec hook&#xA;  /root/go-project/src/k8s.io/kubernetes/_output/local/go/src/k8s.io/kubernetes/test/e2e_node/lifecycle_hook_test.go:81&#xA;�[1mSTEP�[0m: cleanup the temporary file created in the test.&#xA;Mar 21 11:23:42.735: INFO: Waiting up to 3m0s for pod pod-clean-up status to be success or failure&#xA;Mar 21 11:23:42.736: INFO: Waiting for pod pod-clean-up in namespace &#39;e2e-tests-container-lifecycle-hook-pz018&#39; status to be &#39;success or failure&#39;(found phase: &#34;Pending&#34;, readiness: false) (1.483971ms elapsed)&#xA;Mar 21 11:23:44.739: INFO: Waiting for pod pod-clean-up in namespace &#39;e2e-tests-container-lifecycle-hook-pz018&#39; status to be &#39;success or failure&#39;(found phase: &#34;Pending&#34;, readiness: false) (2.004055632s elapsed)&#xA;Mar 21 11:23:46.741: INFO: Waiting for pod pod-clean-up in namespace &#39;e2e-tests-container-lifecycle-hook-pz018&#39; status to be &#39;success or failure&#39;(found phase: &#34;Pending&#34;, readiness: false) (4.006516025s elapsed)&#xA;Mar 21 11:23:48.744: INFO: Waiting for pod pod-clean-up in namespace &#39;e2e-tests-container-lifecycle-hook-pz018&#39; status to be &#39;success or failure&#39;(found phase: &#34;Pending&#34;, readiness: false) (6.008807289s elapsed)&#xA;[AfterEach] [k8s.io] Container Lifecycle Hook&#xA;  /root/go-project/src/k8s.io/kubernetes/_output/local/go/src/k8s.io/kubernetes/test/e2e/framework/framework.go:120&#xA;�[1mSTEP�[0m: Collecting events from namespace &#34;e2e-tests-container-lifecycle-hook-pz018&#34;.&#xA;�[1mSTEP�[0m: Found 6 events.&#xA;Mar 21 11:23:50.748: INFO: At 2017-03-21 11:23:40 +0000 UTC - event for pod-with-prestop-exec-hook: {kubelet frakti-e2e} Pulled: Container image &#34;gcr.io/google_containers/busybox:1.24&#34; already present on machine&#xA;Mar 21 11:23:50.748: INFO: At 2017-03-21 11:23:40 +0000 UTC - event for pod-with-prestop-exec-hook: {kubelet frakti-e2e} Created: Created container with id c4747e3c0be0ba3cd200aebdd3b8ff4f6208b14537afb0242616c753d959d77b&#xA;Mar 21 11:23:50.748: INFO: At 2017-03-21 11:23:40 +0000 UTC - event for pod-with-prestop-exec-hook: {kubelet frakti-e2e} Started: Started container with id c4747e3c0be0ba3cd200aebdd3b8ff4f6208b14537afb0242616c753d959d77b&#xA;Mar 21 11:23:50.748: INFO: At 2017-03-21 11:23:48 +0000 UTC - event for pod-clean-up: {kubelet frakti-e2e} Pulled: Container image &#34;gcr.io/google_containers/busybox:1.24&#34; already present on machine&#xA;Mar 21 11:23:50.748: INFO: At 2017-03-21 11:23:48 +0000 UTC - event for pod-clean-up: {kubelet frakti-e2e} Created: Created container with id cd2d5df875cdf528364135858602e0634d5c35a2c37eb337d69c2797b5accb17&#xA;Mar 21 11:23:50.748: INFO: At 2017-03-21 11:23:48 +0000 UTC - event for pod-clean-up: {kubelet frakti-e2e} Started: Started container with id cd2d5df875cdf528364135858602e0634d5c35a2c37eb337d69c2797b5accb17&#xA;Mar 21 11:23:50.752: INFO: POD                         NODE        PHASE    GRACE  CONDITIONS&#xA;Mar 21 11:23:50.752: INFO: pod-clean-up                frakti-e2e  Failed          [{Initialized True 0001-01-01 00:00:00 +0000 UTC 2017-03-21 11:23:42 +0000 UTC  } {Ready False 0001-01-01 00:00:00 +0000 UTC 2017-03-21 11:23:42 +0000 UTC ContainersNotReady containers with unready status: [pod-clean-up]} {PodScheduled True 0001-01-01 00:00:00 +0000 UTC 2017-03-21 11:23:49 +0000 UTC  }]&#xA;Mar 21 11:23:50.752: INFO: pod-with-prestop-exec-hook  frakti-e2e  Failed          [{Initialized True 0001-01-01 00:00:00 +0000 UTC 2017-03-21 11:23:34 +0000 UTC  } {Ready False 0001-01-01 00:00:00 +0000 UTC 2017-03-21 11:23:34 +0000 UTC ContainersNotReady containers with unready status: [pod-with-prestop-exec-hook]} {PodScheduled True 0001-01-01 00:00:00 +0000 UTC 2017-03-21 11:23:41 +0000 UTC  }]&#xA;Mar 21 11:23:50.752: INFO: netserver-0                 frakti-e2e  Running         [{Initialized True 0001-01-01 00:00:00 +0000 UTC 2017-03-21 11:23:05 +0000 UTC  } {Ready False 0001-01-01 00:00:00 +0000 UTC 2017-03-21 11:23:05 +0000 UTC ContainersNotReady containers with unready status: [webserver]}]&#xA;Mar 21 11:23:50.752: INFO: &#xA;Mar 21 11:23:50.753: INFO: &#xA;Logging node info for node frakti-e2e&#xA;Mar 21 11:23:50.755: INFO: Node Info: &amp;Node{ObjectMeta:k8s_io_apimachinery_pkg_apis_meta_v1.ObjectMeta{Name:frakti-e2e,GenerateName:,Namespace:,SelfLink:/api/v1/nodesfrakti-e2e,UID:464fd7a6-0e28-11e7-a3dc-42010a8c0008,ResourceVersion:466,Generation:0,CreationTimestamp:2017-03-21 11:19:39 +0000 UTC,DeletionTimestamp:&lt;nil&gt;,DeletionGracePeriodSeconds:nil,Labels:map[string]string{beta.kubernetes.io/arch: amd64,beta.kubernetes.io/os: linux,kubernetes.io/hostname: frakti-e2e,},Annotations:map[string]string{volumes.kubernetes.io/controller-managed-attach-detach: true,},OwnerReferences:[],Finalizers:[],ClusterName:,},Spec:NodeSpec{PodCIDR:,ExternalID:frakti-e2e,ProviderID:gce:////5985600149768706345,Unschedulable:false,Taints:[],},Status:NodeStatus{Capacity:ResourceList{cpu: {{4 0} {&lt;nil&gt;} 4 DecimalSI},memory: {{15770382336 0} {&lt;nil&gt;} 15400764Ki BinarySI},pods: {{110 0} {&lt;nil&gt;} 110 DecimalSI},},Allocatable:ResourceList{cpu: {{4 0} {&lt;nil&gt;} 4 DecimalSI},memory: {{15508238336 0} {&lt;nil&gt;} 15144764Ki BinarySI},pods: {{110 0} {&lt;nil&gt;} 110 DecimalSI},},Phase:,Conditions:[{OutOfDisk False 2017-03-21 11:23:41 +0000 UTC 2017-03-21 11:19:39 +0000 UTC KubeletHasSufficientDisk kubelet has sufficient disk space available} {MemoryPressure False 2017-03-21 11:23:41 +0000 UTC 2017-03-21 11:19:39 +0000 UTC KubeletHasSufficientMemory kubelet has sufficient memory available} {DiskPressure False 2017-03-21 11:23:41 +0000 UTC 2017-03-21 11:19:39 +0000 UTC KubeletHasNoDiskPressure kubelet has no disk pressure} {Ready True 2017-03-21 11:23:41 +0000 UTC 2017-03-21 11:19:39 +0000 UTC KubeletReady kubelet is posting ready status}],Addresses:[{LegacyHostIP 10.140.0.8} {InternalIP 10.140.0.8} {Hostname frakti-e2e}],DaemonEndpoints:NodeDaemonEndpoints{KubeletEndpoint:DaemonEndpoint{Port:10250,},},NodeInfo:NodeSystemInfo{MachineID:24ff1754f521f8ffc0b9d886cd5831f7,SystemUUID:66DF790D-8659-19AF-C8E8-AAAC6BAFD264,BootID:7e239c8e-718c-4421-bc64-180fb95b872d,KernelVersion:3.10.0-514.6.2.el7.x86_64,OSImage:CentOS Linux 7 (Core),ContainerRuntimeVersion:hyper://0.8.0,KubeletVersion:v1.7.0-alpha.0.1397+e3f6f14bf0d1af,KubeProxyVersion:v1.7.0-alpha.0.1397+e3f6f14bf0d1af,OperatingSystem:linux,Architecture:amd64,},Images:[{[gcr.io/google_containers/node-problem-detector:v0.3.0] 290407887} {[gcr.io/google_containers/volume-nfs:0.8] 247146979} {[gcr.io/google_containers/volume-gluster:0.2] 212127750} {[gcr.io/google_containers/nginx-slim:0.7] 86838142} {[] 47794349} {[gcr.io/google_containers/hostexec:1.2] 13185747} {[gcr.io/google_containers/netexec:1.7] 8016035} {[gcr.io/google_containers/netexec:1.5] 7358440} {[gcr.io/google_containers/netexec:1.4] 7293444} {[gcr.io/google_containers/alpine-with-bash:1.0] 6660469} {[gcr.io/google_containers/serve_hostname:v1.4] 6222101} {[gcr.io/google-containers/stress:v1] 5494760} {[] 5042632} {[gcr.io/authenticated-image-pulling/alpine:3.1] 5038488} {[gcr.io/google_containers/test-webserver:e2e] 4534272} {[gcr.io/google_containers/liveness:e2e] 4387474} {[gcr.io/google_containers/eptest:0.1] 2970692} {[gcr.io/google_containers/mounttest:0.8] 1450761} {[gcr.io/google_containers/mounttest-user:0.5] 1450761} {[gcr.io/google_containers/busybox@sha256:4bdd623e848417d96127e16037743f0cd8b528c026e9175e22a84f639eca58ff gcr.io/google_containers/busybox:1.24] 1113554} {[gcr.io/google_containers/pause-amd64:3.0] 746888}],VolumesInUse:[],VolumesAttached:[],},}&#xA;Mar 21 11:23:50.755: INFO: &#xA;Logging kubelet events for node frakti-e2e&#xA;Mar 21 11:23:50.756: INFO: &#xA;Logging pods the kubelet thinks is on node frakti-e2e&#xA;Mar 21 11:23:50.759: INFO: netserver-0 started at 2017-03-21 11:23:05 +0000 UTC (0+1 container statuses recorded)&#xA;Mar 21 11:23:50.759: INFO: &#x9;Container webserver ready: false, restart count 0&#xA;Mar 21 11:23:50.759: INFO: pod-with-prestop-exec-hook started at 2017-03-21 11:23:34 +0000 UTC (0+1 container statuses recorded)&#xA;Mar 21 11:23:50.759: INFO: &#x9;Container pod-with-prestop-exec-hook ready: false, restart count 0&#xA;Mar 21 11:23:50.759: INFO: pod-clean-up started at 2017-03-21 11:23:42 +0000 UTC (0+1 container statuses recorded)&#xA;Mar 21 11:23:50.759: INFO: &#x9;Container pod-clean-up ready: false, restart count 0&#xA;Mar 21 11:23:50.823: INFO: &#xA;Latency metrics for node frakti-e2e&#xA;�[1mSTEP�[0m: Dumping a list of prepulled images on each node&#xA;Mar 21 11:23:50.825: INFO: Waiting up to 3m0s for all (but 0) nodes to be ready&#xA;�[1mSTEP�[0m: Destroying namespace &#34;e2e-tests-container-lifecycle-hook-pz018&#34; for this suite.&#xA;Mar 21 11:24:00.861: INFO: namespace: e2e-tests-container-lifecycle-hook-pz018, resource: bindings, ignored listing per whitelist&#xA;</system-out>
      </testcase>
      <testcase name="[k8s.io] GarbageCollect [Serial] Garbage Collection Test: One Non-restarting Container Should eventually garbage collect containers when we exceed the number of dead containers per container" classname="E2eNode Suite" time="0">
          <skipped></skipped>
      </testcase>
      <testcase name="[k8s.io] ConfigMap optional updates should be reflected in volume [Conformance] [Volume]" classname="E2eNode Suite" time="40.094364603"></testcase>
      <testcase name="[k8s.io] Projected should provide podname as non-root with fsgroup [Feature:FSGroup] [Volume]" classname="E2eNode Suite" time="18.061283042"></testcase>
      <testcase name="[k8s.io] Secrets should be consumable from pods in env vars [Conformance]" classname="E2eNode Suite" time="18.159634352">
          <failure type="Failure">/root/go-project/src/k8s.io/kubernetes/_output/local/go/src/k8s.io/kubernetes/test/e2e/common/secrets.go:385&#xA;Expected error:&#xA;    &lt;*errors.errorString | 0xc421113460&gt;: {&#xA;        s: &#34;expected pod \&#34;pod-secrets-04841ac7-0e29-11e7-9911-42010a8c0008\&#34; success: &lt;nil&gt;&#34;,&#xA;    }&#xA;    expected pod &#34;pod-secrets-04841ac7-0e29-11e7-9911-42010a8c0008&#34; success: &lt;nil&gt;&#xA;not to have occurred&#xA;/root/go-project/src/k8s.io/kubernetes/_output/local/go/src/k8s.io/kubernetes/test/e2e/framework/util.go:2197</failure>
          <system-out>[BeforeEach] [k8s.io] Secrets&#xA;  /root/go-project/src/k8s.io/kubernetes/_output/local/go/src/k8s.io/kubernetes/test/e2e/framework/framework.go:119&#xA;�[1mSTEP�[0m: Creating a kubernetes client&#xA;�[1mSTEP�[0m: Building a namespace api object&#xA;Mar 21 11:24:59.028: INFO: Skipping waiting for service account&#xA;[It] should be consumable from pods in env vars [Conformance]&#xA;  /root/go-project/src/k8s.io/kubernetes/_output/local/go/src/k8s.io/kubernetes/test/e2e/common/secrets.go:385&#xA;�[1mSTEP�[0m: Creating secret with name secret-test-0483dcc6-0e29-11e7-9911-42010a8c0008&#xA;�[1mSTEP�[0m: Creating a pod to test consume secrets&#xA;Mar 21 11:24:59.031: INFO: Waiting up to 5m0s for pod pod-secrets-04841ac7-0e29-11e7-9911-42010a8c0008 status to be success or failure&#xA;Mar 21 11:24:59.034: INFO: Waiting for pod pod-secrets-04841ac7-0e29-11e7-9911-42010a8c0008 in namespace &#39;e2e-tests-secrets-r579r&#39; status to be &#39;success or failure&#39;(found phase: &#34;Pending&#34;, readiness: false) (2.876633ms elapsed)&#xA;Mar 21 11:25:01.036: INFO: Waiting for pod pod-secrets-04841ac7-0e29-11e7-9911-42010a8c0008 in namespace &#39;e2e-tests-secrets-r579r&#39; status to be &#39;success or failure&#39;(found phase: &#34;Pending&#34;, readiness: false) (2.004800339s elapsed)&#xA;Mar 21 11:25:03.039: INFO: Waiting for pod pod-secrets-04841ac7-0e29-11e7-9911-42010a8c0008 in namespace &#39;e2e-tests-secrets-r579r&#39; status to be &#39;success or failure&#39;(found phase: &#34;Pending&#34;, readiness: false) (4.006997934s elapsed)&#xA;Mar 21 11:25:05.041: INFO: Waiting for pod pod-secrets-04841ac7-0e29-11e7-9911-42010a8c0008 in namespace &#39;e2e-tests-secrets-r579r&#39; status to be &#39;success or failure&#39;(found phase: &#34;Pending&#34;, readiness: false) (6.009195736s elapsed)&#xA;Mar 21 11:25:07.050: INFO: Output of node &#34;frakti-e2e&#34; pod &#34;pod-secrets-04841ac7-0e29-11e7-9911-42010a8c0008&#34; container &#34;secret-env-test&#34;: exec failed: No such file or directory&#xA;&#xA;�[1mSTEP�[0m: delete the pod&#xA;Mar 21 11:25:07.056: INFO: Waiting for pod pod-secrets-04841ac7-0e29-11e7-9911-42010a8c0008 to disappear&#xA;Mar 21 11:25:07.057: INFO: Pod pod-secrets-04841ac7-0e29-11e7-9911-42010a8c0008 no longer exists&#xA;Mar 21 11:25:07.057: INFO: Unexpected error occurred: expected pod &#34;pod-secrets-04841ac7-0e29-11e7-9911-42010a8c0008&#34; success: &lt;nil&gt;&#xA;[AfterEach] [k8s.io] Secrets&#xA;  /root/go-project/src/k8s.io/kubernetes/_output/local/go/src/k8s.io/kubernetes/test/e2e/framework/framework.go:120&#xA;�[1mSTEP�[0m: Collecting events from namespace &#34;e2e-tests-secrets-r579r&#34;.&#xA;�[1mSTEP�[0m: Found 3 events.&#xA;Mar 21 11:25:07.059: INFO: At 2017-03-21 11:25:04 +0000 UTC - event for pod-secrets-04841ac7-0e29-11e7-9911-42010a8c0008: {kubelet frakti-e2e} Pulled: Container image &#34;gcr.io/google_containers/busybox:1.24&#34; already present on machine&#xA;Mar 21 11:25:07.059: INFO: At 2017-03-21 11:25:04 +0000 UTC - event for pod-secrets-04841ac7-0e29-11e7-9911-42010a8c0008: {kubelet frakti-e2e} Created: Created container with id 691f311c3d617210b6363d6d8ed0fc1481fb567017de592c3a4a4f2616e0a836&#xA;Mar 21 11:25:07.059: INFO: At 2017-03-21 11:25:04 +0000 UTC - event for pod-secrets-04841ac7-0e29-11e7-9911-42010a8c0008: {kubelet frakti-e2e} Started: Started container with id 691f311c3d617210b6363d6d8ed0fc1481fb567017de592c3a4a4f2616e0a836&#xA;Mar 21 11:25:07.062: INFO: POD          NODE        PHASE    GRACE  CONDITIONS&#xA;Mar 21 11:25:07.062: INFO: netserver-0  frakti-e2e  Running         [{Initialized True 0001-01-01 00:00:00 +0000 UTC 2017-03-21 11:23:05 +0000 UTC  } {Ready False 0001-01-01 00:00:00 +0000 UTC 2017-03-21 11:23:05 +0000 UTC ContainersNotReady containers with unready status: [webserver]}]&#xA;Mar 21 11:25:07.062: INFO: &#xA;Mar 21 11:25:07.064: INFO: &#xA;Logging node info for node frakti-e2e&#xA;Mar 21 11:25:07.065: INFO: Node Info: &amp;Node{ObjectMeta:k8s_io_apimachinery_pkg_apis_meta_v1.ObjectMeta{Name:frakti-e2e,GenerateName:,Namespace:,SelfLink:/api/v1/nodesfrakti-e2e,UID:464fd7a6-0e28-11e7-a3dc-42010a8c0008,ResourceVersion:559,Generation:0,CreationTimestamp:2017-03-21 11:19:39 +0000 UTC,DeletionTimestamp:&lt;nil&gt;,DeletionGracePeriodSeconds:nil,Labels:map[string]string{beta.kubernetes.io/arch: amd64,beta.kubernetes.io/os: linux,kubernetes.io/hostname: frakti-e2e,},Annotations:map[string]string{volumes.kubernetes.io/controller-managed-attach-detach: true,},OwnerReferences:[],Finalizers:[],ClusterName:,},Spec:NodeSpec{PodCIDR:,ExternalID:frakti-e2e,ProviderID:gce:////5985600149768706345,Unschedulable:false,Taints:[],},Status:NodeStatus{Capacity:ResourceList{cpu: {{4 0} {&lt;nil&gt;} 4 DecimalSI},memory: {{15770382336 0} {&lt;nil&gt;} 15400764Ki BinarySI},pods: {{110 0} {&lt;nil&gt;} 110 DecimalSI},},Allocatable:ResourceList{cpu: {{4 0} {&lt;nil&gt;} 4 DecimalSI},memory: {{15508238336 0} {&lt;nil&gt;} 15144764Ki BinarySI},pods: {{110 0} {&lt;nil&gt;} 110 DecimalSI},},Phase:,Conditions:[{OutOfDisk False 2017-03-21 11:25:01 +0000 UTC 2017-03-21 11:19:39 +0000 UTC KubeletHasSufficientDisk kubelet has sufficient disk space available} {MemoryPressure False 2017-03-21 11:25:01 +0000 UTC 2017-03-21 11:19:39 +0000 UTC KubeletHasSufficientMemory kubelet has sufficient memory available} {DiskPressure False 2017-03-21 11:25:01 +0000 UTC 2017-03-21 11:19:39 +0000 UTC KubeletHasNoDiskPressure kubelet has no disk pressure} {Ready True 2017-03-21 11:25:01 +0000 UTC 2017-03-21 11:19:39 +0000 UTC KubeletReady kubelet is posting ready status}],Addresses:[{LegacyHostIP 10.140.0.8} {InternalIP 10.140.0.8} {Hostname frakti-e2e}],DaemonEndpoints:NodeDaemonEndpoints{KubeletEndpoint:DaemonEndpoint{Port:10250,},},NodeInfo:NodeSystemInfo{MachineID:24ff1754f521f8ffc0b9d886cd5831f7,SystemUUID:66DF790D-8659-19AF-C8E8-AAAC6BAFD264,BootID:7e239c8e-718c-4421-bc64-180fb95b872d,KernelVersion:3.10.0-514.6.2.el7.x86_64,OSImage:CentOS Linux 7 (Core),ContainerRuntimeVersion:hyper://0.8.0,KubeletVersion:v1.7.0-alpha.0.1397+e3f6f14bf0d1af,KubeProxyVersion:v1.7.0-alpha.0.1397+e3f6f14bf0d1af,OperatingSystem:linux,Architecture:amd64,},Images:[{[gcr.io/google_containers/node-problem-detector:v0.3.0] 290407887} {[gcr.io/google_containers/volume-nfs:0.8] 247146979} {[gcr.io/google_containers/volume-gluster:0.2] 212127750} {[gcr.io/google_containers/nginx-slim:0.7] 86838142} {[] 47794349} {[gcr.io/google_containers/hostexec:1.2] 13185747} {[gcr.io/google_containers/netexec:1.7] 8016035} {[gcr.io/google_containers/netexec:1.5] 7358440} {[gcr.io/google_containers/netexec:1.4] 7293444} {[gcr.io/google_containers/alpine-with-bash:1.0] 6660469} {[gcr.io/google_containers/serve_hostname:v1.4] 6222101} {[gcr.io/google-containers/stress:v1] 5494760} {[] 5042632} {[gcr.io/authenticated-image-pulling/alpine:3.1] 5038488} {[gcr.io/google_containers/test-webserver:e2e] 4534272} {[gcr.io/google_containers/liveness:e2e] 4387474} {[gcr.io/google_containers/eptest:0.1] 2970692} {[gcr.io/google_containers/mounttest-user:0.5] 1450761} {[gcr.io/google_containers/mounttest:0.8] 1450761} {[gcr.io/google_containers/busybox@sha256:4bdd623e848417d96127e16037743f0cd8b528c026e9175e22a84f639eca58ff gcr.io/google_containers/busybox:1.24] 1113554} {[gcr.io/google_containers/pause-amd64:3.0] 746888}],VolumesInUse:[],VolumesAttached:[],},}&#xA;Mar 21 11:25:07.065: INFO: &#xA;Logging kubelet events for node frakti-e2e&#xA;Mar 21 11:25:07.066: INFO: &#xA;Logging pods the kubelet thinks is on node frakti-e2e&#xA;Mar 21 11:25:07.069: INFO: netserver-0 started at 2017-03-21 11:23:05 +0000 UTC (0+1 container statuses recorded)&#xA;Mar 21 11:25:07.069: INFO: &#x9;Container webserver ready: false, restart count 0&#xA;Mar 21 11:25:07.142: INFO: &#xA;Latency metrics for node frakti-e2e&#xA;�[1mSTEP�[0m: Dumping a list of prepulled images on each node&#xA;Mar 21 11:25:07.144: INFO: Waiting up to 3m0s for all (but 0) nodes to be ready&#xA;�[1mSTEP�[0m: Destroying namespace &#34;e2e-tests-secrets-r579r&#34; for this suite.&#xA;Mar 21 11:25:17.172: INFO: namespace: e2e-tests-secrets-r579r, resource: bindings, ignored listing per whitelist&#xA;</system-out>
      </testcase>
      <testcase name="[k8s.io] Projected should provide container&#39;s cpu request [Conformance] [Volume]" classname="E2eNode Suite" time="18.061727237"></testcase>
      <testcase name="[k8s.io] Projected optional updates should be reflected in volume [Conformance] [Volume]" classname="E2eNode Suite" time="102.267358055"></testcase>
      <testcase name="[k8s.io] Sysctls should support sysctls" classname="E2eNode Suite" time="12.043058268">
          <skipped></skipped>
      </testcase>
      <testcase name="[k8s.io] Container Runtime Conformance Test container runtime conformance blackbox test when running a container with a new image should be able to pull image from docker hub [Conformance]" classname="E2eNode Suite" time="22.073581178"></testcase>
      <testcase name="[k8s.io] Projected should be consumable from pods in volume as non-root with defaultMode and fsGroup set [Feature:FSGroup] [Volume]" classname="E2eNode Suite" time="18.065852429"></testcase>
      <testcase name="[k8s.io] Pods should support remote command execution over websockets" classname="E2eNode Suite" time="36.17036672">
          <failure type="Failure">/root/go-project/src/k8s.io/kubernetes/_output/local/go/src/k8s.io/kubernetes/test/e2e/common/pods.go:511&#xA;Mar 21 11:28:15.772: Got message from server that didn&#39;t start with channel 1 (STDOUT): [2 101 120 101 99 32 102 97 105 108 101 100 58 32 78 111 32 115 117 99 104 32 102 105 108]&#xA;/root/go-project/src/k8s.io/kubernetes/_output/local/go/src/k8s.io/kubernetes/test/e2e/common/pods.go:499</failure>
          <system-out>[BeforeEach] [k8s.io] Pods&#xA;  /root/go-project/src/k8s.io/kubernetes/_output/local/go/src/k8s.io/kubernetes/test/e2e/framework/framework.go:119&#xA;�[1mSTEP�[0m: Creating a kubernetes client&#xA;�[1mSTEP�[0m: Building a namespace api object&#xA;Mar 21 11:28:09.712: INFO: Skipping waiting for service account&#xA;[BeforeEach] [k8s.io] Pods&#xA;  /root/go-project/src/k8s.io/kubernetes/_output/local/go/src/k8s.io/kubernetes/test/e2e/common/pods.go:127&#xA;[It] should support remote command execution over websockets&#xA;  /root/go-project/src/k8s.io/kubernetes/_output/local/go/src/k8s.io/kubernetes/test/e2e/common/pods.go:511&#xA;�[1mSTEP�[0m: creating the pod&#xA;�[1mSTEP�[0m: submitting the pod to kubernetes&#xA;Mar 21 11:28:15.772: INFO: Got message from server that didn&#39;t start with channel 1 (STDOUT): [2 101 120 101 99 32 102 97 105 108 101 100 58 32 78 111 32 115 117 99 104 32 102 105 108]&#xA;[AfterEach] [k8s.io] Pods&#xA;  /root/go-project/src/k8s.io/kubernetes/_output/local/go/src/k8s.io/kubernetes/test/e2e/framework/framework.go:120&#xA;�[1mSTEP�[0m: Collecting events from namespace &#34;e2e-tests-pods-p4h8r&#34;.&#xA;�[1mSTEP�[0m: Found 3 events.&#xA;Mar 21 11:28:15.774: INFO: At 2017-03-21 11:28:14 +0000 UTC - event for pod-exec-websocket-762bd3bb-0e29-11e7-9911-42010a8c0008: {kubelet frakti-e2e} Pulled: Container image &#34;gcr.io/google_containers/busybox:1.24&#34; already present on machine&#xA;Mar 21 11:28:15.774: INFO: At 2017-03-21 11:28:14 +0000 UTC - event for pod-exec-websocket-762bd3bb-0e29-11e7-9911-42010a8c0008: {kubelet frakti-e2e} Created: Created container with id ce22eb5fab979a359efec5bce8f7333a44bd5976de964e12dcb2429adb421c23&#xA;Mar 21 11:28:15.774: INFO: At 2017-03-21 11:28:14 +0000 UTC - event for pod-exec-websocket-762bd3bb-0e29-11e7-9911-42010a8c0008: {kubelet frakti-e2e} Started: Started container with id ce22eb5fab979a359efec5bce8f7333a44bd5976de964e12dcb2429adb421c23&#xA;Mar 21 11:28:15.777: INFO: POD                                                      NODE        PHASE    GRACE  CONDITIONS&#xA;Mar 21 11:28:15.777: INFO: netserver-0                                              frakti-e2e  Running  30s    [{Initialized True 0001-01-01 00:00:00 +0000 UTC 2017-03-21 11:23:05 +0000 UTC  } {Ready False 0001-01-01 00:00:00 +0000 UTC 2017-03-21 11:23:05 +0000 UTC ContainersNotReady containers with unready status: [webserver]} {PodScheduled True 0001-01-01 00:00:00 +0000 UTC 2017-03-21 11:24:42 +0000 UTC  }]&#xA;Mar 21 11:28:15.777: INFO: pod-exec-websocket-762bd3bb-0e29-11e7-9911-42010a8c0008  frakti-e2e  Running         [{Initialized True 0001-01-01 00:00:00 +0000 UTC 2017-03-21 11:28:09 +0000 UTC  } {Ready True 0001-01-01 00:00:00 +0000 UTC 2017-03-21 11:28:15 +0000 UTC  }]&#xA;Mar 21 11:28:15.777: INFO: &#xA;Mar 21 11:28:15.778: INFO: &#xA;Logging node info for node frakti-e2e&#xA;Mar 21 11:28:15.779: INFO: Node Info: &amp;Node{ObjectMeta:k8s_io_apimachinery_pkg_apis_meta_v1.ObjectMeta{Name:frakti-e2e,GenerateName:,Namespace:,SelfLink:/api/v1/nodesfrakti-e2e,UID:464fd7a6-0e28-11e7-a3dc-42010a8c0008,ResourceVersion:716,Generation:0,CreationTimestamp:2017-03-21 11:19:39 +0000 UTC,DeletionTimestamp:&lt;nil&gt;,DeletionGracePeriodSeconds:nil,Labels:map[string]string{beta.kubernetes.io/arch: amd64,beta.kubernetes.io/os: linux,kubernetes.io/hostname: frakti-e2e,},Annotations:map[string]string{volumes.kubernetes.io/controller-managed-attach-detach: true,},OwnerReferences:[],Finalizers:[],ClusterName:,},Spec:NodeSpec{PodCIDR:,ExternalID:frakti-e2e,ProviderID:gce:////5985600149768706345,Unschedulable:false,Taints:[],},Status:NodeStatus{Capacity:ResourceList{cpu: {{4 0} {&lt;nil&gt;} 4 DecimalSI},memory: {{15770382336 0} {&lt;nil&gt;} 15400764Ki BinarySI},pods: {{110 0} {&lt;nil&gt;} 110 DecimalSI},},Allocatable:ResourceList{cpu: {{4 0} {&lt;nil&gt;} 4 DecimalSI},memory: {{15508238336 0} {&lt;nil&gt;} 15144764Ki BinarySI},pods: {{110 0} {&lt;nil&gt;} 110 DecimalSI},},Phase:,Conditions:[{OutOfDisk False 2017-03-21 11:28:12 +0000 UTC 2017-03-21 11:19:39 +0000 UTC KubeletHasSufficientDisk kubelet has sufficient disk space available} {MemoryPressure False 2017-03-21 11:28:12 +0000 UTC 2017-03-21 11:19:39 +0000 UTC KubeletHasSufficientMemory kubelet has sufficient memory available} {DiskPressure False 2017-03-21 11:28:12 +0000 UTC 2017-03-21 11:19:39 +0000 UTC KubeletHasNoDiskPressure kubelet has no disk pressure} {Ready True 2017-03-21 11:28:12 +0000 UTC 2017-03-21 11:19:39 +0000 UTC KubeletReady kubelet is posting ready status}],Addresses:[{LegacyHostIP 10.140.0.8} {InternalIP 10.140.0.8} {Hostname frakti-e2e}],DaemonEndpoints:NodeDaemonEndpoints{KubeletEndpoint:DaemonEndpoint{Port:10250,},},NodeInfo:NodeSystemInfo{MachineID:24ff1754f521f8ffc0b9d886cd5831f7,SystemUUID:66DF790D-8659-19AF-C8E8-AAAC6BAFD264,BootID:7e239c8e-718c-4421-bc64-180fb95b872d,KernelVersion:3.10.0-514.6.2.el7.x86_64,OSImage:CentOS Linux 7 (Core),ContainerRuntimeVersion:hyper://0.8.0,KubeletVersion:v1.7.0-alpha.0.1397+e3f6f14bf0d1af,KubeProxyVersion:v1.7.0-alpha.0.1397+e3f6f14bf0d1af,OperatingSystem:linux,Architecture:amd64,},Images:[{[gcr.io/google_containers/node-problem-detector:v0.3.0] 290407887} {[gcr.io/google_containers/volume-nfs:0.8] 247146979} {[gcr.io/google_containers/volume-gluster:0.2] 212127750} {[gcr.io/google_containers/nginx-slim:0.7] 86838142} {[] 47794349} {[gcr.io/google_containers/hostexec:1.2] 13185747} {[gcr.io/google_containers/netexec:1.7] 8016035} {[gcr.io/google_containers/netexec:1.5] 7358440} {[gcr.io/google_containers/netexec:1.4] 7293444} {[gcr.io/google_containers/alpine-with-bash:1.0] 6660469} {[gcr.io/google_containers/serve_hostname:v1.4] 6222101} {[gcr.io/google-containers/stress:v1] 5494760} {[] 5042632} {[gcr.io/authenticated-image-pulling/alpine:3.1] 5038488} {[gcr.io/google_containers/test-webserver:e2e] 4534272} {[gcr.io/google_containers/liveness:e2e] 4387474} {[gcr.io/google_containers/eptest:0.1] 2970692} {[gcr.io/google_containers/mounttest:0.8] 1450761} {[gcr.io/google_containers/mounttest-user:0.5] 1450761} {[gcr.io/google_containers/busybox@sha256:4bdd623e848417d96127e16037743f0cd8b528c026e9175e22a84f639eca58ff gcr.io/google_containers/busybox:1.24] 1113554} {[gcr.io/google_containers/pause-amd64:3.0] 746888}],VolumesInUse:[],VolumesAttached:[],},}&#xA;Mar 21 11:28:15.779: INFO: &#xA;Logging kubelet events for node frakti-e2e&#xA;Mar 21 11:28:15.780: INFO: &#xA;Logging pods the kubelet thinks is on node frakti-e2e&#xA;Mar 21 11:28:15.783: INFO: netserver-0 started at 2017-03-21 11:23:05 +0000 UTC (0+1 container statuses recorded)&#xA;Mar 21 11:28:15.783: INFO: &#x9;Container webserver ready: false, restart count 0&#xA;Mar 21 11:28:15.783: INFO: pod-exec-websocket-762bd3bb-0e29-11e7-9911-42010a8c0008 started at 2017-03-21 11:28:09 +0000 UTC (0+1 container statuses recorded)&#xA;Mar 21 11:28:15.783: INFO: &#x9;Container main ready: true, restart count 0&#xA;Mar 21 11:28:15.839: INFO: &#xA;Latency metrics for node frakti-e2e&#xA;Mar 21 11:28:15.839: INFO: {Operation:sync Method:pod_worker_latency_microseconds Quantile:0.99 Latency:2m1.029684s}&#xA;�[1mSTEP�[0m: Dumping a list of prepulled images on each node&#xA;Mar 21 11:28:15.841: INFO: Waiting up to 3m0s for all (but 0) nodes to be ready&#xA;�[1mSTEP�[0m: Destroying namespace &#34;e2e-tests-pods-p4h8r&#34; for this suite.&#xA;Mar 21 11:28:45.863: INFO: namespace: e2e-tests-pods-p4h8r, resource: bindings, ignored listing per whitelist&#xA;</system-out>
      </testcase>
      <testcase name="[k8s.io] Container Runtime Conformance Test container runtime conformance blackbox test when running a container with a new image should be able to pull image from gcr.io [Conformance]" classname="E2eNode Suite" time="63.15683125"></testcase>
      <testcase name="[k8s.io] EmptyDir volumes when FSGroup is specified [Feature:FSGroup] volume on tmpfs should have the correct mode using FSGroup [Volume]" classname="E2eNode Suite" time="18.074324526"></testcase>
      <testcase name="[k8s.io] Projected should be consumable in multiple volumes in a pod [Conformance] [Volume]" classname="E2eNode Suite" time="18.060093303"></testcase>
      <testcase name="[k8s.io] Density [Serial] [Slow] create a sequence of pods latency/resource should be within limit when create 30 pods with 50 background pods [Benchmark]" classname="E2eNode Suite" time="0">
          <skipped></skipped>
      </testcase>
      <testcase name="[k8s.io] Density [Serial] [Slow] create a batch of pods with higher API QPS latency/resource should be within limit when create 105 pods with 100ms interval (QPS 60) [Benchmark]" classname="E2eNode Suite" time="0">
          <skipped></skipped>
      </testcase>
      <testcase name="[k8s.io] Projected should project all components that make up the projection API [Conformance] [Volume] [Projection]" classname="E2eNode Suite" time="16.166267802">
          <failure type="Failure">/root/go-project/src/k8s.io/kubernetes/_output/local/go/src/k8s.io/kubernetes/test/e2e/common/projected.go:1023&#xA;Expected error:&#xA;    &lt;*errors.errorString | 0xc420fc7c10&gt;: {&#xA;        s: &#34;expected pod \&#34;projected-volume-c6eb5c3b-0e29-11e7-9911-42010a8c0008\&#34; success: &lt;nil&gt;&#34;,&#xA;    }&#xA;    expected pod &#34;projected-volume-c6eb5c3b-0e29-11e7-9911-42010a8c0008&#34; success: &lt;nil&gt;&#xA;not to have occurred&#xA;/root/go-project/src/k8s.io/kubernetes/_output/local/go/src/k8s.io/kubernetes/test/e2e/framework/util.go:2197</failure>
          <system-out>[BeforeEach] [k8s.io] Projected&#xA;  /root/go-project/src/k8s.io/kubernetes/_output/local/go/src/k8s.io/kubernetes/test/e2e/framework/framework.go:119&#xA;�[1mSTEP�[0m: Creating a kubernetes client&#xA;�[1mSTEP�[0m: Building a namespace api object&#xA;Mar 21 11:30:25.185: INFO: Skipping waiting for service account&#xA;[BeforeEach] [k8s.io] Projected&#xA;  /root/go-project/src/k8s.io/kubernetes/_output/local/go/src/k8s.io/kubernetes/test/e2e/common/projected.go:803&#xA;[It] should project all components that make up the projection API [Conformance] [Volume] [Projection]&#xA;  /root/go-project/src/k8s.io/kubernetes/_output/local/go/src/k8s.io/kubernetes/test/e2e/common/projected.go:1023&#xA;�[1mSTEP�[0m: Creating configMap with name configmap-projected-all-test-volume-c6eb5c77-0e29-11e7-9911-42010a8c0008&#xA;�[1mSTEP�[0m: Creating secret with name secret-projected-all-test-volume-c6eb5c61-0e29-11e7-9911-42010a8c0008&#xA;�[1mSTEP�[0m: Creating a pod to test Check all projections for projected volume plugin&#xA;Mar 21 11:30:25.189: INFO: Waiting up to 5m0s for pod projected-volume-c6eb5c3b-0e29-11e7-9911-42010a8c0008 status to be success or failure&#xA;Mar 21 11:30:25.190: INFO: Waiting for pod projected-volume-c6eb5c3b-0e29-11e7-9911-42010a8c0008 in namespace &#39;e2e-tests-projected-w0hzz&#39; status to be &#39;success or failure&#39;(found phase: &#34;Pending&#34;, readiness: false) (870.935µs elapsed)&#xA;Mar 21 11:30:27.192: INFO: Waiting for pod projected-volume-c6eb5c3b-0e29-11e7-9911-42010a8c0008 in namespace &#39;e2e-tests-projected-w0hzz&#39; status to be &#39;success or failure&#39;(found phase: &#34;Pending&#34;, readiness: false) (2.002975249s elapsed)&#xA;Mar 21 11:30:29.194: INFO: Waiting for pod projected-volume-c6eb5c3b-0e29-11e7-9911-42010a8c0008 in namespace &#39;e2e-tests-projected-w0hzz&#39; status to be &#39;success or failure&#39;(found phase: &#34;Pending&#34;, readiness: false) (4.004647839s elapsed)&#xA;Mar 21 11:30:31.208: INFO: Output of node &#34;frakti-e2e&#34; pod &#34;projected-volume-c6eb5c3b-0e29-11e7-9911-42010a8c0008&#34; container &#34;projected-all-volume-test&#34;: exec failed: No such file or directory&#xA;&#xA;�[1mSTEP�[0m: delete the pod&#xA;Mar 21 11:30:31.223: INFO: Waiting for pod projected-volume-c6eb5c3b-0e29-11e7-9911-42010a8c0008 to disappear&#xA;Mar 21 11:30:31.225: INFO: Pod projected-volume-c6eb5c3b-0e29-11e7-9911-42010a8c0008 no longer exists&#xA;Mar 21 11:30:31.225: INFO: Unexpected error occurred: expected pod &#34;projected-volume-c6eb5c3b-0e29-11e7-9911-42010a8c0008&#34; success: &lt;nil&gt;&#xA;[AfterEach] [k8s.io] Projected&#xA;  /root/go-project/src/k8s.io/kubernetes/_output/local/go/src/k8s.io/kubernetes/test/e2e/framework/framework.go:120&#xA;�[1mSTEP�[0m: Collecting events from namespace &#34;e2e-tests-projected-w0hzz&#34;.&#xA;�[1mSTEP�[0m: Found 3 events.&#xA;Mar 21 11:30:31.228: INFO: At 2017-03-21 11:30:30 +0000 UTC - event for projected-volume-c6eb5c3b-0e29-11e7-9911-42010a8c0008: {kubelet frakti-e2e} Pulled: Container image &#34;gcr.io/google_containers/busybox:1.24&#34; already present on machine&#xA;Mar 21 11:30:31.228: INFO: At 2017-03-21 11:30:30 +0000 UTC - event for projected-volume-c6eb5c3b-0e29-11e7-9911-42010a8c0008: {kubelet frakti-e2e} Created: Created container with id 7a5a3716ea867f11ea35603ba0cea117581f609a61306010ba96cb9220127215&#xA;Mar 21 11:30:31.228: INFO: At 2017-03-21 11:30:30 +0000 UTC - event for projected-volume-c6eb5c3b-0e29-11e7-9911-42010a8c0008: {kubelet frakti-e2e} Started: Started container with id 7a5a3716ea867f11ea35603ba0cea117581f609a61306010ba96cb9220127215&#xA;Mar 21 11:30:31.230: INFO: POD            NODE        PHASE    GRACE  CONDITIONS&#xA;Mar 21 11:30:31.230: INFO: liveness-http  frakti-e2e  Running         [{Initialized True 0001-01-01 00:00:00 +0000 UTC 2017-03-21 11:29:45 +0000 UTC  } {Ready True 0001-01-01 00:00:00 +0000 UTC 2017-03-21 11:29:50 +0000 UTC  } {PodScheduled True 0001-01-01 00:00:00 +0000 UTC 2017-03-21 11:29:50 +0000 UTC  }]&#xA;Mar 21 11:30:31.230: INFO: &#xA;Mar 21 11:30:31.231: INFO: &#xA;Logging node info for node frakti-e2e&#xA;Mar 21 11:30:31.232: INFO: Node Info: &amp;Node{ObjectMeta:k8s_io_apimachinery_pkg_apis_meta_v1.ObjectMeta{Name:frakti-e2e,GenerateName:,Namespace:,SelfLink:/api/v1/nodesfrakti-e2e,UID:464fd7a6-0e28-11e7-a3dc-42010a8c0008,ResourceVersion:897,Generation:0,CreationTimestamp:2017-03-21 11:19:39 +0000 UTC,DeletionTimestamp:&lt;nil&gt;,DeletionGracePeriodSeconds:nil,Labels:map[string]string{beta.kubernetes.io/arch: amd64,beta.kubernetes.io/os: linux,kubernetes.io/hostname: frakti-e2e,},Annotations:map[string]string{volumes.kubernetes.io/controller-managed-attach-detach: true,},OwnerReferences:[],Finalizers:[],ClusterName:,},Spec:NodeSpec{PodCIDR:,ExternalID:frakti-e2e,ProviderID:gce:////5985600149768706345,Unschedulable:false,Taints:[],},Status:NodeStatus{Capacity:ResourceList{cpu: {{4 0} {&lt;nil&gt;} 4 DecimalSI},memory: {{15770382336 0} {&lt;nil&gt;} 15400764Ki BinarySI},pods: {{110 0} {&lt;nil&gt;} 110 DecimalSI},},Allocatable:ResourceList{cpu: {{4 0} {&lt;nil&gt;} 4 DecimalSI},memory: {{15508238336 0} {&lt;nil&gt;} 15144764Ki BinarySI},pods: {{110 0} {&lt;nil&gt;} 110 DecimalSI},},Phase:,Conditions:[{OutOfDisk False 2017-03-21 11:30:22 +0000 UTC 2017-03-21 11:19:39 +0000 UTC KubeletHasSufficientDisk kubelet has sufficient disk space available} {MemoryPressure False 2017-03-21 11:30:22 +0000 UTC 2017-03-21 11:19:39 +0000 UTC KubeletHasSufficientMemory kubelet has sufficient memory available} {DiskPressure False 2017-03-21 11:30:22 +0000 UTC 2017-03-21 11:19:39 +0000 UTC KubeletHasNoDiskPressure kubelet has no disk pressure} {Ready True 2017-03-21 11:30:22 +0000 UTC 2017-03-21 11:19:39 +0000 UTC KubeletReady kubelet is posting ready status}],Addresses:[{LegacyHostIP 10.140.0.8} {InternalIP 10.140.0.8} {Hostname frakti-e2e}],DaemonEndpoints:NodeDaemonEndpoints{KubeletEndpoint:DaemonEndpoint{Port:10250,},},NodeInfo:NodeSystemInfo{MachineID:24ff1754f521f8ffc0b9d886cd5831f7,SystemUUID:66DF790D-8659-19AF-C8E8-AAAC6BAFD264,BootID:7e239c8e-718c-4421-bc64-180fb95b872d,KernelVersion:3.10.0-514.6.2.el7.x86_64,OSImage:CentOS Linux 7 (Core),ContainerRuntimeVersion:hyper://0.8.0,KubeletVersion:v1.7.0-alpha.0.1397+e3f6f14bf0d1af,KubeProxyVersion:v1.7.0-alpha.0.1397+e3f6f14bf0d1af,OperatingSystem:linux,Architecture:amd64,},Images:[{[gcr.io/google_containers/node-problem-detector:v0.3.0] 290407887} {[gcr.io/google_containers/volume-nfs:0.8] 247146979} {[gcr.io/google_containers/volume-gluster:0.2] 212127750} {[gcr.io/google_containers/nginx-slim:0.7] 86838142} {[] 47794349} {[gcr.io/google_containers/hostexec:1.2] 13185747} {[gcr.io/google_containers/netexec:1.7] 8016035} {[gcr.io/google_containers/netexec:1.5] 7358440} {[gcr.io/google_containers/netexec:1.4] 7293444} {[gcr.io/google_containers/alpine-with-bash:1.0] 6660469} {[gcr.io/google_containers/serve_hostname:v1.4] 6222101} {[gcr.io/google-containers/stress:v1] 5494760} {[] 5042632} {[gcr.io/authenticated-image-pulling/alpine:3.1] 5038488} {[gcr.io/google_containers/test-webserver:e2e] 4534272} {[gcr.io/google_containers/liveness:e2e] 4387474} {[gcr.io/google_containers/eptest:0.1] 2970692} {[gcr.io/google_containers/mounttest:0.8] 1450761} {[gcr.io/google_containers/mounttest-user:0.5] 1450761} {[gcr.io/google_containers/busybox@sha256:4bdd623e848417d96127e16037743f0cd8b528c026e9175e22a84f639eca58ff gcr.io/google_containers/busybox:1.24] 1113554} {[gcr.io/google_containers/pause-amd64:3.0] 746888}],VolumesInUse:[],VolumesAttached:[],},}&#xA;Mar 21 11:30:31.233: INFO: &#xA;Logging kubelet events for node frakti-e2e&#xA;Mar 21 11:30:31.234: INFO: &#xA;Logging pods the kubelet thinks is on node frakti-e2e&#xA;Mar 21 11:30:31.237: INFO: liveness-http started at 2017-03-21 11:29:45 +0000 UTC (0+1 container statuses recorded)&#xA;Mar 21 11:30:31.237: INFO: &#x9;Container liveness ready: true, restart count 0&#xA;Mar 21 11:30:31.309: INFO: &#xA;Latency metrics for node frakti-e2e&#xA;Mar 21 11:30:31.309: INFO: {Operation:sync Method:pod_worker_latency_microseconds Quantile:0.99 Latency:2m5.061179s}&#xA;Mar 21 11:30:31.309: INFO: {Operation:sync Method:pod_worker_latency_microseconds Quantile:0.9 Latency:2m1.029684s}&#xA;Mar 21 11:30:31.309: INFO: {Operation: Method:pod_start_latency_microseconds Quantile:0.99 Latency:11.788187s}&#xA;�[1mSTEP�[0m: Dumping a list of prepulled images on each node&#xA;Mar 21 11:30:31.311: INFO: Waiting up to 3m0s for all (but 0) nodes to be ready&#xA;�[1mSTEP�[0m: Destroying namespace &#34;e2e-tests-projected-w0hzz&#34; for this suite.&#xA;Mar 21 11:30:41.344: INFO: namespace: e2e-tests-projected-w0hzz, resource: bindings, ignored listing per whitelist&#xA;</system-out>
      </testcase>
      <testcase name="[k8s.io] Container Runtime Conformance Test container runtime conformance blackbox test when starting a container that exits should report termination message from file when pod succeeds and TerminationMessagePolicy FallbackToLogOnError is set [Conformance]" classname="E2eNode Suite" time="17.063909007"></testcase>
      <testcase name="[k8s.io] GarbageCollect [Serial] Garbage Collection Test: Many Restarting Containers Should eventually garbage collect containers when we exceed the number of dead containers per container" classname="E2eNode Suite" time="0">
          <skipped></skipped>
      </testcase>
      <testcase name="[k8s.io] Sysctls should not launch unsafe, but not explicitly enabled sysctls on the node" classname="E2eNode Suite" time="12.045481796">
          <skipped></skipped>
      </testcase>
      <testcase name="[k8s.io] EmptyDir volumes when FSGroup is specified [Feature:FSGroup] files with FSGroup ownership should support (root,0644,tmpfs) [Volume]" classname="E2eNode Suite" time="18.059335483"></testcase>
      <testcase name="[k8s.io] Density [Serial] [Slow] create a batch of pods latency/resource should be within limit when create 105 pods with 300ms interval [Benchmark]" classname="E2eNode Suite" time="0">
          <skipped></skipped>
      </testcase>
      <testcase name="[k8s.io] ConfigMap should be consumable from pods in volume as non-root with defaultMode and fsGroup set [Feature:FSGroup] [Volume]" classname="E2eNode Suite" time="18.062521303"></testcase>
      <testcase name="[k8s.io] Downward API volume should provide container&#39;s memory limit [Conformance] [Volume]" classname="E2eNode Suite" time="18.057777675"></testcase>
      <testcase name="[k8s.io] Variable Expansion should allow substituting values in a container&#39;s command [Conformance]" classname="E2eNode Suite" time="18.150025449">
          <failure type="Failure">/root/go-project/src/k8s.io/kubernetes/_output/local/go/src/k8s.io/kubernetes/test/e2e/common/expansion.go:101&#xA;Expected error:&#xA;    &lt;*errors.errorString | 0xc420d676a0&gt;: {&#xA;        s: &#34;expected pod \&#34;var-expansion-02351486-0e2a-11e7-9911-42010a8c0008\&#34; success: &lt;nil&gt;&#34;,&#xA;    }&#xA;    expected pod &#34;var-expansion-02351486-0e2a-11e7-9911-42010a8c0008&#34; success: &lt;nil&gt;&#xA;not to have occurred&#xA;/root/go-project/src/k8s.io/kubernetes/_output/local/go/src/k8s.io/kubernetes/test/e2e/framework/util.go:2197</failure>
          <system-out>[BeforeEach] [k8s.io] Variable Expansion&#xA;  /root/go-project/src/k8s.io/kubernetes/_output/local/go/src/k8s.io/kubernetes/test/e2e/framework/framework.go:119&#xA;�[1mSTEP�[0m: Creating a kubernetes client&#xA;�[1mSTEP�[0m: Building a namespace api object&#xA;Mar 21 11:32:04.653: INFO: Skipping waiting for service account&#xA;[It] should allow substituting values in a container&#39;s command [Conformance]&#xA;  /root/go-project/src/k8s.io/kubernetes/_output/local/go/src/k8s.io/kubernetes/test/e2e/common/expansion.go:101&#xA;�[1mSTEP�[0m: Creating a pod to test substitution in container&#39;s command&#xA;Mar 21 11:32:04.655: INFO: Waiting up to 5m0s for pod var-expansion-02351486-0e2a-11e7-9911-42010a8c0008 status to be success or failure&#xA;Mar 21 11:32:04.660: INFO: Waiting for pod var-expansion-02351486-0e2a-11e7-9911-42010a8c0008 in namespace &#39;e2e-tests-var-expansion-bvddg&#39; status to be &#39;success or failure&#39;(found phase: &#34;Pending&#34;, readiness: false) (5.262668ms elapsed)&#xA;Mar 21 11:32:06.662: INFO: Waiting for pod var-expansion-02351486-0e2a-11e7-9911-42010a8c0008 in namespace &#39;e2e-tests-var-expansion-bvddg&#39; status to be &#39;success or failure&#39;(found phase: &#34;Pending&#34;, readiness: false) (2.006987459s elapsed)&#xA;Mar 21 11:32:08.664: INFO: Waiting for pod var-expansion-02351486-0e2a-11e7-9911-42010a8c0008 in namespace &#39;e2e-tests-var-expansion-bvddg&#39; status to be &#39;success or failure&#39;(found phase: &#34;Pending&#34;, readiness: false) (4.009737814s elapsed)&#xA;Mar 21 11:32:10.666: INFO: Waiting for pod var-expansion-02351486-0e2a-11e7-9911-42010a8c0008 in namespace &#39;e2e-tests-var-expansion-bvddg&#39; status to be &#39;success or failure&#39;(found phase: &#34;Pending&#34;, readiness: false) (6.011956316s elapsed)&#xA;Mar 21 11:32:12.676: INFO: Output of node &#34;frakti-e2e&#34; pod &#34;var-expansion-02351486-0e2a-11e7-9911-42010a8c0008&#34; container &#34;dapi-container&#34;: exec failed: No such file or directory&#xA;&#xA;�[1mSTEP�[0m: delete the pod&#xA;Mar 21 11:32:12.681: INFO: Waiting for pod var-expansion-02351486-0e2a-11e7-9911-42010a8c0008 to disappear&#xA;Mar 21 11:32:12.683: INFO: Pod var-expansion-02351486-0e2a-11e7-9911-42010a8c0008 no longer exists&#xA;Mar 21 11:32:12.683: INFO: Unexpected error occurred: expected pod &#34;var-expansion-02351486-0e2a-11e7-9911-42010a8c0008&#34; success: &lt;nil&gt;&#xA;[AfterEach] [k8s.io] Variable Expansion&#xA;  /root/go-project/src/k8s.io/kubernetes/_output/local/go/src/k8s.io/kubernetes/test/e2e/framework/framework.go:120&#xA;�[1mSTEP�[0m: Collecting events from namespace &#34;e2e-tests-var-expansion-bvddg&#34;.&#xA;�[1mSTEP�[0m: Found 3 events.&#xA;Mar 21 11:32:12.685: INFO: At 2017-03-21 11:32:10 +0000 UTC - event for var-expansion-02351486-0e2a-11e7-9911-42010a8c0008: {kubelet frakti-e2e} Pulled: Container image &#34;gcr.io/google_containers/busybox:1.24&#34; already present on machine&#xA;Mar 21 11:32:12.685: INFO: At 2017-03-21 11:32:10 +0000 UTC - event for var-expansion-02351486-0e2a-11e7-9911-42010a8c0008: {kubelet frakti-e2e} Created: Created container with id 32d2f0c4e3b18978f4073b925cf929585bdc454abefd2239488ffc162b6e5f2d&#xA;Mar 21 11:32:12.685: INFO: At 2017-03-21 11:32:10 +0000 UTC - event for var-expansion-02351486-0e2a-11e7-9911-42010a8c0008: {kubelet frakti-e2e} Started: Started container with id 32d2f0c4e3b18978f4073b925cf929585bdc454abefd2239488ffc162b6e5f2d&#xA;Mar 21 11:32:12.689: INFO: POD                                                   NODE        PHASE    GRACE  CONDITIONS&#xA;Mar 21 11:32:12.689: INFO: annotationupdate00377b85-0e2a-11e7-8677-42010a8c0008  frakti-e2e  Running         [{Initialized True 0001-01-01 00:00:00 +0000 UTC 2017-03-21 11:32:01 +0000 UTC  } {Ready True 0001-01-01 00:00:00 +0000 UTC 2017-03-21 11:32:06 +0000 UTC  }]&#xA;Mar 21 11:32:12.689: INFO: &#xA;Mar 21 11:32:12.690: INFO: &#xA;Logging node info for node frakti-e2e&#xA;Mar 21 11:32:12.691: INFO: Node Info: &amp;Node{ObjectMeta:k8s_io_apimachinery_pkg_apis_meta_v1.ObjectMeta{Name:frakti-e2e,GenerateName:,Namespace:,SelfLink:/api/v1/nodesfrakti-e2e,UID:464fd7a6-0e28-11e7-a3dc-42010a8c0008,ResourceVersion:1020,Generation:0,CreationTimestamp:2017-03-21 11:19:39 +0000 UTC,DeletionTimestamp:&lt;nil&gt;,DeletionGracePeriodSeconds:nil,Labels:map[string]string{beta.kubernetes.io/arch: amd64,beta.kubernetes.io/os: linux,kubernetes.io/hostname: frakti-e2e,},Annotations:map[string]string{volumes.kubernetes.io/controller-managed-attach-detach: true,},OwnerReferences:[],Finalizers:[],ClusterName:,},Spec:NodeSpec{PodCIDR:,ExternalID:frakti-e2e,ProviderID:gce:////5985600149768706345,Unschedulable:false,Taints:[],},Status:NodeStatus{Capacity:ResourceList{cpu: {{4 0} {&lt;nil&gt;} 4 DecimalSI},memory: {{15770382336 0} {&lt;nil&gt;} 15400764Ki BinarySI},pods: {{110 0} {&lt;nil&gt;} 110 DecimalSI},},Allocatable:ResourceList{cpu: {{4 0} {&lt;nil&gt;} 4 DecimalSI},memory: {{15508238336 0} {&lt;nil&gt;} 15144764Ki BinarySI},pods: {{110 0} {&lt;nil&gt;} 110 DecimalSI},},Phase:,Conditions:[{OutOfDisk False 2017-03-21 11:32:03 +0000 UTC 2017-03-21 11:19:39 +0000 UTC KubeletHasSufficientDisk kubelet has sufficient disk space available} {MemoryPressure False 2017-03-21 11:32:03 +0000 UTC 2017-03-21 11:19:39 +0000 UTC KubeletHasSufficientMemory kubelet has sufficient memory available} {DiskPressure False 2017-03-21 11:32:03 +0000 UTC 2017-03-21 11:19:39 +0000 UTC KubeletHasNoDiskPressure kubelet has no disk pressure} {Ready True 2017-03-21 11:32:03 +0000 UTC 2017-03-21 11:19:39 +0000 UTC KubeletReady kubelet is posting ready status}],Addresses:[{LegacyHostIP 10.140.0.8} {InternalIP 10.140.0.8} {Hostname frakti-e2e}],DaemonEndpoints:NodeDaemonEndpoints{KubeletEndpoint:DaemonEndpoint{Port:10250,},},NodeInfo:NodeSystemInfo{MachineID:24ff1754f521f8ffc0b9d886cd5831f7,SystemUUID:66DF790D-8659-19AF-C8E8-AAAC6BAFD264,BootID:7e239c8e-718c-4421-bc64-180fb95b872d,KernelVersion:3.10.0-514.6.2.el7.x86_64,OSImage:CentOS Linux 7 (Core),ContainerRuntimeVersion:hyper://0.8.0,KubeletVersion:v1.7.0-alpha.0.1397+e3f6f14bf0d1af,KubeProxyVersion:v1.7.0-alpha.0.1397+e3f6f14bf0d1af,OperatingSystem:linux,Architecture:amd64,},Images:[{[gcr.io/google_containers/node-problem-detector:v0.3.0] 290407887} {[gcr.io/google_containers/volume-nfs:0.8] 247146979} {[gcr.io/google_containers/volume-gluster:0.2] 212127750} {[gcr.io/google_containers/nginx-slim:0.7] 86838142} {[] 47794349} {[gcr.io/google_containers/hostexec:1.2] 13185747} {[gcr.io/google_containers/netexec:1.7] 8016035} {[gcr.io/google_containers/netexec:1.5] 7358440} {[gcr.io/google_containers/netexec:1.4] 7293444} {[gcr.io/google_containers/alpine-with-bash:1.0] 6660469} {[gcr.io/google_containers/serve_hostname:v1.4] 6222101} {[gcr.io/google-containers/stress:v1] 5494760} {[] 5042632} {[gcr.io/authenticated-image-pulling/alpine:3.1] 5038488} {[gcr.io/google_containers/test-webserver:e2e] 4534272} {[gcr.io/google_containers/liveness:e2e] 4387474} {[gcr.io/google_containers/eptest:0.1] 2970692} {[gcr.io/google_containers/mounttest:0.8] 1450761} {[gcr.io/google_containers/mounttest-user:0.5] 1450761} {[gcr.io/google_containers/busybox@sha256:4bdd623e848417d96127e16037743f0cd8b528c026e9175e22a84f639eca58ff gcr.io/google_containers/busybox:1.24] 1113554} {[gcr.io/google_containers/pause-amd64:3.0] 746888}],VolumesInUse:[],VolumesAttached:[],},}&#xA;Mar 21 11:32:12.692: INFO: &#xA;Logging kubelet events for node frakti-e2e&#xA;Mar 21 11:32:12.693: INFO: &#xA;Logging pods the kubelet thinks is on node frakti-e2e&#xA;Mar 21 11:32:12.695: INFO: annotationupdate00377b85-0e2a-11e7-8677-42010a8c0008 started at 2017-03-21 11:32:01 +0000 UTC (0+1 container statuses recorded)&#xA;Mar 21 11:32:12.695: INFO: &#x9;Container client-container ready: true, restart count 0&#xA;Mar 21 11:32:12.762: INFO: &#xA;Latency metrics for node frakti-e2e&#xA;Mar 21 11:32:12.762: INFO: {Operation:sync Method:pod_worker_latency_microseconds Quantile:0.99 Latency:2m5.061179s}&#xA;Mar 21 11:32:12.762: INFO: {Operation:sync Method:pod_worker_latency_microseconds Quantile:0.9 Latency:2m5.061179s}&#xA;Mar 21 11:32:12.762: INFO: {Operation:sync Method:pod_worker_latency_microseconds Quantile:0.5 Latency:2m1.029684s}&#xA;Mar 21 11:32:12.762: INFO: {Operation: Method:pod_start_latency_microseconds Quantile:0.99 Latency:11.788187s}&#xA;�[1mSTEP�[0m: Dumping a list of prepulled images on each node&#xA;Mar 21 11:32:12.764: INFO: Waiting up to 3m0s for all (but 0) nodes to be ready&#xA;�[1mSTEP�[0m: Destroying namespace &#34;e2e-tests-var-expansion-bvddg&#34; for this suite.&#xA;Mar 21 11:32:22.781: INFO: namespace: e2e-tests-var-expansion-bvddg, resource: bindings, ignored listing per whitelist&#xA;</system-out>
      </testcase>
      <testcase name="[k8s.io] EmptyDir volumes should support (root,0666,default) [Conformance] [Volume]" classname="E2eNode Suite" time="21.06566794"></testcase>
      <testcase name="[k8s.io] Density [Serial] [Slow] create a batch of pods latency/resource should be within limit when create 35 pods with 100ms interval [Benchmark]" classname="E2eNode Suite" time="0">
          <skipped></skipped>
      </testcase>
      <testcase name="[k8s.io] ConfigMap should be consumable from pods in volume with mappings as non-root [Conformance] [Volume]" classname="E2eNode Suite" time="18.071178254"></testcase>
      <testcase name="[k8s.io] GCP Volumes [k8s.io] NFSv4 should be mountable for NFSv4 [Volume]" classname="E2eNode Suite" time="10.039459021">
          <skipped></skipped>
      </testcase>
      <testcase name="[k8s.io] Restart [Serial] [Slow] [Disruptive] Docker Daemon Network should recover from ip leak" classname="E2eNode Suite" time="0">
          <skipped></skipped>
      </testcase>
      <testcase name="[k8s.io] Container Runtime Conformance Test container runtime conformance blackbox test when starting a container that exits should report termination message from log output if TerminationMessagePolicy FallbackToLogOnError is set [Conformance]" classname="E2eNode Suite" time="16.058087212"></testcase>
      <testcase name="[k8s.io] Density [Serial] [Slow] create a batch of pods with higher API QPS latency/resource should be within limit when create 105 pods with 0s interval (QPS 60) [Benchmark]" classname="E2eNode Suite" time="0">
          <skipped></skipped>
      </testcase>
      <testcase name="[k8s.io] KubeletManagedEtcHosts should test kubelet managed /etc/hosts file [Conformance]" classname="E2eNode Suite" time="62.305562402">
          <failure type="Failure">/root/go-project/src/k8s.io/kubernetes/_output/local/go/src/k8s.io/kubernetes/test/e2e/common/kubelet_etc_hosts.go:55&#xA;failed to execute command in pod test-pod, container busybox-1: command terminated with exit code 0&#xA;Expected error:&#xA;    &lt;exec.CodeExitError&gt;: {&#xA;        Err: {&#xA;            s: &#34;command terminated with exit code 0&#34;,&#xA;        },&#xA;        Code: 0,&#xA;    }&#xA;    command terminated with exit code 0&#xA;not to have occurred&#xA;/root/go-project/src/k8s.io/kubernetes/_output/local/go/src/k8s.io/kubernetes/test/e2e/framework/exec_util.go:107</failure>
          <system-out>[BeforeEach] [k8s.io] KubeletManagedEtcHosts&#xA;  /root/go-project/src/k8s.io/kubernetes/_output/local/go/src/k8s.io/kubernetes/test/e2e/framework/framework.go:119&#xA;�[1mSTEP�[0m: Creating a kubernetes client&#xA;�[1mSTEP�[0m: Building a namespace api object&#xA;Mar 21 11:33:28.049: INFO: Skipping waiting for service account&#xA;[It] should test kubelet managed /etc/hosts file [Conformance]&#xA;  /root/go-project/src/k8s.io/kubernetes/_output/local/go/src/k8s.io/kubernetes/test/e2e/common/kubelet_etc_hosts.go:55&#xA;�[1mSTEP�[0m: Setting up the test&#xA;�[1mSTEP�[0m: Creating hostNetwork=false pod&#xA;�[1mSTEP�[0m: Creating hostNetwork=true pod&#xA;�[1mSTEP�[0m: Running the test&#xA;�[1mSTEP�[0m: Verifying /etc/hosts of container is kubelet-managed for pod with hostNetwork=false&#xA;Mar 21 11:33:40.061: INFO: ExecWithOptions {Command:[cat /etc/hosts] Namespace:e2e-tests-e2e-kubelet-etc-hosts-5010b PodName:test-pod ContainerName:busybox-1 Stdin:&lt;nil&gt; CaptureStdout:true CaptureStderr:true PreserveWhitespace:false}&#xA;Mar 21 11:33:40.185: INFO: Exec stderr: &#34;&#34;&#xA;[AfterEach] [k8s.io] KubeletManagedEtcHosts&#xA;  /root/go-project/src/k8s.io/kubernetes/_output/local/go/src/k8s.io/kubernetes/test/e2e/framework/framework.go:120&#xA;�[1mSTEP�[0m: Collecting events from namespace &#34;e2e-tests-e2e-kubelet-etc-hosts-5010b&#34;.&#xA;�[1mSTEP�[0m: Found 13 events.&#xA;Mar 21 11:33:40.190: INFO: At 2017-03-21 11:33:33 +0000 UTC - event for test-pod: {kubelet frakti-e2e} Pulled: Container image &#34;gcr.io/google_containers/netexec:1.7&#34; already present on machine&#xA;Mar 21 11:33:40.190: INFO: At 2017-03-21 11:33:33 +0000 UTC - event for test-pod: {kubelet frakti-e2e} Created: Created container with id da47286bf7c49d1a7bc94f3f5e4c4932de9257706eea600f2188b99c46e19020&#xA;Mar 21 11:33:40.190: INFO: At 2017-03-21 11:33:33 +0000 UTC - event for test-pod: {kubelet frakti-e2e} Started: Started container with id d1b738999b11046ddc15221c9dd1a73409dcd03deeea920235c3b0e4c2875232&#xA;Mar 21 11:33:40.190: INFO: At 2017-03-21 11:33:33 +0000 UTC - event for test-pod: {kubelet frakti-e2e} Created: Created container with id d1b738999b11046ddc15221c9dd1a73409dcd03deeea920235c3b0e4c2875232&#xA;Mar 21 11:33:40.190: INFO: At 2017-03-21 11:33:33 +0000 UTC - event for test-pod: {kubelet frakti-e2e} Started: Started container with id 1aae0b44513ac7732dab7cefeecedb1f0ff1f60db77c4173fca6dca1828a0b05&#xA;Mar 21 11:33:40.190: INFO: At 2017-03-21 11:33:33 +0000 UTC - event for test-pod: {kubelet frakti-e2e} Created: Created container with id 1aae0b44513ac7732dab7cefeecedb1f0ff1f60db77c4173fca6dca1828a0b05&#xA;Mar 21 11:33:40.190: INFO: At 2017-03-21 11:33:33 +0000 UTC - event for test-pod: {kubelet frakti-e2e} Started: Started container with id da47286bf7c49d1a7bc94f3f5e4c4932de9257706eea600f2188b99c46e19020&#xA;Mar 21 11:33:40.190: INFO: At 2017-03-21 11:33:37 +0000 UTC - event for test-host-network-pod: {kubelet frakti-e2e} Failed: Failed to start container with id 924339a0c8a2596a5940771d115bb44b346087ad4237e61e533afce984166956 with error: rpc error: code = 2 desc = failed to create symbolic link &#34;/var/log/pods/38affc72-0e2a-11e7-a3dc-42010a8c0008/busybox-1_0.log&#34; to the container log file &#34;&#34; for container &#34;924339a0c8a2596a5940771d115bb44b346087ad4237e61e533afce984166956&#34;: symlink  /var/log/pods/38affc72-0e2a-11e7-a3dc-42010a8c0008/busybox-1_0.log: no such file or directory&#xA;Mar 21 11:33:40.190: INFO: At 2017-03-21 11:33:37 +0000 UTC - event for test-host-network-pod: {kubelet frakti-e2e} Created: Created container with id 924339a0c8a2596a5940771d115bb44b346087ad4237e61e533afce984166956&#xA;Mar 21 11:33:40.190: INFO: At 2017-03-21 11:33:37 +0000 UTC - event for test-host-network-pod: {kubelet frakti-e2e} Pulled: Container image &#34;gcr.io/google_containers/netexec:1.7&#34; already present on machine&#xA;Mar 21 11:33:40.190: INFO: At 2017-03-21 11:33:38 +0000 UTC - event for test-host-network-pod: {kubelet frakti-e2e} FailedSync: Error syncing pod, skipping: [failed to &#34;StartContainer&#34; for &#34;busybox-1&#34; with rpc error: code = 2 desc = failed to create symbolic link &#34;/var/log/pods/38affc72-0e2a-11e7-a3dc-42010a8c0008/busybox-1_0.log&#34; to the container log file &#34;&#34; for container &#34;924339a0c8a2596a5940771d115bb44b346087ad4237e61e533afce984166956&#34;: symlink  /var/log/pods/38affc72-0e2a-11e7-a3dc-42010a8c0008/busybox-1_0.log: no such file or directory: &#34;Start Container Failed&#34;&#xA;, failed to &#34;StartContainer&#34; for &#34;busybox-2&#34; with rpc error: code = 2 desc = failed to create symbolic link &#34;/var/log/pods/38affc72-0e2a-11e7-a3dc-42010a8c0008/busybox-2_0.log&#34; to the container log file &#34;&#34; for container &#34;fc1a5d822c560031ff1d10a12a1e46b6bb02d3b89c81137c580351223d561672&#34;: symlink  /var/log/pods/38affc72-0e2a-11e7-a3dc-42010a8c0008/busybox-2_0.log: no such file or directory: &#34;Start Container Failed&#34;&#xA;]&#xA;Mar 21 11:33:40.190: INFO: At 2017-03-21 11:33:38 +0000 UTC - event for test-host-network-pod: {kubelet frakti-e2e} Failed: Failed to start container with id fc1a5d822c560031ff1d10a12a1e46b6bb02d3b89c81137c580351223d561672 with error: rpc error: code = 2 desc = failed to create symbolic link &#34;/var/log/pods/38affc72-0e2a-11e7-a3dc-42010a8c0008/busybox-2_0.log&#34; to the container log file &#34;&#34; for container &#34;fc1a5d822c560031ff1d10a12a1e46b6bb02d3b89c81137c580351223d561672&#34;: symlink  /var/log/pods/38affc72-0e2a-11e7-a3dc-42010a8c0008/busybox-2_0.log: no such file or directory&#xA;Mar 21 11:33:40.190: INFO: At 2017-03-21 11:33:38 +0000 UTC - event for test-host-network-pod: {kubelet frakti-e2e} Created: Created container with id fc1a5d822c560031ff1d10a12a1e46b6bb02d3b89c81137c580351223d561672&#xA;Mar 21 11:33:40.194: INFO: POD                                                  NODE        PHASE    GRACE  CONDITIONS&#xA;Mar 21 11:33:40.194: INFO: pod-configmaps-38bc40e2-0e2a-11e7-8677-42010a8c0008  frakti-e2e  Pending         [{Initialized True 0001-01-01 00:00:00 +0000 UTC 2017-03-21 11:33:36 +0000 UTC  } {Ready False 0001-01-01 00:00:00 +0000 UTC 2017-03-21 11:33:36 +0000 UTC ContainersNotReady containers with unready status: [configmap-volume-test]}]&#xA;Mar 21 11:33:40.194: INFO: test-host-network-pod                                frakti-e2e  Running         [{Initialized True 0001-01-01 00:00:00 +0000 UTC 2017-03-21 11:33:36 +0000 UTC  } {Ready True 0001-01-01 00:00:00 +0000 UTC 2017-03-21 11:33:38 +0000 UTC  } {PodScheduled True 0001-01-01 00:00:00 +0000 UTC 2017-03-21 11:33:38 +0000 UTC  }]&#xA;Mar 21 11:33:40.194: INFO: test-pod                                             frakti-e2e  Running         [{Initialized True 0001-01-01 00:00:00 +0000 UTC 2017-03-21 11:33:28 +0000 UTC  } {Ready True 0001-01-01 00:00:00 +0000 UTC 2017-03-21 11:33:34 +0000 UTC  } {PodScheduled True 0001-01-01 00:00:00 +0000 UTC 2017-03-21 11:33:34 +0000 UTC  }]&#xA;Mar 21 11:33:40.194: INFO: &#xA;Mar 21 11:33:40.195: INFO: &#xA;Logging node info for node frakti-e2e&#xA;Mar 21 11:33:40.197: INFO: Node Info: &amp;Node{ObjectMeta:k8s_io_apimachinery_pkg_apis_meta_v1.ObjectMeta{Name:frakti-e2e,GenerateName:,Namespace:,SelfLink:/api/v1/nodesfrakti-e2e,UID:464fd7a6-0e28-11e7-a3dc-42010a8c0008,ResourceVersion:1179,Generation:0,CreationTimestamp:2017-03-21 11:19:39 +0000 UTC,DeletionTimestamp:&lt;nil&gt;,DeletionGracePeriodSeconds:nil,Labels:map[string]string{beta.kubernetes.io/arch: amd64,beta.kubernetes.io/os: linux,kubernetes.io/hostname: frakti-e2e,},Annotations:map[string]string{volumes.kubernetes.io/controller-managed-attach-detach: true,},OwnerReferences:[],Finalizers:[],ClusterName:,},Spec:NodeSpec{PodCIDR:,ExternalID:frakti-e2e,ProviderID:gce:////5985600149768706345,Unschedulable:false,Taints:[],},Status:NodeStatus{Capacity:ResourceList{cpu: {{4 0} {&lt;nil&gt;} 4 DecimalSI},memory: {{15770382336 0} {&lt;nil&gt;} 15400764Ki BinarySI},pods: {{110 0} {&lt;nil&gt;} 110 DecimalSI},},Allocatable:ResourceList{cpu: {{4 0} {&lt;nil&gt;} 4 DecimalSI},memory: {{15508238336 0} {&lt;nil&gt;} 15144764Ki BinarySI},pods: {{110 0} {&lt;nil&gt;} 110 DecimalSI},},Phase:,Conditions:[{OutOfDisk False 2017-03-21 11:33:33 +0000 UTC 2017-03-21 11:19:39 +0000 UTC KubeletHasSufficientDisk kubelet has sufficient disk space available} {MemoryPressure False 2017-03-21 11:33:33 +0000 UTC 2017-03-21 11:19:39 +0000 UTC KubeletHasSufficientMemory kubelet has sufficient memory available} {DiskPressure False 2017-03-21 11:33:33 +0000 UTC 2017-03-21 11:19:39 +0000 UTC KubeletHasNoDiskPressure kubelet has no disk pressure} {Ready True 2017-03-21 11:33:33 +0000 UTC 2017-03-21 11:19:39 +0000 UTC KubeletReady kubelet is posting ready status}],Addresses:[{LegacyHostIP 10.140.0.8} {InternalIP 10.140.0.8} {Hostname frakti-e2e}],DaemonEndpoints:NodeDaemonEndpoints{KubeletEndpoint:DaemonEndpoint{Port:10250,},},NodeInfo:NodeSystemInfo{MachineID:24ff1754f521f8ffc0b9d886cd5831f7,SystemUUID:66DF790D-8659-19AF-C8E8-AAAC6BAFD264,BootID:7e239c8e-718c-4421-bc64-180fb95b872d,KernelVersion:3.10.0-514.6.2.el7.x86_64,OSImage:CentOS Linux 7 (Core),ContainerRuntimeVersion:hyper://0.8.0,KubeletVersion:v1.7.0-alpha.0.1397+e3f6f14bf0d1af,KubeProxyVersion:v1.7.0-alpha.0.1397+e3f6f14bf0d1af,OperatingSystem:linux,Architecture:amd64,},Images:[{[gcr.io/google_containers/node-problem-detector:v0.3.0] 290407887} {[gcr.io/google_containers/volume-nfs:0.8] 247146979} {[gcr.io/google_containers/volume-gluster:0.2] 212127750} {[gcr.io/google_containers/nginx-slim:0.7] 86838142} {[] 47794349} {[gcr.io/google_containers/hostexec:1.2] 13185747} {[gcr.io/google_containers/netexec:1.7] 8016035} {[gcr.io/google_containers/netexec:1.5] 7358440} {[gcr.io/google_containers/netexec:1.4] 7293444} {[gcr.io/google_containers/alpine-with-bash:1.0] 6660469} {[gcr.io/google_containers/serve_hostname:v1.4] 6222101} {[gcr.io/google-containers/stress:v1] 5494760} {[] 5042632} {[gcr.io/authenticated-image-pulling/alpine:3.1] 5038488} {[gcr.io/google_containers/test-webserver:e2e] 4534272} {[gcr.io/google_containers/liveness:e2e] 4387474} {[gcr.io/google_containers/eptest:0.1] 2970692} {[gcr.io/google_containers/mounttest:0.8] 1450761} {[gcr.io/google_containers/mounttest-user:0.5] 1450761} {[gcr.io/google_containers/busybox@sha256:4bdd623e848417d96127e16037743f0cd8b528c026e9175e22a84f639eca58ff gcr.io/google_containers/busybox:1.24] 1113554} {[gcr.io/google_containers/pause-amd64:3.0] 746888}],VolumesInUse:[],VolumesAttached:[],},}&#xA;Mar 21 11:33:40.197: INFO: &#xA;Logging kubelet events for node frakti-e2e&#xA;Mar 21 11:33:40.198: INFO: &#xA;Logging pods the kubelet thinks is on node frakti-e2e&#xA;Mar 21 11:33:40.202: INFO: pod-configmaps-38bc40e2-0e2a-11e7-8677-42010a8c0008 started at 2017-03-21 11:33:36 +0000 UTC (0+1 container statuses recorded)&#xA;Mar 21 11:33:40.202: INFO: &#x9;Container configmap-volume-test ready: false, restart count 0&#xA;Mar 21 11:33:40.202: INFO: test-pod started at 2017-03-21 11:33:28 +0000 UTC (0+3 container statuses recorded)&#xA;Mar 21 11:33:40.202: INFO: &#x9;Container busybox-1 ready: true, restart count 0&#xA;Mar 21 11:33:40.202: INFO: &#x9;Container busybox-2 ready: true, restart count 0&#xA;Mar 21 11:33:40.202: INFO: &#x9;Container busybox-3 ready: true, restart count 0&#xA;Mar 21 11:33:40.202: INFO: test-host-network-pod started at 2017-03-21 11:33:36 +0000 UTC (0+2 container statuses recorded)&#xA;Mar 21 11:33:40.202: INFO: &#x9;Container busybox-1 ready: true, restart count 0&#xA;Mar 21 11:33:40.202: INFO: &#x9;Container busybox-2 ready: true, restart count 0&#xA;Mar 21 11:33:40.294: INFO: &#xA;Latency metrics for node frakti-e2e&#xA;Mar 21 11:33:40.294: INFO: {Operation:sync Method:pod_worker_latency_microseconds Quantile:0.99 Latency:2m5.061179s}&#xA;Mar 21 11:33:40.295: INFO: {Operation:sync Method:pod_worker_latency_microseconds Quantile:0.9 Latency:2m1.051842s}&#xA;Mar 21 11:33:40.295: INFO: {Operation:sync Method:pod_worker_latency_microseconds Quantile:0.5 Latency:2m1.036949s}&#xA;Mar 21 11:33:40.295: INFO: {Operation: Method:pod_start_latency_microseconds Quantile:0.99 Latency:11.788187s}&#xA;�[1mSTEP�[0m: Dumping a list of prepulled images on each node&#xA;Mar 21 11:33:40.296: INFO: Waiting up to 3m0s for all (but 0) nodes to be ready&#xA;�[1mSTEP�[0m: Destroying namespace &#34;e2e-tests-e2e-kubelet-etc-hosts-5010b&#34; for this suite.&#xA;Mar 21 11:34:30.340: INFO: namespace: e2e-tests-e2e-kubelet-etc-hosts-5010b, resource: bindings, ignored listing per whitelist&#xA;</system-out>
      </testcase>
      <testcase name="[k8s.io] MemoryEviction [Slow] [Serial] [Disruptive]   when there is memory pressure should evict pods in the correct order (besteffort first, then burstable, then guaranteed)" classname="E2eNode Suite" time="0">
          <skipped></skipped>
      </testcase>
      <testcase name="[k8s.io] Secrets should be consumable from pods in volume with mappings [Conformance] [Volume]" classname="E2eNode Suite" time="18.06762337"></testcase>
      <testcase name="[k8s.io] Projected should provide podname only [Conformance] [Volume]" classname="E2eNode Suite" time="18.066362556"></testcase>
      <testcase name="[k8s.io] Downward API volume should provide container&#39;s memory request [Conformance] [Volume]" classname="E2eNode Suite" time="18.059922"></testcase>
      <testcase name="[k8s.io] Pods should get a host IP [Conformance]" classname="E2eNode Suite" time="36.045140099"></testcase>
      <testcase name="[k8s.io] Projected should set DefaultMode on files [Conformance] [Volume]" classname="E2eNode Suite" time="23.092476302"></testcase>
      <testcase name="[k8s.io] Probing container with readiness probe should not be ready before initial delay and never restart [Conformance]" classname="E2eNode Suite" time="62.044666632"></testcase>
      <testcase name="[k8s.io] Downward API volume should provide container&#39;s cpu limit [Conformance] [Volume]" classname="E2eNode Suite" time="18.06568418"></testcase>
      <testcase name="[k8s.io] Container Runtime Conformance Test container runtime conformance blackbox test when running a container with a new image should not be able to pull from private registry without secret [Conformance]" classname="E2eNode Suite" time="18.068427118"></testcase>
      <testcase name="[k8s.io] Projected should be consumable from pods in volume with mappings [Conformance] [Volume]" classname="E2eNode Suite" time="18.062857508"></testcase>
      <testcase name="[k8s.io] Pods should be submitted and removed [Conformance]" classname="E2eNode Suite" time="26.70021068"></testcase>
      <testcase name="[k8s.io] EmptyDir volumes should support (non-root,0777,tmpfs) [Conformance] [Volume]" classname="E2eNode Suite" time="18.136037245">
          <failure type="Failure">/root/go-project/src/k8s.io/kubernetes/_output/local/go/src/k8s.io/kubernetes/test/e2e/common/empty_dir.go:89&#xA;Expected error:&#xA;    &lt;*errors.errorString | 0xc4210501b0&gt;: {&#xA;        s: &#34;expected pod \&#34;pod-f1d0f370-0e2a-11e7-9911-42010a8c0008\&#34; success: &lt;nil&gt;&#34;,&#xA;    }&#xA;    expected pod &#34;pod-f1d0f370-0e2a-11e7-9911-42010a8c0008&#34; success: &lt;nil&gt;&#xA;not to have occurred&#xA;/root/go-project/src/k8s.io/kubernetes/_output/local/go/src/k8s.io/kubernetes/test/e2e/framework/util.go:2197</failure>
          <system-out>[BeforeEach] [k8s.io] EmptyDir volumes&#xA;  /root/go-project/src/k8s.io/kubernetes/_output/local/go/src/k8s.io/kubernetes/test/e2e/framework/framework.go:119&#xA;�[1mSTEP�[0m: Creating a kubernetes client&#xA;�[1mSTEP�[0m: Building a namespace api object&#xA;Mar 21 11:38:46.650: INFO: Skipping waiting for service account&#xA;[It] should support (non-root,0777,tmpfs) [Conformance] [Volume]&#xA;  /root/go-project/src/k8s.io/kubernetes/_output/local/go/src/k8s.io/kubernetes/test/e2e/common/empty_dir.go:89&#xA;�[1mSTEP�[0m: Creating a pod to test emptydir 0777 on tmpfs&#xA;Mar 21 11:38:46.652: INFO: Waiting up to 5m0s for pod pod-f1d0f370-0e2a-11e7-9911-42010a8c0008 status to be success or failure&#xA;Mar 21 11:38:46.655: INFO: Waiting for pod pod-f1d0f370-0e2a-11e7-9911-42010a8c0008 in namespace &#39;e2e-tests-emptydir-bqv4q&#39; status to be &#39;success or failure&#39;(found phase: &#34;Pending&#34;, readiness: false) (3.037803ms elapsed)&#xA;Mar 21 11:38:48.657: INFO: Waiting for pod pod-f1d0f370-0e2a-11e7-9911-42010a8c0008 in namespace &#39;e2e-tests-emptydir-bqv4q&#39; status to be &#39;success or failure&#39;(found phase: &#34;Pending&#34;, readiness: false) (2.004802099s elapsed)&#xA;Mar 21 11:38:50.658: INFO: Waiting for pod pod-f1d0f370-0e2a-11e7-9911-42010a8c0008 in namespace &#39;e2e-tests-emptydir-bqv4q&#39; status to be &#39;success or failure&#39;(found phase: &#34;Pending&#34;, readiness: false) (4.006375661s elapsed)&#xA;Mar 21 11:38:52.660: INFO: Waiting for pod pod-f1d0f370-0e2a-11e7-9911-42010a8c0008 in namespace &#39;e2e-tests-emptydir-bqv4q&#39; status to be &#39;success or failure&#39;(found phase: &#34;Pending&#34;, readiness: false) (6.008587233s elapsed)&#xA;Mar 21 11:38:54.668: INFO: Output of node &#34;frakti-e2e&#34; pod &#34;pod-f1d0f370-0e2a-11e7-9911-42010a8c0008&#34; container &#34;test-container&#34;: &#xA;�[1mSTEP�[0m: delete the pod&#xA;Mar 21 11:38:54.672: INFO: Waiting for pod pod-f1d0f370-0e2a-11e7-9911-42010a8c0008 to disappear&#xA;Mar 21 11:38:54.673: INFO: Pod pod-f1d0f370-0e2a-11e7-9911-42010a8c0008 no longer exists&#xA;Mar 21 11:38:54.673: INFO: Unexpected error occurred: expected pod &#34;pod-f1d0f370-0e2a-11e7-9911-42010a8c0008&#34; success: &lt;nil&gt;&#xA;[AfterEach] [k8s.io] EmptyDir volumes&#xA;  /root/go-project/src/k8s.io/kubernetes/_output/local/go/src/k8s.io/kubernetes/test/e2e/framework/framework.go:120&#xA;�[1mSTEP�[0m: Collecting events from namespace &#34;e2e-tests-emptydir-bqv4q&#34;.&#xA;�[1mSTEP�[0m: Found 3 events.&#xA;Mar 21 11:38:54.675: INFO: At 2017-03-21 11:38:51 +0000 UTC - event for pod-f1d0f370-0e2a-11e7-9911-42010a8c0008: {kubelet frakti-e2e} Pulled: Container image &#34;gcr.io/google_containers/mounttest-user:0.5&#34; already present on machine&#xA;Mar 21 11:38:54.675: INFO: At 2017-03-21 11:38:51 +0000 UTC - event for pod-f1d0f370-0e2a-11e7-9911-42010a8c0008: {kubelet frakti-e2e} Created: Created container with id cfc7a80b0482716cfe7dd581cd16f0500c7eae0a09a1f075086f79166493851f&#xA;Mar 21 11:38:54.675: INFO: At 2017-03-21 11:38:51 +0000 UTC - event for pod-f1d0f370-0e2a-11e7-9911-42010a8c0008: {kubelet frakti-e2e} Started: Started container with id cfc7a80b0482716cfe7dd581cd16f0500c7eae0a09a1f075086f79166493851f&#xA;Mar 21 11:38:54.678: INFO: POD          NODE        PHASE    GRACE  CONDITIONS&#xA;Mar 21 11:38:54.678: INFO: netserver-0  frakti-e2e  Running         [{Initialized True 0001-01-01 00:00:00 +0000 UTC 2017-03-21 11:36:23 +0000 UTC  } {Ready False 0001-01-01 00:00:00 +0000 UTC 2017-03-21 11:36:23 +0000 UTC ContainersNotReady containers with unready status: [webserver]}]&#xA;Mar 21 11:38:54.678: INFO: &#xA;Mar 21 11:38:54.679: INFO: &#xA;Logging node info for node frakti-e2e&#xA;Mar 21 11:38:54.680: INFO: Node Info: &amp;Node{ObjectMeta:k8s_io_apimachinery_pkg_apis_meta_v1.ObjectMeta{Name:frakti-e2e,GenerateName:,Namespace:,SelfLink:/api/v1/nodesfrakti-e2e,UID:464fd7a6-0e28-11e7-a3dc-42010a8c0008,ResourceVersion:1562,Generation:0,CreationTimestamp:2017-03-21 11:19:39 +0000 UTC,DeletionTimestamp:&lt;nil&gt;,DeletionGracePeriodSeconds:nil,Labels:map[string]string{beta.kubernetes.io/arch: amd64,beta.kubernetes.io/os: linux,kubernetes.io/hostname: frakti-e2e,},Annotations:map[string]string{volumes.kubernetes.io/controller-managed-attach-detach: true,},OwnerReferences:[],Finalizers:[],ClusterName:,},Spec:NodeSpec{PodCIDR:,ExternalID:frakti-e2e,ProviderID:gce:////5985600149768706345,Unschedulable:false,Taints:[],},Status:NodeStatus{Capacity:ResourceList{cpu: {{4 0} {&lt;nil&gt;} 4 DecimalSI},memory: {{15770382336 0} {&lt;nil&gt;} 15400764Ki BinarySI},pods: {{110 0} {&lt;nil&gt;} 110 DecimalSI},},Allocatable:ResourceList{cpu: {{4 0} {&lt;nil&gt;} 4 DecimalSI},memory: {{15508238336 0} {&lt;nil&gt;} 15144764Ki BinarySI},pods: {{110 0} {&lt;nil&gt;} 110 DecimalSI},},Phase:,Conditions:[{OutOfDisk False 2017-03-21 11:38:45 +0000 UTC 2017-03-21 11:19:39 +0000 UTC KubeletHasSufficientDisk kubelet has sufficient disk space available} {MemoryPressure False 2017-03-21 11:38:45 +0000 UTC 2017-03-21 11:19:39 +0000 UTC KubeletHasSufficientMemory kubelet has sufficient memory available} {DiskPressure False 2017-03-21 11:38:45 +0000 UTC 2017-03-21 11:19:39 +0000 UTC KubeletHasNoDiskPressure kubelet has no disk pressure} {Ready True 2017-03-21 11:38:45 +0000 UTC 2017-03-21 11:19:39 +0000 UTC KubeletReady kubelet is posting ready status}],Addresses:[{LegacyHostIP 10.140.0.8} {InternalIP 10.140.0.8} {Hostname frakti-e2e}],DaemonEndpoints:NodeDaemonEndpoints{KubeletEndpoint:DaemonEndpoint{Port:10250,},},NodeInfo:NodeSystemInfo{MachineID:24ff1754f521f8ffc0b9d886cd5831f7,SystemUUID:66DF790D-8659-19AF-C8E8-AAAC6BAFD264,BootID:7e239c8e-718c-4421-bc64-180fb95b872d,KernelVersion:3.10.0-514.6.2.el7.x86_64,OSImage:CentOS Linux 7 (Core),ContainerRuntimeVersion:hyper://0.8.0,KubeletVersion:v1.7.0-alpha.0.1397+e3f6f14bf0d1af,KubeProxyVersion:v1.7.0-alpha.0.1397+e3f6f14bf0d1af,OperatingSystem:linux,Architecture:amd64,},Images:[{[gcr.io/google_containers/node-problem-detector:v0.3.0] 290407887} {[gcr.io/google_containers/volume-nfs:0.8] 247146979} {[gcr.io/google_containers/volume-gluster:0.2] 212127750} {[gcr.io/google_containers/nginx-slim:0.7] 86838142} {[] 47794349} {[gcr.io/google_containers/hostexec:1.2] 13185747} {[gcr.io/google_containers/netexec:1.7] 8016035} {[gcr.io/google_containers/netexec:1.5] 7358440} {[gcr.io/google_containers/netexec:1.4] 7293444} {[gcr.io/google_containers/alpine-with-bash:1.0] 6660469} {[gcr.io/google_containers/serve_hostname:v1.4] 6222101} {[gcr.io/google-containers/stress:v1] 5494760} {[] 5042632} {[gcr.io/authenticated-image-pulling/alpine:3.1] 5038488} {[gcr.io/google_containers/test-webserver:e2e] 4534272} {[gcr.io/google_containers/liveness:e2e] 4387474} {[gcr.io/google_containers/eptest:0.1] 2970692} {[gcr.io/google_containers/mounttest-user:0.5] 1450761} {[gcr.io/google_containers/mounttest:0.8] 1450761} {[gcr.io/google_containers/busybox@sha256:4bdd623e848417d96127e16037743f0cd8b528c026e9175e22a84f639eca58ff gcr.io/google_containers/busybox:1.24] 1113554} {[gcr.io/google_containers/pause-amd64:3.0] 746888}],VolumesInUse:[],VolumesAttached:[],},}&#xA;Mar 21 11:38:54.681: INFO: &#xA;Logging kubelet events for node frakti-e2e&#xA;Mar 21 11:38:54.681: INFO: &#xA;Logging pods the kubelet thinks is on node frakti-e2e&#xA;Mar 21 11:38:54.683: INFO: netserver-0 started at 2017-03-21 11:36:23 +0000 UTC (0+1 container statuses recorded)&#xA;Mar 21 11:38:54.683: INFO: &#x9;Container webserver ready: false, restart count 0&#xA;Mar 21 11:38:54.750: INFO: &#xA;Latency metrics for node frakti-e2e&#xA;Mar 21 11:38:54.750: INFO: {Operation:sync Method:pod_worker_latency_microseconds Quantile:0.99 Latency:2m5.16431s}&#xA;Mar 21 11:38:54.750: INFO: {Operation:sync Method:pod_worker_latency_microseconds Quantile:0.9 Latency:2m5.112961s}&#xA;Mar 21 11:38:54.750: INFO: {Operation:sync Method:pod_worker_latency_microseconds Quantile:0.5 Latency:2m1.059011s}&#xA;�[1mSTEP�[0m: Dumping a list of prepulled images on each node&#xA;Mar 21 11:38:54.751: INFO: Waiting up to 3m0s for all (but 0) nodes to be ready&#xA;�[1mSTEP�[0m: Destroying namespace &#34;e2e-tests-emptydir-bqv4q&#34; for this suite.&#xA;Mar 21 11:39:04.784: INFO: namespace: e2e-tests-emptydir-bqv4q, resource: bindings, ignored listing per whitelist&#xA;</system-out>
      </testcase>
      <testcase name="[k8s.io] Kubelet Cgroup Manager Pod containers On scheduling a Burstable Pod Pod containers should have been created under the Burstable cgroup" classname="E2eNode Suite" time="38.167916885">
          <failure type="Failure">/root/go-project/src/k8s.io/kubernetes/_output/local/go/src/k8s.io/kubernetes/test/e2e_node/pods_container_manager_test.go:303&#xA;Expected error:&#xA;    &lt;*errors.errorString | 0xc4202bda80&gt;: {&#xA;        s: &#34;pod \&#34;podfca0f746-0e2a-11e7-9911-42010a8c0008\&#34; failed with status: {Phase:Failed Conditions:[{Type:Initialized Status:True LastProbeTime:0001-01-01 00:00:00 +0000 UTC LastTransitionTime:2017-03-21 11:39:04 +0000 UTC Reason: Message:} {Type:Ready Status:False LastProbeTime:0001-01-01 00:00:00 +0000 UTC LastTransitionTime:2017-03-21 11:39:04 +0000 UTC Reason:ContainersNotReady Message:containers with unready status: [containerfca0f765-0e2a-11e7-9911-42010a8c0008]}] Message: Reason: HostIP:10.140.0.8 PodIP:10.10.1.138 StartTime:2017-03-21 11:39:04 +0000 UTC InitContainerStatuses:[] ContainerStatuses:[{Name:containerfca0f765-0e2a-11e7-9911-42010a8c0008 State:{Waiting:nil Running:nil Terminated:&amp;ContainerStateTerminated{ExitCode:127,Signal:0,Reason:Failed,Message:,StartedAt:0001-01-01 00:00:00 +0000 UTC,FinishedAt:2017-03-21 11:39:11 +0000 UTC,ContainerID:hyper://5810afaf8a07a447c152a6d92938a224d6312ada3fad1026b8a726df94c2c925,}} LastTerminationState:{Waiting:nil Running:nil Terminated:nil} Ready:false RestartCount:0 Image:gcr.io/google_containers/busybox@sha256:4bdd623e848417d96127e16037743f0cd8b528c026e9175e22a84f639eca58ff ImageID:sha256:0cb40641836c461bc97c793971d84d758371ed682042457523e4ae701efe7ec9 ContainerID:hyper://5810afaf8a07a447c152a6d92938a224d6312ada3fad1026b8a726df94c2c925}] QOSClass:BestEffort}&#34;,&#xA;    }&#xA;    pod &#34;podfca0f746-0e2a-11e7-9911-42010a8c0008&#34; failed with status: {Phase:Failed Conditions:[{Type:Initialized Status:True LastProbeTime:0001-01-01 00:00:00 +0000 UTC LastTransitionTime:2017-03-21 11:39:04 +0000 UTC Reason: Message:} {Type:Ready Status:False LastProbeTime:0001-01-01 00:00:00 +0000 UTC LastTransitionTime:2017-03-21 11:39:04 +0000 UTC Reason:ContainersNotReady Message:containers with unready status: [containerfca0f765-0e2a-11e7-9911-42010a8c0008]}] Message: Reason: HostIP:10.140.0.8 PodIP:10.10.1.138 StartTime:2017-03-21 11:39:04 +0000 UTC InitContainerStatuses:[] ContainerStatuses:[{Name:containerfca0f765-0e2a-11e7-9911-42010a8c0008 State:{Waiting:nil Running:nil Terminated:&amp;ContainerStateTerminated{ExitCode:127,Signal:0,Reason:Failed,Message:,StartedAt:0001-01-01 00:00:00 +0000 UTC,FinishedAt:2017-03-21 11:39:11 +0000 UTC,ContainerID:hyper://5810afaf8a07a447c152a6d92938a224d6312ada3fad1026b8a726df94c2c925,}} LastTerminationState:{Waiting:nil Running:nil Terminated:nil} Ready:false RestartCount:0 Image:gcr.io/google_containers/busybox@sha256:4bdd623e848417d96127e16037743f0cd8b528c026e9175e22a84f639eca58ff ImageID:sha256:0cb40641836c461bc97c793971d84d758371ed682042457523e4ae701efe7ec9 ContainerID:hyper://5810afaf8a07a447c152a6d92938a224d6312ada3fad1026b8a726df94c2c925}] QOSClass:BestEffort}&#xA;not to have occurred&#xA;/root/go-project/src/k8s.io/kubernetes/_output/local/go/src/k8s.io/kubernetes/test/e2e_node/pods_container_manager_test.go:293</failure>
          <system-out>[BeforeEach] [k8s.io] Kubelet Cgroup Manager&#xA;  /root/go-project/src/k8s.io/kubernetes/_output/local/go/src/k8s.io/kubernetes/test/e2e/framework/framework.go:119&#xA;�[1mSTEP�[0m: Creating a kubernetes client&#xA;�[1mSTEP�[0m: Building a namespace api object&#xA;Mar 21 11:39:04.789: INFO: Skipping waiting for service account&#xA;[It] Pod containers should have been created under the Burstable cgroup&#xA;  /root/go-project/src/k8s.io/kubernetes/_output/local/go/src/k8s.io/kubernetes/test/e2e_node/pods_container_manager_test.go:303&#xA;�[1mSTEP�[0m: Creating a Burstable pod in Namespace&#xA;�[1mSTEP�[0m: Checking if the pod cgroup was created&#xA;Mar 21 11:39:04.803: INFO: Waiting up to 5m0s for pod podfca0f746-0e2a-11e7-9911-42010a8c0008 status to be success or failure&#xA;Mar 21 11:39:04.803: INFO: Waiting for pod podfca0f746-0e2a-11e7-9911-42010a8c0008 in namespace &#39;e2e-tests-kubelet-cgroup-manager-873w6&#39; status to be &#39;success or failure&#39;(found phase: &#34;Pending&#34;, readiness: false) (821.347µs elapsed)&#xA;Mar 21 11:39:06.805: INFO: Waiting for pod podfca0f746-0e2a-11e7-9911-42010a8c0008 in namespace &#39;e2e-tests-kubelet-cgroup-manager-873w6&#39; status to be &#39;success or failure&#39;(found phase: &#34;Pending&#34;, readiness: false) (2.002729982s elapsed)&#xA;Mar 21 11:39:08.808: INFO: Waiting for pod podfca0f746-0e2a-11e7-9911-42010a8c0008 in namespace &#39;e2e-tests-kubelet-cgroup-manager-873w6&#39; status to be &#39;success or failure&#39;(found phase: &#34;Pending&#34;, readiness: false) (4.005698562s elapsed)&#xA;Mar 21 11:39:10.811: INFO: Waiting for pod podfca0f746-0e2a-11e7-9911-42010a8c0008 in namespace &#39;e2e-tests-kubelet-cgroup-manager-873w6&#39; status to be &#39;success or failure&#39;(found phase: &#34;Pending&#34;, readiness: false) (6.008193894s elapsed)&#xA;[AfterEach] [k8s.io] Kubelet Cgroup Manager&#xA;  /root/go-project/src/k8s.io/kubernetes/_output/local/go/src/k8s.io/kubernetes/test/e2e/framework/framework.go:120&#xA;�[1mSTEP�[0m: Collecting events from namespace &#34;e2e-tests-kubelet-cgroup-manager-873w6&#34;.&#xA;�[1mSTEP�[0m: Found 6 events.&#xA;Mar 21 11:39:12.817: INFO: At 2017-03-21 11:39:10 +0000 UTC - event for podfca0a892-0e2a-11e7-9911-42010a8c0008: {kubelet frakti-e2e} Pulled: Container image &#34;gcr.io/google_containers/pause-amd64:3.0&#34; already present on machine&#xA;Mar 21 11:39:12.817: INFO: At 2017-03-21 11:39:10 +0000 UTC - event for podfca0a892-0e2a-11e7-9911-42010a8c0008: {kubelet frakti-e2e} Created: Created container with id 784780a23567db13430829677985e0424eb6350ba689622597b5ec06527c9960&#xA;Mar 21 11:39:12.817: INFO: At 2017-03-21 11:39:10 +0000 UTC - event for podfca0a892-0e2a-11e7-9911-42010a8c0008: {kubelet frakti-e2e} Started: Started container with id 784780a23567db13430829677985e0424eb6350ba689622597b5ec06527c9960&#xA;Mar 21 11:39:12.817: INFO: At 2017-03-21 11:39:11 +0000 UTC - event for podfca0f746-0e2a-11e7-9911-42010a8c0008: {kubelet frakti-e2e} Pulled: Container image &#34;gcr.io/google_containers/busybox:1.24&#34; already present on machine&#xA;Mar 21 11:39:12.817: INFO: At 2017-03-21 11:39:11 +0000 UTC - event for podfca0f746-0e2a-11e7-9911-42010a8c0008: {kubelet frakti-e2e} Created: Created container with id 5810afaf8a07a447c152a6d92938a224d6312ada3fad1026b8a726df94c2c925&#xA;Mar 21 11:39:12.817: INFO: At 2017-03-21 11:39:11 +0000 UTC - event for podfca0f746-0e2a-11e7-9911-42010a8c0008: {kubelet frakti-e2e} Started: Started container with id 5810afaf8a07a447c152a6d92938a224d6312ada3fad1026b8a726df94c2c925&#xA;Mar 21 11:39:12.821: INFO: POD                                      NODE        PHASE    GRACE  CONDITIONS&#xA;Mar 21 11:39:12.821: INFO: podfca0a892-0e2a-11e7-9911-42010a8c0008  frakti-e2e  Running         [{Initialized True 0001-01-01 00:00:00 +0000 UTC 2017-03-21 11:39:04 +0000 UTC  } {Ready True 0001-01-01 00:00:00 +0000 UTC 2017-03-21 11:39:10 +0000 UTC  } {PodScheduled True 0001-01-01 00:00:00 +0000 UTC 2017-03-21 11:39:10 +0000 UTC  }]&#xA;Mar 21 11:39:12.821: INFO: podfca0f746-0e2a-11e7-9911-42010a8c0008  frakti-e2e  Failed          [{Initialized True 0001-01-01 00:00:00 +0000 UTC 2017-03-21 11:39:04 +0000 UTC  } {Ready False 0001-01-01 00:00:00 +0000 UTC 2017-03-21 11:39:04 +0000 UTC ContainersNotReady containers with unready status: [containerfca0f765-0e2a-11e7-9911-42010a8c0008]}]&#xA;Mar 21 11:39:12.821: INFO: netserver-0                              frakti-e2e  Running         [{Initialized True 0001-01-01 00:00:00 +0000 UTC 2017-03-21 11:36:23 +0000 UTC  } {Ready False 0001-01-01 00:00:00 +0000 UTC 2017-03-21 11:36:23 +0000 UTC ContainersNotReady containers with unready status: [webserver]} {PodScheduled True 0001-01-01 00:00:00 +0000 UTC 2017-03-21 11:38:00 +0000 UTC  }]&#xA;Mar 21 11:39:12.821: INFO: &#xA;Mar 21 11:39:12.823: INFO: &#xA;Logging node info for node frakti-e2e&#xA;Mar 21 11:39:12.825: INFO: Node Info: &amp;Node{ObjectMeta:k8s_io_apimachinery_pkg_apis_meta_v1.ObjectMeta{Name:frakti-e2e,GenerateName:,Namespace:,SelfLink:/api/v1/nodesfrakti-e2e,UID:464fd7a6-0e28-11e7-a3dc-42010a8c0008,ResourceVersion:1586,Generation:0,CreationTimestamp:2017-03-21 11:19:39 +0000 UTC,DeletionTimestamp:&lt;nil&gt;,DeletionGracePeriodSeconds:nil,Labels:map[string]string{beta.kubernetes.io/arch: amd64,beta.kubernetes.io/os: linux,kubernetes.io/hostname: frakti-e2e,},Annotations:map[string]string{volumes.kubernetes.io/controller-managed-attach-detach: true,},OwnerReferences:[],Finalizers:[],ClusterName:,},Spec:NodeSpec{PodCIDR:,ExternalID:frakti-e2e,ProviderID:gce:////5985600149768706345,Unschedulable:false,Taints:[],},Status:NodeStatus{Capacity:ResourceList{cpu: {{4 0} {&lt;nil&gt;} 4 DecimalSI},memory: {{15770382336 0} {&lt;nil&gt;} 15400764Ki BinarySI},pods: {{110 0} {&lt;nil&gt;} 110 DecimalSI},},Allocatable:ResourceList{cpu: {{4 0} {&lt;nil&gt;} 4 DecimalSI},memory: {{15508238336 0} {&lt;nil&gt;} 15144764Ki BinarySI},pods: {{110 0} {&lt;nil&gt;} 110 DecimalSI},},Phase:,Conditions:[{OutOfDisk False 2017-03-21 11:39:05 +0000 UTC 2017-03-21 11:19:39 +0000 UTC KubeletHasSufficientDisk kubelet has sufficient disk space available} {MemoryPressure False 2017-03-21 11:39:05 +0000 UTC 2017-03-21 11:19:39 +0000 UTC KubeletHasSufficientMemory kubelet has sufficient memory available} {DiskPressure False 2017-03-21 11:39:05 +0000 UTC 2017-03-21 11:19:39 +0000 UTC KubeletHasNoDiskPressure kubelet has no disk pressure} {Ready True 2017-03-21 11:39:05 +0000 UTC 2017-03-21 11:19:39 +0000 UTC KubeletReady kubelet is posting ready status}],Addresses:[{LegacyHostIP 10.140.0.8} {InternalIP 10.140.0.8} {Hostname frakti-e2e}],DaemonEndpoints:NodeDaemonEndpoints{KubeletEndpoint:DaemonEndpoint{Port:10250,},},NodeInfo:NodeSystemInfo{MachineID:24ff1754f521f8ffc0b9d886cd5831f7,SystemUUID:66DF790D-8659-19AF-C8E8-AAAC6BAFD264,BootID:7e239c8e-718c-4421-bc64-180fb95b872d,KernelVersion:3.10.0-514.6.2.el7.x86_64,OSImage:CentOS Linux 7 (Core),ContainerRuntimeVersion:hyper://0.8.0,KubeletVersion:v1.7.0-alpha.0.1397+e3f6f14bf0d1af,KubeProxyVersion:v1.7.0-alpha.0.1397+e3f6f14bf0d1af,OperatingSystem:linux,Architecture:amd64,},Images:[{[gcr.io/google_containers/node-problem-detector:v0.3.0] 290407887} {[gcr.io/google_containers/volume-nfs:0.8] 247146979} {[gcr.io/google_containers/volume-gluster:0.2] 212127750} {[gcr.io/google_containers/nginx-slim:0.7] 86838142} {[] 47794349} {[gcr.io/google_containers/hostexec:1.2] 13185747} {[gcr.io/google_containers/netexec:1.7] 8016035} {[gcr.io/google_containers/netexec:1.5] 7358440} {[gcr.io/google_containers/netexec:1.4] 7293444} {[gcr.io/google_containers/alpine-with-bash:1.0] 6660469} {[gcr.io/google_containers/serve_hostname:v1.4] 6222101} {[gcr.io/google-containers/stress:v1] 5494760} {[] 5042632} {[gcr.io/authenticated-image-pulling/alpine:3.1] 5038488} {[gcr.io/google_containers/test-webserver:e2e] 4534272} {[gcr.io/google_containers/liveness:e2e] 4387474} {[gcr.io/google_containers/eptest:0.1] 2970692} {[gcr.io/google_containers/mounttest-user:0.5] 1450761} {[gcr.io/google_containers/mounttest:0.8] 1450761} {[gcr.io/google_containers/busybox@sha256:4bdd623e848417d96127e16037743f0cd8b528c026e9175e22a84f639eca58ff gcr.io/google_containers/busybox:1.24] 1113554} {[gcr.io/google_containers/pause-amd64:3.0] 746888}],VolumesInUse:[],VolumesAttached:[],},}&#xA;Mar 21 11:39:12.825: INFO: &#xA;Logging kubelet events for node frakti-e2e&#xA;Mar 21 11:39:12.826: INFO: &#xA;Logging pods the kubelet thinks is on node frakti-e2e&#xA;Mar 21 11:39:12.830: INFO: podfca0f746-0e2a-11e7-9911-42010a8c0008 started at 2017-03-21 11:39:04 +0000 UTC (0+1 container statuses recorded)&#xA;Mar 21 11:39:12.830: INFO: &#x9;Container containerfca0f765-0e2a-11e7-9911-42010a8c0008 ready: false, restart count 0&#xA;Mar 21 11:39:12.830: INFO: netserver-0 started at 2017-03-21 11:36:23 +0000 UTC (0+1 container statuses recorded)&#xA;Mar 21 11:39:12.830: INFO: &#x9;Container webserver ready: false, restart count 0&#xA;Mar 21 11:39:12.830: INFO: podfca0a892-0e2a-11e7-9911-42010a8c0008 started at 2017-03-21 11:39:04 +0000 UTC (0+1 container statuses recorded)&#xA;Mar 21 11:39:12.830: INFO: &#x9;Container containerfca0b546-0e2a-11e7-9911-42010a8c0008 ready: true, restart count 0&#xA;Mar 21 11:39:12.912: INFO: &#xA;Latency metrics for node frakti-e2e&#xA;Mar 21 11:39:12.912: INFO: {Operation:sync Method:pod_worker_latency_microseconds Quantile:0.99 Latency:2m5.16431s}&#xA;Mar 21 11:39:12.912: INFO: {Operation:sync Method:pod_worker_latency_microseconds Quantile:0.9 Latency:2m5.112961s}&#xA;Mar 21 11:39:12.912: INFO: {Operation:sync Method:pod_worker_latency_microseconds Quantile:0.5 Latency:2m1.059011s}&#xA;�[1mSTEP�[0m: Dumping a list of prepulled images on each node&#xA;Mar 21 11:39:12.913: INFO: Waiting up to 3m0s for all (but 0) nodes to be ready&#xA;�[1mSTEP�[0m: Destroying namespace &#34;e2e-tests-kubelet-cgroup-manager-873w6&#34; for this suite.&#xA;Mar 21 11:39:42.930: INFO: namespace: e2e-tests-kubelet-cgroup-manager-873w6, resource: bindings, ignored listing per whitelist&#xA;</system-out>
      </testcase>
      <testcase name="[k8s.io] Kubelet Cgroup Manager QOS containers On enabling QOS cgroup hierarchy Top level QoS containers should have been created" classname="E2eNode Suite" time="18.152456322">
          <failure type="Failure">/root/go-project/src/k8s.io/kubernetes/_output/local/go/src/k8s.io/kubernetes/test/e2e_node/pods_container_manager_test.go:168&#xA;Expected error:&#xA;    &lt;*errors.errorString | 0xc420f555d0&gt;: {&#xA;        s: &#34;pod \&#34;pod13612e84-0e2b-11e7-9911-42010a8c0008\&#34; failed with status: {Phase:Failed Conditions:[{Type:Initialized Status:True LastProbeTime:0001-01-01 00:00:00 +0000 UTC LastTransitionTime:2017-03-21 11:39:42 +0000 UTC Reason: Message:} {Type:Ready Status:False LastProbeTime:0001-01-01 00:00:00 +0000 UTC LastTransitionTime:2017-03-21 11:39:42 +0000 UTC Reason:ContainersNotReady Message:containers with unready status: [container13612ea2-0e2b-11e7-9911-42010a8c0008]} {Type:PodScheduled Status:True LastProbeTime:0001-01-01 00:00:00 +0000 UTC LastTransitionTime:2017-03-21 11:39:49 +0000 UTC Reason: Message:}] Message: Reason: HostIP:10.140.0.8 PodIP: StartTime:2017-03-21 11:39:42 +0000 UTC InitContainerStatuses:[] ContainerStatuses:[{Name:container13612ea2-0e2b-11e7-9911-42010a8c0008 State:{Waiting:nil Running:nil Terminated:&amp;ContainerStateTerminated{ExitCode:127,Signal:0,Reason:Failed,Message:,StartedAt:0001-01-01 00:00:00 +0000 UTC,FinishedAt:2017-03-21 11:39:49 +0000 UTC,ContainerID:hyper://fd4c815345e7112c02e709feee4479446ad535243222c9385f73abd1d34acb16,}} LastTerminationState:{Waiting:nil Running:nil Terminated:nil} Ready:false RestartCount:0 Image:gcr.io/google_containers/busybox@sha256:4bdd623e848417d96127e16037743f0cd8b528c026e9175e22a84f639eca58ff ImageID:sha256:0cb40641836c461bc97c793971d84d758371ed682042457523e4ae701efe7ec9 ContainerID:hyper://fd4c815345e7112c02e709feee4479446ad535243222c9385f73abd1d34acb16}] QOSClass:BestEffort}&#34;,&#xA;    }&#xA;    pod &#34;pod13612e84-0e2b-11e7-9911-42010a8c0008&#34; failed with status: {Phase:Failed Conditions:[{Type:Initialized Status:True LastProbeTime:0001-01-01 00:00:00 +0000 UTC LastTransitionTime:2017-03-21 11:39:42 +0000 UTC Reason: Message:} {Type:Ready Status:False LastProbeTime:0001-01-01 00:00:00 +0000 UTC LastTransitionTime:2017-03-21 11:39:42 +0000 UTC Reason:ContainersNotReady Message:containers with unready status: [container13612ea2-0e2b-11e7-9911-42010a8c0008]} {Type:PodScheduled Status:True LastProbeTime:0001-01-01 00:00:00 +0000 UTC LastTransitionTime:2017-03-21 11:39:49 +0000 UTC Reason: Message:}] Message: Reason: HostIP:10.140.0.8 PodIP: StartTime:2017-03-21 11:39:42 +0000 UTC InitContainerStatuses:[] ContainerStatuses:[{Name:container13612ea2-0e2b-11e7-9911-42010a8c0008 State:{Waiting:nil Running:nil Terminated:&amp;ContainerStateTerminated{ExitCode:127,Signal:0,Reason:Failed,Message:,StartedAt:0001-01-01 00:00:00 +0000 UTC,FinishedAt:2017-03-21 11:39:49 +0000 UTC,ContainerID:hyper://fd4c815345e7112c02e709feee4479446ad535243222c9385f73abd1d34acb16,}} LastTerminationState:{Waiting:nil Running:nil Terminated:nil} Ready:false RestartCount:0 Image:gcr.io/google_containers/busybox@sha256:4bdd623e848417d96127e16037743f0cd8b528c026e9175e22a84f639eca58ff ImageID:sha256:0cb40641836c461bc97c793971d84d758371ed682042457523e4ae701efe7ec9 ContainerID:hyper://fd4c815345e7112c02e709feee4479446ad535243222c9385f73abd1d34acb16}] QOSClass:BestEffort}&#xA;not to have occurred&#xA;/root/go-project/src/k8s.io/kubernetes/_output/local/go/src/k8s.io/kubernetes/test/e2e_node/pods_container_manager_test.go:167</failure>
          <system-out>[BeforeEach] [k8s.io] Kubelet Cgroup Manager&#xA;  /root/go-project/src/k8s.io/kubernetes/_output/local/go/src/k8s.io/kubernetes/test/e2e/framework/framework.go:119&#xA;�[1mSTEP�[0m: Creating a kubernetes client&#xA;�[1mSTEP�[0m: Building a namespace api object&#xA;Mar 21 11:39:42.960: INFO: Skipping waiting for service account&#xA;[It] Top level QoS containers should have been created&#xA;  /root/go-project/src/k8s.io/kubernetes/_output/local/go/src/k8s.io/kubernetes/test/e2e_node/pods_container_manager_test.go:168&#xA;Mar 21 11:39:42.962: INFO: Waiting up to 5m0s for pod pod13612e84-0e2b-11e7-9911-42010a8c0008 status to be success or failure&#xA;Mar 21 11:39:42.966: INFO: Waiting for pod pod13612e84-0e2b-11e7-9911-42010a8c0008 in namespace &#39;e2e-tests-kubelet-cgroup-manager-f95hh&#39; status to be &#39;success or failure&#39;(found phase: &#34;Pending&#34;, readiness: false) (3.528864ms elapsed)&#xA;Mar 21 11:39:44.969: INFO: Waiting for pod pod13612e84-0e2b-11e7-9911-42010a8c0008 in namespace &#39;e2e-tests-kubelet-cgroup-manager-f95hh&#39; status to be &#39;success or failure&#39;(found phase: &#34;Pending&#34;, readiness: false) (2.007307794s elapsed)&#xA;Mar 21 11:39:46.972: INFO: Waiting for pod pod13612e84-0e2b-11e7-9911-42010a8c0008 in namespace &#39;e2e-tests-kubelet-cgroup-manager-f95hh&#39; status to be &#39;success or failure&#39;(found phase: &#34;Pending&#34;, readiness: false) (4.00975342s elapsed)&#xA;Mar 21 11:39:48.974: INFO: Waiting for pod pod13612e84-0e2b-11e7-9911-42010a8c0008 in namespace &#39;e2e-tests-kubelet-cgroup-manager-f95hh&#39; status to be &#39;success or failure&#39;(found phase: &#34;Pending&#34;, readiness: false) (6.012011093s elapsed)&#xA;[AfterEach] [k8s.io] Kubelet Cgroup Manager&#xA;  /root/go-project/src/k8s.io/kubernetes/_output/local/go/src/k8s.io/kubernetes/test/e2e/framework/framework.go:120&#xA;�[1mSTEP�[0m: Collecting events from namespace &#34;e2e-tests-kubelet-cgroup-manager-f95hh&#34;.&#xA;�[1mSTEP�[0m: Found 3 events.&#xA;Mar 21 11:39:50.980: INFO: At 2017-03-21 11:39:49 +0000 UTC - event for pod13612e84-0e2b-11e7-9911-42010a8c0008: {kubelet frakti-e2e} Pulled: Container image &#34;gcr.io/google_containers/busybox:1.24&#34; already present on machine&#xA;Mar 21 11:39:50.980: INFO: At 2017-03-21 11:39:49 +0000 UTC - event for pod13612e84-0e2b-11e7-9911-42010a8c0008: {kubelet frakti-e2e} Created: Created container with id fd4c815345e7112c02e709feee4479446ad535243222c9385f73abd1d34acb16&#xA;Mar 21 11:39:50.980: INFO: At 2017-03-21 11:39:49 +0000 UTC - event for pod13612e84-0e2b-11e7-9911-42010a8c0008: {kubelet frakti-e2e} Started: Started container with id fd4c815345e7112c02e709feee4479446ad535243222c9385f73abd1d34acb16&#xA;Mar 21 11:39:50.984: INFO: POD                                      NODE        PHASE    GRACE  CONDITIONS&#xA;Mar 21 11:39:50.984: INFO: pod13612e84-0e2b-11e7-9911-42010a8c0008  frakti-e2e  Failed          [{Initialized True 0001-01-01 00:00:00 +0000 UTC 2017-03-21 11:39:42 +0000 UTC  } {Ready False 0001-01-01 00:00:00 +0000 UTC 2017-03-21 11:39:42 +0000 UTC ContainersNotReady containers with unready status: [container13612ea2-0e2b-11e7-9911-42010a8c0008]} {PodScheduled True 0001-01-01 00:00:00 +0000 UTC 2017-03-21 11:39:49 +0000 UTC  }]&#xA;Mar 21 11:39:50.984: INFO: netserver-0                              frakti-e2e  Running         [{Initialized True 0001-01-01 00:00:00 +0000 UTC 2017-03-21 11:36:23 +0000 UTC  } {Ready False 0001-01-01 00:00:00 +0000 UTC 2017-03-21 11:36:23 +0000 UTC ContainersNotReady containers with unready status: [webserver]} {PodScheduled True 0001-01-01 00:00:00 +0000 UTC 2017-03-21 11:38:00 +0000 UTC  }]&#xA;Mar 21 11:39:50.985: INFO: &#xA;Mar 21 11:39:50.986: INFO: &#xA;Logging node info for node frakti-e2e&#xA;Mar 21 11:39:50.988: INFO: Node Info: &amp;Node{ObjectMeta:k8s_io_apimachinery_pkg_apis_meta_v1.ObjectMeta{Name:frakti-e2e,GenerateName:,Namespace:,SelfLink:/api/v1/nodesfrakti-e2e,UID:464fd7a6-0e28-11e7-a3dc-42010a8c0008,ResourceVersion:1622,Generation:0,CreationTimestamp:2017-03-21 11:19:39 +0000 UTC,DeletionTimestamp:&lt;nil&gt;,DeletionGracePeriodSeconds:nil,Labels:map[string]string{beta.kubernetes.io/arch: amd64,beta.kubernetes.io/os: linux,kubernetes.io/hostname: frakti-e2e,},Annotations:map[string]string{volumes.kubernetes.io/controller-managed-attach-detach: true,},OwnerReferences:[],Finalizers:[],ClusterName:,},Spec:NodeSpec{PodCIDR:,ExternalID:frakti-e2e,ProviderID:gce:////5985600149768706345,Unschedulable:false,Taints:[],},Status:NodeStatus{Capacity:ResourceList{cpu: {{4 0} {&lt;nil&gt;} 4 DecimalSI},memory: {{15770382336 0} {&lt;nil&gt;} 15400764Ki BinarySI},pods: {{110 0} {&lt;nil&gt;} 110 DecimalSI},},Allocatable:ResourceList{cpu: {{4 0} {&lt;nil&gt;} 4 DecimalSI},memory: {{15508238336 0} {&lt;nil&gt;} 15144764Ki BinarySI},pods: {{110 0} {&lt;nil&gt;} 110 DecimalSI},},Phase:,Conditions:[{OutOfDisk False 2017-03-21 11:39:45 +0000 UTC 2017-03-21 11:19:39 +0000 UTC KubeletHasSufficientDisk kubelet has sufficient disk space available} {MemoryPressure False 2017-03-21 11:39:45 +0000 UTC 2017-03-21 11:19:39 +0000 UTC KubeletHasSufficientMemory kubelet has sufficient memory available} {DiskPressure False 2017-03-21 11:39:45 +0000 UTC 2017-03-21 11:19:39 +0000 UTC KubeletHasNoDiskPressure kubelet has no disk pressure} {Ready True 2017-03-21 11:39:45 +0000 UTC 2017-03-21 11:19:39 +0000 UTC KubeletReady kubelet is posting ready status}],Addresses:[{LegacyHostIP 10.140.0.8} {InternalIP 10.140.0.8} {Hostname frakti-e2e}],DaemonEndpoints:NodeDaemonEndpoints{KubeletEndpoint:DaemonEndpoint{Port:10250,},},NodeInfo:NodeSystemInfo{MachineID:24ff1754f521f8ffc0b9d886cd5831f7,SystemUUID:66DF790D-8659-19AF-C8E8-AAAC6BAFD264,BootID:7e239c8e-718c-4421-bc64-180fb95b872d,KernelVersion:3.10.0-514.6.2.el7.x86_64,OSImage:CentOS Linux 7 (Core),ContainerRuntimeVersion:hyper://0.8.0,KubeletVersion:v1.7.0-alpha.0.1397+e3f6f14bf0d1af,KubeProxyVersion:v1.7.0-alpha.0.1397+e3f6f14bf0d1af,OperatingSystem:linux,Architecture:amd64,},Images:[{[gcr.io/google_containers/node-problem-detector:v0.3.0] 290407887} {[gcr.io/google_containers/volume-nfs:0.8] 247146979} {[gcr.io/google_containers/volume-gluster:0.2] 212127750} {[gcr.io/google_containers/nginx-slim:0.7] 86838142} {[] 47794349} {[gcr.io/google_containers/hostexec:1.2] 13185747} {[gcr.io/google_containers/netexec:1.7] 8016035} {[gcr.io/google_containers/netexec:1.5] 7358440} {[gcr.io/google_containers/netexec:1.4] 7293444} {[gcr.io/google_containers/alpine-with-bash:1.0] 6660469} {[gcr.io/google_containers/serve_hostname:v1.4] 6222101} {[gcr.io/google-containers/stress:v1] 5494760} {[] 5042632} {[gcr.io/authenticated-image-pulling/alpine:3.1] 5038488} {[gcr.io/google_containers/test-webserver:e2e] 4534272} {[gcr.io/google_containers/liveness:e2e] 4387474} {[gcr.io/google_containers/eptest:0.1] 2970692} {[gcr.io/google_containers/mounttest:0.8] 1450761} {[gcr.io/google_containers/mounttest-user:0.5] 1450761} {[gcr.io/google_containers/busybox@sha256:4bdd623e848417d96127e16037743f0cd8b528c026e9175e22a84f639eca58ff gcr.io/google_containers/busybox:1.24] 1113554} {[gcr.io/google_containers/pause-amd64:3.0] 746888}],VolumesInUse:[],VolumesAttached:[],},}&#xA;Mar 21 11:39:50.989: INFO: &#xA;Logging kubelet events for node frakti-e2e&#xA;Mar 21 11:39:50.990: INFO: &#xA;Logging pods the kubelet thinks is on node frakti-e2e&#xA;Mar 21 11:39:50.993: INFO: netserver-0 started at 2017-03-21 11:36:23 +0000 UTC (0+1 container statuses recorded)&#xA;Mar 21 11:39:50.993: INFO: &#x9;Container webserver ready: false, restart count 0&#xA;Mar 21 11:39:50.993: INFO: pod13612e84-0e2b-11e7-9911-42010a8c0008 started at 2017-03-21 11:39:42 +0000 UTC (0+1 container statuses recorded)&#xA;Mar 21 11:39:50.993: INFO: &#x9;Container container13612ea2-0e2b-11e7-9911-42010a8c0008 ready: false, restart count 0&#xA;Mar 21 11:39:51.067: INFO: &#xA;Latency metrics for node frakti-e2e&#xA;Mar 21 11:39:51.067: INFO: {Operation:sync Method:pod_worker_latency_microseconds Quantile:0.99 Latency:2m5.16431s}&#xA;Mar 21 11:39:51.067: INFO: {Operation:sync Method:pod_worker_latency_microseconds Quantile:0.9 Latency:2m1.07913s}&#xA;Mar 21 11:39:51.067: INFO: {Operation:sync Method:pod_worker_latency_microseconds Quantile:0.5 Latency:2m1.06178s}&#xA;�[1mSTEP�[0m: Dumping a list of prepulled images on each node&#xA;Mar 21 11:39:51.069: INFO: Waiting up to 3m0s for all (but 0) nodes to be ready&#xA;�[1mSTEP�[0m: Destroying namespace &#34;e2e-tests-kubelet-cgroup-manager-f95hh&#34; for this suite.&#xA;Mar 21 11:40:01.089: INFO: namespace: e2e-tests-kubelet-cgroup-manager-f95hh, resource: bindings, ignored listing per whitelist&#xA;</system-out>
      </testcase>
      <testcase name="[k8s.io] InitContainer should invoke init containers on a RestartAlways pod" classname="E2eNode Suite" time="47.350667327"></testcase>
      <testcase name="[k8s.io] Downward API volume should provide container&#39;s cpu request [Conformance] [Volume]" classname="E2eNode Suite" time="18.079541968"></testcase>
      <testcase name="[k8s.io] Container Manager Misc [Serial] Validate OOM score adjustments once the node is setup guaranteed container&#39;s oom-score-adj should be -998" classname="E2eNode Suite" time="0">
          <skipped></skipped>
      </testcase>
      <testcase name="[k8s.io] Projected should be consumable from pods in volume [Conformance] [Volume]" classname="E2eNode Suite" time="18.062557524"></testcase>
      <testcase name="[k8s.io] EmptyDir volumes volume on default medium should have the correct mode [Conformance] [Volume]" classname="E2eNode Suite" time="18.066737313"></testcase>
      <testcase name="[k8s.io] Node Container Manager [Serial] Validate Node Allocatable set&#39;s up the node and runs the test" classname="E2eNode Suite" time="0">
          <skipped></skipped>
      </testcase>
      <testcase name="[k8s.io] Secrets should be consumable via the environment [Conformance]" classname="E2eNode Suite" time="16.151820207">
          <failure type="Failure">/root/go-project/src/k8s.io/kubernetes/_output/local/go/src/k8s.io/kubernetes/test/e2e/common/secrets.go:425&#xA;Expected error:&#xA;    &lt;*errors.errorString | 0xc421504270&gt;: {&#xA;        s: &#34;expected pod \&#34;pod-configmaps-5abddb0b-0e2b-11e7-9911-42010a8c0008\&#34; success: &lt;nil&gt;&#34;,&#xA;    }&#xA;    expected pod &#34;pod-configmaps-5abddb0b-0e2b-11e7-9911-42010a8c0008&#34; success: &lt;nil&gt;&#xA;not to have occurred&#xA;/root/go-project/src/k8s.io/kubernetes/_output/local/go/src/k8s.io/kubernetes/test/e2e/framework/util.go:2197</failure>
          <system-out>[BeforeEach] [k8s.io] Secrets&#xA;  /root/go-project/src/k8s.io/kubernetes/_output/local/go/src/k8s.io/kubernetes/test/e2e/framework/framework.go:119&#xA;�[1mSTEP�[0m: Creating a kubernetes client&#xA;�[1mSTEP�[0m: Building a namespace api object&#xA;Mar 21 11:41:42.684: INFO: Skipping waiting for service account&#xA;[It] should be consumable via the environment [Conformance]&#xA;  /root/go-project/src/k8s.io/kubernetes/_output/local/go/src/k8s.io/kubernetes/test/e2e/common/secrets.go:425&#xA;�[1mSTEP�[0m: creating secret e2e-tests-secrets-d646g/secret-test-5abda1a9-0e2b-11e7-9911-42010a8c0008&#xA;�[1mSTEP�[0m: Creating a pod to test consume secrets&#xA;Mar 21 11:41:42.687: INFO: Waiting up to 5m0s for pod pod-configmaps-5abddb0b-0e2b-11e7-9911-42010a8c0008 status to be success or failure&#xA;Mar 21 11:41:42.689: INFO: Waiting for pod pod-configmaps-5abddb0b-0e2b-11e7-9911-42010a8c0008 in namespace &#39;e2e-tests-secrets-d646g&#39; status to be &#39;success or failure&#39;(found phase: &#34;Pending&#34;, readiness: false) (1.496754ms elapsed)&#xA;Mar 21 11:41:44.691: INFO: Waiting for pod pod-configmaps-5abddb0b-0e2b-11e7-9911-42010a8c0008 in namespace &#39;e2e-tests-secrets-d646g&#39; status to be &#39;success or failure&#39;(found phase: &#34;Pending&#34;, readiness: false) (2.003345096s elapsed)&#xA;Mar 21 11:41:46.693: INFO: Waiting for pod pod-configmaps-5abddb0b-0e2b-11e7-9911-42010a8c0008 in namespace &#39;e2e-tests-secrets-d646g&#39; status to be &#39;success or failure&#39;(found phase: &#34;Pending&#34;, readiness: false) (4.005297216s elapsed)&#xA;Mar 21 11:41:48.701: INFO: Output of node &#34;frakti-e2e&#34; pod &#34;pod-configmaps-5abddb0b-0e2b-11e7-9911-42010a8c0008&#34; container &#34;env-test&#34;: exec failed: No such file or directory&#xA;&#xA;�[1mSTEP�[0m: delete the pod&#xA;Mar 21 11:41:48.706: INFO: Waiting for pod pod-configmaps-5abddb0b-0e2b-11e7-9911-42010a8c0008 to disappear&#xA;Mar 21 11:41:48.708: INFO: Pod pod-configmaps-5abddb0b-0e2b-11e7-9911-42010a8c0008 no longer exists&#xA;Mar 21 11:41:48.708: INFO: Unexpected error occurred: expected pod &#34;pod-configmaps-5abddb0b-0e2b-11e7-9911-42010a8c0008&#34; success: &lt;nil&gt;&#xA;[AfterEach] [k8s.io] Secrets&#xA;  /root/go-project/src/k8s.io/kubernetes/_output/local/go/src/k8s.io/kubernetes/test/e2e/framework/framework.go:120&#xA;�[1mSTEP�[0m: Collecting events from namespace &#34;e2e-tests-secrets-d646g&#34;.&#xA;�[1mSTEP�[0m: Found 3 events.&#xA;Mar 21 11:41:48.710: INFO: At 2017-03-21 11:41:47 +0000 UTC - event for pod-configmaps-5abddb0b-0e2b-11e7-9911-42010a8c0008: {kubelet frakti-e2e} Pulled: Container image &#34;gcr.io/google_containers/busybox:1.24&#34; already present on machine&#xA;Mar 21 11:41:48.710: INFO: At 2017-03-21 11:41:47 +0000 UTC - event for pod-configmaps-5abddb0b-0e2b-11e7-9911-42010a8c0008: {kubelet frakti-e2e} Created: Created container with id 4fbe2ebe323ad4113b1b1f287251244e4eebe6b4d608043e7860c7d3b172665d&#xA;Mar 21 11:41:48.710: INFO: At 2017-03-21 11:41:47 +0000 UTC - event for pod-configmaps-5abddb0b-0e2b-11e7-9911-42010a8c0008: {kubelet frakti-e2e} Started: Started container with id 4fbe2ebe323ad4113b1b1f287251244e4eebe6b4d608043e7860c7d3b172665d&#xA;Mar 21 11:41:48.713: INFO: POD  NODE  PHASE  GRACE  CONDITIONS&#xA;Mar 21 11:41:48.713: INFO: &#xA;Mar 21 11:41:48.714: INFO: &#xA;Logging node info for node frakti-e2e&#xA;Mar 21 11:41:48.716: INFO: Node Info: &amp;Node{ObjectMeta:k8s_io_apimachinery_pkg_apis_meta_v1.ObjectMeta{Name:frakti-e2e,GenerateName:,Namespace:,SelfLink:/api/v1/nodesfrakti-e2e,UID:464fd7a6-0e28-11e7-a3dc-42010a8c0008,ResourceVersion:1771,Generation:0,CreationTimestamp:2017-03-21 11:19:39 +0000 UTC,DeletionTimestamp:&lt;nil&gt;,DeletionGracePeriodSeconds:nil,Labels:map[string]string{beta.kubernetes.io/arch: amd64,beta.kubernetes.io/os: linux,kubernetes.io/hostname: frakti-e2e,},Annotations:map[string]string{volumes.kubernetes.io/controller-managed-attach-detach: true,},OwnerReferences:[],Finalizers:[],ClusterName:,},Spec:NodeSpec{PodCIDR:,ExternalID:frakti-e2e,ProviderID:gce:////5985600149768706345,Unschedulable:false,Taints:[],},Status:NodeStatus{Capacity:ResourceList{cpu: {{4 0} {&lt;nil&gt;} 4 DecimalSI},memory: {{15770382336 0} {&lt;nil&gt;} 15400764Ki BinarySI},pods: {{110 0} {&lt;nil&gt;} 110 DecimalSI},},Allocatable:ResourceList{cpu: {{4 0} {&lt;nil&gt;} 4 DecimalSI},memory: {{15508238336 0} {&lt;nil&gt;} 15144764Ki BinarySI},pods: {{110 0} {&lt;nil&gt;} 110 DecimalSI},},Phase:,Conditions:[{OutOfDisk False 2017-03-21 11:41:45 +0000 UTC 2017-03-21 11:19:39 +0000 UTC KubeletHasSufficientDisk kubelet has sufficient disk space available} {MemoryPressure False 2017-03-21 11:41:45 +0000 UTC 2017-03-21 11:19:39 +0000 UTC KubeletHasSufficientMemory kubelet has sufficient memory available} {DiskPressure False 2017-03-21 11:41:45 +0000 UTC 2017-03-21 11:19:39 +0000 UTC KubeletHasNoDiskPressure kubelet has no disk pressure} {Ready True 2017-03-21 11:41:45 +0000 UTC 2017-03-21 11:19:39 +0000 UTC KubeletReady kubelet is posting ready status}],Addresses:[{LegacyHostIP 10.140.0.8} {InternalIP 10.140.0.8} {Hostname frakti-e2e}],DaemonEndpoints:NodeDaemonEndpoints{KubeletEndpoint:DaemonEndpoint{Port:10250,},},NodeInfo:NodeSystemInfo{MachineID:24ff1754f521f8ffc0b9d886cd5831f7,SystemUUID:66DF790D-8659-19AF-C8E8-AAAC6BAFD264,BootID:7e239c8e-718c-4421-bc64-180fb95b872d,KernelVersion:3.10.0-514.6.2.el7.x86_64,OSImage:CentOS Linux 7 (Core),ContainerRuntimeVersion:hyper://0.8.0,KubeletVersion:v1.7.0-alpha.0.1397+e3f6f14bf0d1af,KubeProxyVersion:v1.7.0-alpha.0.1397+e3f6f14bf0d1af,OperatingSystem:linux,Architecture:amd64,},Images:[{[gcr.io/google_containers/node-problem-detector:v0.3.0] 290407887} {[gcr.io/google_containers/volume-nfs:0.8] 247146979} {[gcr.io/google_containers/volume-gluster:0.2] 212127750} {[gcr.io/google_containers/nginx-slim:0.7] 86838142} {[] 47794349} {[gcr.io/google_containers/hostexec:1.2] 13185747} {[gcr.io/google_containers/netexec:1.7] 8016035} {[gcr.io/google_containers/netexec:1.5] 7358440} {[gcr.io/google_containers/netexec:1.4] 7293444} {[gcr.io/google_containers/alpine-with-bash:1.0] 6660469} {[gcr.io/google_containers/serve_hostname:v1.4] 6222101} {[gcr.io/google-containers/stress:v1] 5494760} {[] 5042632} {[gcr.io/authenticated-image-pulling/alpine:3.1] 5038488} {[gcr.io/google_containers/test-webserver:e2e] 4534272} {[gcr.io/google_containers/liveness:e2e] 4387474} {[gcr.io/google_containers/eptest:0.1] 2970692} {[gcr.io/google_containers/mounttest-user:0.5] 1450761} {[gcr.io/google_containers/mounttest:0.8] 1450761} {[gcr.io/google_containers/busybox@sha256:4bdd623e848417d96127e16037743f0cd8b528c026e9175e22a84f639eca58ff gcr.io/google_containers/busybox:1.24] 1113554} {[gcr.io/google_containers/pause-amd64:3.0] 746888}],VolumesInUse:[],VolumesAttached:[],},}&#xA;Mar 21 11:41:48.716: INFO: &#xA;Logging kubelet events for node frakti-e2e&#xA;Mar 21 11:41:48.717: INFO: &#xA;Logging pods the kubelet thinks is on node frakti-e2e&#xA;Mar 21 11:41:48.791: INFO: &#xA;Latency metrics for node frakti-e2e&#xA;Mar 21 11:41:48.791: INFO: {Operation:sync Method:pod_worker_latency_microseconds Quantile:0.99 Latency:2m5.176808s}&#xA;Mar 21 11:41:48.791: INFO: {Operation:sync Method:pod_worker_latency_microseconds Quantile:0.9 Latency:2m5.16431s}&#xA;Mar 21 11:41:48.791: INFO: {Operation:sync Method:pod_worker_latency_microseconds Quantile:0.5 Latency:2m1.06178s}&#xA;�[1mSTEP�[0m: Dumping a list of prepulled images on each node&#xA;Mar 21 11:41:48.793: INFO: Waiting up to 3m0s for all (but 0) nodes to be ready&#xA;�[1mSTEP�[0m: Destroying namespace &#34;e2e-tests-secrets-d646g&#34; for this suite.&#xA;Mar 21 11:41:58.833: INFO: namespace: e2e-tests-secrets-d646g, resource: bindings, ignored listing per whitelist&#xA;</system-out>
      </testcase>
      <testcase name="[k8s.io] Resource-usage [Serial] [Slow] regular resource usage tracking resource tracking for 35 pods per node [Benchmark]" classname="E2eNode Suite" time="0">
          <skipped></skipped>
      </testcase>
      <testcase name="[k8s.io] Downward API volume should provide podname as non-root with fsgroup [Feature:FSGroup] [Volume]" classname="E2eNode Suite" time="18.094902209"></testcase>
      <testcase name="[k8s.io] InitContainer should not start app containers and fail the pod if init containers fail on a RestartNever pod" classname="E2eNode Suite" time="25.393467102"></testcase>
      <testcase name="[k8s.io] EmptyDir volumes should support (non-root,0666,default) [Conformance] [Volume]" classname="E2eNode Suite" time="16.151730724">
          <failure type="Failure">/root/go-project/src/k8s.io/kubernetes/_output/local/go/src/k8s.io/kubernetes/test/e2e/common/empty_dir.go:113&#xA;Expected error:&#xA;    &lt;*errors.errorString | 0xc420fc6a10&gt;: {&#xA;        s: &#34;expected pod \&#34;pod-7e4bb6d4-0e2b-11e7-9911-42010a8c0008\&#34; success: &lt;nil&gt;&#34;,&#xA;    }&#xA;    expected pod &#34;pod-7e4bb6d4-0e2b-11e7-9911-42010a8c0008&#34; success: &lt;nil&gt;&#xA;not to have occurred&#xA;/root/go-project/src/k8s.io/kubernetes/_output/local/go/src/k8s.io/kubernetes/test/e2e/framework/util.go:2197</failure>
          <system-out>[BeforeEach] [k8s.io] EmptyDir volumes&#xA;  /root/go-project/src/k8s.io/kubernetes/_output/local/go/src/k8s.io/kubernetes/test/e2e/framework/framework.go:119&#xA;�[1mSTEP�[0m: Creating a kubernetes client&#xA;�[1mSTEP�[0m: Building a namespace api object&#xA;Mar 21 11:42:42.336: INFO: Skipping waiting for service account&#xA;[It] should support (non-root,0666,default) [Conformance] [Volume]&#xA;  /root/go-project/src/k8s.io/kubernetes/_output/local/go/src/k8s.io/kubernetes/test/e2e/common/empty_dir.go:113&#xA;�[1mSTEP�[0m: Creating a pod to test emptydir 0666 on node default medium&#xA;Mar 21 11:42:42.337: INFO: Waiting up to 5m0s for pod pod-7e4bb6d4-0e2b-11e7-9911-42010a8c0008 status to be success or failure&#xA;Mar 21 11:42:42.339: INFO: Waiting for pod pod-7e4bb6d4-0e2b-11e7-9911-42010a8c0008 in namespace &#39;e2e-tests-emptydir-ljcx6&#39; status to be &#39;success or failure&#39;(found phase: &#34;Pending&#34;, readiness: false) (1.000359ms elapsed)&#xA;Mar 21 11:42:44.341: INFO: Waiting for pod pod-7e4bb6d4-0e2b-11e7-9911-42010a8c0008 in namespace &#39;e2e-tests-emptydir-ljcx6&#39; status to be &#39;success or failure&#39;(found phase: &#34;Pending&#34;, readiness: false) (2.003193771s elapsed)&#xA;Mar 21 11:42:46.342: INFO: Waiting for pod pod-7e4bb6d4-0e2b-11e7-9911-42010a8c0008 in namespace &#39;e2e-tests-emptydir-ljcx6&#39; status to be &#39;success or failure&#39;(found phase: &#34;Pending&#34;, readiness: false) (4.004933163s elapsed)&#xA;Mar 21 11:42:48.351: INFO: Output of node &#34;frakti-e2e&#34; pod &#34;pod-7e4bb6d4-0e2b-11e7-9911-42010a8c0008&#34; container &#34;test-container&#34;: &#xA;�[1mSTEP�[0m: delete the pod&#xA;Mar 21 11:42:48.357: INFO: Waiting for pod pod-7e4bb6d4-0e2b-11e7-9911-42010a8c0008 to disappear&#xA;Mar 21 11:42:48.358: INFO: Pod pod-7e4bb6d4-0e2b-11e7-9911-42010a8c0008 no longer exists&#xA;Mar 21 11:42:48.358: INFO: Unexpected error occurred: expected pod &#34;pod-7e4bb6d4-0e2b-11e7-9911-42010a8c0008&#34; success: &lt;nil&gt;&#xA;[AfterEach] [k8s.io] EmptyDir volumes&#xA;  /root/go-project/src/k8s.io/kubernetes/_output/local/go/src/k8s.io/kubernetes/test/e2e/framework/framework.go:120&#xA;�[1mSTEP�[0m: Collecting events from namespace &#34;e2e-tests-emptydir-ljcx6&#34;.&#xA;�[1mSTEP�[0m: Found 3 events.&#xA;Mar 21 11:42:48.360: INFO: At 2017-03-21 11:42:47 +0000 UTC - event for pod-7e4bb6d4-0e2b-11e7-9911-42010a8c0008: {kubelet frakti-e2e} Pulled: Container image &#34;gcr.io/google_containers/mounttest-user:0.5&#34; already present on machine&#xA;Mar 21 11:42:48.360: INFO: At 2017-03-21 11:42:47 +0000 UTC - event for pod-7e4bb6d4-0e2b-11e7-9911-42010a8c0008: {kubelet frakti-e2e} Created: Created container with id 873e35dd1121135ec3b41150060c1f667cd705e343302c19a90e09afc91c8903&#xA;Mar 21 11:42:48.360: INFO: At 2017-03-21 11:42:47 +0000 UTC - event for pod-7e4bb6d4-0e2b-11e7-9911-42010a8c0008: {kubelet frakti-e2e} Started: Started container with id 873e35dd1121135ec3b41150060c1f667cd705e343302c19a90e09afc91c8903&#xA;Mar 21 11:42:48.363: INFO: POD  NODE  PHASE  GRACE  CONDITIONS&#xA;Mar 21 11:42:48.363: INFO: &#xA;Mar 21 11:42:48.365: INFO: &#xA;Logging node info for node frakti-e2e&#xA;Mar 21 11:42:48.366: INFO: Node Info: &amp;Node{ObjectMeta:k8s_io_apimachinery_pkg_apis_meta_v1.ObjectMeta{Name:frakti-e2e,GenerateName:,Namespace:,SelfLink:/api/v1/nodesfrakti-e2e,UID:464fd7a6-0e28-11e7-a3dc-42010a8c0008,ResourceVersion:1884,Generation:0,CreationTimestamp:2017-03-21 11:19:39 +0000 UTC,DeletionTimestamp:&lt;nil&gt;,DeletionGracePeriodSeconds:nil,Labels:map[string]string{beta.kubernetes.io/arch: amd64,beta.kubernetes.io/os: linux,kubernetes.io/hostname: frakti-e2e,},Annotations:map[string]string{volumes.kubernetes.io/controller-managed-attach-detach: true,},OwnerReferences:[],Finalizers:[],ClusterName:,},Spec:NodeSpec{PodCIDR:,ExternalID:frakti-e2e,ProviderID:gce:////5985600149768706345,Unschedulable:false,Taints:[],},Status:NodeStatus{Capacity:ResourceList{cpu: {{4 0} {&lt;nil&gt;} 4 DecimalSI},memory: {{15770382336 0} {&lt;nil&gt;} 15400764Ki BinarySI},pods: {{110 0} {&lt;nil&gt;} 110 DecimalSI},},Allocatable:ResourceList{cpu: {{4 0} {&lt;nil&gt;} 4 DecimalSI},memory: {{15508238336 0} {&lt;nil&gt;} 15144764Ki BinarySI},pods: {{110 0} {&lt;nil&gt;} 110 DecimalSI},},Phase:,Conditions:[{OutOfDisk False 2017-03-21 11:42:46 +0000 UTC 2017-03-21 11:19:39 +0000 UTC KubeletHasSufficientDisk kubelet has sufficient disk space available} {MemoryPressure False 2017-03-21 11:42:46 +0000 UTC 2017-03-21 11:19:39 +0000 UTC KubeletHasSufficientMemory kubelet has sufficient memory available} {DiskPressure False 2017-03-21 11:42:46 +0000 UTC 2017-03-21 11:19:39 +0000 UTC KubeletHasNoDiskPressure kubelet has no disk pressure} {Ready True 2017-03-21 11:42:46 +0000 UTC 2017-03-21 11:19:39 +0000 UTC KubeletReady kubelet is posting ready status}],Addresses:[{LegacyHostIP 10.140.0.8} {InternalIP 10.140.0.8} {Hostname frakti-e2e}],DaemonEndpoints:NodeDaemonEndpoints{KubeletEndpoint:DaemonEndpoint{Port:10250,},},NodeInfo:NodeSystemInfo{MachineID:24ff1754f521f8ffc0b9d886cd5831f7,SystemUUID:66DF790D-8659-19AF-C8E8-AAAC6BAFD264,BootID:7e239c8e-718c-4421-bc64-180fb95b872d,KernelVersion:3.10.0-514.6.2.el7.x86_64,OSImage:CentOS Linux 7 (Core),ContainerRuntimeVersion:hyper://0.8.0,KubeletVersion:v1.7.0-alpha.0.1397+e3f6f14bf0d1af,KubeProxyVersion:v1.7.0-alpha.0.1397+e3f6f14bf0d1af,OperatingSystem:linux,Architecture:amd64,},Images:[{[gcr.io/google_containers/node-problem-detector:v0.3.0] 290407887} {[gcr.io/google_containers/volume-nfs:0.8] 247146979} {[gcr.io/google_containers/volume-gluster:0.2] 212127750} {[gcr.io/google_containers/nginx-slim:0.7] 86838142} {[] 47794349} {[gcr.io/google_containers/hostexec:1.2] 13185747} {[gcr.io/google_containers/netexec:1.7] 8016035} {[gcr.io/google_containers/netexec:1.5] 7358440} {[gcr.io/google_containers/netexec:1.4] 7293444} {[gcr.io/google_containers/alpine-with-bash:1.0] 6660469} {[gcr.io/google_containers/serve_hostname:v1.4] 6222101} {[gcr.io/google-containers/stress:v1] 5494760} {[] 5042632} {[gcr.io/authenticated-image-pulling/alpine:3.1] 5038488} {[gcr.io/google_containers/test-webserver:e2e] 4534272} {[gcr.io/google_containers/liveness:e2e] 4387474} {[gcr.io/google_containers/eptest:0.1] 2970692} {[gcr.io/google_containers/mounttest-user:0.5] 1450761} {[gcr.io/google_containers/mounttest:0.8] 1450761} {[gcr.io/google_containers/busybox@sha256:4bdd623e848417d96127e16037743f0cd8b528c026e9175e22a84f639eca58ff gcr.io/google_containers/busybox:1.24] 1113554} {[gcr.io/google_containers/pause-amd64:3.0] 746888}],VolumesInUse:[],VolumesAttached:[],},}&#xA;Mar 21 11:42:48.367: INFO: &#xA;Logging kubelet events for node frakti-e2e&#xA;Mar 21 11:42:48.367: INFO: &#xA;Logging pods the kubelet thinks is on node frakti-e2e&#xA;Mar 21 11:42:48.441: INFO: &#xA;Latency metrics for node frakti-e2e&#xA;Mar 21 11:42:48.441: INFO: {Operation:sync Method:pod_worker_latency_microseconds Quantile:0.99 Latency:2m5.176808s}&#xA;Mar 21 11:42:48.441: INFO: {Operation:sync Method:pod_worker_latency_microseconds Quantile:0.9 Latency:2m5.16431s}&#xA;Mar 21 11:42:48.441: INFO: {Operation:sync Method:pod_worker_latency_microseconds Quantile:0.5 Latency:2m1.062762s}&#xA;�[1mSTEP�[0m: Dumping a list of prepulled images on each node&#xA;Mar 21 11:42:48.443: INFO: Waiting up to 3m0s for all (but 0) nodes to be ready&#xA;�[1mSTEP�[0m: Destroying namespace &#34;e2e-tests-emptydir-ljcx6&#34; for this suite.&#xA;Mar 21 11:42:58.481: INFO: namespace: e2e-tests-emptydir-ljcx6, resource: bindings, ignored listing per whitelist&#xA;</system-out>
      </testcase>
      <testcase name="[k8s.io] Density [Serial] [Slow] create a sequence of pods latency/resource should be within limit when create 10 pods with 50 background pods" classname="E2eNode Suite" time="0">
          <skipped></skipped>
      </testcase>
      <testcase name="[k8s.io] ConfigMap should be consumable via the environment [Conformance]" classname="E2eNode Suite" time="16.140484334">
          <failure type="Failure">/root/go-project/src/k8s.io/kubernetes/_output/local/go/src/k8s.io/kubernetes/test/e2e/common/configmap.go:422&#xA;Expected error:&#xA;    &lt;*errors.errorString | 0xc42025a5a0&gt;: {&#xA;        s: &#34;expected pod \&#34;pod-configmaps-87ecfc05-0e2b-11e7-9911-42010a8c0008\&#34; success: &lt;nil&gt;&#34;,&#xA;    }&#xA;    expected pod &#34;pod-configmaps-87ecfc05-0e2b-11e7-9911-42010a8c0008&#34; success: &lt;nil&gt;&#xA;not to have occurred&#xA;/root/go-project/src/k8s.io/kubernetes/_output/local/go/src/k8s.io/kubernetes/test/e2e/framework/util.go:2197</failure>
          <system-out>[BeforeEach] [k8s.io] ConfigMap&#xA;  /root/go-project/src/k8s.io/kubernetes/_output/local/go/src/k8s.io/kubernetes/test/e2e/framework/framework.go:119&#xA;�[1mSTEP�[0m: Creating a kubernetes client&#xA;�[1mSTEP�[0m: Building a namespace api object&#xA;Mar 21 11:42:58.490: INFO: Skipping waiting for service account&#xA;[It] should be consumable via the environment [Conformance]&#xA;  /root/go-project/src/k8s.io/kubernetes/_output/local/go/src/k8s.io/kubernetes/test/e2e/common/configmap.go:422&#xA;�[1mSTEP�[0m: Creating configMap e2e-tests-configmap-21qzn/configmap-test-87ecb971-0e2b-11e7-9911-42010a8c0008&#xA;�[1mSTEP�[0m: Creating a pod to test consume configMaps&#xA;Mar 21 11:42:58.494: INFO: Waiting up to 5m0s for pod pod-configmaps-87ecfc05-0e2b-11e7-9911-42010a8c0008 status to be success or failure&#xA;Mar 21 11:42:58.495: INFO: Waiting for pod pod-configmaps-87ecfc05-0e2b-11e7-9911-42010a8c0008 in namespace &#39;e2e-tests-configmap-21qzn&#39; status to be &#39;success or failure&#39;(found phase: &#34;Pending&#34;, readiness: false) (1.144318ms elapsed)&#xA;Mar 21 11:43:00.497: INFO: Waiting for pod pod-configmaps-87ecfc05-0e2b-11e7-9911-42010a8c0008 in namespace &#39;e2e-tests-configmap-21qzn&#39; status to be &#39;success or failure&#39;(found phase: &#34;Pending&#34;, readiness: false) (2.002449659s elapsed)&#xA;Mar 21 11:43:02.499: INFO: Waiting for pod pod-configmaps-87ecfc05-0e2b-11e7-9911-42010a8c0008 in namespace &#39;e2e-tests-configmap-21qzn&#39; status to be &#39;success or failure&#39;(found phase: &#34;Pending&#34;, readiness: false) (4.00442s elapsed)&#xA;Mar 21 11:43:04.506: INFO: Output of node &#34;frakti-e2e&#34; pod &#34;pod-configmaps-87ecfc05-0e2b-11e7-9911-42010a8c0008&#34; container &#34;env-test&#34;: exec failed: No such file or directory&#xA;&#xA;�[1mSTEP�[0m: delete the pod&#xA;Mar 21 11:43:04.510: INFO: Waiting for pod pod-configmaps-87ecfc05-0e2b-11e7-9911-42010a8c0008 to disappear&#xA;Mar 21 11:43:04.514: INFO: Pod pod-configmaps-87ecfc05-0e2b-11e7-9911-42010a8c0008 no longer exists&#xA;Mar 21 11:43:04.514: INFO: Unexpected error occurred: expected pod &#34;pod-configmaps-87ecfc05-0e2b-11e7-9911-42010a8c0008&#34; success: &lt;nil&gt;&#xA;[AfterEach] [k8s.io] ConfigMap&#xA;  /root/go-project/src/k8s.io/kubernetes/_output/local/go/src/k8s.io/kubernetes/test/e2e/framework/framework.go:120&#xA;�[1mSTEP�[0m: Collecting events from namespace &#34;e2e-tests-configmap-21qzn&#34;.&#xA;�[1mSTEP�[0m: Found 3 events.&#xA;Mar 21 11:43:04.518: INFO: At 2017-03-21 11:43:03 +0000 UTC - event for pod-configmaps-87ecfc05-0e2b-11e7-9911-42010a8c0008: {kubelet frakti-e2e} Pulled: Container image &#34;gcr.io/google_containers/busybox:1.24&#34; already present on machine&#xA;Mar 21 11:43:04.518: INFO: At 2017-03-21 11:43:03 +0000 UTC - event for pod-configmaps-87ecfc05-0e2b-11e7-9911-42010a8c0008: {kubelet frakti-e2e} Created: Created container with id 6c52354e6fb47622e5de3439c94bb5507b1fc95a61fc6e75b09ecdd316b1692f&#xA;Mar 21 11:43:04.518: INFO: At 2017-03-21 11:43:03 +0000 UTC - event for pod-configmaps-87ecfc05-0e2b-11e7-9911-42010a8c0008: {kubelet frakti-e2e} Started: Started container with id 6c52354e6fb47622e5de3439c94bb5507b1fc95a61fc6e75b09ecdd316b1692f&#xA;Mar 21 11:43:04.521: INFO: POD  NODE  PHASE  GRACE  CONDITIONS&#xA;Mar 21 11:43:04.521: INFO: &#xA;Mar 21 11:43:04.523: INFO: &#xA;Logging node info for node frakti-e2e&#xA;Mar 21 11:43:04.524: INFO: Node Info: &amp;Node{ObjectMeta:k8s_io_apimachinery_pkg_apis_meta_v1.ObjectMeta{Name:frakti-e2e,GenerateName:,Namespace:,SelfLink:/api/v1/nodesfrakti-e2e,UID:464fd7a6-0e28-11e7-a3dc-42010a8c0008,ResourceVersion:1899,Generation:0,CreationTimestamp:2017-03-21 11:19:39 +0000 UTC,DeletionTimestamp:&lt;nil&gt;,DeletionGracePeriodSeconds:nil,Labels:map[string]string{beta.kubernetes.io/arch: amd64,beta.kubernetes.io/os: linux,kubernetes.io/hostname: frakti-e2e,},Annotations:map[string]string{volumes.kubernetes.io/controller-managed-attach-detach: true,},OwnerReferences:[],Finalizers:[],ClusterName:,},Spec:NodeSpec{PodCIDR:,ExternalID:frakti-e2e,ProviderID:gce:////5985600149768706345,Unschedulable:false,Taints:[],},Status:NodeStatus{Capacity:ResourceList{cpu: {{4 0} {&lt;nil&gt;} 4 DecimalSI},memory: {{15770382336 0} {&lt;nil&gt;} 15400764Ki BinarySI},pods: {{110 0} {&lt;nil&gt;} 110 DecimalSI},},Allocatable:ResourceList{cpu: {{4 0} {&lt;nil&gt;} 4 DecimalSI},memory: {{15508238336 0} {&lt;nil&gt;} 15144764Ki BinarySI},pods: {{110 0} {&lt;nil&gt;} 110 DecimalSI},},Phase:,Conditions:[{OutOfDisk False 2017-03-21 11:42:56 +0000 UTC 2017-03-21 11:19:39 +0000 UTC KubeletHasSufficientDisk kubelet has sufficient disk space available} {MemoryPressure False 2017-03-21 11:42:56 +0000 UTC 2017-03-21 11:19:39 +0000 UTC KubeletHasSufficientMemory kubelet has sufficient memory available} {DiskPressure False 2017-03-21 11:42:56 +0000 UTC 2017-03-21 11:19:39 +0000 UTC KubeletHasNoDiskPressure kubelet has no disk pressure} {Ready True 2017-03-21 11:42:56 +0000 UTC 2017-03-21 11:19:39 +0000 UTC KubeletReady kubelet is posting ready status}],Addresses:[{LegacyHostIP 10.140.0.8} {InternalIP 10.140.0.8} {Hostname frakti-e2e}],DaemonEndpoints:NodeDaemonEndpoints{KubeletEndpoint:DaemonEndpoint{Port:10250,},},NodeInfo:NodeSystemInfo{MachineID:24ff1754f521f8ffc0b9d886cd5831f7,SystemUUID:66DF790D-8659-19AF-C8E8-AAAC6BAFD264,BootID:7e239c8e-718c-4421-bc64-180fb95b872d,KernelVersion:3.10.0-514.6.2.el7.x86_64,OSImage:CentOS Linux 7 (Core),ContainerRuntimeVersion:hyper://0.8.0,KubeletVersion:v1.7.0-alpha.0.1397+e3f6f14bf0d1af,KubeProxyVersion:v1.7.0-alpha.0.1397+e3f6f14bf0d1af,OperatingSystem:linux,Architecture:amd64,},Images:[{[gcr.io/google_containers/node-problem-detector:v0.3.0] 290407887} {[gcr.io/google_containers/volume-nfs:0.8] 247146979} {[gcr.io/google_containers/volume-gluster:0.2] 212127750} {[gcr.io/google_containers/nginx-slim:0.7] 86838142} {[] 47794349} {[gcr.io/google_containers/hostexec:1.2] 13185747} {[gcr.io/google_containers/netexec:1.7] 8016035} {[gcr.io/google_containers/netexec:1.5] 7358440} {[gcr.io/google_containers/netexec:1.4] 7293444} {[gcr.io/google_containers/alpine-with-bash:1.0] 6660469} {[gcr.io/google_containers/serve_hostname:v1.4] 6222101} {[gcr.io/google-containers/stress:v1] 5494760} {[] 5042632} {[gcr.io/authenticated-image-pulling/alpine:3.1] 5038488} {[gcr.io/google_containers/test-webserver:e2e] 4534272} {[gcr.io/google_containers/liveness:e2e] 4387474} {[gcr.io/google_containers/eptest:0.1] 2970692} {[gcr.io/google_containers/mounttest-user:0.5] 1450761} {[gcr.io/google_containers/mounttest:0.8] 1450761} {[gcr.io/google_containers/busybox@sha256:4bdd623e848417d96127e16037743f0cd8b528c026e9175e22a84f639eca58ff gcr.io/google_containers/busybox:1.24] 1113554} {[gcr.io/google_containers/pause-amd64:3.0] 746888}],VolumesInUse:[],VolumesAttached:[],},}&#xA;Mar 21 11:43:04.525: INFO: &#xA;Logging kubelet events for node frakti-e2e&#xA;Mar 21 11:43:04.526: INFO: &#xA;Logging pods the kubelet thinks is on node frakti-e2e&#xA;Mar 21 11:43:04.587: INFO: &#xA;Latency metrics for node frakti-e2e&#xA;Mar 21 11:43:04.587: INFO: {Operation:sync Method:pod_worker_latency_microseconds Quantile:0.99 Latency:2m5.176808s}&#xA;Mar 21 11:43:04.587: INFO: {Operation:sync Method:pod_worker_latency_microseconds Quantile:0.9 Latency:2m5.16431s}&#xA;Mar 21 11:43:04.587: INFO: {Operation:sync Method:pod_worker_latency_microseconds Quantile:0.5 Latency:2m1.064869s}&#xA;�[1mSTEP�[0m: Dumping a list of prepulled images on each node&#xA;Mar 21 11:43:04.588: INFO: Waiting up to 3m0s for all (but 0) nodes to be ready&#xA;�[1mSTEP�[0m: Destroying namespace &#34;e2e-tests-configmap-21qzn&#34; for this suite.&#xA;Mar 21 11:43:14.628: INFO: namespace: e2e-tests-configmap-21qzn, resource: bindings, ignored listing per whitelist&#xA;</system-out>
      </testcase>
      <testcase name="[k8s.io] HostPath should support subPath [Volume]" classname="E2eNode Suite" time="9.157767136">
          <failure type="Failure">/root/go-project/src/k8s.io/kubernetes/_output/local/go/src/k8s.io/kubernetes/test/e2e/common/host_path.go:113&#xA;Expected error:&#xA;    &lt;*errors.errorString | 0xc420b320a0&gt;: {&#xA;        s: &#34;expected \&#34;content of file \\\&#34;/test-volume/sub-path/test-file\\\&#34;: mount-tester new file\&#34; in container output: Expected\n    &lt;string&gt;: failed to open log file \&#34;/var/log/pods/918bec9b-0e2b-11e7-a3dc-42010a8c0008/test-container-2_0.log\&#34;: open /var/log/pods/918bec9b-0e2b-11e7-a3dc-42010a8c0008/test-container-2_0.log: no such file or directory\nto contain substring\n    &lt;string&gt;: content of file \&#34;/test-volume/sub-path/test-file\&#34;: mount-tester new file&#34;,&#xA;    }&#xA;    expected &#34;content of file \&#34;/test-volume/sub-path/test-file\&#34;: mount-tester new file&#34; in container output: Expected&#xA;        &lt;string&gt;: failed to open log file &#34;/var/log/pods/918bec9b-0e2b-11e7-a3dc-42010a8c0008/test-container-2_0.log&#34;: open /var/log/pods/918bec9b-0e2b-11e7-a3dc-42010a8c0008/test-container-2_0.log: no such file or directory&#xA;    to contain substring&#xA;        &lt;string&gt;: content of file &#34;/test-volume/sub-path/test-file&#34;: mount-tester new file&#xA;not to have occurred&#xA;/root/go-project/src/k8s.io/kubernetes/_output/local/go/src/k8s.io/kubernetes/test/e2e/framework/util.go:2197</failure>
          <system-out>[BeforeEach] [k8s.io] HostPath&#xA;  /root/go-project/src/k8s.io/kubernetes/_output/local/go/src/k8s.io/kubernetes/test/e2e/framework/framework.go:119&#xA;�[1mSTEP�[0m: Creating a kubernetes client&#xA;�[1mSTEP�[0m: Building a namespace api object&#xA;Mar 21 11:43:14.633: INFO: Skipping waiting for service account&#xA;[BeforeEach] [k8s.io] HostPath&#xA;  /root/go-project/src/k8s.io/kubernetes/_output/local/go/src/k8s.io/kubernetes/test/e2e/common/host_path.go:40&#xA;[It] should support subPath [Volume]&#xA;  /root/go-project/src/k8s.io/kubernetes/_output/local/go/src/k8s.io/kubernetes/test/e2e/common/host_path.go:113&#xA;�[1mSTEP�[0m: Creating a pod to test hostPath subPath&#xA;Mar 21 11:43:14.635: INFO: Waiting up to 5m0s for pod pod-host-path-test status to be success or failure&#xA;Mar 21 11:43:14.640: INFO: Waiting for pod pod-host-path-test in namespace &#39;e2e-tests-hostpath-tp626&#39; status to be &#39;success or failure&#39;(found phase: &#34;Pending&#34;, readiness: false) (5.241863ms elapsed)&#xA;Mar 21 11:43:16.642: INFO: Waiting for pod pod-host-path-test in namespace &#39;e2e-tests-hostpath-tp626&#39; status to be &#39;success or failure&#39;(found phase: &#34;Pending&#34;, readiness: false) (2.007237982s elapsed)&#xA;�[1mSTEP�[0m: Saw pod success&#xA;Mar 21 11:43:18.651: INFO: Trying to get logs from node frakti-e2e pod pod-host-path-test container test-container-2: &lt;nil&gt;&#xA;�[1mSTEP�[0m: delete the pod&#xA;Mar 21 11:43:18.668: INFO: Waiting for pod pod-host-path-test to disappear&#xA;Mar 21 11:43:18.669: INFO: Pod pod-host-path-test no longer exists&#xA;Mar 21 11:43:18.669: INFO: Unexpected error occurred: expected &#34;content of file \&#34;/test-volume/sub-path/test-file\&#34;: mount-tester new file&#34; in container output: Expected&#xA;    &lt;string&gt;: failed to open log file &#34;/var/log/pods/918bec9b-0e2b-11e7-a3dc-42010a8c0008/test-container-2_0.log&#34;: open /var/log/pods/918bec9b-0e2b-11e7-a3dc-42010a8c0008/test-container-2_0.log: no such file or directory&#xA;to contain substring&#xA;    &lt;string&gt;: content of file &#34;/test-volume/sub-path/test-file&#34;: mount-tester new file&#xA;[AfterEach] [k8s.io] HostPath&#xA;  /root/go-project/src/k8s.io/kubernetes/_output/local/go/src/k8s.io/kubernetes/test/e2e/framework/framework.go:120&#xA;�[1mSTEP�[0m: Collecting events from namespace &#34;e2e-tests-hostpath-tp626&#34;.&#xA;�[1mSTEP�[0m: Found 6 events.&#xA;Mar 21 11:43:18.673: INFO: At 2017-03-21 11:43:16 +0000 UTC - event for pod-host-path-test: {kubelet frakti-e2e} Pulled: Container image &#34;gcr.io/google_containers/mounttest:0.8&#34; already present on machine&#xA;Mar 21 11:43:18.673: INFO: At 2017-03-21 11:43:16 +0000 UTC - event for pod-host-path-test: {kubelet frakti-e2e} Created: Created container with id 89fd43937d4b4153729f8c882fe4762e785be67832551a3cc440ababdc4fa440&#xA;Mar 21 11:43:18.673: INFO: At 2017-03-21 11:43:16 +0000 UTC - event for pod-host-path-test: {kubelet frakti-e2e} Failed: Failed to start container with id 89fd43937d4b4153729f8c882fe4762e785be67832551a3cc440ababdc4fa440 with error: rpc error: code = 2 desc = failed to create symbolic link &#34;/var/log/pods/918bec9b-0e2b-11e7-a3dc-42010a8c0008/test-container-1_0.log&#34; to the container log file &#34;&#34; for container &#34;89fd43937d4b4153729f8c882fe4762e785be67832551a3cc440ababdc4fa440&#34;: symlink  /var/log/pods/918bec9b-0e2b-11e7-a3dc-42010a8c0008/test-container-1_0.log: no such file or directory&#xA;Mar 21 11:43:18.673: INFO: At 2017-03-21 11:43:16 +0000 UTC - event for pod-host-path-test: {kubelet frakti-e2e} Created: Created container with id 59eb64a409f0db5de88e24e2ac1a7161292acbd7d885bc26c318db0014dcd543&#xA;Mar 21 11:43:18.673: INFO: At 2017-03-21 11:43:16 +0000 UTC - event for pod-host-path-test: {kubelet frakti-e2e} Failed: Failed to start container with id 59eb64a409f0db5de88e24e2ac1a7161292acbd7d885bc26c318db0014dcd543 with error: rpc error: code = 2 desc = failed to create symbolic link &#34;/var/log/pods/918bec9b-0e2b-11e7-a3dc-42010a8c0008/test-container-2_0.log&#34; to the container log file &#34;&#34; for container &#34;59eb64a409f0db5de88e24e2ac1a7161292acbd7d885bc26c318db0014dcd543&#34;: symlink  /var/log/pods/918bec9b-0e2b-11e7-a3dc-42010a8c0008/test-container-2_0.log: no such file or directory&#xA;Mar 21 11:43:18.673: INFO: At 2017-03-21 11:43:16 +0000 UTC - event for pod-host-path-test: {kubelet frakti-e2e} FailedSync: Error syncing pod, skipping: [failed to &#34;StartContainer&#34; for &#34;test-container-1&#34; with rpc error: code = 2 desc = failed to create symbolic link &#34;/var/log/pods/918bec9b-0e2b-11e7-a3dc-42010a8c0008/test-container-1_0.log&#34; to the container log file &#34;&#34; for container &#34;89fd43937d4b4153729f8c882fe4762e785be67832551a3cc440ababdc4fa440&#34;: symlink  /var/log/pods/918bec9b-0e2b-11e7-a3dc-42010a8c0008/test-container-1_0.log: no such file or directory: &#34;Start Container Failed&#34;&#xA;, failed to &#34;StartContainer&#34; for &#34;test-container-2&#34; with rpc error: code = 2 desc = failed to create symbolic link &#34;/var/log/pods/918bec9b-0e2b-11e7-a3dc-42010a8c0008/test-container-2_0.log&#34; to the container log file &#34;&#34; for container &#34;59eb64a409f0db5de88e24e2ac1a7161292acbd7d885bc26c318db0014dcd543&#34;: symlink  /var/log/pods/918bec9b-0e2b-11e7-a3dc-42010a8c0008/test-container-2_0.log: no such file or directory: &#34;Start Container Failed&#34;&#xA;]&#xA;Mar 21 11:43:18.675: INFO: POD             NODE        PHASE    GRACE  CONDITIONS&#xA;Mar 21 11:43:18.675: INFO: privileged-pod  frakti-e2e  Running  30s    [{Initialized True 0001-01-01 00:00:00 +0000 UTC 2017-03-21 11:43:05 +0000 UTC  } {Ready True 0001-01-01 00:00:00 +0000 UTC 2017-03-21 11:43:07 +0000 UTC  } {PodScheduled True 0001-01-01 00:00:00 +0000 UTC 2017-03-21 11:43:07 +0000 UTC  }]&#xA;Mar 21 11:43:18.675: INFO: &#xA;Mar 21 11:43:18.677: INFO: &#xA;Logging node info for node frakti-e2e&#xA;Mar 21 11:43:18.678: INFO: Node Info: &amp;Node{ObjectMeta:k8s_io_apimachinery_pkg_apis_meta_v1.ObjectMeta{Name:frakti-e2e,GenerateName:,Namespace:,SelfLink:/api/v1/nodesfrakti-e2e,UID:464fd7a6-0e28-11e7-a3dc-42010a8c0008,ResourceVersion:1950,Generation:0,CreationTimestamp:2017-03-21 11:19:39 +0000 UTC,DeletionTimestamp:&lt;nil&gt;,DeletionGracePeriodSeconds:nil,Labels:map[string]string{beta.kubernetes.io/arch: amd64,beta.kubernetes.io/os: linux,kubernetes.io/hostname: frakti-e2e,},Annotations:map[string]string{volumes.kubernetes.io/controller-managed-attach-detach: true,},OwnerReferences:[],Finalizers:[],ClusterName:,},Spec:NodeSpec{PodCIDR:,ExternalID:frakti-e2e,ProviderID:gce:////5985600149768706345,Unschedulable:false,Taints:[],},Status:NodeStatus{Capacity:ResourceList{cpu: {{4 0} {&lt;nil&gt;} 4 DecimalSI},memory: {{15770382336 0} {&lt;nil&gt;} 15400764Ki BinarySI},pods: {{110 0} {&lt;nil&gt;} 110 DecimalSI},},Allocatable:ResourceList{cpu: {{4 0} {&lt;nil&gt;} 4 DecimalSI},memory: {{15508238336 0} {&lt;nil&gt;} 15144764Ki BinarySI},pods: {{110 0} {&lt;nil&gt;} 110 DecimalSI},},Phase:,Conditions:[{OutOfDisk False 2017-03-21 11:43:16 +0000 UTC 2017-03-21 11:19:39 +0000 UTC KubeletHasSufficientDisk kubelet has sufficient disk space available} {MemoryPressure False 2017-03-21 11:43:16 +0000 UTC 2017-03-21 11:19:39 +0000 UTC KubeletHasSufficientMemory kubelet has sufficient memory available} {DiskPressure False 2017-03-21 11:43:16 +0000 UTC 2017-03-21 11:19:39 +0000 UTC KubeletHasNoDiskPressure kubelet has no disk pressure} {Ready True 2017-03-21 11:43:16 +0000 UTC 2017-03-21 11:19:39 +0000 UTC KubeletReady kubelet is posting ready status}],Addresses:[{LegacyHostIP 10.140.0.8} {InternalIP 10.140.0.8} {Hostname frakti-e2e}],DaemonEndpoints:NodeDaemonEndpoints{KubeletEndpoint:DaemonEndpoint{Port:10250,},},NodeInfo:NodeSystemInfo{MachineID:24ff1754f521f8ffc0b9d886cd5831f7,SystemUUID:66DF790D-8659-19AF-C8E8-AAAC6BAFD264,BootID:7e239c8e-718c-4421-bc64-180fb95b872d,KernelVersion:3.10.0-514.6.2.el7.x86_64,OSImage:CentOS Linux 7 (Core),ContainerRuntimeVersion:hyper://0.8.0,KubeletVersion:v1.7.0-alpha.0.1397+e3f6f14bf0d1af,KubeProxyVersion:v1.7.0-alpha.0.1397+e3f6f14bf0d1af,OperatingSystem:linux,Architecture:amd64,},Images:[{[gcr.io/google_containers/node-problem-detector:v0.3.0] 290407887} {[gcr.io/google_containers/volume-nfs:0.8] 247146979} {[gcr.io/google_containers/volume-gluster:0.2] 212127750} {[gcr.io/google_containers/nginx-slim:0.7] 86838142} {[] 47794349} {[gcr.io/google_containers/hostexec:1.2] 13185747} {[gcr.io/google_containers/netexec:1.7] 8016035} {[gcr.io/google_containers/netexec:1.5] 7358440} {[gcr.io/google_containers/netexec:1.4] 7293444} {[gcr.io/google_containers/alpine-with-bash:1.0] 6660469} {[gcr.io/google_containers/serve_hostname:v1.4] 6222101} {[gcr.io/google-containers/stress:v1] 5494760} {[] 5042632} {[gcr.io/authenticated-image-pulling/alpine:3.1] 5038488} {[gcr.io/google_containers/test-webserver:e2e] 4534272} {[gcr.io/google_containers/liveness:e2e] 4387474} {[gcr.io/google_containers/eptest:0.1] 2970692} {[gcr.io/google_containers/mounttest:0.8] 1450761} {[gcr.io/google_containers/mounttest-user:0.5] 1450761} {[gcr.io/google_containers/busybox@sha256:4bdd623e848417d96127e16037743f0cd8b528c026e9175e22a84f639eca58ff gcr.io/google_containers/busybox:1.24] 1113554} {[gcr.io/google_containers/pause-amd64:3.0] 746888}],VolumesInUse:[],VolumesAttached:[],},}&#xA;Mar 21 11:43:18.678: INFO: &#xA;Logging kubelet events for node frakti-e2e&#xA;Mar 21 11:43:18.679: INFO: &#xA;Logging pods the kubelet thinks is on node frakti-e2e&#xA;Mar 21 11:43:18.681: INFO: privileged-pod started at 2017-03-21 11:43:05 +0000 UTC (0+2 container statuses recorded)&#xA;Mar 21 11:43:18.681: INFO: &#x9;Container not-privileged-container ready: true, restart count 0&#xA;Mar 21 11:43:18.681: INFO: &#x9;Container privileged-container ready: true, restart count 0&#xA;Mar 21 11:43:18.748: INFO: &#xA;Latency metrics for node frakti-e2e&#xA;Mar 21 11:43:18.748: INFO: {Operation:sync Method:pod_worker_latency_microseconds Quantile:0.99 Latency:2m5.25309s}&#xA;Mar 21 11:43:18.748: INFO: {Operation:sync Method:pod_worker_latency_microseconds Quantile:0.9 Latency:2m5.176808s}&#xA;Mar 21 11:43:18.748: INFO: {Operation:sync Method:pod_worker_latency_microseconds Quantile:0.5 Latency:2m1.064869s}&#xA;�[1mSTEP�[0m: Dumping a list of prepulled images on each node&#xA;Mar 21 11:43:18.749: INFO: Waiting up to 3m0s for all (but 0) nodes to be ready&#xA;�[1mSTEP�[0m: Destroying namespace &#34;e2e-tests-hostpath-tp626&#34; for this suite.&#xA;Mar 21 11:43:23.775: INFO: namespace: e2e-tests-hostpath-tp626, resource: bindings, ignored listing per whitelist&#xA;</system-out>
      </testcase>
      <testcase name="[k8s.io] ConfigMap should be consumable from pods in volume with mappings and Item mode set[Conformance] [Volume]" classname="E2eNode Suite" time="18.062182989"></testcase>
      <testcase name="[k8s.io] HostPath should give a volume the correct mode [Conformance] [Volume]" classname="E2eNode Suite" time="9.134702365">
          <failure type="Failure">/root/go-project/src/k8s.io/kubernetes/_output/local/go/src/k8s.io/kubernetes/test/e2e/common/host_path.go:56&#xA;Expected error:&#xA;    &lt;*errors.errorString | 0xc420219a20&gt;: {&#xA;        s: &#34;expected \&#34;mode of file \\\&#34;/test-volume\\\&#34;: dtrwxrwxrwx\&#34; in container output: Expected\n    &lt;string&gt;: failed to open log file \&#34;/var/log/pods/a1c5fc1a-0e2b-11e7-a3dc-42010a8c0008/test-container-1_0.log\&#34;: open /var/log/pods/a1c5fc1a-0e2b-11e7-a3dc-42010a8c0008/test-container-1_0.log: no such file or directory\nto contain substring\n    &lt;string&gt;: mode of file \&#34;/test-volume\&#34;: dtrwxrwxrwx&#34;,&#xA;    }&#xA;    expected &#34;mode of file \&#34;/test-volume\&#34;: dtrwxrwxrwx&#34; in container output: Expected&#xA;        &lt;string&gt;: failed to open log file &#34;/var/log/pods/a1c5fc1a-0e2b-11e7-a3dc-42010a8c0008/test-container-1_0.log&#34;: open /var/log/pods/a1c5fc1a-0e2b-11e7-a3dc-42010a8c0008/test-container-1_0.log: no such file or directory&#xA;    to contain substring&#xA;        &lt;string&gt;: mode of file &#34;/test-volume&#34;: dtrwxrwxrwx&#xA;not to have occurred&#xA;/root/go-project/src/k8s.io/kubernetes/_output/local/go/src/k8s.io/kubernetes/test/e2e/framework/util.go:2197</failure>
          <system-out>[BeforeEach] [k8s.io] HostPath&#xA;  /root/go-project/src/k8s.io/kubernetes/_output/local/go/src/k8s.io/kubernetes/test/e2e/framework/framework.go:119&#xA;�[1mSTEP�[0m: Creating a kubernetes client&#xA;�[1mSTEP�[0m: Building a namespace api object&#xA;Mar 21 11:43:41.857: INFO: Skipping waiting for service account&#xA;[BeforeEach] [k8s.io] HostPath&#xA;  /root/go-project/src/k8s.io/kubernetes/_output/local/go/src/k8s.io/kubernetes/test/e2e/common/host_path.go:40&#xA;[It] should give a volume the correct mode [Conformance] [Volume]&#xA;  /root/go-project/src/k8s.io/kubernetes/_output/local/go/src/k8s.io/kubernetes/test/e2e/common/host_path.go:56&#xA;�[1mSTEP�[0m: Creating a pod to test hostPath mode&#xA;Mar 21 11:43:41.859: INFO: Waiting up to 5m0s for pod pod-host-path-test status to be success or failure&#xA;Mar 21 11:43:41.861: INFO: Waiting for pod pod-host-path-test in namespace &#39;e2e-tests-hostpath-22vkz&#39; status to be &#39;success or failure&#39;(found phase: &#34;Pending&#34;, readiness: false) (2.628605ms elapsed)&#xA;Mar 21 11:43:43.863: INFO: Waiting for pod pod-host-path-test in namespace &#39;e2e-tests-hostpath-22vkz&#39; status to be &#39;success or failure&#39;(found phase: &#34;Pending&#34;, readiness: false) (2.00456382s elapsed)&#xA;�[1mSTEP�[0m: Saw pod success&#xA;Mar 21 11:43:45.866: INFO: Trying to get logs from node frakti-e2e pod pod-host-path-test container test-container-1: &lt;nil&gt;&#xA;�[1mSTEP�[0m: delete the pod&#xA;Mar 21 11:43:45.875: INFO: Waiting for pod pod-host-path-test to disappear&#xA;Mar 21 11:43:45.876: INFO: Pod pod-host-path-test no longer exists&#xA;Mar 21 11:43:45.876: INFO: Unexpected error occurred: expected &#34;mode of file \&#34;/test-volume\&#34;: dtrwxrwxrwx&#34; in container output: Expected&#xA;    &lt;string&gt;: failed to open log file &#34;/var/log/pods/a1c5fc1a-0e2b-11e7-a3dc-42010a8c0008/test-container-1_0.log&#34;: open /var/log/pods/a1c5fc1a-0e2b-11e7-a3dc-42010a8c0008/test-container-1_0.log: no such file or directory&#xA;to contain substring&#xA;    &lt;string&gt;: mode of file &#34;/test-volume&#34;: dtrwxrwxrwx&#xA;[AfterEach] [k8s.io] HostPath&#xA;  /root/go-project/src/k8s.io/kubernetes/_output/local/go/src/k8s.io/kubernetes/test/e2e/framework/framework.go:120&#xA;�[1mSTEP�[0m: Collecting events from namespace &#34;e2e-tests-hostpath-22vkz&#34;.&#xA;�[1mSTEP�[0m: Found 6 events.&#xA;Mar 21 11:43:45.878: INFO: At 2017-03-21 11:43:43 +0000 UTC - event for pod-host-path-test: {kubelet frakti-e2e} Pulled: Container image &#34;gcr.io/google_containers/mounttest:0.8&#34; already present on machine&#xA;Mar 21 11:43:45.878: INFO: At 2017-03-21 11:43:43 +0000 UTC - event for pod-host-path-test: {kubelet frakti-e2e} Created: Created container with id 1a96ef55f31ba45237d7b4aca28f382d6d872cdf8ffb72131115540cebb4c242&#xA;Mar 21 11:43:45.878: INFO: At 2017-03-21 11:43:43 +0000 UTC - event for pod-host-path-test: {kubelet frakti-e2e} Failed: Failed to start container with id 1a96ef55f31ba45237d7b4aca28f382d6d872cdf8ffb72131115540cebb4c242 with error: rpc error: code = 2 desc = failed to create symbolic link &#34;/var/log/pods/a1c5fc1a-0e2b-11e7-a3dc-42010a8c0008/test-container-1_0.log&#34; to the container log file &#34;&#34; for container &#34;1a96ef55f31ba45237d7b4aca28f382d6d872cdf8ffb72131115540cebb4c242&#34;: symlink  /var/log/pods/a1c5fc1a-0e2b-11e7-a3dc-42010a8c0008/test-container-1_0.log: no such file or directory&#xA;Mar 21 11:43:45.878: INFO: At 2017-03-21 11:43:43 +0000 UTC - event for pod-host-path-test: {kubelet frakti-e2e} Created: Created container with id 320e8f16b238bd32c9cad7b897a3164e17e0cdb6f359c84360ef74bba1ef6476&#xA;Mar 21 11:43:45.878: INFO: At 2017-03-21 11:43:44 +0000 UTC - event for pod-host-path-test: {kubelet frakti-e2e} Failed: Failed to start container with id 320e8f16b238bd32c9cad7b897a3164e17e0cdb6f359c84360ef74bba1ef6476 with error: rpc error: code = 2 desc = failed to create symbolic link &#34;/var/log/pods/a1c5fc1a-0e2b-11e7-a3dc-42010a8c0008/test-container-2_0.log&#34; to the container log file &#34;&#34; for container &#34;320e8f16b238bd32c9cad7b897a3164e17e0cdb6f359c84360ef74bba1ef6476&#34;: symlink  /var/log/pods/a1c5fc1a-0e2b-11e7-a3dc-42010a8c0008/test-container-2_0.log: no such file or directory&#xA;Mar 21 11:43:45.878: INFO: At 2017-03-21 11:43:44 +0000 UTC - event for pod-host-path-test: {kubelet frakti-e2e} FailedSync: Error syncing pod, skipping: [failed to &#34;StartContainer&#34; for &#34;test-container-1&#34; with rpc error: code = 2 desc = failed to create symbolic link &#34;/var/log/pods/a1c5fc1a-0e2b-11e7-a3dc-42010a8c0008/test-container-1_0.log&#34; to the container log file &#34;&#34; for container &#34;1a96ef55f31ba45237d7b4aca28f382d6d872cdf8ffb72131115540cebb4c242&#34;: symlink  /var/log/pods/a1c5fc1a-0e2b-11e7-a3dc-42010a8c0008/test-container-1_0.log: no such file or directory: &#34;Start Container Failed&#34;&#xA;, failed to &#34;StartContainer&#34; for &#34;test-container-2&#34; with rpc error: code = 2 desc = failed to create symbolic link &#34;/var/log/pods/a1c5fc1a-0e2b-11e7-a3dc-42010a8c0008/test-container-2_0.log&#34; to the container log file &#34;&#34; for container &#34;320e8f16b238bd32c9cad7b897a3164e17e0cdb6f359c84360ef74bba1ef6476&#34;: symlink  /var/log/pods/a1c5fc1a-0e2b-11e7-a3dc-42010a8c0008/test-container-2_0.log: no such file or directory: &#34;Start Container Failed&#34;&#xA;]&#xA;Mar 21 11:43:45.880: INFO: POD  NODE  PHASE  GRACE  CONDITIONS&#xA;Mar 21 11:43:45.880: INFO: &#xA;Mar 21 11:43:45.881: INFO: &#xA;Logging node info for node frakti-e2e&#xA;Mar 21 11:43:45.882: INFO: Node Info: &amp;Node{ObjectMeta:k8s_io_apimachinery_pkg_apis_meta_v1.ObjectMeta{Name:frakti-e2e,GenerateName:,Namespace:,SelfLink:/api/v1/nodesfrakti-e2e,UID:464fd7a6-0e28-11e7-a3dc-42010a8c0008,ResourceVersion:1983,Generation:0,CreationTimestamp:2017-03-21 11:19:39 +0000 UTC,DeletionTimestamp:&lt;nil&gt;,DeletionGracePeriodSeconds:nil,Labels:map[string]string{beta.kubernetes.io/arch: amd64,beta.kubernetes.io/os: linux,kubernetes.io/hostname: frakti-e2e,},Annotations:map[string]string{volumes.kubernetes.io/controller-managed-attach-detach: true,},OwnerReferences:[],Finalizers:[],ClusterName:,},Spec:NodeSpec{PodCIDR:,ExternalID:frakti-e2e,ProviderID:gce:////5985600149768706345,Unschedulable:false,Taints:[],},Status:NodeStatus{Capacity:ResourceList{cpu: {{4 0} {&lt;nil&gt;} 4 DecimalSI},memory: {{15770382336 0} {&lt;nil&gt;} 15400764Ki BinarySI},pods: {{110 0} {&lt;nil&gt;} 110 DecimalSI},},Allocatable:ResourceList{cpu: {{4 0} {&lt;nil&gt;} 4 DecimalSI},memory: {{15508238336 0} {&lt;nil&gt;} 15144764Ki BinarySI},pods: {{110 0} {&lt;nil&gt;} 110 DecimalSI},},Phase:,Conditions:[{OutOfDisk False 2017-03-21 11:43:36 +0000 UTC 2017-03-21 11:19:39 +0000 UTC KubeletHasSufficientDisk kubelet has sufficient disk space available} {MemoryPressure False 2017-03-21 11:43:36 +0000 UTC 2017-03-21 11:19:39 +0000 UTC KubeletHasSufficientMemory kubelet has sufficient memory available} {DiskPressure False 2017-03-21 11:43:36 +0000 UTC 2017-03-21 11:19:39 +0000 UTC KubeletHasNoDiskPressure kubelet has no disk pressure} {Ready True 2017-03-21 11:43:36 +0000 UTC 2017-03-21 11:19:39 +0000 UTC KubeletReady kubelet is posting ready status}],Addresses:[{LegacyHostIP 10.140.0.8} {InternalIP 10.140.0.8} {Hostname frakti-e2e}],DaemonEndpoints:NodeDaemonEndpoints{KubeletEndpoint:DaemonEndpoint{Port:10250,},},NodeInfo:NodeSystemInfo{MachineID:24ff1754f521f8ffc0b9d886cd5831f7,SystemUUID:66DF790D-8659-19AF-C8E8-AAAC6BAFD264,BootID:7e239c8e-718c-4421-bc64-180fb95b872d,KernelVersion:3.10.0-514.6.2.el7.x86_64,OSImage:CentOS Linux 7 (Core),ContainerRuntimeVersion:hyper://0.8.0,KubeletVersion:v1.7.0-alpha.0.1397+e3f6f14bf0d1af,KubeProxyVersion:v1.7.0-alpha.0.1397+e3f6f14bf0d1af,OperatingSystem:linux,Architecture:amd64,},Images:[{[gcr.io/google_containers/node-problem-detector:v0.3.0] 290407887} {[gcr.io/google_containers/volume-nfs:0.8] 247146979} {[gcr.io/google_containers/volume-gluster:0.2] 212127750} {[gcr.io/google_containers/nginx-slim:0.7] 86838142} {[] 47794349} {[gcr.io/google_containers/hostexec:1.2] 13185747} {[gcr.io/google_containers/netexec:1.7] 8016035} {[gcr.io/google_containers/netexec:1.5] 7358440} {[gcr.io/google_containers/netexec:1.4] 7293444} {[gcr.io/google_containers/alpine-with-bash:1.0] 6660469} {[gcr.io/google_containers/serve_hostname:v1.4] 6222101} {[gcr.io/google-containers/stress:v1] 5494760} {[] 5042632} {[gcr.io/authenticated-image-pulling/alpine:3.1] 5038488} {[gcr.io/google_containers/test-webserver:e2e] 4534272} {[gcr.io/google_containers/liveness:e2e] 4387474} {[gcr.io/google_containers/eptest:0.1] 2970692} {[gcr.io/google_containers/mounttest:0.8] 1450761} {[gcr.io/google_containers/mounttest-user:0.5] 1450761} {[gcr.io/google_containers/busybox@sha256:4bdd623e848417d96127e16037743f0cd8b528c026e9175e22a84f639eca58ff gcr.io/google_containers/busybox:1.24] 1113554} {[gcr.io/google_containers/pause-amd64:3.0] 746888}],VolumesInUse:[],VolumesAttached:[],},}&#xA;Mar 21 11:43:45.882: INFO: &#xA;Logging kubelet events for node frakti-e2e&#xA;Mar 21 11:43:45.883: INFO: &#xA;Logging pods the kubelet thinks is on node frakti-e2e&#xA;Mar 21 11:43:45.946: INFO: &#xA;Latency metrics for node frakti-e2e&#xA;Mar 21 11:43:45.946: INFO: {Operation:sync Method:pod_worker_latency_microseconds Quantile:0.99 Latency:2m5.25309s}&#xA;Mar 21 11:43:45.946: INFO: {Operation:sync Method:pod_worker_latency_microseconds Quantile:0.9 Latency:2m5.176808s}&#xA;Mar 21 11:43:45.946: INFO: {Operation:sync Method:pod_worker_latency_microseconds Quantile:0.5 Latency:2m1.069198s}&#xA;�[1mSTEP�[0m: Dumping a list of prepulled images on each node&#xA;Mar 21 11:43:45.947: INFO: Waiting up to 3m0s for all (but 0) nodes to be ready&#xA;�[1mSTEP�[0m: Destroying namespace &#34;e2e-tests-hostpath-22vkz&#34; for this suite.&#xA;Mar 21 11:43:50.966: INFO: namespace: e2e-tests-hostpath-22vkz, resource: bindings, ignored listing per whitelist&#xA;</system-out>
      </testcase>
      <testcase name="[k8s.io] ConfigMap should be consumable from pods in volume [Conformance] [Volume]" classname="E2eNode Suite" time="18.079417744"></testcase>
      <testcase name="[k8s.io] ImageID should be set to the manifest digest (from RepoDigests) when available" classname="E2eNode Suite" time="16.124517432">
          <failure type="Failure">/root/go-project/src/k8s.io/kubernetes/_output/local/go/src/k8s.io/kubernetes/test/e2e_node/image_id_test.go:66&#xA;Expected&#xA;    &lt;string&gt;: sha256:0cb40641836c461bc97c793971d84d758371ed682042457523e4ae701efe7ec9&#xA;to equal&#xA;    &lt;string&gt;: docker-pullable://gcr.io/google_containers/busybox@sha256:4bdd623e848417d96127e16037743f0cd8b528c026e9175e22a84f639eca58ff&#xA;/root/go-project/src/k8s.io/kubernetes/_output/local/go/src/k8s.io/kubernetes/test/e2e_node/image_id_test.go:65</failure>
          <system-out>[BeforeEach] [k8s.io] ImageID&#xA;  /root/go-project/src/k8s.io/kubernetes/_output/local/go/src/k8s.io/kubernetes/test/e2e/framework/framework.go:119&#xA;�[1mSTEP�[0m: Creating a kubernetes client&#xA;�[1mSTEP�[0m: Building a namespace api object&#xA;Mar 21 11:44:09.076: INFO: Skipping waiting for service account&#xA;[It] should be set to the manifest digest (from RepoDigests) when available&#xA;  /root/go-project/src/k8s.io/kubernetes/_output/local/go/src/k8s.io/kubernetes/test/e2e_node/image_id_test.go:66&#xA;[AfterEach] [k8s.io] ImageID&#xA;  /root/go-project/src/k8s.io/kubernetes/_output/local/go/src/k8s.io/kubernetes/test/e2e/framework/framework.go:120&#xA;�[1mSTEP�[0m: Collecting events from namespace &#34;e2e-tests-image-id-test-cbjxf&#34;.&#xA;�[1mSTEP�[0m: Found 3 events.&#xA;Mar 21 11:44:15.083: INFO: At 2017-03-21 11:44:14 +0000 UTC - event for pod-with-repodigest: {kubelet frakti-e2e} Pulled: Container image &#34;gcr.io/google_containers/busybox@sha256:4bdd623e848417d96127e16037743f0cd8b528c026e9175e22a84f639eca58ff&#34; already present on machine&#xA;Mar 21 11:44:15.083: INFO: At 2017-03-21 11:44:14 +0000 UTC - event for pod-with-repodigest: {kubelet frakti-e2e} Created: Created container with id 5b93e30b949c1d259081d47ba1340f178b85f5063ae50d0c127972c59425145b&#xA;Mar 21 11:44:15.083: INFO: At 2017-03-21 11:44:14 +0000 UTC - event for pod-with-repodigest: {kubelet frakti-e2e} Started: Started container with id 5b93e30b949c1d259081d47ba1340f178b85f5063ae50d0c127972c59425145b&#xA;Mar 21 11:44:15.086: INFO: POD                  NODE        PHASE   GRACE  CONDITIONS&#xA;Mar 21 11:44:15.086: INFO: pod-with-repodigest  frakti-e2e  Failed         [{Initialized True 0001-01-01 00:00:00 +0000 UTC 2017-03-21 11:44:09 +0000 UTC  } {Ready False 0001-01-01 00:00:00 +0000 UTC 2017-03-21 11:44:09 +0000 UTC ContainersNotReady containers with unready status: [test]}]&#xA;Mar 21 11:44:15.086: INFO: &#xA;Mar 21 11:44:15.088: INFO: &#xA;Logging node info for node frakti-e2e&#xA;Mar 21 11:44:15.089: INFO: Node Info: &amp;Node{ObjectMeta:k8s_io_apimachinery_pkg_apis_meta_v1.ObjectMeta{Name:frakti-e2e,GenerateName:,Namespace:,SelfLink:/api/v1/nodesfrakti-e2e,UID:464fd7a6-0e28-11e7-a3dc-42010a8c0008,ResourceVersion:2049,Generation:0,CreationTimestamp:2017-03-21 11:19:39 +0000 UTC,DeletionTimestamp:&lt;nil&gt;,DeletionGracePeriodSeconds:nil,Labels:map[string]string{beta.kubernetes.io/arch: amd64,beta.kubernetes.io/os: linux,kubernetes.io/hostname: frakti-e2e,},Annotations:map[string]string{volumes.kubernetes.io/controller-managed-attach-detach: true,},OwnerReferences:[],Finalizers:[],ClusterName:,},Spec:NodeSpec{PodCIDR:,ExternalID:frakti-e2e,ProviderID:gce:////5985600149768706345,Unschedulable:false,Taints:[],},Status:NodeStatus{Capacity:ResourceList{cpu: {{4 0} {&lt;nil&gt;} 4 DecimalSI},memory: {{15770382336 0} {&lt;nil&gt;} 15400764Ki BinarySI},pods: {{110 0} {&lt;nil&gt;} 110 DecimalSI},},Allocatable:ResourceList{cpu: {{4 0} {&lt;nil&gt;} 4 DecimalSI},memory: {{15508238336 0} {&lt;nil&gt;} 15144764Ki BinarySI},pods: {{110 0} {&lt;nil&gt;} 110 DecimalSI},},Phase:,Conditions:[{OutOfDisk False 2017-03-21 11:44:06 +0000 UTC 2017-03-21 11:19:39 +0000 UTC KubeletHasSufficientDisk kubelet has sufficient disk space available} {MemoryPressure False 2017-03-21 11:44:06 +0000 UTC 2017-03-21 11:19:39 +0000 UTC KubeletHasSufficientMemory kubelet has sufficient memory available} {DiskPressure False 2017-03-21 11:44:06 +0000 UTC 2017-03-21 11:19:39 +0000 UTC KubeletHasNoDiskPressure kubelet has no disk pressure} {Ready True 2017-03-21 11:44:06 +0000 UTC 2017-03-21 11:19:39 +0000 UTC KubeletReady kubelet is posting ready status}],Addresses:[{LegacyHostIP 10.140.0.8} {InternalIP 10.140.0.8} {Hostname frakti-e2e}],DaemonEndpoints:NodeDaemonEndpoints{KubeletEndpoint:DaemonEndpoint{Port:10250,},},NodeInfo:NodeSystemInfo{MachineID:24ff1754f521f8ffc0b9d886cd5831f7,SystemUUID:66DF790D-8659-19AF-C8E8-AAAC6BAFD264,BootID:7e239c8e-718c-4421-bc64-180fb95b872d,KernelVersion:3.10.0-514.6.2.el7.x86_64,OSImage:CentOS Linux 7 (Core),ContainerRuntimeVersion:hyper://0.8.0,KubeletVersion:v1.7.0-alpha.0.1397+e3f6f14bf0d1af,KubeProxyVersion:v1.7.0-alpha.0.1397+e3f6f14bf0d1af,OperatingSystem:linux,Architecture:amd64,},Images:[{[gcr.io/google_containers/node-problem-detector:v0.3.0] 290407887} {[gcr.io/google_containers/volume-nfs:0.8] 247146979} {[gcr.io/google_containers/volume-gluster:0.2] 212127750} {[gcr.io/google_containers/nginx-slim:0.7] 86838142} {[] 47794349} {[gcr.io/google_containers/hostexec:1.2] 13185747} {[gcr.io/google_containers/netexec:1.7] 8016035} {[gcr.io/google_containers/netexec:1.5] 7358440} {[gcr.io/google_containers/netexec:1.4] 7293444} {[gcr.io/google_containers/alpine-with-bash:1.0] 6660469} {[gcr.io/google_containers/serve_hostname:v1.4] 6222101} {[gcr.io/google-containers/stress:v1] 5494760} {[] 5042632} {[gcr.io/authenticated-image-pulling/alpine:3.1] 5038488} {[gcr.io/google_containers/test-webserver:e2e] 4534272} {[gcr.io/google_containers/liveness:e2e] 4387474} {[gcr.io/google_containers/eptest:0.1] 2970692} {[gcr.io/google_containers/mounttest-user:0.5] 1450761} {[gcr.io/google_containers/mounttest:0.8] 1450761} {[gcr.io/google_containers/busybox@sha256:4bdd623e848417d96127e16037743f0cd8b528c026e9175e22a84f639eca58ff gcr.io/google_containers/busybox:1.24] 1113554} {[gcr.io/google_containers/pause-amd64:3.0] 746888}],VolumesInUse:[],VolumesAttached:[],},}&#xA;Mar 21 11:44:15.089: INFO: &#xA;Logging kubelet events for node frakti-e2e&#xA;Mar 21 11:44:15.090: INFO: &#xA;Logging pods the kubelet thinks is on node frakti-e2e&#xA;Mar 21 11:44:15.093: INFO: pod-with-repodigest started at 2017-03-21 11:44:09 +0000 UTC (0+1 container statuses recorded)&#xA;Mar 21 11:44:15.093: INFO: &#x9;Container test ready: false, restart count 0&#xA;Mar 21 11:44:15.160: INFO: &#xA;Latency metrics for node frakti-e2e&#xA;Mar 21 11:44:15.160: INFO: {Operation:sync Method:pod_worker_latency_microseconds Quantile:0.99 Latency:2m5.25309s}&#xA;Mar 21 11:44:15.160: INFO: {Operation:sync Method:pod_worker_latency_microseconds Quantile:0.9 Latency:2m1.123883s}&#xA;Mar 21 11:44:15.160: INFO: {Operation:sync Method:pod_worker_latency_microseconds Quantile:0.5 Latency:2m1.071664s}&#xA;�[1mSTEP�[0m: Dumping a list of prepulled images on each node&#xA;Mar 21 11:44:15.162: INFO: Waiting up to 3m0s for all (but 0) nodes to be ready&#xA;�[1mSTEP�[0m: Destroying namespace &#34;e2e-tests-image-id-test-cbjxf&#34; for this suite.&#xA;Mar 21 11:44:25.188: INFO: namespace: e2e-tests-image-id-test-cbjxf, resource: bindings, ignored listing per whitelist&#xA;</system-out>
      </testcase>
      <testcase name="[k8s.io] MirrorPod when create a mirror pod  should be recreated when mirror pod forcibly deleted [Conformance]" classname="E2eNode Suite" time="31.064953865"></testcase>
      <testcase name="[k8s.io] Density [Serial] [Slow] create a sequence of pods latency/resource should be within limit when create 10 pods with 50 background pods [Benchmark]" classname="E2eNode Suite" time="0">
          <skipped></skipped>
      </testcase>
      <testcase name="[k8s.io] EmptyDir volumes should support (non-root,0644,tmpfs) [Conformance] [Volume]" classname="E2eNode Suite" time="18.235479477">
          <failure type="Failure">/root/go-project/src/k8s.io/kubernetes/_output/local/go/src/k8s.io/kubernetes/test/e2e/common/empty_dir.go:81&#xA;Expected error:&#xA;    &lt;*errors.errorString | 0xc420acdf70&gt;: {&#xA;        s: &#34;expected pod \&#34;pod-ce2089be-0e2b-11e7-9911-42010a8c0008\&#34; success: &lt;nil&gt;&#34;,&#xA;    }&#xA;    expected pod &#34;pod-ce2089be-0e2b-11e7-9911-42010a8c0008&#34; success: &lt;nil&gt;&#xA;not to have occurred&#xA;/root/go-project/src/k8s.io/kubernetes/_output/local/go/src/k8s.io/kubernetes/test/e2e/framework/util.go:2197</failure>
          <system-out>[BeforeEach] [k8s.io] EmptyDir volumes&#xA;  /root/go-project/src/k8s.io/kubernetes/_output/local/go/src/k8s.io/kubernetes/test/e2e/framework/framework.go:119&#xA;�[1mSTEP�[0m: Creating a kubernetes client&#xA;�[1mSTEP�[0m: Building a namespace api object&#xA;Mar 21 11:44:56.271: INFO: Skipping waiting for service account&#xA;[It] should support (non-root,0644,tmpfs) [Conformance] [Volume]&#xA;  /root/go-project/src/k8s.io/kubernetes/_output/local/go/src/k8s.io/kubernetes/test/e2e/common/empty_dir.go:81&#xA;�[1mSTEP�[0m: Creating a pod to test emptydir 0644 on tmpfs&#xA;Mar 21 11:44:56.274: INFO: Waiting up to 5m0s for pod pod-ce2089be-0e2b-11e7-9911-42010a8c0008 status to be success or failure&#xA;Mar 21 11:44:56.279: INFO: Waiting for pod pod-ce2089be-0e2b-11e7-9911-42010a8c0008 in namespace &#39;e2e-tests-emptydir-gv934&#39; status to be &#39;success or failure&#39;(found phase: &#34;Pending&#34;, readiness: false) (5.744044ms elapsed)&#xA;Mar 21 11:44:58.282: INFO: Waiting for pod pod-ce2089be-0e2b-11e7-9911-42010a8c0008 in namespace &#39;e2e-tests-emptydir-gv934&#39; status to be &#39;success or failure&#39;(found phase: &#34;Pending&#34;, readiness: false) (2.008028097s elapsed)&#xA;Mar 21 11:45:00.285: INFO: Waiting for pod pod-ce2089be-0e2b-11e7-9911-42010a8c0008 in namespace &#39;e2e-tests-emptydir-gv934&#39; status to be &#39;success or failure&#39;(found phase: &#34;Pending&#34;, readiness: false) (4.011895685s elapsed)&#xA;Mar 21 11:45:02.290: INFO: Waiting for pod pod-ce2089be-0e2b-11e7-9911-42010a8c0008 in namespace &#39;e2e-tests-emptydir-gv934&#39; status to be &#39;success or failure&#39;(found phase: &#34;Pending&#34;, readiness: false) (6.016424115s elapsed)&#xA;Mar 21 11:45:04.302: INFO: Output of node &#34;frakti-e2e&#34; pod &#34;pod-ce2089be-0e2b-11e7-9911-42010a8c0008&#34; container &#34;test-container&#34;: &#xA;�[1mSTEP�[0m: delete the pod&#xA;Mar 21 11:45:04.311: INFO: Waiting for pod pod-ce2089be-0e2b-11e7-9911-42010a8c0008 to disappear&#xA;Mar 21 11:45:04.313: INFO: Pod pod-ce2089be-0e2b-11e7-9911-42010a8c0008 no longer exists&#xA;Mar 21 11:45:04.313: INFO: Unexpected error occurred: expected pod &#34;pod-ce2089be-0e2b-11e7-9911-42010a8c0008&#34; success: &lt;nil&gt;&#xA;[AfterEach] [k8s.io] EmptyDir volumes&#xA;  /root/go-project/src/k8s.io/kubernetes/_output/local/go/src/k8s.io/kubernetes/test/e2e/framework/framework.go:120&#xA;�[1mSTEP�[0m: Collecting events from namespace &#34;e2e-tests-emptydir-gv934&#34;.&#xA;�[1mSTEP�[0m: Found 3 events.&#xA;Mar 21 11:45:04.318: INFO: At 2017-03-21 11:45:03 +0000 UTC - event for pod-ce2089be-0e2b-11e7-9911-42010a8c0008: {kubelet frakti-e2e} Pulled: Container image &#34;gcr.io/google_containers/mounttest-user:0.5&#34; already present on machine&#xA;Mar 21 11:45:04.318: INFO: At 2017-03-21 11:45:03 +0000 UTC - event for pod-ce2089be-0e2b-11e7-9911-42010a8c0008: {kubelet frakti-e2e} Created: Created container with id e2bee3270b45ff50194a016464f3de5b345b6b7939217f31117e706a44847060&#xA;Mar 21 11:45:04.318: INFO: At 2017-03-21 11:45:03 +0000 UTC - event for pod-ce2089be-0e2b-11e7-9911-42010a8c0008: {kubelet frakti-e2e} Started: Started container with id e2bee3270b45ff50194a016464f3de5b345b6b7939217f31117e706a44847060&#xA;Mar 21 11:45:04.323: INFO: POD                                                         NODE        PHASE    GRACE  CONDITIONS&#xA;Mar 21 11:45:04.323: INFO: pod-projected-secrets-d01b0e47-0e2b-11e7-8677-42010a8c0008  frakti-e2e  Pending         [{Initialized True 0001-01-01 00:00:00 +0000 UTC 2017-03-21 11:44:59 +0000 UTC  } {Ready False 0001-01-01 00:00:00 +0000 UTC 2017-03-21 11:44:59 +0000 UTC ContainersNotReady containers with unready status: [projected-secret-volume-test]}]&#xA;Mar 21 11:45:04.323: INFO: &#xA;Mar 21 11:45:04.325: INFO: &#xA;Logging node info for node frakti-e2e&#xA;Mar 21 11:45:04.327: INFO: Node Info: &amp;Node{ObjectMeta:k8s_io_apimachinery_pkg_apis_meta_v1.ObjectMeta{Name:frakti-e2e,GenerateName:,Namespace:,SelfLink:/api/v1/nodesfrakti-e2e,UID:464fd7a6-0e28-11e7-a3dc-42010a8c0008,ResourceVersion:2159,Generation:0,CreationTimestamp:2017-03-21 11:19:39 +0000 UTC,DeletionTimestamp:&lt;nil&gt;,DeletionGracePeriodSeconds:nil,Labels:map[string]string{beta.kubernetes.io/arch: amd64,beta.kubernetes.io/os: linux,kubernetes.io/hostname: frakti-e2e,},Annotations:map[string]string{volumes.kubernetes.io/controller-managed-attach-detach: true,},OwnerReferences:[],Finalizers:[],ClusterName:,},Spec:NodeSpec{PodCIDR:,ExternalID:frakti-e2e,ProviderID:gce:////5985600149768706345,Unschedulable:false,Taints:[],},Status:NodeStatus{Capacity:ResourceList{cpu: {{4 0} {&lt;nil&gt;} 4 DecimalSI},memory: {{15770382336 0} {&lt;nil&gt;} 15400764Ki BinarySI},pods: {{110 0} {&lt;nil&gt;} 110 DecimalSI},},Allocatable:ResourceList{cpu: {{4 0} {&lt;nil&gt;} 4 DecimalSI},memory: {{15508238336 0} {&lt;nil&gt;} 15144764Ki BinarySI},pods: {{110 0} {&lt;nil&gt;} 110 DecimalSI},},Phase:,Conditions:[{OutOfDisk False 2017-03-21 11:44:56 +0000 UTC 2017-03-21 11:19:39 +0000 UTC KubeletHasSufficientDisk kubelet has sufficient disk space available} {MemoryPressure False 2017-03-21 11:44:56 +0000 UTC 2017-03-21 11:19:39 +0000 UTC KubeletHasSufficientMemory kubelet has sufficient memory available} {DiskPressure False 2017-03-21 11:44:56 +0000 UTC 2017-03-21 11:19:39 +0000 UTC KubeletHasNoDiskPressure kubelet has no disk pressure} {Ready True 2017-03-21 11:44:56 +0000 UTC 2017-03-21 11:19:39 +0000 UTC KubeletReady kubelet is posting ready status}],Addresses:[{LegacyHostIP 10.140.0.8} {InternalIP 10.140.0.8} {Hostname frakti-e2e}],DaemonEndpoints:NodeDaemonEndpoints{KubeletEndpoint:DaemonEndpoint{Port:10250,},},NodeInfo:NodeSystemInfo{MachineID:24ff1754f521f8ffc0b9d886cd5831f7,SystemUUID:66DF790D-8659-19AF-C8E8-AAAC6BAFD264,BootID:7e239c8e-718c-4421-bc64-180fb95b872d,KernelVersion:3.10.0-514.6.2.el7.x86_64,OSImage:CentOS Linux 7 (Core),ContainerRuntimeVersion:hyper://0.8.0,KubeletVersion:v1.7.0-alpha.0.1397+e3f6f14bf0d1af,KubeProxyVersion:v1.7.0-alpha.0.1397+e3f6f14bf0d1af,OperatingSystem:linux,Architecture:amd64,},Images:[{[gcr.io/google_containers/node-problem-detector:v0.3.0] 290407887} {[gcr.io/google_containers/volume-nfs:0.8] 247146979} {[gcr.io/google_containers/volume-gluster:0.2] 212127750} {[gcr.io/google_containers/nginx-slim:0.7] 86838142} {[] 47794349} {[gcr.io/google_containers/hostexec:1.2] 13185747} {[gcr.io/google_containers/netexec:1.7] 8016035} {[gcr.io/google_containers/netexec:1.5] 7358440} {[gcr.io/google_containers/netexec:1.4] 7293444} {[gcr.io/google_containers/alpine-with-bash:1.0] 6660469} {[gcr.io/google_containers/serve_hostname:v1.4] 6222101} {[gcr.io/google-containers/stress:v1] 5494760} {[] 5042632} {[gcr.io/authenticated-image-pulling/alpine:3.1] 5038488} {[gcr.io/google_containers/test-webserver:e2e] 4534272} {[gcr.io/google_containers/liveness:e2e] 4387474} {[gcr.io/google_containers/eptest:0.1] 2970692} {[gcr.io/google_containers/mounttest-user:0.5] 1450761} {[gcr.io/google_containers/mounttest:0.8] 1450761} {[gcr.io/google_containers/busybox@sha256:4bdd623e848417d96127e16037743f0cd8b528c026e9175e22a84f639eca58ff gcr.io/google_containers/busybox:1.24] 1113554} {[gcr.io/google_containers/pause-amd64:3.0] 746888}],VolumesInUse:[],VolumesAttached:[],},}&#xA;Mar 21 11:45:04.327: INFO: &#xA;Logging kubelet events for node frakti-e2e&#xA;Mar 21 11:45:04.328: INFO: &#xA;Logging pods the kubelet thinks is on node frakti-e2e&#xA;Mar 21 11:45:04.338: INFO: pod-projected-secrets-d01b0e47-0e2b-11e7-8677-42010a8c0008 started at 2017-03-21 11:44:59 +0000 UTC (0+1 container statuses recorded)&#xA;Mar 21 11:45:04.338: INFO: &#x9;Container projected-secret-volume-test ready: false, restart count 0&#xA;Mar 21 11:45:04.457: INFO: &#xA;Latency metrics for node frakti-e2e&#xA;Mar 21 11:45:04.457: INFO: {Operation:sync Method:pod_worker_latency_microseconds Quantile:0.99 Latency:2m5.25309s}&#xA;Mar 21 11:45:04.457: INFO: {Operation:sync Method:pod_worker_latency_microseconds Quantile:0.9 Latency:2m1.123883s}&#xA;Mar 21 11:45:04.457: INFO: {Operation:sync Method:pod_worker_latency_microseconds Quantile:0.5 Latency:2m1.071664s}&#xA;�[1mSTEP�[0m: Dumping a list of prepulled images on each node&#xA;Mar 21 11:45:04.459: INFO: Waiting up to 3m0s for all (but 0) nodes to be ready&#xA;�[1mSTEP�[0m: Destroying namespace &#34;e2e-tests-emptydir-gv934&#34; for this suite.&#xA;Mar 21 11:45:14.479: INFO: namespace: e2e-tests-emptydir-gv934, resource: bindings, ignored listing per whitelist&#xA;</system-out>
      </testcase>
      <testcase name="[k8s.io] Projected updates should be reflected in volume [Conformance] [Volume]" classname="E2eNode Suite" time="38.072707181"></testcase>
      <testcase name="[k8s.io] ConfigMap should be consumable via environment variable [Conformance]" classname="E2eNode Suite" time="18.176008924">
          <failure type="Failure">/root/go-project/src/k8s.io/kubernetes/_output/local/go/src/k8s.io/kubernetes/test/e2e/common/configmap.go:382&#xA;Expected error:&#xA;    &lt;*errors.errorString | 0xc420b54e40&gt;: {&#xA;        s: &#34;expected pod \&#34;pod-configmaps-efb23760-0e2b-11e7-9911-42010a8c0008\&#34; success: &lt;nil&gt;&#34;,&#xA;    }&#xA;    expected pod &#34;pod-configmaps-efb23760-0e2b-11e7-9911-42010a8c0008&#34; success: &lt;nil&gt;&#xA;not to have occurred&#xA;/root/go-project/src/k8s.io/kubernetes/_output/local/go/src/k8s.io/kubernetes/test/e2e/framework/util.go:2197</failure>
          <system-out>[BeforeEach] [k8s.io] ConfigMap&#xA;  /root/go-project/src/k8s.io/kubernetes/_output/local/go/src/k8s.io/kubernetes/test/e2e/framework/framework.go:119&#xA;�[1mSTEP�[0m: Creating a kubernetes client&#xA;�[1mSTEP�[0m: Building a namespace api object&#xA;Mar 21 11:45:52.584: INFO: Skipping waiting for service account&#xA;[It] should be consumable via environment variable [Conformance]&#xA;  /root/go-project/src/k8s.io/kubernetes/_output/local/go/src/k8s.io/kubernetes/test/e2e/common/configmap.go:382&#xA;�[1mSTEP�[0m: Creating configMap e2e-tests-configmap-3l2m2/configmap-test-efb13850-0e2b-11e7-9911-42010a8c0008&#xA;�[1mSTEP�[0m: Creating a pod to test consume configMaps&#xA;Mar 21 11:45:52.593: INFO: Waiting up to 5m0s for pod pod-configmaps-efb23760-0e2b-11e7-9911-42010a8c0008 status to be success or failure&#xA;Mar 21 11:45:52.594: INFO: Waiting for pod pod-configmaps-efb23760-0e2b-11e7-9911-42010a8c0008 in namespace &#39;e2e-tests-configmap-3l2m2&#39; status to be &#39;success or failure&#39;(found phase: &#34;Pending&#34;, readiness: false) (1.092785ms elapsed)&#xA;Mar 21 11:45:54.596: INFO: Waiting for pod pod-configmaps-efb23760-0e2b-11e7-9911-42010a8c0008 in namespace &#39;e2e-tests-configmap-3l2m2&#39; status to be &#39;success or failure&#39;(found phase: &#34;Pending&#34;, readiness: false) (2.003182022s elapsed)&#xA;Mar 21 11:45:56.598: INFO: Waiting for pod pod-configmaps-efb23760-0e2b-11e7-9911-42010a8c0008 in namespace &#39;e2e-tests-configmap-3l2m2&#39; status to be &#39;success or failure&#39;(found phase: &#34;Pending&#34;, readiness: false) (4.00532752s elapsed)&#xA;Mar 21 11:45:58.600: INFO: Waiting for pod pod-configmaps-efb23760-0e2b-11e7-9911-42010a8c0008 in namespace &#39;e2e-tests-configmap-3l2m2&#39; status to be &#39;success or failure&#39;(found phase: &#34;Pending&#34;, readiness: false) (6.007436454s elapsed)&#xA;Mar 21 11:46:00.611: INFO: Output of node &#34;frakti-e2e&#34; pod &#34;pod-configmaps-efb23760-0e2b-11e7-9911-42010a8c0008&#34; container &#34;env-test&#34;: exec failed: No such file or directory&#xA;&#xA;�[1mSTEP�[0m: delete the pod&#xA;Mar 21 11:46:00.621: INFO: Waiting for pod pod-configmaps-efb23760-0e2b-11e7-9911-42010a8c0008 to disappear&#xA;Mar 21 11:46:00.623: INFO: Pod pod-configmaps-efb23760-0e2b-11e7-9911-42010a8c0008 no longer exists&#xA;Mar 21 11:46:00.623: INFO: Unexpected error occurred: expected pod &#34;pod-configmaps-efb23760-0e2b-11e7-9911-42010a8c0008&#34; success: &lt;nil&gt;&#xA;[AfterEach] [k8s.io] ConfigMap&#xA;  /root/go-project/src/k8s.io/kubernetes/_output/local/go/src/k8s.io/kubernetes/test/e2e/framework/framework.go:120&#xA;�[1mSTEP�[0m: Collecting events from namespace &#34;e2e-tests-configmap-3l2m2&#34;.&#xA;�[1mSTEP�[0m: Found 3 events.&#xA;Mar 21 11:46:00.628: INFO: At 2017-03-21 11:45:58 +0000 UTC - event for pod-configmaps-efb23760-0e2b-11e7-9911-42010a8c0008: {kubelet frakti-e2e} Pulled: Container image &#34;gcr.io/google_containers/busybox:1.24&#34; already present on machine&#xA;Mar 21 11:46:00.628: INFO: At 2017-03-21 11:45:58 +0000 UTC - event for pod-configmaps-efb23760-0e2b-11e7-9911-42010a8c0008: {kubelet frakti-e2e} Created: Created container with id 26261e3214ba3333285f22d10a3cd13233b3ce0fa44b211843003963b908af3b&#xA;Mar 21 11:46:00.628: INFO: At 2017-03-21 11:45:58 +0000 UTC - event for pod-configmaps-efb23760-0e2b-11e7-9911-42010a8c0008: {kubelet frakti-e2e} Started: Started container with id 26261e3214ba3333285f22d10a3cd13233b3ce0fa44b211843003963b908af3b&#xA;Mar 21 11:46:00.636: INFO: POD  NODE  PHASE  GRACE  CONDITIONS&#xA;Mar 21 11:46:00.636: INFO: &#xA;Mar 21 11:46:00.637: INFO: &#xA;Logging node info for node frakti-e2e&#xA;Mar 21 11:46:00.643: INFO: Node Info: &amp;Node{ObjectMeta:k8s_io_apimachinery_pkg_apis_meta_v1.ObjectMeta{Name:frakti-e2e,GenerateName:,Namespace:,SelfLink:/api/v1/nodesfrakti-e2e,UID:464fd7a6-0e28-11e7-a3dc-42010a8c0008,ResourceVersion:2260,Generation:0,CreationTimestamp:2017-03-21 11:19:39 +0000 UTC,DeletionTimestamp:&lt;nil&gt;,DeletionGracePeriodSeconds:nil,Labels:map[string]string{beta.kubernetes.io/arch: amd64,beta.kubernetes.io/os: linux,kubernetes.io/hostname: frakti-e2e,},Annotations:map[string]string{volumes.kubernetes.io/controller-managed-attach-detach: true,},OwnerReferences:[],Finalizers:[],ClusterName:,},Spec:NodeSpec{PodCIDR:,ExternalID:frakti-e2e,ProviderID:gce:////5985600149768706345,Unschedulable:false,Taints:[],},Status:NodeStatus{Capacity:ResourceList{cpu: {{4 0} {&lt;nil&gt;} 4 DecimalSI},memory: {{15770382336 0} {&lt;nil&gt;} 15400764Ki BinarySI},pods: {{110 0} {&lt;nil&gt;} 110 DecimalSI},},Allocatable:ResourceList{cpu: {{4 0} {&lt;nil&gt;} 4 DecimalSI},memory: {{15508238336 0} {&lt;nil&gt;} 15144764Ki BinarySI},pods: {{110 0} {&lt;nil&gt;} 110 DecimalSI},},Phase:,Conditions:[{OutOfDisk False 2017-03-21 11:45:57 +0000 UTC 2017-03-21 11:19:39 +0000 UTC KubeletHasSufficientDisk kubelet has sufficient disk space available} {MemoryPressure False 2017-03-21 11:45:57 +0000 UTC 2017-03-21 11:19:39 +0000 UTC KubeletHasSufficientMemory kubelet has sufficient memory available} {DiskPressure False 2017-03-21 11:45:57 +0000 UTC 2017-03-21 11:19:39 +0000 UTC KubeletHasNoDiskPressure kubelet has no disk pressure} {Ready True 2017-03-21 11:45:57 +0000 UTC 2017-03-21 11:19:39 +0000 UTC KubeletReady kubelet is posting ready status}],Addresses:[{LegacyHostIP 10.140.0.8} {InternalIP 10.140.0.8} {Hostname frakti-e2e}],DaemonEndpoints:NodeDaemonEndpoints{KubeletEndpoint:DaemonEndpoint{Port:10250,},},NodeInfo:NodeSystemInfo{MachineID:24ff1754f521f8ffc0b9d886cd5831f7,SystemUUID:66DF790D-8659-19AF-C8E8-AAAC6BAFD264,BootID:7e239c8e-718c-4421-bc64-180fb95b872d,KernelVersion:3.10.0-514.6.2.el7.x86_64,OSImage:CentOS Linux 7 (Core),ContainerRuntimeVersion:hyper://0.8.0,KubeletVersion:v1.7.0-alpha.0.1397+e3f6f14bf0d1af,KubeProxyVersion:v1.7.0-alpha.0.1397+e3f6f14bf0d1af,OperatingSystem:linux,Architecture:amd64,},Images:[{[gcr.io/google_containers/node-problem-detector:v0.3.0] 290407887} {[gcr.io/google_containers/volume-nfs:0.8] 247146979} {[gcr.io/google_containers/volume-gluster:0.2] 212127750} {[gcr.io/google_containers/nginx-slim:0.7] 86838142} {[] 47794349} {[gcr.io/google_containers/hostexec:1.2] 13185747} {[gcr.io/google_containers/netexec:1.7] 8016035} {[gcr.io/google_containers/netexec:1.5] 7358440} {[gcr.io/google_containers/netexec:1.4] 7293444} {[gcr.io/google_containers/alpine-with-bash:1.0] 6660469} {[gcr.io/google_containers/serve_hostname:v1.4] 6222101} {[gcr.io/google-containers/stress:v1] 5494760} {[] 5042632} {[gcr.io/authenticated-image-pulling/alpine:3.1] 5038488} {[gcr.io/google_containers/test-webserver:e2e] 4534272} {[gcr.io/google_containers/liveness:e2e] 4387474} {[gcr.io/google_containers/eptest:0.1] 2970692} {[gcr.io/google_containers/mounttest-user:0.5] 1450761} {[gcr.io/google_containers/mounttest:0.8] 1450761} {[gcr.io/google_containers/busybox@sha256:4bdd623e848417d96127e16037743f0cd8b528c026e9175e22a84f639eca58ff gcr.io/google_containers/busybox:1.24] 1113554} {[gcr.io/google_containers/pause-amd64:3.0] 746888}],VolumesInUse:[],VolumesAttached:[],},}&#xA;Mar 21 11:46:00.643: INFO: &#xA;Logging kubelet events for node frakti-e2e&#xA;Mar 21 11:46:00.644: INFO: &#xA;Logging pods the kubelet thinks is on node frakti-e2e&#xA;Mar 21 11:46:00.717: INFO: &#xA;Latency metrics for node frakti-e2e&#xA;Mar 21 11:46:00.717: INFO: {Operation:sync Method:pod_worker_latency_microseconds Quantile:0.99 Latency:2m5.290356s}&#xA;Mar 21 11:46:00.717: INFO: {Operation:sync Method:pod_worker_latency_microseconds Quantile:0.9 Latency:2m5.25309s}&#xA;Mar 21 11:46:00.717: INFO: {Operation:sync Method:pod_worker_latency_microseconds Quantile:0.5 Latency:2m1.108949s}&#xA;�[1mSTEP�[0m: Dumping a list of prepulled images on each node&#xA;Mar 21 11:46:00.718: INFO: Waiting up to 3m0s for all (but 0) nodes to be ready&#xA;�[1mSTEP�[0m: Destroying namespace &#34;e2e-tests-configmap-3l2m2&#34; for this suite.&#xA;Mar 21 11:46:10.754: INFO: namespace: e2e-tests-configmap-3l2m2, resource: bindings, ignored listing per whitelist&#xA;</system-out>
      </testcase>
      <testcase name="[k8s.io] Downward API volume should provide node allocatable (memory) as default memory limit if the limit is not set [Conformance] [Volume]" classname="E2eNode Suite" time="18.065529389"></testcase>
      <testcase name="[k8s.io] ConfigMap should be consumable from pods in volume with defaultMode set [Conformance] [Volume]" classname="E2eNode Suite" time="16.057805917"></testcase>
      <testcase name="[k8s.io] Density [Serial] [Slow] create a batch of pods latency/resource should be within limit when create 10 pods with 100ms interval [Benchmark]" classname="E2eNode Suite" time="0">
          <skipped></skipped>
      </testcase>
      <testcase name="[k8s.io] ConfigMap should be consumable from pods in volume as non-root with FSGroup [Feature:FSGroup] [Volume]" classname="E2eNode Suite" time="16.068965929"></testcase>
      <testcase name="[k8s.io] EmptyDir volumes should support (non-root,0666,tmpfs) [Conformance] [Volume]" classname="E2eNode Suite" time="18.13676689">
          <failure type="Failure">/root/go-project/src/k8s.io/kubernetes/_output/local/go/src/k8s.io/kubernetes/test/e2e/common/empty_dir.go:85&#xA;Expected error:&#xA;    &lt;*errors.errorString | 0xc4213678d0&gt;: {&#xA;        s: &#34;expected pod \&#34;pod-1872aaab-0e2c-11e7-9911-42010a8c0008\&#34; success: &lt;nil&gt;&#34;,&#xA;    }&#xA;    expected pod &#34;pod-1872aaab-0e2c-11e7-9911-42010a8c0008&#34; success: &lt;nil&gt;&#xA;not to have occurred&#xA;/root/go-project/src/k8s.io/kubernetes/_output/local/go/src/k8s.io/kubernetes/test/e2e/framework/util.go:2197</failure>
          <system-out>[BeforeEach] [k8s.io] EmptyDir volumes&#xA;  /root/go-project/src/k8s.io/kubernetes/_output/local/go/src/k8s.io/kubernetes/test/e2e/framework/framework.go:119&#xA;�[1mSTEP�[0m: Creating a kubernetes client&#xA;�[1mSTEP�[0m: Building a namespace api object&#xA;Mar 21 11:47:00.960: INFO: Skipping waiting for service account&#xA;[It] should support (non-root,0666,tmpfs) [Conformance] [Volume]&#xA;  /root/go-project/src/k8s.io/kubernetes/_output/local/go/src/k8s.io/kubernetes/test/e2e/common/empty_dir.go:85&#xA;�[1mSTEP�[0m: Creating a pod to test emptydir 0666 on tmpfs&#xA;Mar 21 11:47:00.962: INFO: Waiting up to 5m0s for pod pod-1872aaab-0e2c-11e7-9911-42010a8c0008 status to be success or failure&#xA;Mar 21 11:47:00.965: INFO: Waiting for pod pod-1872aaab-0e2c-11e7-9911-42010a8c0008 in namespace &#39;e2e-tests-emptydir-ggvwz&#39; status to be &#39;success or failure&#39;(found phase: &#34;Pending&#34;, readiness: false) (2.455286ms elapsed)&#xA;Mar 21 11:47:02.967: INFO: Waiting for pod pod-1872aaab-0e2c-11e7-9911-42010a8c0008 in namespace &#39;e2e-tests-emptydir-ggvwz&#39; status to be &#39;success or failure&#39;(found phase: &#34;Pending&#34;, readiness: false) (2.004410077s elapsed)&#xA;Mar 21 11:47:04.968: INFO: Waiting for pod pod-1872aaab-0e2c-11e7-9911-42010a8c0008 in namespace &#39;e2e-tests-emptydir-ggvwz&#39; status to be &#39;success or failure&#39;(found phase: &#34;Pending&#34;, readiness: false) (4.006287019s elapsed)&#xA;Mar 21 11:47:06.970: INFO: Waiting for pod pod-1872aaab-0e2c-11e7-9911-42010a8c0008 in namespace &#39;e2e-tests-emptydir-ggvwz&#39; status to be &#39;success or failure&#39;(found phase: &#34;Pending&#34;, readiness: false) (6.008003874s elapsed)&#xA;Mar 21 11:47:08.978: INFO: Output of node &#34;frakti-e2e&#34; pod &#34;pod-1872aaab-0e2c-11e7-9911-42010a8c0008&#34; container &#34;test-container&#34;: &#xA;�[1mSTEP�[0m: delete the pod&#xA;Mar 21 11:47:08.982: INFO: Waiting for pod pod-1872aaab-0e2c-11e7-9911-42010a8c0008 to disappear&#xA;Mar 21 11:47:08.983: INFO: Pod pod-1872aaab-0e2c-11e7-9911-42010a8c0008 no longer exists&#xA;Mar 21 11:47:08.983: INFO: Unexpected error occurred: expected pod &#34;pod-1872aaab-0e2c-11e7-9911-42010a8c0008&#34; success: &lt;nil&gt;&#xA;[AfterEach] [k8s.io] EmptyDir volumes&#xA;  /root/go-project/src/k8s.io/kubernetes/_output/local/go/src/k8s.io/kubernetes/test/e2e/framework/framework.go:120&#xA;�[1mSTEP�[0m: Collecting events from namespace &#34;e2e-tests-emptydir-ggvwz&#34;.&#xA;�[1mSTEP�[0m: Found 3 events.&#xA;Mar 21 11:47:08.985: INFO: At 2017-03-21 11:47:06 +0000 UTC - event for pod-1872aaab-0e2c-11e7-9911-42010a8c0008: {kubelet frakti-e2e} Pulled: Container image &#34;gcr.io/google_containers/mounttest-user:0.5&#34; already present on machine&#xA;Mar 21 11:47:08.985: INFO: At 2017-03-21 11:47:06 +0000 UTC - event for pod-1872aaab-0e2c-11e7-9911-42010a8c0008: {kubelet frakti-e2e} Created: Created container with id bea901d0a870af569a3c98a781ea9303db749fab27f78f67e0c9279404e42059&#xA;Mar 21 11:47:08.985: INFO: At 2017-03-21 11:47:06 +0000 UTC - event for pod-1872aaab-0e2c-11e7-9911-42010a8c0008: {kubelet frakti-e2e} Started: Started container with id bea901d0a870af569a3c98a781ea9303db749fab27f78f67e0c9279404e42059&#xA;Mar 21 11:47:08.988: INFO: POD            NODE        PHASE    GRACE  CONDITIONS&#xA;Mar 21 11:47:08.988: INFO: liveness-exec  frakti-e2e  Running         [{Initialized True 0001-01-01 00:00:00 +0000 UTC 2017-03-21 11:46:03 +0000 UTC  } {Ready True 0001-01-01 00:00:00 +0000 UTC 2017-03-21 11:46:10 +0000 UTC  } {PodScheduled True 0001-01-01 00:00:00 +0000 UTC 2017-03-21 11:46:10 +0000 UTC  }]&#xA;Mar 21 11:47:08.988: INFO: &#xA;Mar 21 11:47:08.989: INFO: &#xA;Logging node info for node frakti-e2e&#xA;Mar 21 11:47:08.990: INFO: Node Info: &amp;Node{ObjectMeta:k8s_io_apimachinery_pkg_apis_meta_v1.ObjectMeta{Name:frakti-e2e,GenerateName:,Namespace:,SelfLink:/api/v1/nodesfrakti-e2e,UID:464fd7a6-0e28-11e7-a3dc-42010a8c0008,ResourceVersion:2370,Generation:0,CreationTimestamp:2017-03-21 11:19:39 +0000 UTC,DeletionTimestamp:&lt;nil&gt;,DeletionGracePeriodSeconds:nil,Labels:map[string]string{beta.kubernetes.io/arch: amd64,beta.kubernetes.io/os: linux,kubernetes.io/hostname: frakti-e2e,},Annotations:map[string]string{volumes.kubernetes.io/controller-managed-attach-detach: true,},OwnerReferences:[],Finalizers:[],ClusterName:,},Spec:NodeSpec{PodCIDR:,ExternalID:frakti-e2e,ProviderID:gce:////5985600149768706345,Unschedulable:false,Taints:[],},Status:NodeStatus{Capacity:ResourceList{cpu: {{4 0} {&lt;nil&gt;} 4 DecimalSI},memory: {{15770382336 0} {&lt;nil&gt;} 15400764Ki BinarySI},pods: {{110 0} {&lt;nil&gt;} 110 DecimalSI},},Allocatable:ResourceList{cpu: {{4 0} {&lt;nil&gt;} 4 DecimalSI},memory: {{15508238336 0} {&lt;nil&gt;} 15144764Ki BinarySI},pods: {{110 0} {&lt;nil&gt;} 110 DecimalSI},},Phase:,Conditions:[{OutOfDisk False 2017-03-21 11:47:07 +0000 UTC 2017-03-21 11:19:39 +0000 UTC KubeletHasSufficientDisk kubelet has sufficient disk space available} {MemoryPressure False 2017-03-21 11:47:07 +0000 UTC 2017-03-21 11:19:39 +0000 UTC KubeletHasSufficientMemory kubelet has sufficient memory available} {DiskPressure False 2017-03-21 11:47:07 +0000 UTC 2017-03-21 11:19:39 +0000 UTC KubeletHasNoDiskPressure kubelet has no disk pressure} {Ready True 2017-03-21 11:47:07 +0000 UTC 2017-03-21 11:19:39 +0000 UTC KubeletReady kubelet is posting ready status}],Addresses:[{LegacyHostIP 10.140.0.8} {InternalIP 10.140.0.8} {Hostname frakti-e2e}],DaemonEndpoints:NodeDaemonEndpoints{KubeletEndpoint:DaemonEndpoint{Port:10250,},},NodeInfo:NodeSystemInfo{MachineID:24ff1754f521f8ffc0b9d886cd5831f7,SystemUUID:66DF790D-8659-19AF-C8E8-AAAC6BAFD264,BootID:7e239c8e-718c-4421-bc64-180fb95b872d,KernelVersion:3.10.0-514.6.2.el7.x86_64,OSImage:CentOS Linux 7 (Core),ContainerRuntimeVersion:hyper://0.8.0,KubeletVersion:v1.7.0-alpha.0.1397+e3f6f14bf0d1af,KubeProxyVersion:v1.7.0-alpha.0.1397+e3f6f14bf0d1af,OperatingSystem:linux,Architecture:amd64,},Images:[{[gcr.io/google_containers/node-problem-detector:v0.3.0] 290407887} {[gcr.io/google_containers/volume-nfs:0.8] 247146979} {[gcr.io/google_containers/volume-gluster:0.2] 212127750} {[gcr.io/google_containers/nginx-slim:0.7] 86838142} {[] 47794349} {[gcr.io/google_containers/hostexec:1.2] 13185747} {[gcr.io/google_containers/netexec:1.7] 8016035} {[gcr.io/google_containers/netexec:1.5] 7358440} {[gcr.io/google_containers/netexec:1.4] 7293444} {[gcr.io/google_containers/alpine-with-bash:1.0] 6660469} {[gcr.io/google_containers/serve_hostname:v1.4] 6222101} {[gcr.io/google-containers/stress:v1] 5494760} {[] 5042632} {[gcr.io/authenticated-image-pulling/alpine:3.1] 5038488} {[gcr.io/google_containers/test-webserver:e2e] 4534272} {[gcr.io/google_containers/liveness:e2e] 4387474} {[gcr.io/google_containers/eptest:0.1] 2970692} {[gcr.io/google_containers/mounttest-user:0.5] 1450761} {[gcr.io/google_containers/mounttest:0.8] 1450761} {[gcr.io/google_containers/busybox@sha256:4bdd623e848417d96127e16037743f0cd8b528c026e9175e22a84f639eca58ff gcr.io/google_containers/busybox:1.24] 1113554} {[gcr.io/google_containers/pause-amd64:3.0] 746888}],VolumesInUse:[],VolumesAttached:[],},}&#xA;Mar 21 11:47:08.990: INFO: &#xA;Logging kubelet events for node frakti-e2e&#xA;Mar 21 11:47:08.991: INFO: &#xA;Logging pods the kubelet thinks is on node frakti-e2e&#xA;Mar 21 11:47:08.994: INFO: liveness-exec started at 2017-03-21 11:46:03 +0000 UTC (0+1 container statuses recorded)&#xA;Mar 21 11:47:08.994: INFO: &#x9;Container liveness ready: true, restart count 2&#xA;Mar 21 11:47:09.057: INFO: &#xA;Latency metrics for node frakti-e2e&#xA;Mar 21 11:47:09.057: INFO: {Operation:sync Method:pod_worker_latency_microseconds Quantile:0.99 Latency:2m5.357876s}&#xA;Mar 21 11:47:09.057: INFO: {Operation:sync Method:pod_worker_latency_microseconds Quantile:0.9 Latency:2m5.314164s}&#xA;Mar 21 11:47:09.057: INFO: {Operation:sync Method:pod_worker_latency_microseconds Quantile:0.5 Latency:2m1.114117s}&#xA;�[1mSTEP�[0m: Dumping a list of prepulled images on each node&#xA;Mar 21 11:47:09.058: INFO: Waiting up to 3m0s for all (but 0) nodes to be ready&#xA;�[1mSTEP�[0m: Destroying namespace &#34;e2e-tests-emptydir-ggvwz&#34; for this suite.&#xA;Mar 21 11:47:19.090: INFO: namespace: e2e-tests-emptydir-ggvwz, resource: bindings, ignored listing per whitelist&#xA;</system-out>
      </testcase>
      <testcase name="[k8s.io] InodeEviction [Slow] [Serial] [Disruptive] [Flaky] when we run containers that should cause Disk Pressure due to Inodes should eventually see Disk Pressure due to Inodes, and then evict all of the correct pods" classname="E2eNode Suite" time="0">
          <skipped></skipped>
      </testcase>
      <testcase name="[k8s.io] Projected should set mode on item file [Conformance] [Volume]" classname="E2eNode Suite" time="18.058509723"></testcase>
      <testcase name="[k8s.io] Secrets should be consumable in multiple volumes in a pod [Conformance] [Volume]" classname="E2eNode Suite" time="18.068202456"></testcase>
      <testcase name="[k8s.io] Kubelet Cgroup Manager Pod containers On scheduling a BestEffort Pod Pod containers should have been created under the BestEffort cgroup" classname="E2eNode Suite" time="38.182494814">
          <failure type="Failure">/root/go-project/src/k8s.io/kubernetes/_output/local/go/src/k8s.io/kubernetes/test/e2e_node/pods_container_manager_test.go:259&#xA;Expected error:&#xA;    &lt;*errors.errorString | 0xc420f25f70&gt;: {&#xA;        s: &#34;pod \&#34;pod38cc4344-0e2c-11e7-9911-42010a8c0008\&#34; failed with status: {Phase:Failed Conditions:[{Type:Initialized Status:True LastProbeTime:0001-01-01 00:00:00 +0000 UTC LastTransitionTime:2017-03-21 11:47:55 +0000 UTC Reason: Message:} {Type:Ready Status:False LastProbeTime:0001-01-01 00:00:00 +0000 UTC LastTransitionTime:2017-03-21 11:47:55 +0000 UTC Reason:ContainersNotReady Message:containers with unready status: [container38cc440d-0e2c-11e7-9911-42010a8c0008]}] Message: Reason: HostIP:10.140.0.8 PodIP:10.10.1.177 StartTime:2017-03-21 11:47:55 +0000 UTC InitContainerStatuses:[] ContainerStatuses:[{Name:container38cc440d-0e2c-11e7-9911-42010a8c0008 State:{Waiting:nil Running:nil Terminated:&amp;ContainerStateTerminated{ExitCode:127,Signal:0,Reason:Failed,Message:,StartedAt:0001-01-01 00:00:00 +0000 UTC,FinishedAt:2017-03-21 11:48:02 +0000 UTC,ContainerID:hyper://666d1e70d776c532fcc265d4f4130d1106034a763268e21762b09d0271144320,}} LastTerminationState:{Waiting:nil Running:nil Terminated:nil} Ready:false RestartCount:0 Image:gcr.io/google_containers/busybox@sha256:4bdd623e848417d96127e16037743f0cd8b528c026e9175e22a84f639eca58ff ImageID:sha256:0cb40641836c461bc97c793971d84d758371ed682042457523e4ae701efe7ec9 ContainerID:hyper://666d1e70d776c532fcc265d4f4130d1106034a763268e21762b09d0271144320}] QOSClass:BestEffort}&#34;,&#xA;    }&#xA;    pod &#34;pod38cc4344-0e2c-11e7-9911-42010a8c0008&#34; failed with status: {Phase:Failed Conditions:[{Type:Initialized Status:True LastProbeTime:0001-01-01 00:00:00 +0000 UTC LastTransitionTime:2017-03-21 11:47:55 +0000 UTC Reason: Message:} {Type:Ready Status:False LastProbeTime:0001-01-01 00:00:00 +0000 UTC LastTransitionTime:2017-03-21 11:47:55 +0000 UTC Reason:ContainersNotReady Message:containers with unready status: [container38cc440d-0e2c-11e7-9911-42010a8c0008]}] Message: Reason: HostIP:10.140.0.8 PodIP:10.10.1.177 StartTime:2017-03-21 11:47:55 +0000 UTC InitContainerStatuses:[] ContainerStatuses:[{Name:container38cc440d-0e2c-11e7-9911-42010a8c0008 State:{Waiting:nil Running:nil Terminated:&amp;ContainerStateTerminated{ExitCode:127,Signal:0,Reason:Failed,Message:,StartedAt:0001-01-01 00:00:00 +0000 UTC,FinishedAt:2017-03-21 11:48:02 +0000 UTC,ContainerID:hyper://666d1e70d776c532fcc265d4f4130d1106034a763268e21762b09d0271144320,}} LastTerminationState:{Waiting:nil Running:nil Terminated:nil} Ready:false RestartCount:0 Image:gcr.io/google_containers/busybox@sha256:4bdd623e848417d96127e16037743f0cd8b528c026e9175e22a84f639eca58ff ImageID:sha256:0cb40641836c461bc97c793971d84d758371ed682042457523e4ae701efe7ec9 ContainerID:hyper://666d1e70d776c532fcc265d4f4130d1106034a763268e21762b09d0271144320}] QOSClass:BestEffort}&#xA;not to have occurred&#xA;/root/go-project/src/k8s.io/kubernetes/_output/local/go/src/k8s.io/kubernetes/test/e2e_node/pods_container_manager_test.go:249</failure>
          <system-out>[BeforeEach] [k8s.io] Kubelet Cgroup Manager&#xA;  /root/go-project/src/k8s.io/kubernetes/_output/local/go/src/k8s.io/kubernetes/test/e2e/framework/framework.go:119&#xA;�[1mSTEP�[0m: Creating a kubernetes client&#xA;�[1mSTEP�[0m: Building a namespace api object&#xA;Mar 21 11:47:55.232: INFO: Skipping waiting for service account&#xA;[It] Pod containers should have been created under the BestEffort cgroup&#xA;  /root/go-project/src/k8s.io/kubernetes/_output/local/go/src/k8s.io/kubernetes/test/e2e_node/pods_container_manager_test.go:259&#xA;�[1mSTEP�[0m: Creating a BestEffort pod in Namespace&#xA;�[1mSTEP�[0m: Checking if the pod cgroup was created&#xA;Mar 21 11:47:55.244: INFO: Waiting up to 5m0s for pod pod38cc4344-0e2c-11e7-9911-42010a8c0008 status to be success or failure&#xA;Mar 21 11:47:55.248: INFO: Waiting for pod pod38cc4344-0e2c-11e7-9911-42010a8c0008 in namespace &#39;e2e-tests-kubelet-cgroup-manager-9w39d&#39; status to be &#39;success or failure&#39;(found phase: &#34;Pending&#34;, readiness: false) (3.121905ms elapsed)&#xA;Mar 21 11:47:57.250: INFO: Waiting for pod pod38cc4344-0e2c-11e7-9911-42010a8c0008 in namespace &#39;e2e-tests-kubelet-cgroup-manager-9w39d&#39; status to be &#39;success or failure&#39;(found phase: &#34;Pending&#34;, readiness: false) (2.005433771s elapsed)&#xA;Mar 21 11:47:59.252: INFO: Waiting for pod pod38cc4344-0e2c-11e7-9911-42010a8c0008 in namespace &#39;e2e-tests-kubelet-cgroup-manager-9w39d&#39; status to be &#39;success or failure&#39;(found phase: &#34;Pending&#34;, readiness: false) (4.007628783s elapsed)&#xA;Mar 21 11:48:01.260: INFO: Waiting for pod pod38cc4344-0e2c-11e7-9911-42010a8c0008 in namespace &#39;e2e-tests-kubelet-cgroup-manager-9w39d&#39; status to be &#39;success or failure&#39;(found phase: &#34;Pending&#34;, readiness: false) (6.01509017s elapsed)&#xA;[AfterEach] [k8s.io] Kubelet Cgroup Manager&#xA;  /root/go-project/src/k8s.io/kubernetes/_output/local/go/src/k8s.io/kubernetes/test/e2e/framework/framework.go:120&#xA;�[1mSTEP�[0m: Collecting events from namespace &#34;e2e-tests-kubelet-cgroup-manager-9w39d&#34;.&#xA;�[1mSTEP�[0m: Found 6 events.&#xA;Mar 21 11:48:03.266: INFO: At 2017-03-21 11:48:01 +0000 UTC - event for pod38cbdf65-0e2c-11e7-9911-42010a8c0008: {kubelet frakti-e2e} Pulled: Container image &#34;gcr.io/google_containers/pause-amd64:3.0&#34; already present on machine&#xA;Mar 21 11:48:03.266: INFO: At 2017-03-21 11:48:01 +0000 UTC - event for pod38cbdf65-0e2c-11e7-9911-42010a8c0008: {kubelet frakti-e2e} Created: Created container with id 4fe59def7eb1bd08a0536fd770de165b50a8c5ed44057d0e08fb75b58f169d32&#xA;Mar 21 11:48:03.266: INFO: At 2017-03-21 11:48:01 +0000 UTC - event for pod38cc4344-0e2c-11e7-9911-42010a8c0008: {kubelet frakti-e2e} Pulled: Container image &#34;gcr.io/google_containers/busybox:1.24&#34; already present on machine&#xA;Mar 21 11:48:03.266: INFO: At 2017-03-21 11:48:02 +0000 UTC - event for pod38cbdf65-0e2c-11e7-9911-42010a8c0008: {kubelet frakti-e2e} Started: Started container with id 4fe59def7eb1bd08a0536fd770de165b50a8c5ed44057d0e08fb75b58f169d32&#xA;Mar 21 11:48:03.266: INFO: At 2017-03-21 11:48:02 +0000 UTC - event for pod38cc4344-0e2c-11e7-9911-42010a8c0008: {kubelet frakti-e2e} Created: Created container with id 666d1e70d776c532fcc265d4f4130d1106034a763268e21762b09d0271144320&#xA;Mar 21 11:48:03.266: INFO: At 2017-03-21 11:48:02 +0000 UTC - event for pod38cc4344-0e2c-11e7-9911-42010a8c0008: {kubelet frakti-e2e} Started: Started container with id 666d1e70d776c532fcc265d4f4130d1106034a763268e21762b09d0271144320&#xA;Mar 21 11:48:03.271: INFO: POD                                      NODE        PHASE    GRACE  CONDITIONS&#xA;Mar 21 11:48:03.271: INFO: liveness-exec                            frakti-e2e  Running         [{Initialized True 0001-01-01 00:00:00 +0000 UTC 2017-03-21 11:46:03 +0000 UTC  } {Ready False 0001-01-01 00:00:00 +0000 UTC 2017-03-21 11:47:54 +0000 UTC ContainersNotReady containers with unready status: [liveness]} {PodScheduled True 0001-01-01 00:00:00 +0000 UTC 2017-03-21 11:46:10 +0000 UTC  }]&#xA;Mar 21 11:48:03.271: INFO: pod38cbdf65-0e2c-11e7-9911-42010a8c0008  frakti-e2e  Running         [{Initialized True 0001-01-01 00:00:00 +0000 UTC 2017-03-21 11:47:55 +0000 UTC  } {Ready True 0001-01-01 00:00:00 +0000 UTC 2017-03-21 11:48:02 +0000 UTC  }]&#xA;Mar 21 11:48:03.271: INFO: pod38cc4344-0e2c-11e7-9911-42010a8c0008  frakti-e2e  Failed          [{Initialized True 0001-01-01 00:00:00 +0000 UTC 2017-03-21 11:47:55 +0000 UTC  } {Ready False 0001-01-01 00:00:00 +0000 UTC 2017-03-21 11:47:55 +0000 UTC ContainersNotReady containers with unready status: [container38cc440d-0e2c-11e7-9911-42010a8c0008]}]&#xA;Mar 21 11:48:03.271: INFO: &#xA;Mar 21 11:48:03.273: INFO: &#xA;Logging node info for node frakti-e2e&#xA;Mar 21 11:48:03.275: INFO: Node Info: &amp;Node{ObjectMeta:k8s_io_apimachinery_pkg_apis_meta_v1.ObjectMeta{Name:frakti-e2e,GenerateName:,Namespace:,SelfLink:/api/v1/nodesfrakti-e2e,UID:464fd7a6-0e28-11e7-a3dc-42010a8c0008,ResourceVersion:2445,Generation:0,CreationTimestamp:2017-03-21 11:19:39 +0000 UTC,DeletionTimestamp:&lt;nil&gt;,DeletionGracePeriodSeconds:nil,Labels:map[string]string{beta.kubernetes.io/arch: amd64,beta.kubernetes.io/os: linux,kubernetes.io/hostname: frakti-e2e,},Annotations:map[string]string{volumes.kubernetes.io/controller-managed-attach-detach: true,},OwnerReferences:[],Finalizers:[],ClusterName:,},Spec:NodeSpec{PodCIDR:,ExternalID:frakti-e2e,ProviderID:gce:////5985600149768706345,Unschedulable:false,Taints:[],},Status:NodeStatus{Capacity:ResourceList{cpu: {{4 0} {&lt;nil&gt;} 4 DecimalSI},memory: {{15770382336 0} {&lt;nil&gt;} 15400764Ki BinarySI},pods: {{110 0} {&lt;nil&gt;} 110 DecimalSI},},Allocatable:ResourceList{cpu: {{4 0} {&lt;nil&gt;} 4 DecimalSI},memory: {{15508238336 0} {&lt;nil&gt;} 15144764Ki BinarySI},pods: {{110 0} {&lt;nil&gt;} 110 DecimalSI},},Phase:,Conditions:[{OutOfDisk False 2017-03-21 11:47:57 +0000 UTC 2017-03-21 11:19:39 +0000 UTC KubeletHasSufficientDisk kubelet has sufficient disk space available} {MemoryPressure False 2017-03-21 11:47:57 +0000 UTC 2017-03-21 11:19:39 +0000 UTC KubeletHasSufficientMemory kubelet has sufficient memory available} {DiskPressure False 2017-03-21 11:47:57 +0000 UTC 2017-03-21 11:19:39 +0000 UTC KubeletHasNoDiskPressure kubelet has no disk pressure} {Ready True 2017-03-21 11:47:57 +0000 UTC 2017-03-21 11:19:39 +0000 UTC KubeletReady kubelet is posting ready status}],Addresses:[{LegacyHostIP 10.140.0.8} {InternalIP 10.140.0.8} {Hostname frakti-e2e}],DaemonEndpoints:NodeDaemonEndpoints{KubeletEndpoint:DaemonEndpoint{Port:10250,},},NodeInfo:NodeSystemInfo{MachineID:24ff1754f521f8ffc0b9d886cd5831f7,SystemUUID:66DF790D-8659-19AF-C8E8-AAAC6BAFD264,BootID:7e239c8e-718c-4421-bc64-180fb95b872d,KernelVersion:3.10.0-514.6.2.el7.x86_64,OSImage:CentOS Linux 7 (Core),ContainerRuntimeVersion:hyper://0.8.0,KubeletVersion:v1.7.0-alpha.0.1397+e3f6f14bf0d1af,KubeProxyVersion:v1.7.0-alpha.0.1397+e3f6f14bf0d1af,OperatingSystem:linux,Architecture:amd64,},Images:[{[gcr.io/google_containers/node-problem-detector:v0.3.0] 290407887} {[gcr.io/google_containers/volume-nfs:0.8] 247146979} {[gcr.io/google_containers/volume-gluster:0.2] 212127750} {[gcr.io/google_containers/nginx-slim:0.7] 86838142} {[] 47794349} {[gcr.io/google_containers/hostexec:1.2] 13185747} {[gcr.io/google_containers/netexec:1.7] 8016035} {[gcr.io/google_containers/netexec:1.5] 7358440} {[gcr.io/google_containers/netexec:1.4] 7293444} {[gcr.io/google_containers/alpine-with-bash:1.0] 6660469} {[gcr.io/google_containers/serve_hostname:v1.4] 6222101} {[gcr.io/google-containers/stress:v1] 5494760} {[] 5042632} {[gcr.io/authenticated-image-pulling/alpine:3.1] 5038488} {[gcr.io/google_containers/test-webserver:e2e] 4534272} {[gcr.io/google_containers/liveness:e2e] 4387474} {[gcr.io/google_containers/eptest:0.1] 2970692} {[gcr.io/google_containers/mounttest-user:0.5] 1450761} {[gcr.io/google_containers/mounttest:0.8] 1450761} {[gcr.io/google_containers/busybox@sha256:4bdd623e848417d96127e16037743f0cd8b528c026e9175e22a84f639eca58ff gcr.io/google_containers/busybox:1.24] 1113554} {[gcr.io/google_containers/pause-amd64:3.0] 746888}],VolumesInUse:[],VolumesAttached:[],},}&#xA;Mar 21 11:48:03.275: INFO: &#xA;Logging kubelet events for node frakti-e2e&#xA;Mar 21 11:48:03.276: INFO: &#xA;Logging pods the kubelet thinks is on node frakti-e2e&#xA;Mar 21 11:48:03.279: INFO: liveness-exec started at 2017-03-21 11:46:03 +0000 UTC (0+1 container statuses recorded)&#xA;Mar 21 11:48:03.280: INFO: &#x9;Container liveness ready: false, restart count 4&#xA;Mar 21 11:48:03.280: INFO: pod38cbdf65-0e2c-11e7-9911-42010a8c0008 started at 2017-03-21 11:47:55 +0000 UTC (0+1 container statuses recorded)&#xA;Mar 21 11:48:03.280: INFO: &#x9;Container container38cbf44f-0e2c-11e7-9911-42010a8c0008 ready: true, restart count 0&#xA;Mar 21 11:48:03.280: INFO: pod38cc4344-0e2c-11e7-9911-42010a8c0008 started at 2017-03-21 11:47:55 +0000 UTC (0+1 container statuses recorded)&#xA;Mar 21 11:48:03.280: INFO: &#x9;Container container38cc440d-0e2c-11e7-9911-42010a8c0008 ready: false, restart count 0&#xA;Mar 21 11:48:03.372: INFO: &#xA;Latency metrics for node frakti-e2e&#xA;Mar 21 11:48:03.372: INFO: {Operation:sync Method:pod_worker_latency_microseconds Quantile:0.99 Latency:2m5.357876s}&#xA;Mar 21 11:48:03.372: INFO: {Operation:sync Method:pod_worker_latency_microseconds Quantile:0.9 Latency:2m5.314164s}&#xA;Mar 21 11:48:03.372: INFO: {Operation:sync Method:pod_worker_latency_microseconds Quantile:0.5 Latency:2m1.114117s}&#xA;�[1mSTEP�[0m: Dumping a list of prepulled images on each node&#xA;Mar 21 11:48:03.373: INFO: Waiting up to 3m0s for all (but 0) nodes to be ready&#xA;�[1mSTEP�[0m: Destroying namespace &#34;e2e-tests-kubelet-cgroup-manager-9w39d&#34; for this suite.&#xA;Mar 21 11:48:33.402: INFO: namespace: e2e-tests-kubelet-cgroup-manager-9w39d, resource: bindings, ignored listing per whitelist&#xA;</system-out>
      </testcase>
      <testcase name="[k8s.io] AppArmor [Feature:AppArmor] when running without AppArmor should reject a pod with an AppArmor profile" classname="E2eNode Suite" time="30.045021959"></testcase>
      <testcase name="[k8s.io] Pods should contain environment variables for services [Conformance]" classname="E2eNode Suite" time="53.237655455">
          <failure type="Failure">/root/go-project/src/k8s.io/kubernetes/_output/local/go/src/k8s.io/kubernetes/test/e2e/common/pods.go:441&#xA;Container should have service environment variables set&#xA;Expected error:&#xA;    &lt;*errors.errorString | 0xc420b557c0&gt;: {&#xA;        s: &#34;expected pod \&#34;client-envvars-650bd9a7-0e2c-11e7-9911-42010a8c0008\&#34; success: &lt;nil&gt;&#34;,&#xA;    }&#xA;    expected pod &#34;client-envvars-650bd9a7-0e2c-11e7-9911-42010a8c0008&#34; success: &lt;nil&gt;&#xA;not to have occurred&#xA;/root/go-project/src/k8s.io/kubernetes/_output/local/go/src/k8s.io/kubernetes/test/e2e/common/pods.go:440</failure>
          <system-out>[BeforeEach] [k8s.io] Pods&#xA;  /root/go-project/src/k8s.io/kubernetes/_output/local/go/src/k8s.io/kubernetes/test/e2e/framework/framework.go:119&#xA;�[1mSTEP�[0m: Creating a kubernetes client&#xA;�[1mSTEP�[0m: Building a namespace api object&#xA;Mar 21 11:49:03.462: INFO: Skipping waiting for service account&#xA;[BeforeEach] [k8s.io] Pods&#xA;  /root/go-project/src/k8s.io/kubernetes/_output/local/go/src/k8s.io/kubernetes/test/e2e/common/pods.go:127&#xA;[It] should contain environment variables for services [Conformance]&#xA;  /root/go-project/src/k8s.io/kubernetes/_output/local/go/src/k8s.io/kubernetes/test/e2e/common/pods.go:441&#xA;Mar 21 11:49:09.473: INFO: Waiting up to 5m0s for pod client-envvars-650bd9a7-0e2c-11e7-9911-42010a8c0008 status to be success or failure&#xA;Mar 21 11:49:09.474: INFO: Waiting for pod client-envvars-650bd9a7-0e2c-11e7-9911-42010a8c0008 in namespace &#39;e2e-tests-pods-rm7kb&#39; status to be &#39;success or failure&#39;(found phase: &#34;Pending&#34;, readiness: false) (1.305713ms elapsed)&#xA;Mar 21 11:49:11.476: INFO: Waiting for pod client-envvars-650bd9a7-0e2c-11e7-9911-42010a8c0008 in namespace &#39;e2e-tests-pods-rm7kb&#39; status to be &#39;success or failure&#39;(found phase: &#34;Pending&#34;, readiness: false) (2.003656899s elapsed)&#xA;Mar 21 11:49:13.478: INFO: Waiting for pod client-envvars-650bd9a7-0e2c-11e7-9911-42010a8c0008 in namespace &#39;e2e-tests-pods-rm7kb&#39; status to be &#39;success or failure&#39;(found phase: &#34;Pending&#34;, readiness: false) (4.005569204s elapsed)&#xA;Mar 21 11:49:15.487: INFO: Output of node &#34;frakti-e2e&#34; pod &#34;client-envvars-650bd9a7-0e2c-11e7-9911-42010a8c0008&#34; container &#34;env3cont&#34;: exec failed: No such file or directory&#xA;&#xA;�[1mSTEP�[0m: delete the pod&#xA;Mar 21 11:49:15.491: INFO: Waiting for pod client-envvars-650bd9a7-0e2c-11e7-9911-42010a8c0008 to disappear&#xA;Mar 21 11:49:15.493: INFO: Pod client-envvars-650bd9a7-0e2c-11e7-9911-42010a8c0008 no longer exists&#xA;Mar 21 11:49:15.493: INFO: (Attempt 1 of 3) Unexpected error occurred: expected pod &#34;client-envvars-650bd9a7-0e2c-11e7-9911-42010a8c0008&#34; success: &lt;nil&gt;&#xA;Mar 21 11:49:15.495: INFO: Waiting up to 5m0s for pod client-envvars-650bd9a7-0e2c-11e7-9911-42010a8c0008 status to be success or failure&#xA;Mar 21 11:49:15.496: INFO: Waiting for pod client-envvars-650bd9a7-0e2c-11e7-9911-42010a8c0008 in namespace &#39;e2e-tests-pods-rm7kb&#39; status to be &#39;success or failure&#39;(found phase: &#34;Pending&#34;, readiness: false) (1.007318ms elapsed)&#xA;Mar 21 11:49:17.498: INFO: Waiting for pod client-envvars-650bd9a7-0e2c-11e7-9911-42010a8c0008 in namespace &#39;e2e-tests-pods-rm7kb&#39; status to be &#39;success or failure&#39;(found phase: &#34;Pending&#34;, readiness: false) (2.003283623s elapsed)&#xA;Mar 21 11:49:19.501: INFO: Waiting for pod client-envvars-650bd9a7-0e2c-11e7-9911-42010a8c0008 in namespace &#39;e2e-tests-pods-rm7kb&#39; status to be &#39;success or failure&#39;(found phase: &#34;Pending&#34;, readiness: false) (4.005677589s elapsed)&#xA;Mar 21 11:49:21.508: INFO: Waiting for pod client-envvars-650bd9a7-0e2c-11e7-9911-42010a8c0008 in namespace &#39;e2e-tests-pods-rm7kb&#39; status to be &#39;success or failure&#39;(found phase: &#34;Pending&#34;, readiness: false) (6.013144672s elapsed)&#xA;Mar 21 11:49:23.517: INFO: Output of node &#34;frakti-e2e&#34; pod &#34;client-envvars-650bd9a7-0e2c-11e7-9911-42010a8c0008&#34; container &#34;env3cont&#34;: exec failed: No such file or directory&#xA;&#xA;�[1mSTEP�[0m: delete the pod&#xA;Mar 21 11:49:23.523: INFO: Waiting for pod client-envvars-650bd9a7-0e2c-11e7-9911-42010a8c0008 to disappear&#xA;Mar 21 11:49:23.525: INFO: Pod client-envvars-650bd9a7-0e2c-11e7-9911-42010a8c0008 no longer exists&#xA;Mar 21 11:49:23.525: INFO: (Attempt 2 of 3) Unexpected error occurred: expected pod &#34;client-envvars-650bd9a7-0e2c-11e7-9911-42010a8c0008&#34; success: &lt;nil&gt;&#xA;Mar 21 11:49:23.529: INFO: Waiting up to 5m0s for pod client-envvars-650bd9a7-0e2c-11e7-9911-42010a8c0008 status to be success or failure&#xA;Mar 21 11:49:23.531: INFO: Waiting for pod client-envvars-650bd9a7-0e2c-11e7-9911-42010a8c0008 in namespace &#39;e2e-tests-pods-rm7kb&#39; status to be &#39;success or failure&#39;(found phase: &#34;Pending&#34;, readiness: false) (1.921625ms elapsed)&#xA;Mar 21 11:49:25.533: INFO: Waiting for pod client-envvars-650bd9a7-0e2c-11e7-9911-42010a8c0008 in namespace &#39;e2e-tests-pods-rm7kb&#39; status to be &#39;success or failure&#39;(found phase: &#34;Pending&#34;, readiness: false) (2.003996172s elapsed)&#xA;Mar 21 11:49:27.535: INFO: Waiting for pod client-envvars-650bd9a7-0e2c-11e7-9911-42010a8c0008 in namespace &#39;e2e-tests-pods-rm7kb&#39; status to be &#39;success or failure&#39;(found phase: &#34;Pending&#34;, readiness: false) (4.006137204s elapsed)&#xA;Mar 21 11:49:29.537: INFO: Waiting for pod client-envvars-650bd9a7-0e2c-11e7-9911-42010a8c0008 in namespace &#39;e2e-tests-pods-rm7kb&#39; status to be &#39;success or failure&#39;(found phase: &#34;Pending&#34;, readiness: false) (6.008389185s elapsed)&#xA;Mar 21 11:49:31.546: INFO: Output of node &#34;frakti-e2e&#34; pod &#34;client-envvars-650bd9a7-0e2c-11e7-9911-42010a8c0008&#34; container &#34;env3cont&#34;: exec failed: No such file or directory&#xA;&#xA;�[1mSTEP�[0m: delete the pod&#xA;Mar 21 11:49:31.551: INFO: Waiting for pod client-envvars-650bd9a7-0e2c-11e7-9911-42010a8c0008 to disappear&#xA;Mar 21 11:49:31.552: INFO: Pod client-envvars-650bd9a7-0e2c-11e7-9911-42010a8c0008 no longer exists&#xA;Mar 21 11:49:31.552: INFO: (Attempt 3 of 3) Unexpected error occurred: expected pod &#34;client-envvars-650bd9a7-0e2c-11e7-9911-42010a8c0008&#34; success: &lt;nil&gt;&#xA;[AfterEach] [k8s.io] Pods&#xA;  /root/go-project/src/k8s.io/kubernetes/_output/local/go/src/k8s.io/kubernetes/test/e2e/framework/framework.go:120&#xA;�[1mSTEP�[0m: Collecting events from namespace &#34;e2e-tests-pods-rm7kb&#34;.&#xA;�[1mSTEP�[0m: Found 13 events.&#xA;Mar 21 11:49:31.557: INFO: At 2017-03-21 11:49:08 +0000 UTC - event for server-envvars-6176f37e-0e2c-11e7-9911-42010a8c0008: {kubelet frakti-e2e} Started: Started container with id 12b2e10d06a9253232cbcf9be9cfa13d1b1a71845befc207a211d37686003c6f&#xA;Mar 21 11:49:31.557: INFO: At 2017-03-21 11:49:08 +0000 UTC - event for server-envvars-6176f37e-0e2c-11e7-9911-42010a8c0008: {kubelet frakti-e2e} Created: Created container with id 12b2e10d06a9253232cbcf9be9cfa13d1b1a71845befc207a211d37686003c6f&#xA;Mar 21 11:49:31.557: INFO: At 2017-03-21 11:49:08 +0000 UTC - event for server-envvars-6176f37e-0e2c-11e7-9911-42010a8c0008: {kubelet frakti-e2e} Pulled: Container image &#34;gcr.io/google_containers/serve_hostname:v1.4&#34; already present on machine&#xA;Mar 21 11:49:31.557: INFO: At 2017-03-21 11:49:14 +0000 UTC - event for client-envvars-650bd9a7-0e2c-11e7-9911-42010a8c0008: {kubelet frakti-e2e} Created: Created container with id 25a073cdd4583e402c9d8dedea45c5399a8038dca3f6d86e1fcc246f249ee830&#xA;Mar 21 11:49:31.557: INFO: At 2017-03-21 11:49:14 +0000 UTC - event for client-envvars-650bd9a7-0e2c-11e7-9911-42010a8c0008: {kubelet frakti-e2e} Started: Started container with id 25a073cdd4583e402c9d8dedea45c5399a8038dca3f6d86e1fcc246f249ee830&#xA;Mar 21 11:49:31.557: INFO: At 2017-03-21 11:49:14 +0000 UTC - event for client-envvars-650bd9a7-0e2c-11e7-9911-42010a8c0008: {kubelet frakti-e2e} Pulled: Container image &#34;gcr.io/google_containers/busybox:1.24&#34; already present on machine&#xA;Mar 21 11:49:31.557: INFO: At 2017-03-21 11:49:22 +0000 UTC - event for client-envvars-650bd9a7-0e2c-11e7-9911-42010a8c0008: {kubelet frakti-e2e} Started: Started container with id 100e582a8082d6568b079137e037b34f1eb08e0f891d0f75dad9e82a831c425f&#xA;Mar 21 11:49:31.557: INFO: At 2017-03-21 11:49:22 +0000 UTC - event for client-envvars-650bd9a7-0e2c-11e7-9911-42010a8c0008: {kubelet frakti-e2e} Created: Created container with id 100e582a8082d6568b079137e037b34f1eb08e0f891d0f75dad9e82a831c425f&#xA;Mar 21 11:49:31.557: INFO: At 2017-03-21 11:49:22 +0000 UTC - event for client-envvars-650bd9a7-0e2c-11e7-9911-42010a8c0008: {kubelet frakti-e2e} Pulled: Container image &#34;gcr.io/google_containers/busybox:1.24&#34; already present on machine&#xA;Mar 21 11:49:31.557: INFO: At 2017-03-21 11:49:23 +0000 UTC - event for client-envvars-650bd9a7-0e2c-11e7-9911-42010a8c0008: {kubelet frakti-e2e} Killing: Killing container with id hyper://100e582a8082d6568b079137e037b34f1eb08e0f891d0f75dad9e82a831c425f:Need to kill Pod&#xA;Mar 21 11:49:31.557: INFO: At 2017-03-21 11:49:29 +0000 UTC - event for client-envvars-650bd9a7-0e2c-11e7-9911-42010a8c0008: {kubelet frakti-e2e} Pulled: Container image &#34;gcr.io/google_containers/busybox:1.24&#34; already present on machine&#xA;Mar 21 11:49:31.557: INFO: At 2017-03-21 11:49:29 +0000 UTC - event for client-envvars-650bd9a7-0e2c-11e7-9911-42010a8c0008: {kubelet frakti-e2e} Created: Created container with id cc4d2f4a3770b74d54e3b60d3f096273ca94548561b83905d7ecdeaa85967a7a&#xA;Mar 21 11:49:31.557: INFO: At 2017-03-21 11:49:29 +0000 UTC - event for client-envvars-650bd9a7-0e2c-11e7-9911-42010a8c0008: {kubelet frakti-e2e} Started: Started container with id cc4d2f4a3770b74d54e3b60d3f096273ca94548561b83905d7ecdeaa85967a7a&#xA;Mar 21 11:49:31.561: INFO: POD                                                  NODE        PHASE    GRACE  CONDITIONS&#xA;Mar 21 11:49:31.561: INFO: server-envvars-6176f37e-0e2c-11e7-9911-42010a8c0008  frakti-e2e  Running         [{Initialized True 0001-01-01 00:00:00 +0000 UTC 2017-03-21 11:49:03 +0000 UTC  } {Ready True 0001-01-01 00:00:00 +0000 UTC 2017-03-21 11:49:08 +0000 UTC  } {PodScheduled True 0001-01-01 00:00:00 +0000 UTC 2017-03-21 11:49:08 +0000 UTC  }]&#xA;Mar 21 11:49:31.561: INFO: &#xA;Mar 21 11:49:31.562: INFO: &#xA;Logging node info for node frakti-e2e&#xA;Mar 21 11:49:31.564: INFO: Node Info: &amp;Node{ObjectMeta:k8s_io_apimachinery_pkg_apis_meta_v1.ObjectMeta{Name:frakti-e2e,GenerateName:,Namespace:,SelfLink:/api/v1/nodesfrakti-e2e,UID:464fd7a6-0e28-11e7-a3dc-42010a8c0008,ResourceVersion:2596,Generation:0,CreationTimestamp:2017-03-21 11:19:39 +0000 UTC,DeletionTimestamp:&lt;nil&gt;,DeletionGracePeriodSeconds:nil,Labels:map[string]string{beta.kubernetes.io/arch: amd64,beta.kubernetes.io/os: linux,kubernetes.io/hostname: frakti-e2e,},Annotations:map[string]string{volumes.kubernetes.io/controller-managed-attach-detach: true,},OwnerReferences:[],Finalizers:[],ClusterName:,},Spec:NodeSpec{PodCIDR:,ExternalID:frakti-e2e,ProviderID:gce:////5985600149768706345,Unschedulable:false,Taints:[],},Status:NodeStatus{Capacity:ResourceList{cpu: {{4 0} {&lt;nil&gt;} 4 DecimalSI},memory: {{15770382336 0} {&lt;nil&gt;} 15400764Ki BinarySI},pods: {{110 0} {&lt;nil&gt;} 110 DecimalSI},},Allocatable:ResourceList{cpu: {{4 0} {&lt;nil&gt;} 4 DecimalSI},memory: {{15508238336 0} {&lt;nil&gt;} 15144764Ki BinarySI},pods: {{110 0} {&lt;nil&gt;} 110 DecimalSI},},Phase:,Conditions:[{OutOfDisk False 2017-03-21 11:49:27 +0000 UTC 2017-03-21 11:19:39 +0000 UTC KubeletHasSufficientDisk kubelet has sufficient disk space available} {MemoryPressure False 2017-03-21 11:49:27 +0000 UTC 2017-03-21 11:19:39 +0000 UTC KubeletHasSufficientMemory kubelet has sufficient memory available} {DiskPressure False 2017-03-21 11:49:27 +0000 UTC 2017-03-21 11:19:39 +0000 UTC KubeletHasNoDiskPressure kubelet has no disk pressure} {Ready True 2017-03-21 11:49:27 +0000 UTC 2017-03-21 11:19:39 +0000 UTC KubeletReady kubelet is posting ready status}],Addresses:[{LegacyHostIP 10.140.0.8} {InternalIP 10.140.0.8} {Hostname frakti-e2e}],DaemonEndpoints:NodeDaemonEndpoints{KubeletEndpoint:DaemonEndpoint{Port:10250,},},NodeInfo:NodeSystemInfo{MachineID:24ff1754f521f8ffc0b9d886cd5831f7,SystemUUID:66DF790D-8659-19AF-C8E8-AAAC6BAFD264,BootID:7e239c8e-718c-4421-bc64-180fb95b872d,KernelVersion:3.10.0-514.6.2.el7.x86_64,OSImage:CentOS Linux 7 (Core),ContainerRuntimeVersion:hyper://0.8.0,KubeletVersion:v1.7.0-alpha.0.1397+e3f6f14bf0d1af,KubeProxyVersion:v1.7.0-alpha.0.1397+e3f6f14bf0d1af,OperatingSystem:linux,Architecture:amd64,},Images:[{[gcr.io/google_containers/node-problem-detector:v0.3.0] 290407887} {[gcr.io/google_containers/volume-nfs:0.8] 247146979} {[gcr.io/google_containers/volume-gluster:0.2] 212127750} {[gcr.io/google_containers/nginx-slim:0.7] 86838142} {[] 47794349} {[gcr.io/google_containers/hostexec:1.2] 13185747} {[gcr.io/google_containers/netexec:1.7] 8016035} {[gcr.io/google_containers/netexec:1.5] 7358440} {[gcr.io/google_containers/netexec:1.4] 7293444} {[gcr.io/google_containers/alpine-with-bash:1.0] 6660469} {[gcr.io/google_containers/serve_hostname:v1.4] 6222101} {[gcr.io/google-containers/stress:v1] 5494760} {[] 5042632} {[gcr.io/authenticated-image-pulling/alpine:3.1] 5038488} {[gcr.io/google_containers/test-webserver:e2e] 4534272} {[gcr.io/google_containers/liveness:e2e] 4387474} {[gcr.io/google_containers/eptest:0.1] 2970692} {[gcr.io/google_containers/mounttest-user:0.5] 1450761} {[gcr.io/google_containers/mounttest:0.8] 1450761} {[gcr.io/google_containers/busybox@sha256:4bdd623e848417d96127e16037743f0cd8b528c026e9175e22a84f639eca58ff gcr.io/google_containers/busybox:1.24] 1113554} {[gcr.io/google_containers/pause-amd64:3.0] 746888}],VolumesInUse:[],VolumesAttached:[],},}&#xA;Mar 21 11:49:31.564: INFO: &#xA;Logging kubelet events for node frakti-e2e&#xA;Mar 21 11:49:31.565: INFO: &#xA;Logging pods the kubelet thinks is on node frakti-e2e&#xA;Mar 21 11:49:31.568: INFO: server-envvars-6176f37e-0e2c-11e7-9911-42010a8c0008 started at 2017-03-21 11:49:03 +0000 UTC (0+1 container statuses recorded)&#xA;Mar 21 11:49:31.568: INFO: &#x9;Container srv ready: true, restart count 0&#xA;Mar 21 11:49:31.655: INFO: &#xA;Latency metrics for node frakti-e2e&#xA;Mar 21 11:49:31.655: INFO: {Operation:sync Method:pod_worker_latency_microseconds Quantile:0.99 Latency:2m5.389128s}&#xA;Mar 21 11:49:31.655: INFO: {Operation:sync Method:pod_worker_latency_microseconds Quantile:0.9 Latency:2m5.314164s}&#xA;Mar 21 11:49:31.655: INFO: {Operation:sync Method:pod_worker_latency_microseconds Quantile:0.5 Latency:2m1.114117s}&#xA;�[1mSTEP�[0m: Dumping a list of prepulled images on each node&#xA;Mar 21 11:49:31.656: INFO: Waiting up to 3m0s for all (but 0) nodes to be ready&#xA;�[1mSTEP�[0m: Destroying namespace &#34;e2e-tests-pods-rm7kb&#34; for this suite.&#xA;Mar 21 11:49:56.695: INFO: namespace: e2e-tests-pods-rm7kb, resource: bindings, ignored listing per whitelist&#xA;</system-out>
      </testcase>
      <testcase name="[k8s.io] Downward API should provide container&#39;s limits.cpu/memory and requests.cpu/memory as env vars [Conformance]" classname="E2eNode Suite" time="20.15986457">
          <failure type="Failure">/root/go-project/src/k8s.io/kubernetes/_output/local/go/src/k8s.io/kubernetes/test/e2e/common/downward_api.go:130&#xA;Expected error:&#xA;    &lt;*errors.errorString | 0xc420bdeeb0&gt;: {&#xA;        s: &#34;expected pod \&#34;downward-api-81332b17-0e2c-11e7-9911-42010a8c0008\&#34; success: &lt;nil&gt;&#34;,&#xA;    }&#xA;    expected pod &#34;downward-api-81332b17-0e2c-11e7-9911-42010a8c0008&#34; success: &lt;nil&gt;&#xA;not to have occurred&#xA;/root/go-project/src/k8s.io/kubernetes/_output/local/go/src/k8s.io/kubernetes/test/e2e/framework/util.go:2197</failure>
          <system-out>[BeforeEach] [k8s.io] Downward API&#xA;  /root/go-project/src/k8s.io/kubernetes/_output/local/go/src/k8s.io/kubernetes/test/e2e/framework/framework.go:119&#xA;�[1mSTEP�[0m: Creating a kubernetes client&#xA;�[1mSTEP�[0m: Building a namespace api object&#xA;Mar 21 11:49:56.705: INFO: Skipping waiting for service account&#xA;[It] should provide container&#39;s limits.cpu/memory and requests.cpu/memory as env vars [Conformance]&#xA;  /root/go-project/src/k8s.io/kubernetes/_output/local/go/src/k8s.io/kubernetes/test/e2e/common/downward_api.go:130&#xA;�[1mSTEP�[0m: Creating a pod to test downward api env vars&#xA;Mar 21 11:49:56.707: INFO: Waiting up to 5m0s for pod downward-api-81332b17-0e2c-11e7-9911-42010a8c0008 status to be success or failure&#xA;Mar 21 11:49:56.717: INFO: Waiting for pod downward-api-81332b17-0e2c-11e7-9911-42010a8c0008 in namespace &#39;e2e-tests-downward-api-fz0h9&#39; status to be &#39;success or failure&#39;(found phase: &#34;Pending&#34;, readiness: false) (9.205575ms elapsed)&#xA;Mar 21 11:49:58.719: INFO: Waiting for pod downward-api-81332b17-0e2c-11e7-9911-42010a8c0008 in namespace &#39;e2e-tests-downward-api-fz0h9&#39; status to be &#39;success or failure&#39;(found phase: &#34;Pending&#34;, readiness: false) (2.011760122s elapsed)&#xA;Mar 21 11:50:00.722: INFO: Waiting for pod downward-api-81332b17-0e2c-11e7-9911-42010a8c0008 in namespace &#39;e2e-tests-downward-api-fz0h9&#39; status to be &#39;success or failure&#39;(found phase: &#34;Pending&#34;, readiness: false) (4.014357889s elapsed)&#xA;Mar 21 11:50:02.725: INFO: Waiting for pod downward-api-81332b17-0e2c-11e7-9911-42010a8c0008 in namespace &#39;e2e-tests-downward-api-fz0h9&#39; status to be &#39;success or failure&#39;(found phase: &#34;Pending&#34;, readiness: false) (6.017450129s elapsed)&#xA;Mar 21 11:50:04.727: INFO: Waiting for pod downward-api-81332b17-0e2c-11e7-9911-42010a8c0008 in namespace &#39;e2e-tests-downward-api-fz0h9&#39; status to be &#39;success or failure&#39;(found phase: &#34;Pending&#34;, readiness: false) (8.019809991s elapsed)&#xA;Mar 21 11:50:06.736: INFO: Output of node &#34;frakti-e2e&#34; pod &#34;downward-api-81332b17-0e2c-11e7-9911-42010a8c0008&#34; container &#34;dapi-container&#34;: exec failed: No such file or directory&#xA;&#xA;�[1mSTEP�[0m: delete the pod&#xA;Mar 21 11:50:06.742: INFO: Waiting for pod downward-api-81332b17-0e2c-11e7-9911-42010a8c0008 to disappear&#xA;Mar 21 11:50:06.743: INFO: Pod downward-api-81332b17-0e2c-11e7-9911-42010a8c0008 no longer exists&#xA;Mar 21 11:50:06.743: INFO: Unexpected error occurred: expected pod &#34;downward-api-81332b17-0e2c-11e7-9911-42010a8c0008&#34; success: &lt;nil&gt;&#xA;[AfterEach] [k8s.io] Downward API&#xA;  /root/go-project/src/k8s.io/kubernetes/_output/local/go/src/k8s.io/kubernetes/test/e2e/framework/framework.go:120&#xA;�[1mSTEP�[0m: Collecting events from namespace &#34;e2e-tests-downward-api-fz0h9&#34;.&#xA;�[1mSTEP�[0m: Found 3 events.&#xA;Mar 21 11:50:06.746: INFO: At 2017-03-21 11:50:04 +0000 UTC - event for downward-api-81332b17-0e2c-11e7-9911-42010a8c0008: {kubelet frakti-e2e} Pulled: Container image &#34;gcr.io/google_containers/busybox:1.24&#34; already present on machine&#xA;Mar 21 11:50:06.746: INFO: At 2017-03-21 11:50:04 +0000 UTC - event for downward-api-81332b17-0e2c-11e7-9911-42010a8c0008: {kubelet frakti-e2e} Created: Created container with id d06a7bc52ef8bc38206c98e62081d351dd0907b728046718487110ca59fa691f&#xA;Mar 21 11:50:06.746: INFO: At 2017-03-21 11:50:04 +0000 UTC - event for downward-api-81332b17-0e2c-11e7-9911-42010a8c0008: {kubelet frakti-e2e} Started: Started container with id d06a7bc52ef8bc38206c98e62081d351dd0907b728046718487110ca59fa691f&#xA;Mar 21 11:50:06.749: INFO: POD  NODE  PHASE  GRACE  CONDITIONS&#xA;Mar 21 11:50:06.749: INFO: &#xA;Mar 21 11:50:06.750: INFO: &#xA;Logging node info for node frakti-e2e&#xA;Mar 21 11:50:06.752: INFO: Node Info: &amp;Node{ObjectMeta:k8s_io_apimachinery_pkg_apis_meta_v1.ObjectMeta{Name:frakti-e2e,GenerateName:,Namespace:,SelfLink:/api/v1/nodesfrakti-e2e,UID:464fd7a6-0e28-11e7-a3dc-42010a8c0008,ResourceVersion:2666,Generation:0,CreationTimestamp:2017-03-21 11:19:39 +0000 UTC,DeletionTimestamp:&lt;nil&gt;,DeletionGracePeriodSeconds:nil,Labels:map[string]string{beta.kubernetes.io/arch: amd64,beta.kubernetes.io/os: linux,kubernetes.io/hostname: frakti-e2e,},Annotations:map[string]string{volumes.kubernetes.io/controller-managed-attach-detach: true,},OwnerReferences:[],Finalizers:[],ClusterName:,},Spec:NodeSpec{PodCIDR:,ExternalID:frakti-e2e,ProviderID:gce:////5985600149768706345,Unschedulable:false,Taints:[],},Status:NodeStatus{Capacity:ResourceList{cpu: {{4 0} {&lt;nil&gt;} 4 DecimalSI},memory: {{15770382336 0} {&lt;nil&gt;} 15400764Ki BinarySI},pods: {{110 0} {&lt;nil&gt;} 110 DecimalSI},},Allocatable:ResourceList{cpu: {{4 0} {&lt;nil&gt;} 4 DecimalSI},memory: {{15508238336 0} {&lt;nil&gt;} 15144764Ki BinarySI},pods: {{110 0} {&lt;nil&gt;} 110 DecimalSI},},Phase:,Conditions:[{OutOfDisk False 2017-03-21 11:49:58 +0000 UTC 2017-03-21 11:19:39 +0000 UTC KubeletHasSufficientDisk kubelet has sufficient disk space available} {MemoryPressure False 2017-03-21 11:49:58 +0000 UTC 2017-03-21 11:19:39 +0000 UTC KubeletHasSufficientMemory kubelet has sufficient memory available} {DiskPressure False 2017-03-21 11:49:58 +0000 UTC 2017-03-21 11:19:39 +0000 UTC KubeletHasNoDiskPressure kubelet has no disk pressure} {Ready True 2017-03-21 11:49:58 +0000 UTC 2017-03-21 11:19:39 +0000 UTC KubeletReady kubelet is posting ready status}],Addresses:[{LegacyHostIP 10.140.0.8} {InternalIP 10.140.0.8} {Hostname frakti-e2e}],DaemonEndpoints:NodeDaemonEndpoints{KubeletEndpoint:DaemonEndpoint{Port:10250,},},NodeInfo:NodeSystemInfo{MachineID:24ff1754f521f8ffc0b9d886cd5831f7,SystemUUID:66DF790D-8659-19AF-C8E8-AAAC6BAFD264,BootID:7e239c8e-718c-4421-bc64-180fb95b872d,KernelVersion:3.10.0-514.6.2.el7.x86_64,OSImage:CentOS Linux 7 (Core),ContainerRuntimeVersion:hyper://0.8.0,KubeletVersion:v1.7.0-alpha.0.1397+e3f6f14bf0d1af,KubeProxyVersion:v1.7.0-alpha.0.1397+e3f6f14bf0d1af,OperatingSystem:linux,Architecture:amd64,},Images:[{[gcr.io/google_containers/node-problem-detector:v0.3.0] 290407887} {[gcr.io/google_containers/volume-nfs:0.8] 247146979} {[gcr.io/google_containers/volume-gluster:0.2] 212127750} {[gcr.io/google_containers/nginx-slim:0.7] 86838142} {[] 47794349} {[gcr.io/google_containers/hostexec:1.2] 13185747} {[gcr.io/google_containers/netexec:1.7] 8016035} {[gcr.io/google_containers/netexec:1.5] 7358440} {[gcr.io/google_containers/netexec:1.4] 7293444} {[gcr.io/google_containers/alpine-with-bash:1.0] 6660469} {[gcr.io/google_containers/serve_hostname:v1.4] 6222101} {[gcr.io/google-containers/stress:v1] 5494760} {[] 5042632} {[gcr.io/authenticated-image-pulling/alpine:3.1] 5038488} {[gcr.io/google_containers/test-webserver:e2e] 4534272} {[gcr.io/google_containers/liveness:e2e] 4387474} {[gcr.io/google_containers/eptest:0.1] 2970692} {[gcr.io/google_containers/mounttest:0.8] 1450761} {[gcr.io/google_containers/mounttest-user:0.5] 1450761} {[gcr.io/google_containers/busybox@sha256:4bdd623e848417d96127e16037743f0cd8b528c026e9175e22a84f639eca58ff gcr.io/google_containers/busybox:1.24] 1113554} {[gcr.io/google_containers/pause-amd64:3.0] 746888}],VolumesInUse:[],VolumesAttached:[],},}&#xA;Mar 21 11:50:06.752: INFO: &#xA;Logging kubelet events for node frakti-e2e&#xA;Mar 21 11:50:06.753: INFO: &#xA;Logging pods the kubelet thinks is on node frakti-e2e&#xA;Mar 21 11:50:06.818: INFO: &#xA;Latency metrics for node frakti-e2e&#xA;Mar 21 11:50:06.818: INFO: {Operation:sync Method:pod_worker_latency_microseconds Quantile:0.99 Latency:2m5.389128s}&#xA;Mar 21 11:50:06.818: INFO: {Operation:sync Method:pod_worker_latency_microseconds Quantile:0.9 Latency:2m5.314164s}&#xA;Mar 21 11:50:06.818: INFO: {Operation:sync Method:pod_worker_latency_microseconds Quantile:0.5 Latency:2m1.113601s}&#xA;�[1mSTEP�[0m: Dumping a list of prepulled images on each node&#xA;Mar 21 11:50:06.820: INFO: Waiting up to 3m0s for all (but 0) nodes to be ready&#xA;�[1mSTEP�[0m: Destroying namespace &#34;e2e-tests-downward-api-fz0h9&#34; for this suite.&#xA;Mar 21 11:50:16.843: INFO: namespace: e2e-tests-downward-api-fz0h9, resource: bindings, ignored listing per whitelist&#xA;</system-out>
      </testcase>
      <testcase name="[k8s.io] Projected should provide node allocatable (cpu) as default cpu limit if the limit is not set [Conformance] [Volume]" classname="E2eNode Suite" time="18.074712006"></testcase>
      <testcase name="[k8s.io] Projected should be consumable from pods in volume with mappings [Conformance] [Volume]" classname="E2eNode Suite" time="18.075149583"></testcase>
      <testcase name="[k8s.io] Downward API should provide default limits.cpu/memory from node allocatable [Conformance]" classname="E2eNode Suite" time="18.176574297">
          <failure type="Failure">/root/go-project/src/k8s.io/kubernetes/_output/local/go/src/k8s.io/kubernetes/test/e2e/common/downward_api.go:175&#xA;Expected error:&#xA;    &lt;*errors.errorString | 0xc420b811c0&gt;: {&#xA;        s: &#34;expected pod \&#34;downward-api-a2c44d10-0e2c-11e7-9911-42010a8c0008\&#34; success: &lt;nil&gt;&#34;,&#xA;    }&#xA;    expected pod &#34;downward-api-a2c44d10-0e2c-11e7-9911-42010a8c0008&#34; success: &lt;nil&gt;&#xA;not to have occurred&#xA;/root/go-project/src/k8s.io/kubernetes/_output/local/go/src/k8s.io/kubernetes/test/e2e/framework/util.go:2197</failure>
          <system-out>[BeforeEach] [k8s.io] Downward API&#xA;  /root/go-project/src/k8s.io/kubernetes/_output/local/go/src/k8s.io/kubernetes/test/e2e/framework/framework.go:119&#xA;�[1mSTEP�[0m: Creating a kubernetes client&#xA;�[1mSTEP�[0m: Building a namespace api object&#xA;Mar 21 11:50:53.021: INFO: Skipping waiting for service account&#xA;[It] should provide default limits.cpu/memory from node allocatable [Conformance]&#xA;  /root/go-project/src/k8s.io/kubernetes/_output/local/go/src/k8s.io/kubernetes/test/e2e/common/downward_api.go:175&#xA;�[1mSTEP�[0m: Creating a pod to test downward api env vars&#xA;Mar 21 11:50:53.024: INFO: Waiting up to 5m0s for pod downward-api-a2c44d10-0e2c-11e7-9911-42010a8c0008 status to be success or failure&#xA;Mar 21 11:50:53.025: INFO: Waiting for pod downward-api-a2c44d10-0e2c-11e7-9911-42010a8c0008 in namespace &#39;e2e-tests-downward-api-2lc5x&#39; status to be &#39;success or failure&#39;(found phase: &#34;Pending&#34;, readiness: false) (1.20065ms elapsed)&#xA;Mar 21 11:50:55.027: INFO: Waiting for pod downward-api-a2c44d10-0e2c-11e7-9911-42010a8c0008 in namespace &#39;e2e-tests-downward-api-2lc5x&#39; status to be &#39;success or failure&#39;(found phase: &#34;Pending&#34;, readiness: false) (2.003373308s elapsed)&#xA;Mar 21 11:50:57.030: INFO: Waiting for pod downward-api-a2c44d10-0e2c-11e7-9911-42010a8c0008 in namespace &#39;e2e-tests-downward-api-2lc5x&#39; status to be &#39;success or failure&#39;(found phase: &#34;Pending&#34;, readiness: false) (4.005548132s elapsed)&#xA;Mar 21 11:50:59.033: INFO: Waiting for pod downward-api-a2c44d10-0e2c-11e7-9911-42010a8c0008 in namespace &#39;e2e-tests-downward-api-2lc5x&#39; status to be &#39;success or failure&#39;(found phase: &#34;Pending&#34;, readiness: false) (6.008700343s elapsed)&#xA;Mar 21 11:51:01.041: INFO: Output of node &#34;frakti-e2e&#34; pod &#34;downward-api-a2c44d10-0e2c-11e7-9911-42010a8c0008&#34; container &#34;dapi-container&#34;: exec failed: No such file or directory&#xA;&#xA;�[1mSTEP�[0m: delete the pod&#xA;Mar 21 11:51:01.046: INFO: Waiting for pod downward-api-a2c44d10-0e2c-11e7-9911-42010a8c0008 to disappear&#xA;Mar 21 11:51:01.048: INFO: Pod downward-api-a2c44d10-0e2c-11e7-9911-42010a8c0008 no longer exists&#xA;Mar 21 11:51:01.048: INFO: Unexpected error occurred: expected pod &#34;downward-api-a2c44d10-0e2c-11e7-9911-42010a8c0008&#34; success: &lt;nil&gt;&#xA;[AfterEach] [k8s.io] Downward API&#xA;  /root/go-project/src/k8s.io/kubernetes/_output/local/go/src/k8s.io/kubernetes/test/e2e/framework/framework.go:120&#xA;�[1mSTEP�[0m: Collecting events from namespace &#34;e2e-tests-downward-api-2lc5x&#34;.&#xA;�[1mSTEP�[0m: Found 3 events.&#xA;Mar 21 11:51:01.051: INFO: At 2017-03-21 11:50:59 +0000 UTC - event for downward-api-a2c44d10-0e2c-11e7-9911-42010a8c0008: {kubelet frakti-e2e} Pulled: Container image &#34;gcr.io/google_containers/busybox:1.24&#34; already present on machine&#xA;Mar 21 11:51:01.051: INFO: At 2017-03-21 11:50:59 +0000 UTC - event for downward-api-a2c44d10-0e2c-11e7-9911-42010a8c0008: {kubelet frakti-e2e} Created: Created container with id a217be9aa697a93dbcdf05ab2e48de336df7304a67e1437a930050287d77177c&#xA;Mar 21 11:51:01.051: INFO: At 2017-03-21 11:50:59 +0000 UTC - event for downward-api-a2c44d10-0e2c-11e7-9911-42010a8c0008: {kubelet frakti-e2e} Started: Started container with id a217be9aa697a93dbcdf05ab2e48de336df7304a67e1437a930050287d77177c&#xA;Mar 21 11:51:01.062: INFO: POD  NODE  PHASE  GRACE  CONDITIONS&#xA;Mar 21 11:51:01.062: INFO: &#xA;Mar 21 11:51:01.063: INFO: &#xA;Logging node info for node frakti-e2e&#xA;Mar 21 11:51:01.065: INFO: Node Info: &amp;Node{ObjectMeta:k8s_io_apimachinery_pkg_apis_meta_v1.ObjectMeta{Name:frakti-e2e,GenerateName:,Namespace:,SelfLink:/api/v1/nodesfrakti-e2e,UID:464fd7a6-0e28-11e7-a3dc-42010a8c0008,ResourceVersion:2758,Generation:0,CreationTimestamp:2017-03-21 11:19:39 +0000 UTC,DeletionTimestamp:&lt;nil&gt;,DeletionGracePeriodSeconds:nil,Labels:map[string]string{beta.kubernetes.io/arch: amd64,beta.kubernetes.io/os: linux,kubernetes.io/hostname: frakti-e2e,},Annotations:map[string]string{volumes.kubernetes.io/controller-managed-attach-detach: true,},OwnerReferences:[],Finalizers:[],ClusterName:,},Spec:NodeSpec{PodCIDR:,ExternalID:frakti-e2e,ProviderID:gce:////5985600149768706345,Unschedulable:false,Taints:[],},Status:NodeStatus{Capacity:ResourceList{cpu: {{4 0} {&lt;nil&gt;} 4 DecimalSI},memory: {{15770382336 0} {&lt;nil&gt;} 15400764Ki BinarySI},pods: {{110 0} {&lt;nil&gt;} 110 DecimalSI},},Allocatable:ResourceList{cpu: {{4 0} {&lt;nil&gt;} 4 DecimalSI},memory: {{15508238336 0} {&lt;nil&gt;} 15144764Ki BinarySI},pods: {{110 0} {&lt;nil&gt;} 110 DecimalSI},},Phase:,Conditions:[{OutOfDisk False 2017-03-21 11:50:58 +0000 UTC 2017-03-21 11:19:39 +0000 UTC KubeletHasSufficientDisk kubelet has sufficient disk space available} {MemoryPressure False 2017-03-21 11:50:58 +0000 UTC 2017-03-21 11:19:39 +0000 UTC KubeletHasSufficientMemory kubelet has sufficient memory available} {DiskPressure False 2017-03-21 11:50:58 +0000 UTC 2017-03-21 11:19:39 +0000 UTC KubeletHasNoDiskPressure kubelet has no disk pressure} {Ready True 2017-03-21 11:50:58 +0000 UTC 2017-03-21 11:19:39 +0000 UTC KubeletReady kubelet is posting ready status}],Addresses:[{LegacyHostIP 10.140.0.8} {InternalIP 10.140.0.8} {Hostname frakti-e2e}],DaemonEndpoints:NodeDaemonEndpoints{KubeletEndpoint:DaemonEndpoint{Port:10250,},},NodeInfo:NodeSystemInfo{MachineID:24ff1754f521f8ffc0b9d886cd5831f7,SystemUUID:66DF790D-8659-19AF-C8E8-AAAC6BAFD264,BootID:7e239c8e-718c-4421-bc64-180fb95b872d,KernelVersion:3.10.0-514.6.2.el7.x86_64,OSImage:CentOS Linux 7 (Core),ContainerRuntimeVersion:hyper://0.8.0,KubeletVersion:v1.7.0-alpha.0.1397+e3f6f14bf0d1af,KubeProxyVersion:v1.7.0-alpha.0.1397+e3f6f14bf0d1af,OperatingSystem:linux,Architecture:amd64,},Images:[{[gcr.io/google_containers/node-problem-detector:v0.3.0] 290407887} {[gcr.io/google_containers/volume-nfs:0.8] 247146979} {[gcr.io/google_containers/volume-gluster:0.2] 212127750} {[gcr.io/google_containers/nginx-slim:0.7] 86838142} {[] 47794349} {[gcr.io/google_containers/hostexec:1.2] 13185747} {[gcr.io/google_containers/netexec:1.7] 8016035} {[gcr.io/google_containers/netexec:1.5] 7358440} {[gcr.io/google_containers/netexec:1.4] 7293444} {[gcr.io/google_containers/alpine-with-bash:1.0] 6660469} {[gcr.io/google_containers/serve_hostname:v1.4] 6222101} {[gcr.io/google-containers/stress:v1] 5494760} {[] 5042632} {[gcr.io/authenticated-image-pulling/alpine:3.1] 5038488} {[gcr.io/google_containers/test-webserver:e2e] 4534272} {[gcr.io/google_containers/liveness:e2e] 4387474} {[gcr.io/google_containers/eptest:0.1] 2970692} {[gcr.io/google_containers/mounttest-user:0.5] 1450761} {[gcr.io/google_containers/mounttest:0.8] 1450761} {[gcr.io/google_containers/busybox@sha256:4bdd623e848417d96127e16037743f0cd8b528c026e9175e22a84f639eca58ff gcr.io/google_containers/busybox:1.24] 1113554} {[gcr.io/google_containers/pause-amd64:3.0] 746888}],VolumesInUse:[],VolumesAttached:[],},}&#xA;Mar 21 11:51:01.065: INFO: &#xA;Logging kubelet events for node frakti-e2e&#xA;Mar 21 11:51:01.066: INFO: &#xA;Logging pods the kubelet thinks is on node frakti-e2e&#xA;Mar 21 11:51:01.153: INFO: &#xA;Latency metrics for node frakti-e2e&#xA;Mar 21 11:51:01.153: INFO: {Operation:sync Method:pod_worker_latency_microseconds Quantile:0.99 Latency:2m5.389128s}&#xA;Mar 21 11:51:01.153: INFO: {Operation:sync Method:pod_worker_latency_microseconds Quantile:0.9 Latency:2m5.314164s}&#xA;Mar 21 11:51:01.153: INFO: {Operation:sync Method:pod_worker_latency_microseconds Quantile:0.5 Latency:2m1.113601s}&#xA;�[1mSTEP�[0m: Dumping a list of prepulled images on each node&#xA;Mar 21 11:51:01.156: INFO: Waiting up to 3m0s for all (but 0) nodes to be ready&#xA;�[1mSTEP�[0m: Destroying namespace &#34;e2e-tests-downward-api-2lc5x&#34; for this suite.&#xA;Mar 21 11:51:11.186: INFO: namespace: e2e-tests-downward-api-2lc5x, resource: bindings, ignored listing per whitelist&#xA;</system-out>
      </testcase>
      <testcase name="[k8s.io] Projected should provide node allocatable (memory) as default memory limit if the limit is not set [Conformance] [Volume]" classname="E2eNode Suite" time="18.069513011"></testcase>
      <testcase name="[k8s.io] EmptyDir volumes when FSGroup is specified [Feature:FSGroup] new files should be created with FSGroup ownership when container is non-root [Volume]" classname="E2eNode Suite" time="16.061076681"></testcase>
      <testcase name="[k8s.io] Projected should provide container&#39;s cpu limit [Conformance] [Volume]" classname="E2eNode Suite" time="20.088861708"></testcase>
      <testcase name="[k8s.io] MirrorPod when create a mirror pod  should be recreated when mirror pod gracefully deleted [Conformance]" classname="E2eNode Suite" time="31.056406888"></testcase>
      <testcase name="[k8s.io] Pods should allow activeDeadlineSeconds to be updated [Conformance]" classname="E2eNode Suite" time="18.552254155"></testcase>
      <testcase name="[k8s.io] EmptyDir volumes should support (non-root,0644,default) [Conformance] [Volume]" classname="E2eNode Suite" time="18.171472213">
          <failure type="Failure">/root/go-project/src/k8s.io/kubernetes/_output/local/go/src/k8s.io/kubernetes/test/e2e/common/empty_dir.go:109&#xA;Expected error:&#xA;    &lt;*errors.errorString | 0xc420b546c0&gt;: {&#xA;        s: &#34;expected pod \&#34;pod-eb7e9da9-0e2c-11e7-9911-42010a8c0008\&#34; success: &lt;nil&gt;&#34;,&#xA;    }&#xA;    expected pod &#34;pod-eb7e9da9-0e2c-11e7-9911-42010a8c0008&#34; success: &lt;nil&gt;&#xA;not to have occurred&#xA;/root/go-project/src/k8s.io/kubernetes/_output/local/go/src/k8s.io/kubernetes/test/e2e/framework/util.go:2197</failure>
          <system-out>[BeforeEach] [k8s.io] EmptyDir volumes&#xA;  /root/go-project/src/k8s.io/kubernetes/_output/local/go/src/k8s.io/kubernetes/test/e2e/framework/framework.go:119&#xA;�[1mSTEP�[0m: Creating a kubernetes client&#xA;�[1mSTEP�[0m: Building a namespace api object&#xA;Mar 21 11:52:55.038: INFO: Skipping waiting for service account&#xA;[It] should support (non-root,0644,default) [Conformance] [Volume]&#xA;  /root/go-project/src/k8s.io/kubernetes/_output/local/go/src/k8s.io/kubernetes/test/e2e/common/empty_dir.go:109&#xA;�[1mSTEP�[0m: Creating a pod to test emptydir 0644 on node default medium&#xA;Mar 21 11:52:55.043: INFO: Waiting up to 5m0s for pod pod-eb7e9da9-0e2c-11e7-9911-42010a8c0008 status to be success or failure&#xA;Mar 21 11:52:55.044: INFO: Waiting for pod pod-eb7e9da9-0e2c-11e7-9911-42010a8c0008 in namespace &#39;e2e-tests-emptydir-j48sc&#39; status to be &#39;success or failure&#39;(found phase: &#34;Pending&#34;, readiness: false) (1.402813ms elapsed)&#xA;Mar 21 11:52:57.046: INFO: Waiting for pod pod-eb7e9da9-0e2c-11e7-9911-42010a8c0008 in namespace &#39;e2e-tests-emptydir-j48sc&#39; status to be &#39;success or failure&#39;(found phase: &#34;Pending&#34;, readiness: false) (2.003539592s elapsed)&#xA;Mar 21 11:52:59.049: INFO: Waiting for pod pod-eb7e9da9-0e2c-11e7-9911-42010a8c0008 in namespace &#39;e2e-tests-emptydir-j48sc&#39; status to be &#39;success or failure&#39;(found phase: &#34;Pending&#34;, readiness: false) (4.005793794s elapsed)&#xA;Mar 21 11:53:01.051: INFO: Waiting for pod pod-eb7e9da9-0e2c-11e7-9911-42010a8c0008 in namespace &#39;e2e-tests-emptydir-j48sc&#39; status to be &#39;success or failure&#39;(found phase: &#34;Pending&#34;, readiness: false) (6.007948768s elapsed)&#xA;Mar 21 11:53:03.061: INFO: Output of node &#34;frakti-e2e&#34; pod &#34;pod-eb7e9da9-0e2c-11e7-9911-42010a8c0008&#34; container &#34;test-container&#34;: &#xA;�[1mSTEP�[0m: delete the pod&#xA;Mar 21 11:53:03.066: INFO: Waiting for pod pod-eb7e9da9-0e2c-11e7-9911-42010a8c0008 to disappear&#xA;Mar 21 11:53:03.068: INFO: Pod pod-eb7e9da9-0e2c-11e7-9911-42010a8c0008 no longer exists&#xA;Mar 21 11:53:03.068: INFO: Unexpected error occurred: expected pod &#34;pod-eb7e9da9-0e2c-11e7-9911-42010a8c0008&#34; success: &lt;nil&gt;&#xA;[AfterEach] [k8s.io] EmptyDir volumes&#xA;  /root/go-project/src/k8s.io/kubernetes/_output/local/go/src/k8s.io/kubernetes/test/e2e/framework/framework.go:120&#xA;�[1mSTEP�[0m: Collecting events from namespace &#34;e2e-tests-emptydir-j48sc&#34;.&#xA;�[1mSTEP�[0m: Found 3 events.&#xA;Mar 21 11:53:03.070: INFO: At 2017-03-21 11:53:01 +0000 UTC - event for pod-eb7e9da9-0e2c-11e7-9911-42010a8c0008: {kubelet frakti-e2e} Pulled: Container image &#34;gcr.io/google_containers/mounttest-user:0.5&#34; already present on machine&#xA;Mar 21 11:53:03.070: INFO: At 2017-03-21 11:53:01 +0000 UTC - event for pod-eb7e9da9-0e2c-11e7-9911-42010a8c0008: {kubelet frakti-e2e} Created: Created container with id 820ef5ac17ccd34788d480c38108847cb670cf3977c2ca04dfe30cb40a39174a&#xA;Mar 21 11:53:03.070: INFO: At 2017-03-21 11:53:01 +0000 UTC - event for pod-eb7e9da9-0e2c-11e7-9911-42010a8c0008: {kubelet frakti-e2e} Started: Started container with id 820ef5ac17ccd34788d480c38108847cb670cf3977c2ca04dfe30cb40a39174a&#xA;Mar 21 11:53:03.074: INFO: POD                                                            NODE        PHASE    GRACE  CONDITIONS&#xA;Mar 21 11:53:03.074: INFO: pod-projected-configmaps-ef831a85-0e2c-11e7-8677-42010a8c0008  frakti-e2e  Pending         [{Initialized True 0001-01-01 00:00:00 +0000 UTC 2017-03-21 11:53:01 +0000 UTC  } {Ready False 0001-01-01 00:00:00 +0000 UTC 2017-03-21 11:53:01 +0000 UTC ContainersNotReady containers with unready status: [projected-configmap-volume-test]}]&#xA;Mar 21 11:53:03.074: INFO: &#xA;Mar 21 11:53:03.076: INFO: &#xA;Logging node info for node frakti-e2e&#xA;Mar 21 11:53:03.077: INFO: Node Info: &amp;Node{ObjectMeta:k8s_io_apimachinery_pkg_apis_meta_v1.ObjectMeta{Name:frakti-e2e,GenerateName:,Namespace:,SelfLink:/api/v1/nodesfrakti-e2e,UID:464fd7a6-0e28-11e7-a3dc-42010a8c0008,ResourceVersion:3007,Generation:0,CreationTimestamp:2017-03-21 11:19:39 +0000 UTC,DeletionTimestamp:&lt;nil&gt;,DeletionGracePeriodSeconds:nil,Labels:map[string]string{beta.kubernetes.io/arch: amd64,beta.kubernetes.io/os: linux,kubernetes.io/hostname: frakti-e2e,},Annotations:map[string]string{volumes.kubernetes.io/controller-managed-attach-detach: true,},OwnerReferences:[],Finalizers:[],ClusterName:,},Spec:NodeSpec{PodCIDR:,ExternalID:frakti-e2e,ProviderID:gce:////5985600149768706345,Unschedulable:false,Taints:[],},Status:NodeStatus{Capacity:ResourceList{cpu: {{4 0} {&lt;nil&gt;} 4 DecimalSI},memory: {{15770382336 0} {&lt;nil&gt;} 15400764Ki BinarySI},pods: {{110 0} {&lt;nil&gt;} 110 DecimalSI},},Allocatable:ResourceList{cpu: {{4 0} {&lt;nil&gt;} 4 DecimalSI},memory: {{15508238336 0} {&lt;nil&gt;} 15144764Ki BinarySI},pods: {{110 0} {&lt;nil&gt;} 110 DecimalSI},},Phase:,Conditions:[{OutOfDisk False 2017-03-21 11:52:58 +0000 UTC 2017-03-21 11:19:39 +0000 UTC KubeletHasSufficientDisk kubelet has sufficient disk space available} {MemoryPressure False 2017-03-21 11:52:58 +0000 UTC 2017-03-21 11:19:39 +0000 UTC KubeletHasSufficientMemory kubelet has sufficient memory available} {DiskPressure False 2017-03-21 11:52:58 +0000 UTC 2017-03-21 11:19:39 +0000 UTC KubeletHasNoDiskPressure kubelet has no disk pressure} {Ready True 2017-03-21 11:52:58 +0000 UTC 2017-03-21 11:19:39 +0000 UTC KubeletReady kubelet is posting ready status}],Addresses:[{LegacyHostIP 10.140.0.8} {InternalIP 10.140.0.8} {Hostname frakti-e2e}],DaemonEndpoints:NodeDaemonEndpoints{KubeletEndpoint:DaemonEndpoint{Port:10250,},},NodeInfo:NodeSystemInfo{MachineID:24ff1754f521f8ffc0b9d886cd5831f7,SystemUUID:66DF790D-8659-19AF-C8E8-AAAC6BAFD264,BootID:7e239c8e-718c-4421-bc64-180fb95b872d,KernelVersion:3.10.0-514.6.2.el7.x86_64,OSImage:CentOS Linux 7 (Core),ContainerRuntimeVersion:hyper://0.8.0,KubeletVersion:v1.7.0-alpha.0.1397+e3f6f14bf0d1af,KubeProxyVersion:v1.7.0-alpha.0.1397+e3f6f14bf0d1af,OperatingSystem:linux,Architecture:amd64,},Images:[{[gcr.io/google_containers/node-problem-detector:v0.3.0] 290407887} {[gcr.io/google_containers/volume-nfs:0.8] 247146979} {[gcr.io/google_containers/volume-gluster:0.2] 212127750} {[gcr.io/google_containers/nginx-slim:0.7] 86838142} {[] 47794349} {[gcr.io/google_containers/hostexec:1.2] 13185747} {[gcr.io/google_containers/netexec:1.7] 8016035} {[gcr.io/google_containers/netexec:1.5] 7358440} {[gcr.io/google_containers/netexec:1.4] 7293444} {[gcr.io/google_containers/alpine-with-bash:1.0] 6660469} {[gcr.io/google_containers/serve_hostname:v1.4] 6222101} {[gcr.io/google-containers/stress:v1] 5494760} {[] 5042632} {[gcr.io/authenticated-image-pulling/alpine:3.1] 5038488} {[gcr.io/google_containers/test-webserver:e2e] 4534272} {[gcr.io/google_containers/liveness:e2e] 4387474} {[gcr.io/google_containers/eptest:0.1] 2970692} {[gcr.io/google_containers/mounttest:0.8] 1450761} {[gcr.io/google_containers/mounttest-user:0.5] 1450761} {[gcr.io/google_containers/busybox@sha256:4bdd623e848417d96127e16037743f0cd8b528c026e9175e22a84f639eca58ff gcr.io/google_containers/busybox:1.24] 1113554} {[gcr.io/google_containers/pause-amd64:3.0] 746888}],VolumesInUse:[],VolumesAttached:[],},}&#xA;Mar 21 11:53:03.078: INFO: &#xA;Logging kubelet events for node frakti-e2e&#xA;Mar 21 11:53:03.078: INFO: &#xA;Logging pods the kubelet thinks is on node frakti-e2e&#xA;Mar 21 11:53:03.081: INFO: pod-projected-configmaps-ef831a85-0e2c-11e7-8677-42010a8c0008 started at 2017-03-21 11:53:01 +0000 UTC (0+1 container statuses recorded)&#xA;Mar 21 11:53:03.081: INFO: &#x9;Container projected-configmap-volume-test ready: false, restart count 0&#xA;Mar 21 11:53:03.162: INFO: &#xA;Latency metrics for node frakti-e2e&#xA;Mar 21 11:53:03.162: INFO: {Operation:sync Method:pod_worker_latency_microseconds Quantile:0.99 Latency:2m5.455447s}&#xA;Mar 21 11:53:03.162: INFO: {Operation:sync Method:pod_worker_latency_microseconds Quantile:0.9 Latency:2m5.389128s}&#xA;Mar 21 11:53:03.162: INFO: {Operation:sync Method:pod_worker_latency_microseconds Quantile:0.5 Latency:2m1.114117s}&#xA;�[1mSTEP�[0m: Dumping a list of prepulled images on each node&#xA;Mar 21 11:53:03.163: INFO: Waiting up to 3m0s for all (but 0) nodes to be ready&#xA;�[1mSTEP�[0m: Destroying namespace &#34;e2e-tests-emptydir-j48sc&#34; for this suite.&#xA;Mar 21 11:53:13.182: INFO: namespace: e2e-tests-emptydir-j48sc, resource: bindings, ignored listing per whitelist&#xA;</system-out>
      </testcase>
      <testcase name="[k8s.io] Density [Serial] [Slow] create a sequence of pods latency/resource should be within limit when create 50 pods with 50 background pods [Benchmark]" classname="E2eNode Suite" time="0">
          <skipped></skipped>
      </testcase>
      <testcase name="[k8s.io] Density [Serial] [Slow] create a batch of pods latency/resource should be within limit when create 10 pods with 300ms interval [Benchmark]" classname="E2eNode Suite" time="0">
          <skipped></skipped>
      </testcase>
      <testcase name="[k8s.io] Downward API volume should set DefaultMode on files [Conformance] [Volume]" classname="E2eNode Suite" time="16.069379808"></testcase>
      <testcase name="[k8s.io] Variable Expansion should allow substituting values in a container&#39;s args [Conformance]" classname="E2eNode Suite" time="18.13661934">
          <failure type="Failure">/root/go-project/src/k8s.io/kubernetes/_output/local/go/src/k8s.io/kubernetes/test/e2e/common/expansion.go:132&#xA;Expected error:&#xA;    &lt;*errors.errorString | 0xc4207398a0&gt;: {&#xA;        s: &#34;expected pod \&#34;var-expansion-ffe84bf3-0e2c-11e7-9911-42010a8c0008\&#34; success: &lt;nil&gt;&#34;,&#xA;    }&#xA;    expected pod &#34;var-expansion-ffe84bf3-0e2c-11e7-9911-42010a8c0008&#34; success: &lt;nil&gt;&#xA;not to have occurred&#xA;/root/go-project/src/k8s.io/kubernetes/_output/local/go/src/k8s.io/kubernetes/test/e2e/framework/util.go:2197</failure>
          <system-out>[BeforeEach] [k8s.io] Variable Expansion&#xA;  /root/go-project/src/k8s.io/kubernetes/_output/local/go/src/k8s.io/kubernetes/test/e2e/framework/framework.go:119&#xA;�[1mSTEP�[0m: Creating a kubernetes client&#xA;�[1mSTEP�[0m: Building a namespace api object&#xA;Mar 21 11:53:29.285: INFO: Skipping waiting for service account&#xA;[It] should allow substituting values in a container&#39;s args [Conformance]&#xA;  /root/go-project/src/k8s.io/kubernetes/_output/local/go/src/k8s.io/kubernetes/test/e2e/common/expansion.go:132&#xA;�[1mSTEP�[0m: Creating a pod to test substitution in container&#39;s args&#xA;Mar 21 11:53:29.286: INFO: Waiting up to 5m0s for pod var-expansion-ffe84bf3-0e2c-11e7-9911-42010a8c0008 status to be success or failure&#xA;Mar 21 11:53:29.287: INFO: Waiting for pod var-expansion-ffe84bf3-0e2c-11e7-9911-42010a8c0008 in namespace &#39;e2e-tests-var-expansion-b571d&#39; status to be &#39;success or failure&#39;(found phase: &#34;Pending&#34;, readiness: false) (826.579µs elapsed)&#xA;Mar 21 11:53:31.289: INFO: Waiting for pod var-expansion-ffe84bf3-0e2c-11e7-9911-42010a8c0008 in namespace &#39;e2e-tests-var-expansion-b571d&#39; status to be &#39;success or failure&#39;(found phase: &#34;Pending&#34;, readiness: false) (2.002711948s elapsed)&#xA;Mar 21 11:53:33.291: INFO: Waiting for pod var-expansion-ffe84bf3-0e2c-11e7-9911-42010a8c0008 in namespace &#39;e2e-tests-var-expansion-b571d&#39; status to be &#39;success or failure&#39;(found phase: &#34;Pending&#34;, readiness: false) (4.004670723s elapsed)&#xA;Mar 21 11:53:35.293: INFO: Waiting for pod var-expansion-ffe84bf3-0e2c-11e7-9911-42010a8c0008 in namespace &#39;e2e-tests-var-expansion-b571d&#39; status to be &#39;success or failure&#39;(found phase: &#34;Pending&#34;, readiness: false) (6.006527818s elapsed)&#xA;Mar 21 11:53:37.302: INFO: Output of node &#34;frakti-e2e&#34; pod &#34;var-expansion-ffe84bf3-0e2c-11e7-9911-42010a8c0008&#34; container &#34;dapi-container&#34;: exec failed: No such file or directory&#xA;&#xA;�[1mSTEP�[0m: delete the pod&#xA;Mar 21 11:53:37.307: INFO: Waiting for pod var-expansion-ffe84bf3-0e2c-11e7-9911-42010a8c0008 to disappear&#xA;Mar 21 11:53:37.308: INFO: Pod var-expansion-ffe84bf3-0e2c-11e7-9911-42010a8c0008 no longer exists&#xA;Mar 21 11:53:37.308: INFO: Unexpected error occurred: expected pod &#34;var-expansion-ffe84bf3-0e2c-11e7-9911-42010a8c0008&#34; success: &lt;nil&gt;&#xA;[AfterEach] [k8s.io] Variable Expansion&#xA;  /root/go-project/src/k8s.io/kubernetes/_output/local/go/src/k8s.io/kubernetes/test/e2e/framework/framework.go:120&#xA;�[1mSTEP�[0m: Collecting events from namespace &#34;e2e-tests-var-expansion-b571d&#34;.&#xA;�[1mSTEP�[0m: Found 3 events.&#xA;Mar 21 11:53:37.310: INFO: At 2017-03-21 11:53:34 +0000 UTC - event for var-expansion-ffe84bf3-0e2c-11e7-9911-42010a8c0008: {kubelet frakti-e2e} Pulled: Container image &#34;gcr.io/google_containers/busybox:1.24&#34; already present on machine&#xA;Mar 21 11:53:37.310: INFO: At 2017-03-21 11:53:34 +0000 UTC - event for var-expansion-ffe84bf3-0e2c-11e7-9911-42010a8c0008: {kubelet frakti-e2e} Created: Created container with id 34d924f60656443b2ac3bfdb2982d6314e414dde532d721963f58b5ba227bc73&#xA;Mar 21 11:53:37.310: INFO: At 2017-03-21 11:53:34 +0000 UTC - event for var-expansion-ffe84bf3-0e2c-11e7-9911-42010a8c0008: {kubelet frakti-e2e} Started: Started container with id 34d924f60656443b2ac3bfdb2982d6314e414dde532d721963f58b5ba227bc73&#xA;Mar 21 11:53:37.313: INFO: POD                                                      NODE        PHASE    GRACE  CONDITIONS&#xA;Mar 21 11:53:37.313: INFO: downwardapi-volume-03413f3c-0e2d-11e7-8677-42010a8c0008  frakti-e2e  Pending         [{Initialized True 0001-01-01 00:00:00 +0000 UTC 2017-03-21 11:53:34 +0000 UTC  } {Ready False 0001-01-01 00:00:00 +0000 UTC 2017-03-21 11:53:34 +0000 UTC ContainersNotReady containers with unready status: [client-container]}]&#xA;Mar 21 11:53:37.313: INFO: &#xA;Mar 21 11:53:37.314: INFO: &#xA;Logging node info for node frakti-e2e&#xA;Mar 21 11:53:37.315: INFO: Node Info: &amp;Node{ObjectMeta:k8s_io_apimachinery_pkg_apis_meta_v1.ObjectMeta{Name:frakti-e2e,GenerateName:,Namespace:,SelfLink:/api/v1/nodesfrakti-e2e,UID:464fd7a6-0e28-11e7-a3dc-42010a8c0008,ResourceVersion:3062,Generation:0,CreationTimestamp:2017-03-21 11:19:39 +0000 UTC,DeletionTimestamp:&lt;nil&gt;,DeletionGracePeriodSeconds:nil,Labels:map[string]string{beta.kubernetes.io/arch: amd64,beta.kubernetes.io/os: linux,kubernetes.io/hostname: frakti-e2e,},Annotations:map[string]string{volumes.kubernetes.io/controller-managed-attach-detach: true,},OwnerReferences:[],Finalizers:[],ClusterName:,},Spec:NodeSpec{PodCIDR:,ExternalID:frakti-e2e,ProviderID:gce:////5985600149768706345,Unschedulable:false,Taints:[],},Status:NodeStatus{Capacity:ResourceList{cpu: {{4 0} {&lt;nil&gt;} 4 DecimalSI},memory: {{15770382336 0} {&lt;nil&gt;} 15400764Ki BinarySI},pods: {{110 0} {&lt;nil&gt;} 110 DecimalSI},},Allocatable:ResourceList{cpu: {{4 0} {&lt;nil&gt;} 4 DecimalSI},memory: {{15508238336 0} {&lt;nil&gt;} 15144764Ki BinarySI},pods: {{110 0} {&lt;nil&gt;} 110 DecimalSI},},Phase:,Conditions:[{OutOfDisk False 2017-03-21 11:53:29 +0000 UTC 2017-03-21 11:19:39 +0000 UTC KubeletHasSufficientDisk kubelet has sufficient disk space available} {MemoryPressure False 2017-03-21 11:53:29 +0000 UTC 2017-03-21 11:19:39 +0000 UTC KubeletHasSufficientMemory kubelet has sufficient memory available} {DiskPressure False 2017-03-21 11:53:29 +0000 UTC 2017-03-21 11:19:39 +0000 UTC KubeletHasNoDiskPressure kubelet has no disk pressure} {Ready True 2017-03-21 11:53:29 +0000 UTC 2017-03-21 11:19:39 +0000 UTC KubeletReady kubelet is posting ready status}],Addresses:[{LegacyHostIP 10.140.0.8} {InternalIP 10.140.0.8} {Hostname frakti-e2e}],DaemonEndpoints:NodeDaemonEndpoints{KubeletEndpoint:DaemonEndpoint{Port:10250,},},NodeInfo:NodeSystemInfo{MachineID:24ff1754f521f8ffc0b9d886cd5831f7,SystemUUID:66DF790D-8659-19AF-C8E8-AAAC6BAFD264,BootID:7e239c8e-718c-4421-bc64-180fb95b872d,KernelVersion:3.10.0-514.6.2.el7.x86_64,OSImage:CentOS Linux 7 (Core),ContainerRuntimeVersion:hyper://0.8.0,KubeletVersion:v1.7.0-alpha.0.1397+e3f6f14bf0d1af,KubeProxyVersion:v1.7.0-alpha.0.1397+e3f6f14bf0d1af,OperatingSystem:linux,Architecture:amd64,},Images:[{[gcr.io/google_containers/node-problem-detector:v0.3.0] 290407887} {[gcr.io/google_containers/volume-nfs:0.8] 247146979} {[gcr.io/google_containers/volume-gluster:0.2] 212127750} {[gcr.io/google_containers/nginx-slim:0.7] 86838142} {[] 47794349} {[gcr.io/google_containers/hostexec:1.2] 13185747} {[gcr.io/google_containers/netexec:1.7] 8016035} {[gcr.io/google_containers/netexec:1.5] 7358440} {[gcr.io/google_containers/netexec:1.4] 7293444} {[gcr.io/google_containers/alpine-with-bash:1.0] 6660469} {[gcr.io/google_containers/serve_hostname:v1.4] 6222101} {[gcr.io/google-containers/stress:v1] 5494760} {[] 5042632} {[gcr.io/authenticated-image-pulling/alpine:3.1] 5038488} {[gcr.io/google_containers/test-webserver:e2e] 4534272} {[gcr.io/google_containers/liveness:e2e] 4387474} {[gcr.io/google_containers/eptest:0.1] 2970692} {[gcr.io/google_containers/mounttest:0.8] 1450761} {[gcr.io/google_containers/mounttest-user:0.5] 1450761} {[gcr.io/google_containers/busybox@sha256:4bdd623e848417d96127e16037743f0cd8b528c026e9175e22a84f639eca58ff gcr.io/google_containers/busybox:1.24] 1113554} {[gcr.io/google_containers/pause-amd64:3.0] 746888}],VolumesInUse:[],VolumesAttached:[],},}&#xA;Mar 21 11:53:37.316: INFO: &#xA;Logging kubelet events for node frakti-e2e&#xA;Mar 21 11:53:37.317: INFO: &#xA;Logging pods the kubelet thinks is on node frakti-e2e&#xA;Mar 21 11:53:37.319: INFO: downwardapi-volume-03413f3c-0e2d-11e7-8677-42010a8c0008 started at 2017-03-21 11:53:34 +0000 UTC (0+1 container statuses recorded)&#xA;Mar 21 11:53:37.319: INFO: &#x9;Container client-container ready: false, restart count 0&#xA;Mar 21 11:53:37.380: INFO: &#xA;Latency metrics for node frakti-e2e&#xA;Mar 21 11:53:37.380: INFO: {Operation:sync Method:pod_worker_latency_microseconds Quantile:0.99 Latency:2m5.455447s}&#xA;Mar 21 11:53:37.380: INFO: {Operation:sync Method:pod_worker_latency_microseconds Quantile:0.9 Latency:2m5.389128s}&#xA;Mar 21 11:53:37.380: INFO: {Operation:sync Method:pod_worker_latency_microseconds Quantile:0.5 Latency:2m1.115519s}&#xA;�[1mSTEP�[0m: Dumping a list of prepulled images on each node&#xA;Mar 21 11:53:37.382: INFO: Waiting up to 3m0s for all (but 0) nodes to be ready&#xA;�[1mSTEP�[0m: Destroying namespace &#34;e2e-tests-var-expansion-b571d&#34; for this suite.&#xA;Mar 21 11:53:47.415: INFO: namespace: e2e-tests-var-expansion-b571d, resource: bindings, ignored listing per whitelist&#xA;</system-out>
      </testcase>
      <testcase name="[k8s.io] EmptyDir volumes when FSGroup is specified [Feature:FSGroup] new files should be created with FSGroup ownership when container is root [Volume]" classname="E2eNode Suite" time="16.073572136"></testcase>
      <testcase name="[k8s.io] Pods should be updated [Conformance]" classname="E2eNode Suite" time="38.559739605"></testcase>
      <testcase name="[k8s.io] HostPath should support r/w [Volume]" classname="E2eNode Suite" time="9.158148972">
          <failure type="Failure">/root/go-project/src/k8s.io/kubernetes/_output/local/go/src/k8s.io/kubernetes/test/e2e/common/host_path.go:82&#xA;Expected error:&#xA;    &lt;*errors.errorString | 0xc420dd4270&gt;: {&#xA;        s: &#34;expected \&#34;content of file \\\&#34;/test-volume/test-file\\\&#34;: mount-tester new file\&#34; in container output: Expected\n    &lt;string&gt;: failed to open log file \&#34;/var/log/pods/2b493f3e-0e2d-11e7-a3dc-42010a8c0008/test-container-2_0.log\&#34;: open /var/log/pods/2b493f3e-0e2d-11e7-a3dc-42010a8c0008/test-container-2_0.log: no such file or directory\nto contain substring\n    &lt;string&gt;: content of file \&#34;/test-volume/test-file\&#34;: mount-tester new file&#34;,&#xA;    }&#xA;    expected &#34;content of file \&#34;/test-volume/test-file\&#34;: mount-tester new file&#34; in container output: Expected&#xA;        &lt;string&gt;: failed to open log file &#34;/var/log/pods/2b493f3e-0e2d-11e7-a3dc-42010a8c0008/test-container-2_0.log&#34;: open /var/log/pods/2b493f3e-0e2d-11e7-a3dc-42010a8c0008/test-container-2_0.log: no such file or directory&#xA;    to contain substring&#xA;        &lt;string&gt;: content of file &#34;/test-volume/test-file&#34;: mount-tester new file&#xA;not to have occurred&#xA;/root/go-project/src/k8s.io/kubernetes/_output/local/go/src/k8s.io/kubernetes/test/e2e/framework/util.go:2197</failure>
          <system-out>[BeforeEach] [k8s.io] HostPath&#xA;  /root/go-project/src/k8s.io/kubernetes/_output/local/go/src/k8s.io/kubernetes/test/e2e/framework/framework.go:119&#xA;�[1mSTEP�[0m: Creating a kubernetes client&#xA;�[1mSTEP�[0m: Building a namespace api object&#xA;Mar 21 11:54:42.062: INFO: Skipping waiting for service account&#xA;[BeforeEach] [k8s.io] HostPath&#xA;  /root/go-project/src/k8s.io/kubernetes/_output/local/go/src/k8s.io/kubernetes/test/e2e/common/host_path.go:40&#xA;[It] should support r/w [Volume]&#xA;  /root/go-project/src/k8s.io/kubernetes/_output/local/go/src/k8s.io/kubernetes/test/e2e/common/host_path.go:82&#xA;�[1mSTEP�[0m: Creating a pod to test hostPath r/w&#xA;Mar 21 11:54:42.063: INFO: Waiting up to 5m0s for pod pod-host-path-test status to be success or failure&#xA;Mar 21 11:54:42.067: INFO: Waiting for pod pod-host-path-test in namespace &#39;e2e-tests-hostpath-l7dcj&#39; status to be &#39;success or failure&#39;(found phase: &#34;Pending&#34;, readiness: false) (3.423675ms elapsed)&#xA;Mar 21 11:54:44.069: INFO: Waiting for pod pod-host-path-test in namespace &#39;e2e-tests-hostpath-l7dcj&#39; status to be &#39;success or failure&#39;(found phase: &#34;Pending&#34;, readiness: false) (2.005372039s elapsed)&#xA;�[1mSTEP�[0m: Saw pod success&#xA;Mar 21 11:54:46.073: INFO: Trying to get logs from node frakti-e2e pod pod-host-path-test container test-container-2: &lt;nil&gt;&#xA;�[1mSTEP�[0m: delete the pod&#xA;Mar 21 11:54:46.083: INFO: Waiting for pod pod-host-path-test to disappear&#xA;Mar 21 11:54:46.084: INFO: Pod pod-host-path-test no longer exists&#xA;Mar 21 11:54:46.084: INFO: Unexpected error occurred: expected &#34;content of file \&#34;/test-volume/test-file\&#34;: mount-tester new file&#34; in container output: Expected&#xA;    &lt;string&gt;: failed to open log file &#34;/var/log/pods/2b493f3e-0e2d-11e7-a3dc-42010a8c0008/test-container-2_0.log&#34;: open /var/log/pods/2b493f3e-0e2d-11e7-a3dc-42010a8c0008/test-container-2_0.log: no such file or directory&#xA;to contain substring&#xA;    &lt;string&gt;: content of file &#34;/test-volume/test-file&#34;: mount-tester new file&#xA;[AfterEach] [k8s.io] HostPath&#xA;  /root/go-project/src/k8s.io/kubernetes/_output/local/go/src/k8s.io/kubernetes/test/e2e/framework/framework.go:120&#xA;�[1mSTEP�[0m: Collecting events from namespace &#34;e2e-tests-hostpath-l7dcj&#34;.&#xA;�[1mSTEP�[0m: Found 6 events.&#xA;Mar 21 11:54:46.088: INFO: At 2017-03-21 11:54:43 +0000 UTC - event for pod-host-path-test: {kubelet frakti-e2e} Pulled: Container image &#34;gcr.io/google_containers/mounttest:0.8&#34; already present on machine&#xA;Mar 21 11:54:46.088: INFO: At 2017-03-21 11:54:43 +0000 UTC - event for pod-host-path-test: {kubelet frakti-e2e} Created: Created container with id 682605e22dd492433f88f7ab145dd95a6d3695d47d11661a38b4f2bbbd7a952f&#xA;Mar 21 11:54:46.088: INFO: At 2017-03-21 11:54:43 +0000 UTC - event for pod-host-path-test: {kubelet frakti-e2e} Failed: Failed to start container with id 682605e22dd492433f88f7ab145dd95a6d3695d47d11661a38b4f2bbbd7a952f with error: rpc error: code = 2 desc = failed to create symbolic link &#34;/var/log/pods/2b493f3e-0e2d-11e7-a3dc-42010a8c0008/test-container-1_0.log&#34; to the container log file &#34;&#34; for container &#34;682605e22dd492433f88f7ab145dd95a6d3695d47d11661a38b4f2bbbd7a952f&#34;: symlink  /var/log/pods/2b493f3e-0e2d-11e7-a3dc-42010a8c0008/test-container-1_0.log: no such file or directory&#xA;Mar 21 11:54:46.088: INFO: At 2017-03-21 11:54:44 +0000 UTC - event for pod-host-path-test: {kubelet frakti-e2e} Created: Created container with id 8b77c589721ba616086bef1a40789572460baae67a0b2a7a4c2968097f627b60&#xA;Mar 21 11:54:46.088: INFO: At 2017-03-21 11:54:44 +0000 UTC - event for pod-host-path-test: {kubelet frakti-e2e} Failed: Failed to start container with id 8b77c589721ba616086bef1a40789572460baae67a0b2a7a4c2968097f627b60 with error: rpc error: code = 2 desc = failed to create symbolic link &#34;/var/log/pods/2b493f3e-0e2d-11e7-a3dc-42010a8c0008/test-container-2_0.log&#34; to the container log file &#34;&#34; for container &#34;8b77c589721ba616086bef1a40789572460baae67a0b2a7a4c2968097f627b60&#34;: symlink  /var/log/pods/2b493f3e-0e2d-11e7-a3dc-42010a8c0008/test-container-2_0.log: no such file or directory&#xA;Mar 21 11:54:46.088: INFO: At 2017-03-21 11:54:44 +0000 UTC - event for pod-host-path-test: {kubelet frakti-e2e} FailedSync: Error syncing pod, skipping: [failed to &#34;StartContainer&#34; for &#34;test-container-1&#34; with rpc error: code = 2 desc = failed to create symbolic link &#34;/var/log/pods/2b493f3e-0e2d-11e7-a3dc-42010a8c0008/test-container-1_0.log&#34; to the container log file &#34;&#34; for container &#34;682605e22dd492433f88f7ab145dd95a6d3695d47d11661a38b4f2bbbd7a952f&#34;: symlink  /var/log/pods/2b493f3e-0e2d-11e7-a3dc-42010a8c0008/test-container-1_0.log: no such file or directory: &#34;Start Container Failed&#34;&#xA;, failed to &#34;StartContainer&#34; for &#34;test-container-2&#34; with rpc error: code = 2 desc = failed to create symbolic link &#34;/var/log/pods/2b493f3e-0e2d-11e7-a3dc-42010a8c0008/test-container-2_0.log&#34; to the container log file &#34;&#34; for container &#34;8b77c589721ba616086bef1a40789572460baae67a0b2a7a4c2968097f627b60&#34;: symlink  /var/log/pods/2b493f3e-0e2d-11e7-a3dc-42010a8c0008/test-container-2_0.log: no such file or directory: &#34;Start Container Failed&#34;&#xA;]&#xA;Mar 21 11:54:46.091: INFO: POD                                            NODE        PHASE   GRACE  CONDITIONS&#xA;Mar 21 11:54:46.091: INFO: bin-false18cb5bd1-0e2d-11e7-8677-42010a8c0008  frakti-e2e  Failed         [{Initialized True 0001-01-01 00:00:00 +0000 UTC 2017-03-21 11:54:11 +0000 UTC  } {Ready False 0001-01-01 00:00:00 +0000 UTC 2017-03-21 11:54:11 +0000 UTC ContainersNotReady containers with unready status: [bin-false18cb5bd1-0e2d-11e7-8677-42010a8c0008]} {PodScheduled True 0001-01-01 00:00:00 +0000 UTC 2017-03-21 11:54:16 +0000 UTC  }]&#xA;Mar 21 11:54:46.091: INFO: &#xA;Mar 21 11:54:46.092: INFO: &#xA;Logging node info for node frakti-e2e&#xA;Mar 21 11:54:46.094: INFO: Node Info: &amp;Node{ObjectMeta:k8s_io_apimachinery_pkg_apis_meta_v1.ObjectMeta{Name:frakti-e2e,GenerateName:,Namespace:,SelfLink:/api/v1/nodesfrakti-e2e,UID:464fd7a6-0e28-11e7-a3dc-42010a8c0008,ResourceVersion:3169,Generation:0,CreationTimestamp:2017-03-21 11:19:39 +0000 UTC,DeletionTimestamp:&lt;nil&gt;,DeletionGracePeriodSeconds:nil,Labels:map[string]string{beta.kubernetes.io/arch: amd64,beta.kubernetes.io/os: linux,kubernetes.io/hostname: frakti-e2e,},Annotations:map[string]string{volumes.kubernetes.io/controller-managed-attach-detach: true,},OwnerReferences:[],Finalizers:[],ClusterName:,},Spec:NodeSpec{PodCIDR:,ExternalID:frakti-e2e,ProviderID:gce:////5985600149768706345,Unschedulable:false,Taints:[],},Status:NodeStatus{Capacity:ResourceList{cpu: {{4 0} {&lt;nil&gt;} 4 DecimalSI},memory: {{15770382336 0} {&lt;nil&gt;} 15400764Ki BinarySI},pods: {{110 0} {&lt;nil&gt;} 110 DecimalSI},},Allocatable:ResourceList{cpu: {{4 0} {&lt;nil&gt;} 4 DecimalSI},memory: {{15508238336 0} {&lt;nil&gt;} 15144764Ki BinarySI},pods: {{110 0} {&lt;nil&gt;} 110 DecimalSI},},Phase:,Conditions:[{OutOfDisk False 2017-03-21 11:54:39 +0000 UTC 2017-03-21 11:19:39 +0000 UTC KubeletHasSufficientDisk kubelet has sufficient disk space available} {MemoryPressure False 2017-03-21 11:54:39 +0000 UTC 2017-03-21 11:19:39 +0000 UTC KubeletHasSufficientMemory kubelet has sufficient memory available} {DiskPressure False 2017-03-21 11:54:39 +0000 UTC 2017-03-21 11:19:39 +0000 UTC KubeletHasNoDiskPressure kubelet has no disk pressure} {Ready True 2017-03-21 11:54:39 +0000 UTC 2017-03-21 11:19:39 +0000 UTC KubeletReady kubelet is posting ready status}],Addresses:[{LegacyHostIP 10.140.0.8} {InternalIP 10.140.0.8} {Hostname frakti-e2e}],DaemonEndpoints:NodeDaemonEndpoints{KubeletEndpoint:DaemonEndpoint{Port:10250,},},NodeInfo:NodeSystemInfo{MachineID:24ff1754f521f8ffc0b9d886cd5831f7,SystemUUID:66DF790D-8659-19AF-C8E8-AAAC6BAFD264,BootID:7e239c8e-718c-4421-bc64-180fb95b872d,KernelVersion:3.10.0-514.6.2.el7.x86_64,OSImage:CentOS Linux 7 (Core),ContainerRuntimeVersion:hyper://0.8.0,KubeletVersion:v1.7.0-alpha.0.1397+e3f6f14bf0d1af,KubeProxyVersion:v1.7.0-alpha.0.1397+e3f6f14bf0d1af,OperatingSystem:linux,Architecture:amd64,},Images:[{[gcr.io/google_containers/node-problem-detector:v0.3.0] 290407887} {[gcr.io/google_containers/volume-nfs:0.8] 247146979} {[gcr.io/google_containers/volume-gluster:0.2] 212127750} {[gcr.io/google_containers/nginx-slim:0.7] 86838142} {[] 47794349} {[gcr.io/google_containers/hostexec:1.2] 13185747} {[gcr.io/google_containers/netexec:1.7] 8016035} {[gcr.io/google_containers/netexec:1.5] 7358440} {[gcr.io/google_containers/netexec:1.4] 7293444} {[gcr.io/google_containers/alpine-with-bash:1.0] 6660469} {[gcr.io/google_containers/serve_hostname:v1.4] 6222101} {[gcr.io/google-containers/stress:v1] 5494760} {[] 5042632} {[gcr.io/authenticated-image-pulling/alpine:3.1] 5038488} {[gcr.io/google_containers/test-webserver:e2e] 4534272} {[gcr.io/google_containers/liveness:e2e] 4387474} {[gcr.io/google_containers/eptest:0.1] 2970692} {[gcr.io/google_containers/mounttest:0.8] 1450761} {[gcr.io/google_containers/mounttest-user:0.5] 1450761} {[gcr.io/google_containers/busybox@sha256:4bdd623e848417d96127e16037743f0cd8b528c026e9175e22a84f639eca58ff gcr.io/google_containers/busybox:1.24] 1113554} {[gcr.io/google_containers/pause-amd64:3.0] 746888}],VolumesInUse:[],VolumesAttached:[],},}&#xA;Mar 21 11:54:46.094: INFO: &#xA;Logging kubelet events for node frakti-e2e&#xA;Mar 21 11:54:46.095: INFO: &#xA;Logging pods the kubelet thinks is on node frakti-e2e&#xA;Mar 21 11:54:46.097: INFO: bin-false18cb5bd1-0e2d-11e7-8677-42010a8c0008 started at 2017-03-21 11:54:11 +0000 UTC (0+1 container statuses recorded)&#xA;Mar 21 11:54:46.097: INFO: &#x9;Container bin-false18cb5bd1-0e2d-11e7-8677-42010a8c0008 ready: false, restart count 0&#xA;Mar 21 11:54:46.183: INFO: &#xA;Latency metrics for node frakti-e2e&#xA;Mar 21 11:54:46.183: INFO: {Operation:sync Method:pod_worker_latency_microseconds Quantile:0.99 Latency:2m5.455447s}&#xA;Mar 21 11:54:46.183: INFO: {Operation:sync Method:pod_worker_latency_microseconds Quantile:0.9 Latency:2m5.389128s}&#xA;Mar 21 11:54:46.183: INFO: {Operation:sync Method:pod_worker_latency_microseconds Quantile:0.5 Latency:2m1.114117s}&#xA;�[1mSTEP�[0m: Dumping a list of prepulled images on each node&#xA;Mar 21 11:54:46.185: INFO: Waiting up to 3m0s for all (but 0) nodes to be ready&#xA;�[1mSTEP�[0m: Destroying namespace &#34;e2e-tests-hostpath-l7dcj&#34; for this suite.&#xA;Mar 21 11:54:51.205: INFO: namespace: e2e-tests-hostpath-l7dcj, resource: bindings, ignored listing per whitelist&#xA;</system-out>
      </testcase>
      <testcase name="[k8s.io] Container Lifecycle Hook when create a pod with lifecycle hook when it is http hook should execute prestop http hook properly [Conformance]" classname="E2eNode Suite" time="56.070235883"></testcase>
      <testcase name="[k8s.io] ConfigMap should be consumable from pods in volume with mappings as non-root with FSGroup [Feature:FSGroup] [Volume]" classname="E2eNode Suite" time="18.081033373"></testcase>
  </testsuite>